[2026-03-16T16:54:23.614+0000] {taskinstance.py:1956} INFO - Dependencies all met for dep_context=non-requeueable deps ti=<TaskInstance: pipeline_gps.task_process scheduled__2026-03-16T16:35:00+00:00 [queued]>
[2026-03-16T16:54:23.655+0000] {taskinstance.py:1956} INFO - Dependencies all met for dep_context=requeueable deps ti=<TaskInstance: pipeline_gps.task_process scheduled__2026-03-16T16:35:00+00:00 [queued]>
[2026-03-16T16:54:23.655+0000] {taskinstance.py:2170} INFO - Starting attempt 1 of 1
[2026-03-16T16:54:23.699+0000] {taskinstance.py:2191} INFO - Executing <Task(BashOperator): task_process> on 2026-03-16 16:35:00+00:00
[2026-03-16T16:54:23.714+0000] {standard_task_runner.py:60} INFO - Started process 31 to run task
[2026-03-16T16:54:23.739+0000] {standard_task_runner.py:87} INFO - Running: ['airflow', 'tasks', 'run', 'pipeline_gps', 'task_process', 'scheduled__2026-03-16T16:35:00+00:00', '--job-id', '617', '--raw', '--subdir', 'DAGS_FOLDER/pipeline_gps.py', '--cfg-path', '/tmp/tmp2gpj0yho']
[2026-03-16T16:54:23.747+0000] {standard_task_runner.py:88} INFO - Job 617: Subtask task_process
[2026-03-16T16:54:24.001+0000] {task_command.py:423} INFO - Running <TaskInstance: pipeline_gps.task_process scheduled__2026-03-16T16:35:00+00:00 [running]> on host 730aa4de7085
[2026-03-16T16:54:24.185+0000] {taskinstance.py:2480} INFO - Exporting env vars: AIRFLOW_CTX_DAG_OWNER='airflow' AIRFLOW_CTX_DAG_ID='pipeline_gps' AIRFLOW_CTX_TASK_ID='task_process' AIRFLOW_CTX_EXECUTION_DATE='2026-03-16T16:35:00+00:00' AIRFLOW_CTX_TRY_NUMBER='1' AIRFLOW_CTX_DAG_RUN_ID='scheduled__2026-03-16T16:35:00+00:00'
[2026-03-16T16:54:24.188+0000] {subprocess.py:63} INFO - Tmp dir root location: /tmp
[2026-03-16T16:54:24.191+0000] {subprocess.py:75} INFO - Running command: ['/usr/bin/bash', '-c', 'python /opt/airflow/spark/spark_processor.py']
[2026-03-16T16:54:24.206+0000] {subprocess.py:86} INFO - Output:
[2026-03-16T16:54:31.288+0000] {subprocess.py:93} INFO - 26/03/16 16:54:31 WARN NativeCodeLoader: Unable to load native-hadoop library for your platform... using builtin-java classes where applicable
[2026-03-16T16:54:31.753+0000] {subprocess.py:93} INFO - Setting default log level to "WARN".
[2026-03-16T16:54:31.754+0000] {subprocess.py:93} INFO - To adjust logging level use sc.setLogLevel(newLevel). For SparkR, use setLogLevel(newLevel).
[2026-03-16T17:05:57.027+0000] {local_task_job_runner.py:121} ERROR - Received SIGTERM. Terminating subprocesses
[2026-03-16T17:05:57.070+0000] {process_utils.py:131} INFO - Sending Signals.SIGTERM to group 31. PIDs of all processes in the group: [32, 37, 31]
[2026-03-16T17:05:57.075+0000] {process_utils.py:86} INFO - Sending the signal Signals.SIGTERM to group 31
[2026-03-16T17:05:57.113+0000] {taskinstance.py:2450} ERROR - Received SIGTERM. Terminating subprocesses.
[2026-03-16T17:05:57.206+0000] {subprocess.py:104} INFO - Sending SIGTERM signal to process group
[2026-03-16T17:05:57.484+0000] {taskinstance.py:2698} ERROR - Task failed with exception
Traceback (most recent call last):
  File "/home/airflow/.local/lib/python3.8/site-packages/airflow/models/taskinstance.py", line 433, in _execute_task
    result = execute_callable(context=context, **execute_callable_kwargs)
  File "/home/airflow/.local/lib/python3.8/site-packages/airflow/operators/bash.py", line 203, in execute
    result = self.subprocess_hook.run_command(
  File "/home/airflow/.local/lib/python3.8/site-packages/airflow/hooks/subprocess.py", line 91, in run_command
    for raw_line in iter(self.sub_process.stdout.readline, b""):
  File "/home/airflow/.local/lib/python3.8/site-packages/airflow/models/taskinstance.py", line 2452, in signal_handler
    raise AirflowException("Task received SIGTERM signal")
airflow.exceptions.AirflowException: Task received SIGTERM signal
[2026-03-16T17:05:57.533+0000] {taskinstance.py:1138} INFO - Marking task as FAILED. dag_id=pipeline_gps, task_id=task_process, execution_date=20260316T163500, start_date=20260316T165423, end_date=20260316T170557
[2026-03-16T17:05:57.682+0000] {standard_task_runner.py:107} ERROR - Failed to execute job 617 for task task_process (Task received SIGTERM signal; 31)
[2026-03-16T17:05:57.713+0000] {process_utils.py:79} INFO - Process psutil.Process(pid=32, status='terminated', started='16:54:23') (32) terminated with exit code None
[2026-03-16T17:05:58.056+0000] {process_utils.py:79} INFO - Process psutil.Process(pid=31, status='terminated', exitcode=1, started='16:54:23') (31) terminated with exit code 1
