[2026-03-16T01:25:09.546+0000] {taskinstance.py:1956} INFO - Dependencies all met for dep_context=non-requeueable deps ti=<TaskInstance: pipeline_gps.task_process scheduled__2026-03-16T01:20:00+00:00 [queued]>
[2026-03-16T01:25:09.570+0000] {taskinstance.py:1956} INFO - Dependencies all met for dep_context=requeueable deps ti=<TaskInstance: pipeline_gps.task_process scheduled__2026-03-16T01:20:00+00:00 [queued]>
[2026-03-16T01:25:09.571+0000] {taskinstance.py:2170} INFO - Starting attempt 1 of 1
[2026-03-16T01:25:09.614+0000] {taskinstance.py:2191} INFO - Executing <Task(BashOperator): task_process> on 2026-03-16 01:20:00+00:00
[2026-03-16T01:25:09.635+0000] {standard_task_runner.py:60} INFO - Started process 301 to run task
[2026-03-16T01:25:09.683+0000] {standard_task_runner.py:87} INFO - Running: ['airflow', 'tasks', 'run', 'pipeline_gps', 'task_process', 'scheduled__2026-03-16T01:20:00+00:00', '--job-id', '552', '--raw', '--subdir', 'DAGS_FOLDER/pipeline_gps.py', '--cfg-path', '/tmp/tmp9rc1m4c2']
[2026-03-16T01:25:09.705+0000] {standard_task_runner.py:88} INFO - Job 552: Subtask task_process
[2026-03-16T01:25:09.876+0000] {task_command.py:423} INFO - Running <TaskInstance: pipeline_gps.task_process scheduled__2026-03-16T01:20:00+00:00 [running]> on host 45f99552e120
[2026-03-16T01:25:10.024+0000] {taskinstance.py:2480} INFO - Exporting env vars: AIRFLOW_CTX_DAG_OWNER='airflow' AIRFLOW_CTX_DAG_ID='pipeline_gps' AIRFLOW_CTX_TASK_ID='task_process' AIRFLOW_CTX_EXECUTION_DATE='2026-03-16T01:20:00+00:00' AIRFLOW_CTX_TRY_NUMBER='1' AIRFLOW_CTX_DAG_RUN_ID='scheduled__2026-03-16T01:20:00+00:00'
[2026-03-16T01:25:10.025+0000] {subprocess.py:63} INFO - Tmp dir root location: /tmp
[2026-03-16T01:25:10.026+0000] {subprocess.py:75} INFO - Running command: ['/usr/bin/bash', '-c', 'python /opt/airflow/spark/spark_processor.py']
[2026-03-16T01:25:10.049+0000] {subprocess.py:86} INFO - Output:
[2026-03-16T01:25:16.337+0000] {subprocess.py:93} INFO - 26/03/16 01:25:16 WARN NativeCodeLoader: Unable to load native-hadoop library for your platform... using builtin-java classes where applicable
[2026-03-16T01:25:16.857+0000] {subprocess.py:93} INFO - 26/03/16 01:25:16 WARN DependencyUtils: Local jar /tmp/airflowtmpp9txtl7j/spark/jars/postgresql-42.7.3.jar does not exist, skipping.
[2026-03-16T01:25:17.216+0000] {subprocess.py:93} INFO - 26/03/16 01:25:17 INFO SparkContext: Running Spark version 3.5.8
[2026-03-16T01:25:17.217+0000] {subprocess.py:93} INFO - 26/03/16 01:25:17 INFO SparkContext: OS info Linux, 5.15.167.4-microsoft-standard-WSL2, amd64
[2026-03-16T01:25:17.218+0000] {subprocess.py:93} INFO - 26/03/16 01:25:17 INFO SparkContext: Java version 17.0.18
[2026-03-16T01:25:17.314+0000] {subprocess.py:93} INFO - 26/03/16 01:25:17 INFO ResourceUtils: ==============================================================
[2026-03-16T01:25:17.329+0000] {subprocess.py:93} INFO - 26/03/16 01:25:17 INFO ResourceUtils: No custom resources configured for spark.driver.
[2026-03-16T01:25:17.330+0000] {subprocess.py:93} INFO - 26/03/16 01:25:17 INFO ResourceUtils: ==============================================================
[2026-03-16T01:25:17.330+0000] {subprocess.py:93} INFO - 26/03/16 01:25:17 INFO SparkContext: Submitted application: gps_processor
[2026-03-16T01:25:17.395+0000] {subprocess.py:93} INFO - 26/03/16 01:25:17 INFO ResourceProfile: Default ResourceProfile created, executor resources: Map(cores -> name: cores, amount: 1, script: , vendor: , memory -> name: memory, amount: 1024, script: , vendor: , offHeap -> name: offHeap, amount: 0, script: , vendor: ), task resources: Map(cpus -> name: cpus, amount: 1.0)
[2026-03-16T01:25:17.414+0000] {subprocess.py:93} INFO - 26/03/16 01:25:17 INFO ResourceProfile: Limiting resource is cpu
[2026-03-16T01:25:17.416+0000] {subprocess.py:93} INFO - 26/03/16 01:25:17 INFO ResourceProfileManager: Added ResourceProfile id: 0
[2026-03-16T01:25:17.565+0000] {subprocess.py:93} INFO - 26/03/16 01:25:17 INFO SecurityManager: Changing view acls to: airflow
[2026-03-16T01:25:17.566+0000] {subprocess.py:93} INFO - 26/03/16 01:25:17 INFO SecurityManager: Changing modify acls to: airflow
[2026-03-16T01:25:17.568+0000] {subprocess.py:93} INFO - 26/03/16 01:25:17 INFO SecurityManager: Changing view acls groups to:
[2026-03-16T01:25:17.570+0000] {subprocess.py:93} INFO - 26/03/16 01:25:17 INFO SecurityManager: Changing modify acls groups to:
[2026-03-16T01:25:17.572+0000] {subprocess.py:93} INFO - 26/03/16 01:25:17 INFO SecurityManager: SecurityManager: authentication disabled; ui acls disabled; users with view permissions: airflow; groups with view permissions: EMPTY; users with modify permissions: airflow; groups with modify permissions: EMPTY
[2026-03-16T01:25:19.454+0000] {subprocess.py:93} INFO - 26/03/16 01:25:19 INFO Utils: Successfully started service 'sparkDriver' on port 40693.
[2026-03-16T01:25:19.738+0000] {subprocess.py:93} INFO - 26/03/16 01:25:19 INFO SparkEnv: Registering MapOutputTracker
[2026-03-16T01:25:19.932+0000] {subprocess.py:93} INFO - 26/03/16 01:25:19 INFO SparkEnv: Registering BlockManagerMaster
[2026-03-16T01:25:20.210+0000] {subprocess.py:93} INFO - 26/03/16 01:25:20 INFO BlockManagerMasterEndpoint: Using org.apache.spark.storage.DefaultTopologyMapper for getting topology information
[2026-03-16T01:25:20.211+0000] {subprocess.py:93} INFO - 26/03/16 01:25:20 INFO BlockManagerMasterEndpoint: BlockManagerMasterEndpoint up
[2026-03-16T01:25:20.248+0000] {subprocess.py:93} INFO - 26/03/16 01:25:20 INFO SparkEnv: Registering BlockManagerMasterHeartbeat
[2026-03-16T01:25:20.402+0000] {subprocess.py:93} INFO - 26/03/16 01:25:20 INFO DiskBlockManager: Created local directory at /tmp/blockmgr-bdde9465-1ed5-44f1-9ee0-e23404c5c422
[2026-03-16T01:25:20.505+0000] {subprocess.py:93} INFO - 26/03/16 01:25:20 INFO MemoryStore: MemoryStore started with capacity 434.4 MiB
[2026-03-16T01:25:20.656+0000] {subprocess.py:93} INFO - 26/03/16 01:25:20 INFO SparkEnv: Registering OutputCommitCoordinator
[2026-03-16T01:25:21.116+0000] {subprocess.py:93} INFO - 26/03/16 01:25:21 INFO JettyUtils: Start Jetty 0.0.0.0:4040 for SparkUI
[2026-03-16T01:25:21.371+0000] {subprocess.py:93} INFO - 26/03/16 01:25:21 INFO Utils: Successfully started service 'SparkUI' on port 4040.
[2026-03-16T01:25:21.478+0000] {subprocess.py:93} INFO - 26/03/16 01:25:21 ERROR SparkContext: Failed to add spark/jars/postgresql-42.7.3.jar to Spark environment
[2026-03-16T01:25:21.479+0000] {subprocess.py:93} INFO - java.io.FileNotFoundException: Jar /tmp/airflowtmpp9txtl7j/spark/jars/postgresql-42.7.3.jar not found
[2026-03-16T01:25:21.479+0000] {subprocess.py:93} INFO - 	at org.apache.spark.SparkContext.addLocalJarFile$1(SparkContext.scala:2095)
[2026-03-16T01:25:21.479+0000] {subprocess.py:93} INFO - 	at org.apache.spark.SparkContext.addJar(SparkContext.scala:2151)
[2026-03-16T01:25:21.480+0000] {subprocess.py:93} INFO - 	at org.apache.spark.SparkContext.$anonfun$new$15(SparkContext.scala:521)
[2026-03-16T01:25:21.481+0000] {subprocess.py:93} INFO - 	at org.apache.spark.SparkContext.$anonfun$new$15$adapted(SparkContext.scala:521)
[2026-03-16T01:25:21.481+0000] {subprocess.py:93} INFO - 	at scala.collection.mutable.ResizableArray.foreach(ResizableArray.scala:62)
[2026-03-16T01:25:21.482+0000] {subprocess.py:93} INFO - 	at scala.collection.mutable.ResizableArray.foreach$(ResizableArray.scala:55)
[2026-03-16T01:25:21.482+0000] {subprocess.py:93} INFO - 	at scala.collection.mutable.ArrayBuffer.foreach(ArrayBuffer.scala:49)
[2026-03-16T01:25:21.482+0000] {subprocess.py:93} INFO - 	at org.apache.spark.SparkContext.<init>(SparkContext.scala:521)
[2026-03-16T01:25:21.483+0000] {subprocess.py:93} INFO - 	at org.apache.spark.api.java.JavaSparkContext.<init>(JavaSparkContext.scala:58)
[2026-03-16T01:25:21.483+0000] {subprocess.py:93} INFO - 	at java.base/jdk.internal.reflect.NativeConstructorAccessorImpl.newInstance0(Native Method)
[2026-03-16T01:25:21.483+0000] {subprocess.py:93} INFO - 	at java.base/jdk.internal.reflect.NativeConstructorAccessorImpl.newInstance(NativeConstructorAccessorImpl.java:77)
[2026-03-16T01:25:21.483+0000] {subprocess.py:93} INFO - 	at java.base/jdk.internal.reflect.DelegatingConstructorAccessorImpl.newInstance(DelegatingConstructorAccessorImpl.java:45)
[2026-03-16T01:25:21.484+0000] {subprocess.py:93} INFO - 	at java.base/java.lang.reflect.Constructor.newInstanceWithCaller(Constructor.java:500)
[2026-03-16T01:25:21.484+0000] {subprocess.py:93} INFO - 	at java.base/java.lang.reflect.Constructor.newInstance(Constructor.java:481)
[2026-03-16T01:25:21.484+0000] {subprocess.py:93} INFO - 	at py4j.reflection.MethodInvoker.invoke(MethodInvoker.java:247)
[2026-03-16T01:25:21.484+0000] {subprocess.py:93} INFO - 	at py4j.reflection.ReflectionEngine.invoke(ReflectionEngine.java:374)
[2026-03-16T01:25:21.484+0000] {subprocess.py:93} INFO - 	at py4j.Gateway.invoke(Gateway.java:238)
[2026-03-16T01:25:21.485+0000] {subprocess.py:93} INFO - 	at py4j.commands.ConstructorCommand.invokeConstructor(ConstructorCommand.java:80)
[2026-03-16T01:25:21.485+0000] {subprocess.py:93} INFO - 	at py4j.commands.ConstructorCommand.execute(ConstructorCommand.java:69)
[2026-03-16T01:25:21.485+0000] {subprocess.py:93} INFO - 	at py4j.ClientServerConnection.waitForCommands(ClientServerConnection.java:182)
[2026-03-16T01:25:21.486+0000] {subprocess.py:93} INFO - 	at py4j.ClientServerConnection.run(ClientServerConnection.java:106)
[2026-03-16T01:25:21.486+0000] {subprocess.py:93} INFO - 	at java.base/java.lang.Thread.run(Thread.java:840)
[2026-03-16T01:25:21.723+0000] {subprocess.py:93} INFO - 26/03/16 01:25:21 INFO Executor: Starting executor ID driver on host 45f99552e120
[2026-03-16T01:25:21.724+0000] {subprocess.py:93} INFO - 26/03/16 01:25:21 INFO Executor: OS info Linux, 5.15.167.4-microsoft-standard-WSL2, amd64
[2026-03-16T01:25:21.726+0000] {subprocess.py:93} INFO - 26/03/16 01:25:21 INFO Executor: Java version 17.0.18
[2026-03-16T01:25:21.746+0000] {subprocess.py:93} INFO - 26/03/16 01:25:21 INFO Executor: Starting executor with user classpath (userClassPathFirst = false): ''
[2026-03-16T01:25:21.748+0000] {subprocess.py:93} INFO - 26/03/16 01:25:21 INFO Executor: Created or updated repl class loader org.apache.spark.util.MutableURLClassLoader@aae43b for default.
[2026-03-16T01:25:21.828+0000] {subprocess.py:93} INFO - 26/03/16 01:25:21 INFO Utils: Successfully started service 'org.apache.spark.network.netty.NettyBlockTransferService' on port 41385.
[2026-03-16T01:25:21.829+0000] {subprocess.py:93} INFO - 26/03/16 01:25:21 INFO NettyBlockTransferService: Server created on 45f99552e120:41385
[2026-03-16T01:25:21.834+0000] {subprocess.py:93} INFO - 26/03/16 01:25:21 INFO BlockManager: Using org.apache.spark.storage.RandomBlockReplicationPolicy for block replication policy
[2026-03-16T01:25:21.849+0000] {subprocess.py:93} INFO - 26/03/16 01:25:21 INFO BlockManagerMaster: Registering BlockManager BlockManagerId(driver, 45f99552e120, 41385, None)
[2026-03-16T01:25:21.856+0000] {subprocess.py:93} INFO - 26/03/16 01:25:21 INFO BlockManagerMasterEndpoint: Registering block manager 45f99552e120:41385 with 434.4 MiB RAM, BlockManagerId(driver, 45f99552e120, 41385, None)
[2026-03-16T01:25:21.860+0000] {subprocess.py:93} INFO - 26/03/16 01:25:21 INFO BlockManagerMaster: Registered BlockManager BlockManagerId(driver, 45f99552e120, 41385, None)
[2026-03-16T01:25:21.863+0000] {subprocess.py:93} INFO - 26/03/16 01:25:21 INFO BlockManager: Initialized BlockManager: BlockManagerId(driver, 45f99552e120, 41385, None)
[2026-03-16T01:25:22.975+0000] {subprocess.py:93} INFO - Traceback (most recent call last):
[2026-03-16T01:25:22.975+0000] {subprocess.py:93} INFO -   File "/opt/airflow/spark/spark_processor.py", line 10, in <module>
[2026-03-16T01:25:22.976+0000] {subprocess.py:93} INFO -     conn = psycopg2.connect(
[2026-03-16T01:25:22.976+0000] {subprocess.py:93} INFO -   File "/home/airflow/.local/lib/python3.8/site-packages/psycopg2/__init__.py", line 122, in connect
[2026-03-16T01:25:22.976+0000] {subprocess.py:93} INFO -     conn = _connect(dsn, connection_factory=connection_factory, **kwasync)
[2026-03-16T01:25:22.976+0000] {subprocess.py:93} INFO - psycopg2.OperationalError: connection to server at "localhost" (::1), port 5432 failed: Connection refused
[2026-03-16T01:25:22.977+0000] {subprocess.py:93} INFO - 	Is the server running on that host and accepting TCP/IP connections?
[2026-03-16T01:25:22.977+0000] {subprocess.py:93} INFO - connection to server at "localhost" (127.0.0.1), port 5432 failed: Connection refused
[2026-03-16T01:25:22.977+0000] {subprocess.py:93} INFO - 	Is the server running on that host and accepting TCP/IP connections?
[2026-03-16T01:25:22.977+0000] {subprocess.py:93} INFO - 
[2026-03-16T01:25:23.072+0000] {subprocess.py:93} INFO - 26/03/16 01:25:23 INFO SparkContext: Invoking stop() from shutdown hook
[2026-03-16T01:25:23.073+0000] {subprocess.py:93} INFO - 26/03/16 01:25:23 INFO SparkContext: SparkContext is stopping with exitCode 0.
[2026-03-16T01:25:23.095+0000] {subprocess.py:93} INFO - 26/03/16 01:25:23 INFO SparkUI: Stopped Spark web UI at http://45f99552e120:4040
[2026-03-16T01:25:23.200+0000] {subprocess.py:93} INFO - 26/03/16 01:25:23 INFO MapOutputTrackerMasterEndpoint: MapOutputTrackerMasterEndpoint stopped!
[2026-03-16T01:25:23.309+0000] {subprocess.py:93} INFO - 26/03/16 01:25:23 INFO MemoryStore: MemoryStore cleared
[2026-03-16T01:25:23.315+0000] {subprocess.py:93} INFO - 26/03/16 01:25:23 INFO BlockManager: BlockManager stopped
[2026-03-16T01:25:23.387+0000] {subprocess.py:93} INFO - 26/03/16 01:25:23 INFO BlockManagerMaster: BlockManagerMaster stopped
[2026-03-16T01:25:23.437+0000] {subprocess.py:93} INFO - 26/03/16 01:25:23 INFO OutputCommitCoordinator$OutputCommitCoordinatorEndpoint: OutputCommitCoordinator stopped!
[2026-03-16T01:25:23.563+0000] {subprocess.py:93} INFO - 26/03/16 01:25:23 INFO SparkContext: Successfully stopped SparkContext
[2026-03-16T01:25:23.565+0000] {subprocess.py:93} INFO - 26/03/16 01:25:23 INFO ShutdownHookManager: Shutdown hook called
[2026-03-16T01:25:23.572+0000] {subprocess.py:93} INFO - 26/03/16 01:25:23 INFO ShutdownHookManager: Deleting directory /tmp/spark-5ab69f7e-14ff-4664-8360-485be2349d95
[2026-03-16T01:25:23.590+0000] {subprocess.py:93} INFO - 26/03/16 01:25:23 INFO ShutdownHookManager: Deleting directory /tmp/spark-ab2302d6-701a-48ba-adc2-5c87ed030a03/pyspark-07446fb2-cbde-4b03-9154-fcb39c7945fb
[2026-03-16T01:25:23.599+0000] {subprocess.py:93} INFO - 26/03/16 01:25:23 INFO ShutdownHookManager: Deleting directory /tmp/spark-ab2302d6-701a-48ba-adc2-5c87ed030a03
[2026-03-16T01:25:24.008+0000] {subprocess.py:97} INFO - Command exited with return code 1
[2026-03-16T01:25:24.069+0000] {taskinstance.py:2698} ERROR - Task failed with exception
Traceback (most recent call last):
  File "/home/airflow/.local/lib/python3.8/site-packages/airflow/models/taskinstance.py", line 433, in _execute_task
    result = execute_callable(context=context, **execute_callable_kwargs)
  File "/home/airflow/.local/lib/python3.8/site-packages/airflow/operators/bash.py", line 212, in execute
    raise AirflowException(
airflow.exceptions.AirflowException: Bash command failed. The command returned a non-zero exit code 1.
[2026-03-16T01:25:24.084+0000] {taskinstance.py:1138} INFO - Marking task as FAILED. dag_id=pipeline_gps, task_id=task_process, execution_date=20260316T012000, start_date=20260316T012509, end_date=20260316T012524
[2026-03-16T01:25:24.181+0000] {standard_task_runner.py:107} ERROR - Failed to execute job 552 for task task_process (Bash command failed. The command returned a non-zero exit code 1.; 301)
[2026-03-16T01:25:24.234+0000] {local_task_job_runner.py:234} INFO - Task exited with return code 1
[2026-03-16T01:25:24.343+0000] {taskinstance.py:3280} INFO - 0 downstream tasks scheduled from follow-on schedule check
