[2026-03-16T02:55:09.443+0000] {taskinstance.py:1956} INFO - Dependencies all met for dep_context=non-requeueable deps ti=<TaskInstance: pipeline_gps.task_process scheduled__2026-03-16T02:50:00+00:00 [queued]>
[2026-03-16T02:55:09.459+0000] {taskinstance.py:1956} INFO - Dependencies all met for dep_context=requeueable deps ti=<TaskInstance: pipeline_gps.task_process scheduled__2026-03-16T02:50:00+00:00 [queued]>
[2026-03-16T02:55:09.459+0000] {taskinstance.py:2170} INFO - Starting attempt 1 of 1
[2026-03-16T02:55:10.542+0000] {taskinstance.py:2191} INFO - Executing <Task(BashOperator): task_process> on 2026-03-16 02:50:00+00:00
[2026-03-16T02:55:10.550+0000] {standard_task_runner.py:60} INFO - Started process 482 to run task
[2026-03-16T02:55:10.559+0000] {standard_task_runner.py:87} INFO - Running: ['airflow', 'tasks', 'run', 'pipeline_gps', 'task_process', 'scheduled__2026-03-16T02:50:00+00:00', '--job-id', '574', '--raw', '--subdir', 'DAGS_FOLDER/pipeline_gps.py', '--cfg-path', '/tmp/tmp8jaaev4l']
[2026-03-16T02:55:10.563+0000] {standard_task_runner.py:88} INFO - Job 574: Subtask task_process
[2026-03-16T02:55:10.666+0000] {task_command.py:423} INFO - Running <TaskInstance: pipeline_gps.task_process scheduled__2026-03-16T02:50:00+00:00 [running]> on host e3430f617ad9
[2026-03-16T02:55:10.801+0000] {taskinstance.py:2480} INFO - Exporting env vars: AIRFLOW_CTX_DAG_OWNER='airflow' AIRFLOW_CTX_DAG_ID='pipeline_gps' AIRFLOW_CTX_TASK_ID='task_process' AIRFLOW_CTX_EXECUTION_DATE='2026-03-16T02:50:00+00:00' AIRFLOW_CTX_TRY_NUMBER='1' AIRFLOW_CTX_DAG_RUN_ID='scheduled__2026-03-16T02:50:00+00:00'
[2026-03-16T02:55:10.803+0000] {subprocess.py:63} INFO - Tmp dir root location: /tmp
[2026-03-16T02:55:10.804+0000] {subprocess.py:75} INFO - Running command: ['/usr/bin/bash', '-c', 'python /opt/airflow/spark/spark_processor.py']
[2026-03-16T02:55:10.823+0000] {subprocess.py:86} INFO - Output:
[2026-03-16T02:55:16.176+0000] {subprocess.py:93} INFO - 26/03/16 02:55:16 WARN NativeCodeLoader: Unable to load native-hadoop library for your platform... using builtin-java classes where applicable
[2026-03-16T02:55:16.770+0000] {subprocess.py:93} INFO - 26/03/16 02:55:16 WARN DependencyUtils: Local jar /tmp/airflowtmpj8s3wsur/spark/jars/postgresql-42.7.3.jar does not exist, skipping.
[2026-03-16T02:55:17.465+0000] {subprocess.py:93} INFO - 26/03/16 02:55:17 INFO SparkContext: Running Spark version 3.5.8
[2026-03-16T02:55:17.466+0000] {subprocess.py:93} INFO - 26/03/16 02:55:17 INFO SparkContext: OS info Linux, 5.15.167.4-microsoft-standard-WSL2, amd64
[2026-03-16T02:55:17.468+0000] {subprocess.py:93} INFO - 26/03/16 02:55:17 INFO SparkContext: Java version 17.0.18
[2026-03-16T02:55:17.555+0000] {subprocess.py:93} INFO - 26/03/16 02:55:17 INFO ResourceUtils: ==============================================================
[2026-03-16T02:55:17.557+0000] {subprocess.py:93} INFO - 26/03/16 02:55:17 INFO ResourceUtils: No custom resources configured for spark.driver.
[2026-03-16T02:55:17.558+0000] {subprocess.py:93} INFO - 26/03/16 02:55:17 INFO ResourceUtils: ==============================================================
[2026-03-16T02:55:17.564+0000] {subprocess.py:93} INFO - 26/03/16 02:55:17 INFO SparkContext: Submitted application: gps_processor
[2026-03-16T02:55:17.623+0000] {subprocess.py:93} INFO - 26/03/16 02:55:17 INFO ResourceProfile: Default ResourceProfile created, executor resources: Map(cores -> name: cores, amount: 1, script: , vendor: , memory -> name: memory, amount: 1024, script: , vendor: , offHeap -> name: offHeap, amount: 0, script: , vendor: ), task resources: Map(cpus -> name: cpus, amount: 1.0)
[2026-03-16T02:55:17.638+0000] {subprocess.py:93} INFO - 26/03/16 02:55:17 INFO ResourceProfile: Limiting resource is cpu
[2026-03-16T02:55:17.639+0000] {subprocess.py:93} INFO - 26/03/16 02:55:17 INFO ResourceProfileManager: Added ResourceProfile id: 0
[2026-03-16T02:55:17.797+0000] {subprocess.py:93} INFO - 26/03/16 02:55:17 INFO SecurityManager: Changing view acls to: airflow
[2026-03-16T02:55:17.799+0000] {subprocess.py:93} INFO - 26/03/16 02:55:17 INFO SecurityManager: Changing modify acls to: airflow
[2026-03-16T02:55:17.800+0000] {subprocess.py:93} INFO - 26/03/16 02:55:17 INFO SecurityManager: Changing view acls groups to:
[2026-03-16T02:55:17.802+0000] {subprocess.py:93} INFO - 26/03/16 02:55:17 INFO SecurityManager: Changing modify acls groups to:
[2026-03-16T02:55:17.804+0000] {subprocess.py:93} INFO - 26/03/16 02:55:17 INFO SecurityManager: SecurityManager: authentication disabled; ui acls disabled; users with view permissions: airflow; groups with view permissions: EMPTY; users with modify permissions: airflow; groups with modify permissions: EMPTY
[2026-03-16T02:55:18.374+0000] {subprocess.py:93} INFO - 26/03/16 02:55:18 INFO Utils: Successfully started service 'sparkDriver' on port 35237.
[2026-03-16T02:55:18.489+0000] {subprocess.py:93} INFO - 26/03/16 02:55:18 INFO SparkEnv: Registering MapOutputTracker
[2026-03-16T02:55:18.586+0000] {subprocess.py:93} INFO - 26/03/16 02:55:18 INFO SparkEnv: Registering BlockManagerMaster
[2026-03-16T02:55:18.642+0000] {subprocess.py:93} INFO - 26/03/16 02:55:18 INFO BlockManagerMasterEndpoint: Using org.apache.spark.storage.DefaultTopologyMapper for getting topology information
[2026-03-16T02:55:18.644+0000] {subprocess.py:93} INFO - 26/03/16 02:55:18 INFO BlockManagerMasterEndpoint: BlockManagerMasterEndpoint up
[2026-03-16T02:55:18.655+0000] {subprocess.py:93} INFO - 26/03/16 02:55:18 INFO SparkEnv: Registering BlockManagerMasterHeartbeat
[2026-03-16T02:55:18.720+0000] {subprocess.py:93} INFO - 26/03/16 02:55:18 INFO DiskBlockManager: Created local directory at /tmp/blockmgr-dead722f-ae7f-467e-9f63-984cdd6e9fdd
[2026-03-16T02:55:18.782+0000] {subprocess.py:93} INFO - 26/03/16 02:55:18 INFO MemoryStore: MemoryStore started with capacity 434.4 MiB
[2026-03-16T02:55:18.825+0000] {subprocess.py:93} INFO - 26/03/16 02:55:18 INFO SparkEnv: Registering OutputCommitCoordinator
[2026-03-16T02:55:19.141+0000] {subprocess.py:93} INFO - 26/03/16 02:55:19 INFO JettyUtils: Start Jetty 0.0.0.0:4040 for SparkUI
[2026-03-16T02:55:19.426+0000] {subprocess.py:93} INFO - 26/03/16 02:55:19 INFO Utils: Successfully started service 'SparkUI' on port 4040.
[2026-03-16T02:55:19.526+0000] {subprocess.py:93} INFO - 26/03/16 02:55:19 ERROR SparkContext: Failed to add spark/jars/postgresql-42.7.3.jar to Spark environment
[2026-03-16T02:55:19.527+0000] {subprocess.py:93} INFO - java.io.FileNotFoundException: Jar /tmp/airflowtmpj8s3wsur/spark/jars/postgresql-42.7.3.jar not found
[2026-03-16T02:55:19.527+0000] {subprocess.py:93} INFO - 	at org.apache.spark.SparkContext.addLocalJarFile$1(SparkContext.scala:2095)
[2026-03-16T02:55:19.528+0000] {subprocess.py:93} INFO - 	at org.apache.spark.SparkContext.addJar(SparkContext.scala:2151)
[2026-03-16T02:55:19.531+0000] {subprocess.py:93} INFO - 	at org.apache.spark.SparkContext.$anonfun$new$15(SparkContext.scala:521)
[2026-03-16T02:55:19.532+0000] {subprocess.py:93} INFO - 	at org.apache.spark.SparkContext.$anonfun$new$15$adapted(SparkContext.scala:521)
[2026-03-16T02:55:19.535+0000] {subprocess.py:93} INFO - 	at scala.collection.mutable.ResizableArray.foreach(ResizableArray.scala:62)
[2026-03-16T02:55:19.536+0000] {subprocess.py:93} INFO - 	at scala.collection.mutable.ResizableArray.foreach$(ResizableArray.scala:55)
[2026-03-16T02:55:19.537+0000] {subprocess.py:93} INFO - 	at scala.collection.mutable.ArrayBuffer.foreach(ArrayBuffer.scala:49)
[2026-03-16T02:55:19.538+0000] {subprocess.py:93} INFO - 	at org.apache.spark.SparkContext.<init>(SparkContext.scala:521)
[2026-03-16T02:55:19.539+0000] {subprocess.py:93} INFO - 	at org.apache.spark.api.java.JavaSparkContext.<init>(JavaSparkContext.scala:58)
[2026-03-16T02:55:19.540+0000] {subprocess.py:93} INFO - 	at java.base/jdk.internal.reflect.NativeConstructorAccessorImpl.newInstance0(Native Method)
[2026-03-16T02:55:19.540+0000] {subprocess.py:93} INFO - 	at java.base/jdk.internal.reflect.NativeConstructorAccessorImpl.newInstance(NativeConstructorAccessorImpl.java:77)
[2026-03-16T02:55:19.541+0000] {subprocess.py:93} INFO - 	at java.base/jdk.internal.reflect.DelegatingConstructorAccessorImpl.newInstance(DelegatingConstructorAccessorImpl.java:45)
[2026-03-16T02:55:19.542+0000] {subprocess.py:93} INFO - 	at java.base/java.lang.reflect.Constructor.newInstanceWithCaller(Constructor.java:500)
[2026-03-16T02:55:19.543+0000] {subprocess.py:93} INFO - 	at java.base/java.lang.reflect.Constructor.newInstance(Constructor.java:481)
[2026-03-16T02:55:19.544+0000] {subprocess.py:93} INFO - 	at py4j.reflection.MethodInvoker.invoke(MethodInvoker.java:247)
[2026-03-16T02:55:19.545+0000] {subprocess.py:93} INFO - 	at py4j.reflection.ReflectionEngine.invoke(ReflectionEngine.java:374)
[2026-03-16T02:55:19.545+0000] {subprocess.py:93} INFO - 	at py4j.Gateway.invoke(Gateway.java:238)
[2026-03-16T02:55:19.546+0000] {subprocess.py:93} INFO - 	at py4j.commands.ConstructorCommand.invokeConstructor(ConstructorCommand.java:80)
[2026-03-16T02:55:19.547+0000] {subprocess.py:93} INFO - 	at py4j.commands.ConstructorCommand.execute(ConstructorCommand.java:69)
[2026-03-16T02:55:19.548+0000] {subprocess.py:93} INFO - 	at py4j.ClientServerConnection.waitForCommands(ClientServerConnection.java:182)
[2026-03-16T02:55:19.549+0000] {subprocess.py:93} INFO - 	at py4j.ClientServerConnection.run(ClientServerConnection.java:106)
[2026-03-16T02:55:19.550+0000] {subprocess.py:93} INFO - 	at java.base/java.lang.Thread.run(Thread.java:840)
[2026-03-16T02:55:19.730+0000] {subprocess.py:93} INFO - 26/03/16 02:55:19 INFO Executor: Starting executor ID driver on host e3430f617ad9
[2026-03-16T02:55:19.732+0000] {subprocess.py:93} INFO - 26/03/16 02:55:19 INFO Executor: OS info Linux, 5.15.167.4-microsoft-standard-WSL2, amd64
[2026-03-16T02:55:19.733+0000] {subprocess.py:93} INFO - 26/03/16 02:55:19 INFO Executor: Java version 17.0.18
[2026-03-16T02:55:19.751+0000] {subprocess.py:93} INFO - 26/03/16 02:55:19 INFO Executor: Starting executor with user classpath (userClassPathFirst = false): ''
[2026-03-16T02:55:19.753+0000] {subprocess.py:93} INFO - 26/03/16 02:55:19 INFO Executor: Created or updated repl class loader org.apache.spark.util.MutableURLClassLoader@3e5eff2d for default.
[2026-03-16T02:55:19.825+0000] {subprocess.py:93} INFO - 26/03/16 02:55:19 INFO Utils: Successfully started service 'org.apache.spark.network.netty.NettyBlockTransferService' on port 45607.
[2026-03-16T02:55:19.826+0000] {subprocess.py:93} INFO - 26/03/16 02:55:19 INFO NettyBlockTransferService: Server created on e3430f617ad9:45607
[2026-03-16T02:55:19.831+0000] {subprocess.py:93} INFO - 26/03/16 02:55:19 INFO BlockManager: Using org.apache.spark.storage.RandomBlockReplicationPolicy for block replication policy
[2026-03-16T02:55:19.852+0000] {subprocess.py:93} INFO - 26/03/16 02:55:19 INFO BlockManagerMaster: Registering BlockManager BlockManagerId(driver, e3430f617ad9, 45607, None)
[2026-03-16T02:55:19.861+0000] {subprocess.py:93} INFO - 26/03/16 02:55:19 INFO BlockManagerMasterEndpoint: Registering block manager e3430f617ad9:45607 with 434.4 MiB RAM, BlockManagerId(driver, e3430f617ad9, 45607, None)
[2026-03-16T02:55:19.869+0000] {subprocess.py:93} INFO - 26/03/16 02:55:19 INFO BlockManagerMaster: Registered BlockManager BlockManagerId(driver, e3430f617ad9, 45607, None)
[2026-03-16T02:55:19.873+0000] {subprocess.py:93} INFO - 26/03/16 02:55:19 INFO BlockManager: Initialized BlockManager: BlockManagerId(driver, e3430f617ad9, 45607, None)
[2026-03-16T02:55:23.495+0000] {subprocess.py:93} INFO - Traceback (most recent call last):
[2026-03-16T02:55:23.496+0000] {subprocess.py:93} INFO -   File "/opt/airflow/spark/spark_processor.py", line 10, in <module>
[2026-03-16T02:55:23.497+0000] {subprocess.py:93} INFO -     conn = psycopg2.connect(
[2026-03-16T02:55:23.497+0000] {subprocess.py:93} INFO -   File "/home/airflow/.local/lib/python3.8/site-packages/psycopg2/__init__.py", line 122, in connect
[2026-03-16T02:55:23.498+0000] {subprocess.py:93} INFO -     conn = _connect(dsn, connection_factory=connection_factory, **kwasync)
[2026-03-16T02:55:23.498+0000] {subprocess.py:93} INFO - psycopg2.OperationalError: could not translate host name "postgres-postgis" to address: Name or service not known
[2026-03-16T02:55:23.499+0000] {subprocess.py:93} INFO - 
[2026-03-16T02:55:23.604+0000] {subprocess.py:93} INFO - 26/03/16 02:55:23 INFO SparkContext: Invoking stop() from shutdown hook
[2026-03-16T02:55:23.605+0000] {subprocess.py:93} INFO - 26/03/16 02:55:23 INFO SparkContext: SparkContext is stopping with exitCode 0.
[2026-03-16T02:55:23.626+0000] {subprocess.py:93} INFO - 26/03/16 02:55:23 INFO SparkUI: Stopped Spark web UI at http://e3430f617ad9:4040
[2026-03-16T02:55:23.665+0000] {subprocess.py:93} INFO - 26/03/16 02:55:23 INFO MapOutputTrackerMasterEndpoint: MapOutputTrackerMasterEndpoint stopped!
[2026-03-16T02:55:23.701+0000] {subprocess.py:93} INFO - 26/03/16 02:55:23 INFO MemoryStore: MemoryStore cleared
[2026-03-16T02:55:23.702+0000] {subprocess.py:93} INFO - 26/03/16 02:55:23 INFO BlockManager: BlockManager stopped
[2026-03-16T02:55:23.716+0000] {subprocess.py:93} INFO - 26/03/16 02:55:23 INFO BlockManagerMaster: BlockManagerMaster stopped
[2026-03-16T02:55:23.724+0000] {subprocess.py:93} INFO - 26/03/16 02:55:23 INFO OutputCommitCoordinator$OutputCommitCoordinatorEndpoint: OutputCommitCoordinator stopped!
[2026-03-16T02:55:23.742+0000] {subprocess.py:93} INFO - 26/03/16 02:55:23 INFO SparkContext: Successfully stopped SparkContext
[2026-03-16T02:55:23.743+0000] {subprocess.py:93} INFO - 26/03/16 02:55:23 INFO ShutdownHookManager: Shutdown hook called
[2026-03-16T02:55:23.745+0000] {subprocess.py:93} INFO - 26/03/16 02:55:23 INFO ShutdownHookManager: Deleting directory /tmp/spark-962e8b52-fb44-4da7-81e5-6feed67f9b64
[2026-03-16T02:55:23.752+0000] {subprocess.py:93} INFO - 26/03/16 02:55:23 INFO ShutdownHookManager: Deleting directory /tmp/spark-962e8b52-fb44-4da7-81e5-6feed67f9b64/pyspark-fbac3390-b027-4753-9e66-d60cd70c2f48
[2026-03-16T02:55:23.764+0000] {subprocess.py:93} INFO - 26/03/16 02:55:23 INFO ShutdownHookManager: Deleting directory /tmp/spark-8858eb0f-fa72-4987-a527-5f33a2e136d7
[2026-03-16T02:55:24.145+0000] {subprocess.py:97} INFO - Command exited with return code 1
[2026-03-16T02:55:24.160+0000] {taskinstance.py:2698} ERROR - Task failed with exception
Traceback (most recent call last):
  File "/home/airflow/.local/lib/python3.8/site-packages/airflow/models/taskinstance.py", line 433, in _execute_task
    result = execute_callable(context=context, **execute_callable_kwargs)
  File "/home/airflow/.local/lib/python3.8/site-packages/airflow/operators/bash.py", line 212, in execute
    raise AirflowException(
airflow.exceptions.AirflowException: Bash command failed. The command returned a non-zero exit code 1.
[2026-03-16T02:55:24.168+0000] {taskinstance.py:1138} INFO - Marking task as FAILED. dag_id=pipeline_gps, task_id=task_process, execution_date=20260316T025000, start_date=20260316T025509, end_date=20260316T025524
[2026-03-16T02:55:24.211+0000] {standard_task_runner.py:107} ERROR - Failed to execute job 574 for task task_process (Bash command failed. The command returned a non-zero exit code 1.; 482)
[2026-03-16T02:55:24.242+0000] {local_task_job_runner.py:234} INFO - Task exited with return code 1
[2026-03-16T02:55:24.273+0000] {taskinstance.py:3280} INFO - 0 downstream tasks scheduled from follow-on schedule check
