[2026-03-16T03:30:10.953+0000] {taskinstance.py:1956} INFO - Dependencies all met for dep_context=non-requeueable deps ti=<TaskInstance: pipeline_gps.task_process scheduled__2026-03-16T03:25:00+00:00 [queued]>
[2026-03-16T03:30:10.967+0000] {taskinstance.py:1956} INFO - Dependencies all met for dep_context=requeueable deps ti=<TaskInstance: pipeline_gps.task_process scheduled__2026-03-16T03:25:00+00:00 [queued]>
[2026-03-16T03:30:10.967+0000] {taskinstance.py:2170} INFO - Starting attempt 1 of 1
[2026-03-16T03:30:10.995+0000] {taskinstance.py:2191} INFO - Executing <Task(BashOperator): task_process> on 2026-03-16 03:25:00+00:00
[2026-03-16T03:30:11.008+0000] {standard_task_runner.py:60} INFO - Started process 1013 to run task
[2026-03-16T03:30:11.022+0000] {standard_task_runner.py:87} INFO - Running: ['airflow', 'tasks', 'run', 'pipeline_gps', 'task_process', 'scheduled__2026-03-16T03:25:00+00:00', '--job-id', '584', '--raw', '--subdir', 'DAGS_FOLDER/pipeline_gps.py', '--cfg-path', '/tmp/tmpbpq7md6y']
[2026-03-16T03:30:11.030+0000] {standard_task_runner.py:88} INFO - Job 584: Subtask task_process
[2026-03-16T03:30:11.185+0000] {task_command.py:423} INFO - Running <TaskInstance: pipeline_gps.task_process scheduled__2026-03-16T03:25:00+00:00 [running]> on host e3430f617ad9
[2026-03-16T03:30:11.353+0000] {taskinstance.py:2480} INFO - Exporting env vars: AIRFLOW_CTX_DAG_OWNER='airflow' AIRFLOW_CTX_DAG_ID='pipeline_gps' AIRFLOW_CTX_TASK_ID='task_process' AIRFLOW_CTX_EXECUTION_DATE='2026-03-16T03:25:00+00:00' AIRFLOW_CTX_TRY_NUMBER='1' AIRFLOW_CTX_DAG_RUN_ID='scheduled__2026-03-16T03:25:00+00:00'
[2026-03-16T03:30:11.357+0000] {subprocess.py:63} INFO - Tmp dir root location: /tmp
[2026-03-16T03:30:11.360+0000] {subprocess.py:75} INFO - Running command: ['/usr/bin/bash', '-c', 'python /opt/airflow/spark/spark_processor.py']
[2026-03-16T03:30:11.386+0000] {subprocess.py:86} INFO - Output:
[2026-03-16T03:30:20.240+0000] {subprocess.py:93} INFO - 26/03/16 03:30:20 WARN NativeCodeLoader: Unable to load native-hadoop library for your platform... using builtin-java classes where applicable
[2026-03-16T03:30:20.809+0000] {subprocess.py:93} INFO - 26/03/16 03:30:20 WARN DependencyUtils: Local jar /tmp/airflowtmp37p33x20/spark/jars/postgresql-42.7.3.jar does not exist, skipping.
[2026-03-16T03:30:21.148+0000] {subprocess.py:93} INFO - 26/03/16 03:30:21 INFO SparkContext: Running Spark version 3.5.8
[2026-03-16T03:30:21.150+0000] {subprocess.py:93} INFO - 26/03/16 03:30:21 INFO SparkContext: OS info Linux, 5.15.167.4-microsoft-standard-WSL2, amd64
[2026-03-16T03:30:21.151+0000] {subprocess.py:93} INFO - 26/03/16 03:30:21 INFO SparkContext: Java version 17.0.18
[2026-03-16T03:30:21.215+0000] {subprocess.py:93} INFO - 26/03/16 03:30:21 INFO ResourceUtils: ==============================================================
[2026-03-16T03:30:21.216+0000] {subprocess.py:93} INFO - 26/03/16 03:30:21 INFO ResourceUtils: No custom resources configured for spark.driver.
[2026-03-16T03:30:21.218+0000] {subprocess.py:93} INFO - 26/03/16 03:30:21 INFO ResourceUtils: ==============================================================
[2026-03-16T03:30:21.220+0000] {subprocess.py:93} INFO - 26/03/16 03:30:21 INFO SparkContext: Submitted application: gps_processor
[2026-03-16T03:30:21.301+0000] {subprocess.py:93} INFO - 26/03/16 03:30:21 INFO ResourceProfile: Default ResourceProfile created, executor resources: Map(cores -> name: cores, amount: 1, script: , vendor: , memory -> name: memory, amount: 1024, script: , vendor: , offHeap -> name: offHeap, amount: 0, script: , vendor: ), task resources: Map(cpus -> name: cpus, amount: 1.0)
[2026-03-16T03:30:21.319+0000] {subprocess.py:93} INFO - 26/03/16 03:30:21 INFO ResourceProfile: Limiting resource is cpu
[2026-03-16T03:30:21.321+0000] {subprocess.py:93} INFO - 26/03/16 03:30:21 INFO ResourceProfileManager: Added ResourceProfile id: 0
[2026-03-16T03:30:21.544+0000] {subprocess.py:93} INFO - 26/03/16 03:30:21 INFO SecurityManager: Changing view acls to: airflow
[2026-03-16T03:30:21.545+0000] {subprocess.py:93} INFO - 26/03/16 03:30:21 INFO SecurityManager: Changing modify acls to: airflow
[2026-03-16T03:30:21.546+0000] {subprocess.py:93} INFO - 26/03/16 03:30:21 INFO SecurityManager: Changing view acls groups to:
[2026-03-16T03:30:21.548+0000] {subprocess.py:93} INFO - 26/03/16 03:30:21 INFO SecurityManager: Changing modify acls groups to:
[2026-03-16T03:30:21.549+0000] {subprocess.py:93} INFO - 26/03/16 03:30:21 INFO SecurityManager: SecurityManager: authentication disabled; ui acls disabled; users with view permissions: airflow; groups with view permissions: EMPTY; users with modify permissions: airflow; groups with modify permissions: EMPTY
[2026-03-16T03:30:22.284+0000] {subprocess.py:93} INFO - 26/03/16 03:30:22 INFO Utils: Successfully started service 'sparkDriver' on port 38989.
[2026-03-16T03:30:22.524+0000] {subprocess.py:93} INFO - 26/03/16 03:30:22 INFO SparkEnv: Registering MapOutputTracker
[2026-03-16T03:30:22.916+0000] {subprocess.py:93} INFO - 26/03/16 03:30:22 INFO SparkEnv: Registering BlockManagerMaster
[2026-03-16T03:30:23.033+0000] {subprocess.py:93} INFO - 26/03/16 03:30:23 INFO BlockManagerMasterEndpoint: Using org.apache.spark.storage.DefaultTopologyMapper for getting topology information
[2026-03-16T03:30:23.035+0000] {subprocess.py:93} INFO - 26/03/16 03:30:23 INFO BlockManagerMasterEndpoint: BlockManagerMasterEndpoint up
[2026-03-16T03:30:23.055+0000] {subprocess.py:93} INFO - 26/03/16 03:30:23 INFO SparkEnv: Registering BlockManagerMasterHeartbeat
[2026-03-16T03:30:23.156+0000] {subprocess.py:93} INFO - 26/03/16 03:30:23 INFO DiskBlockManager: Created local directory at /tmp/blockmgr-cbe4738a-96ae-43c7-a0bc-6064a41c55a3
[2026-03-16T03:30:23.208+0000] {subprocess.py:93} INFO - 26/03/16 03:30:23 INFO MemoryStore: MemoryStore started with capacity 434.4 MiB
[2026-03-16T03:30:23.253+0000] {subprocess.py:93} INFO - 26/03/16 03:30:23 INFO SparkEnv: Registering OutputCommitCoordinator
[2026-03-16T03:30:23.621+0000] {subprocess.py:93} INFO - 26/03/16 03:30:23 INFO JettyUtils: Start Jetty 0.0.0.0:4040 for SparkUI
[2026-03-16T03:30:24.157+0000] {subprocess.py:93} INFO - 26/03/16 03:30:24 INFO Utils: Successfully started service 'SparkUI' on port 4040.
[2026-03-16T03:30:24.308+0000] {subprocess.py:93} INFO - 26/03/16 03:30:24 ERROR SparkContext: Failed to add spark/jars/postgresql-42.7.3.jar to Spark environment
[2026-03-16T03:30:24.309+0000] {subprocess.py:93} INFO - java.io.FileNotFoundException: Jar /tmp/airflowtmp37p33x20/spark/jars/postgresql-42.7.3.jar not found
[2026-03-16T03:30:24.310+0000] {subprocess.py:93} INFO - 	at org.apache.spark.SparkContext.addLocalJarFile$1(SparkContext.scala:2095)
[2026-03-16T03:30:24.311+0000] {subprocess.py:93} INFO - 	at org.apache.spark.SparkContext.addJar(SparkContext.scala:2151)
[2026-03-16T03:30:24.311+0000] {subprocess.py:93} INFO - 	at org.apache.spark.SparkContext.$anonfun$new$15(SparkContext.scala:521)
[2026-03-16T03:30:24.312+0000] {subprocess.py:93} INFO - 	at org.apache.spark.SparkContext.$anonfun$new$15$adapted(SparkContext.scala:521)
[2026-03-16T03:30:24.312+0000] {subprocess.py:93} INFO - 	at scala.collection.mutable.ResizableArray.foreach(ResizableArray.scala:62)
[2026-03-16T03:30:24.313+0000] {subprocess.py:93} INFO - 	at scala.collection.mutable.ResizableArray.foreach$(ResizableArray.scala:55)
[2026-03-16T03:30:24.316+0000] {subprocess.py:93} INFO - 	at scala.collection.mutable.ArrayBuffer.foreach(ArrayBuffer.scala:49)
[2026-03-16T03:30:24.317+0000] {subprocess.py:93} INFO - 	at org.apache.spark.SparkContext.<init>(SparkContext.scala:521)
[2026-03-16T03:30:24.317+0000] {subprocess.py:93} INFO - 	at org.apache.spark.api.java.JavaSparkContext.<init>(JavaSparkContext.scala:58)
[2026-03-16T03:30:24.318+0000] {subprocess.py:93} INFO - 	at java.base/jdk.internal.reflect.NativeConstructorAccessorImpl.newInstance0(Native Method)
[2026-03-16T03:30:24.319+0000] {subprocess.py:93} INFO - 	at java.base/jdk.internal.reflect.NativeConstructorAccessorImpl.newInstance(NativeConstructorAccessorImpl.java:77)
[2026-03-16T03:30:24.320+0000] {subprocess.py:93} INFO - 	at java.base/jdk.internal.reflect.DelegatingConstructorAccessorImpl.newInstance(DelegatingConstructorAccessorImpl.java:45)
[2026-03-16T03:30:24.321+0000] {subprocess.py:93} INFO - 	at java.base/java.lang.reflect.Constructor.newInstanceWithCaller(Constructor.java:500)
[2026-03-16T03:30:24.321+0000] {subprocess.py:93} INFO - 	at java.base/java.lang.reflect.Constructor.newInstance(Constructor.java:481)
[2026-03-16T03:30:24.321+0000] {subprocess.py:93} INFO - 	at py4j.reflection.MethodInvoker.invoke(MethodInvoker.java:247)
[2026-03-16T03:30:24.322+0000] {subprocess.py:93} INFO - 	at py4j.reflection.ReflectionEngine.invoke(ReflectionEngine.java:374)
[2026-03-16T03:30:24.322+0000] {subprocess.py:93} INFO - 	at py4j.Gateway.invoke(Gateway.java:238)
[2026-03-16T03:30:24.322+0000] {subprocess.py:93} INFO - 	at py4j.commands.ConstructorCommand.invokeConstructor(ConstructorCommand.java:80)
[2026-03-16T03:30:24.323+0000] {subprocess.py:93} INFO - 	at py4j.commands.ConstructorCommand.execute(ConstructorCommand.java:69)
[2026-03-16T03:30:24.323+0000] {subprocess.py:93} INFO - 	at py4j.ClientServerConnection.waitForCommands(ClientServerConnection.java:182)
[2026-03-16T03:30:24.323+0000] {subprocess.py:93} INFO - 	at py4j.ClientServerConnection.run(ClientServerConnection.java:106)
[2026-03-16T03:30:24.324+0000] {subprocess.py:93} INFO - 	at java.base/java.lang.Thread.run(Thread.java:840)
[2026-03-16T03:30:24.477+0000] {subprocess.py:93} INFO - 26/03/16 03:30:24 INFO Executor: Starting executor ID driver on host e3430f617ad9
[2026-03-16T03:30:24.480+0000] {subprocess.py:93} INFO - 26/03/16 03:30:24 INFO Executor: OS info Linux, 5.15.167.4-microsoft-standard-WSL2, amd64
[2026-03-16T03:30:24.482+0000] {subprocess.py:93} INFO - 26/03/16 03:30:24 INFO Executor: Java version 17.0.18
[2026-03-16T03:30:24.497+0000] {subprocess.py:93} INFO - 26/03/16 03:30:24 INFO Executor: Starting executor with user classpath (userClassPathFirst = false): ''
[2026-03-16T03:30:24.499+0000] {subprocess.py:93} INFO - 26/03/16 03:30:24 INFO Executor: Created or updated repl class loader org.apache.spark.util.MutableURLClassLoader@3e5eff2d for default.
[2026-03-16T03:30:24.550+0000] {subprocess.py:93} INFO - 26/03/16 03:30:24 INFO Utils: Successfully started service 'org.apache.spark.network.netty.NettyBlockTransferService' on port 33789.
[2026-03-16T03:30:24.551+0000] {subprocess.py:93} INFO - 26/03/16 03:30:24 INFO NettyBlockTransferService: Server created on e3430f617ad9:33789
[2026-03-16T03:30:24.554+0000] {subprocess.py:93} INFO - 26/03/16 03:30:24 INFO BlockManager: Using org.apache.spark.storage.RandomBlockReplicationPolicy for block replication policy
[2026-03-16T03:30:24.568+0000] {subprocess.py:93} INFO - 26/03/16 03:30:24 INFO BlockManagerMaster: Registering BlockManager BlockManagerId(driver, e3430f617ad9, 33789, None)
[2026-03-16T03:30:24.578+0000] {subprocess.py:93} INFO - 26/03/16 03:30:24 INFO BlockManagerMasterEndpoint: Registering block manager e3430f617ad9:33789 with 434.4 MiB RAM, BlockManagerId(driver, e3430f617ad9, 33789, None)
[2026-03-16T03:30:24.579+0000] {subprocess.py:93} INFO - 26/03/16 03:30:24 INFO BlockManagerMaster: Registered BlockManager BlockManagerId(driver, e3430f617ad9, 33789, None)
[2026-03-16T03:30:24.582+0000] {subprocess.py:93} INFO - 26/03/16 03:30:24 INFO BlockManager: Initialized BlockManager: BlockManagerId(driver, e3430f617ad9, 33789, None)
[2026-03-16T03:30:25.688+0000] {subprocess.py:93} INFO - 26/03/16 03:30:25 INFO SharedState: Setting hive.metastore.warehouse.dir ('null') to the value of spark.sql.warehouse.dir.
[2026-03-16T03:30:25.694+0000] {subprocess.py:93} INFO - 26/03/16 03:30:25 INFO SharedState: Warehouse path is 'file:/tmp/airflowtmp37p33x20/spark-warehouse'.
[2026-03-16T03:30:27.879+0000] {subprocess.py:93} INFO - Traceback (most recent call last):
[2026-03-16T03:30:27.880+0000] {subprocess.py:93} INFO -   File "/opt/airflow/spark/spark_processor.py", line 21, in <module>
[2026-03-16T03:30:27.880+0000] {subprocess.py:93} INFO -     df = spark.read \
[2026-03-16T03:30:27.881+0000] {subprocess.py:93} INFO -   File "/home/airflow/.local/lib/python3.8/site-packages/pyspark/sql/readwriter.py", line 314, in load
[2026-03-16T03:30:27.881+0000] {subprocess.py:93} INFO -     return self._df(self._jreader.load())
[2026-03-16T03:30:27.881+0000] {subprocess.py:93} INFO -   File "/home/airflow/.local/lib/python3.8/site-packages/py4j/java_gateway.py", line 1362, in __call__
[2026-03-16T03:30:27.881+0000] {subprocess.py:93} INFO -     return_value = get_return_value(
[2026-03-16T03:30:27.882+0000] {subprocess.py:93} INFO -   File "/home/airflow/.local/lib/python3.8/site-packages/pyspark/errors/exceptions/captured.py", line 179, in deco
[2026-03-16T03:30:27.882+0000] {subprocess.py:93} INFO -     return f(*a, **kw)
[2026-03-16T03:30:27.882+0000] {subprocess.py:93} INFO -   File "/home/airflow/.local/lib/python3.8/site-packages/py4j/protocol.py", line 327, in get_return_value
[2026-03-16T03:30:27.882+0000] {subprocess.py:93} INFO -     raise Py4JJavaError(
[2026-03-16T03:30:27.883+0000] {subprocess.py:93} INFO - py4j.protocol.Py4JJavaError: An error occurred while calling o34.load.
[2026-03-16T03:30:27.883+0000] {subprocess.py:93} INFO - : java.lang.ClassNotFoundException: org.postgresql.Driver
[2026-03-16T03:30:27.883+0000] {subprocess.py:93} INFO - 	at java.base/java.net.URLClassLoader.findClass(URLClassLoader.java:445)
[2026-03-16T03:30:27.883+0000] {subprocess.py:93} INFO - 	at java.base/java.lang.ClassLoader.loadClass(ClassLoader.java:592)
[2026-03-16T03:30:27.884+0000] {subprocess.py:93} INFO - 	at java.base/java.lang.ClassLoader.loadClass(ClassLoader.java:525)
[2026-03-16T03:30:27.884+0000] {subprocess.py:93} INFO - 	at org.apache.spark.sql.execution.datasources.jdbc.DriverRegistry$.register(DriverRegistry.scala:46)
[2026-03-16T03:30:27.884+0000] {subprocess.py:93} INFO - 	at org.apache.spark.sql.execution.datasources.jdbc.JDBCOptions.$anonfun$driverClass$1(JDBCOptions.scala:103)
[2026-03-16T03:30:27.885+0000] {subprocess.py:93} INFO - 	at org.apache.spark.sql.execution.datasources.jdbc.JDBCOptions.$anonfun$driverClass$1$adapted(JDBCOptions.scala:103)
[2026-03-16T03:30:27.885+0000] {subprocess.py:93} INFO - 	at scala.Option.foreach(Option.scala:407)
[2026-03-16T03:30:27.885+0000] {subprocess.py:93} INFO - 	at org.apache.spark.sql.execution.datasources.jdbc.JDBCOptions.<init>(JDBCOptions.scala:103)
[2026-03-16T03:30:27.885+0000] {subprocess.py:93} INFO - 	at org.apache.spark.sql.execution.datasources.jdbc.JDBCOptions.<init>(JDBCOptions.scala:41)
[2026-03-16T03:30:27.886+0000] {subprocess.py:93} INFO - 	at org.apache.spark.sql.execution.datasources.jdbc.JdbcRelationProvider.createRelation(JdbcRelationProvider.scala:34)
[2026-03-16T03:30:27.886+0000] {subprocess.py:93} INFO - 	at org.apache.spark.sql.execution.datasources.DataSource.resolveRelation(DataSource.scala:346)
[2026-03-16T03:30:27.886+0000] {subprocess.py:93} INFO - 	at org.apache.spark.sql.DataFrameReader.loadV1Source(DataFrameReader.scala:229)
[2026-03-16T03:30:27.886+0000] {subprocess.py:93} INFO - 	at org.apache.spark.sql.DataFrameReader.$anonfun$load$2(DataFrameReader.scala:211)
[2026-03-16T03:30:27.887+0000] {subprocess.py:93} INFO - 	at scala.Option.getOrElse(Option.scala:189)
[2026-03-16T03:30:27.887+0000] {subprocess.py:93} INFO - 	at org.apache.spark.sql.DataFrameReader.load(DataFrameReader.scala:211)
[2026-03-16T03:30:27.887+0000] {subprocess.py:93} INFO - 	at org.apache.spark.sql.DataFrameReader.load(DataFrameReader.scala:172)
[2026-03-16T03:30:27.887+0000] {subprocess.py:93} INFO - 	at java.base/jdk.internal.reflect.NativeMethodAccessorImpl.invoke0(Native Method)
[2026-03-16T03:30:27.888+0000] {subprocess.py:93} INFO - 	at java.base/jdk.internal.reflect.NativeMethodAccessorImpl.invoke(NativeMethodAccessorImpl.java:77)
[2026-03-16T03:30:27.888+0000] {subprocess.py:93} INFO - 	at java.base/jdk.internal.reflect.DelegatingMethodAccessorImpl.invoke(DelegatingMethodAccessorImpl.java:43)
[2026-03-16T03:30:27.888+0000] {subprocess.py:93} INFO - 	at java.base/java.lang.reflect.Method.invoke(Method.java:569)
[2026-03-16T03:30:27.888+0000] {subprocess.py:93} INFO - 	at py4j.reflection.MethodInvoker.invoke(MethodInvoker.java:244)
[2026-03-16T03:30:27.889+0000] {subprocess.py:93} INFO - 	at py4j.reflection.ReflectionEngine.invoke(ReflectionEngine.java:374)
[2026-03-16T03:30:27.889+0000] {subprocess.py:93} INFO - 	at py4j.Gateway.invoke(Gateway.java:282)
[2026-03-16T03:30:27.889+0000] {subprocess.py:93} INFO - 	at py4j.commands.AbstractCommand.invokeMethod(AbstractCommand.java:132)
[2026-03-16T03:30:27.890+0000] {subprocess.py:93} INFO - 	at py4j.commands.CallCommand.execute(CallCommand.java:79)
[2026-03-16T03:30:27.890+0000] {subprocess.py:93} INFO - 	at py4j.ClientServerConnection.waitForCommands(ClientServerConnection.java:182)
[2026-03-16T03:30:27.890+0000] {subprocess.py:93} INFO - 	at py4j.ClientServerConnection.run(ClientServerConnection.java:106)
[2026-03-16T03:30:27.891+0000] {subprocess.py:93} INFO - 	at java.base/java.lang.Thread.run(Thread.java:840)
[2026-03-16T03:30:27.891+0000] {subprocess.py:93} INFO - 
[2026-03-16T03:30:28.030+0000] {subprocess.py:93} INFO - 26/03/16 03:30:28 INFO SparkContext: Invoking stop() from shutdown hook
[2026-03-16T03:30:28.031+0000] {subprocess.py:93} INFO - 26/03/16 03:30:28 INFO SparkContext: SparkContext is stopping with exitCode 0.
[2026-03-16T03:30:28.051+0000] {subprocess.py:93} INFO - 26/03/16 03:30:28 INFO SparkUI: Stopped Spark web UI at http://e3430f617ad9:4040
[2026-03-16T03:30:28.077+0000] {subprocess.py:93} INFO - 26/03/16 03:30:28 INFO MapOutputTrackerMasterEndpoint: MapOutputTrackerMasterEndpoint stopped!
[2026-03-16T03:30:28.116+0000] {subprocess.py:93} INFO - 26/03/16 03:30:28 INFO MemoryStore: MemoryStore cleared
[2026-03-16T03:30:28.116+0000] {subprocess.py:93} INFO - 26/03/16 03:30:28 INFO BlockManager: BlockManager stopped
[2026-03-16T03:30:28.130+0000] {subprocess.py:93} INFO - 26/03/16 03:30:28 INFO BlockManagerMaster: BlockManagerMaster stopped
[2026-03-16T03:30:28.136+0000] {subprocess.py:93} INFO - 26/03/16 03:30:28 INFO OutputCommitCoordinator$OutputCommitCoordinatorEndpoint: OutputCommitCoordinator stopped!
[2026-03-16T03:30:28.149+0000] {subprocess.py:93} INFO - 26/03/16 03:30:28 INFO SparkContext: Successfully stopped SparkContext
[2026-03-16T03:30:28.150+0000] {subprocess.py:93} INFO - 26/03/16 03:30:28 INFO ShutdownHookManager: Shutdown hook called
[2026-03-16T03:30:28.151+0000] {subprocess.py:93} INFO - 26/03/16 03:30:28 INFO ShutdownHookManager: Deleting directory /tmp/spark-b66f74b2-6569-48da-a02c-1cbe3b71d69b
[2026-03-16T03:30:28.162+0000] {subprocess.py:93} INFO - 26/03/16 03:30:28 INFO ShutdownHookManager: Deleting directory /tmp/spark-5c390b63-2f80-4063-846b-f3d2aa5bba50
[2026-03-16T03:30:28.173+0000] {subprocess.py:93} INFO - 26/03/16 03:30:28 INFO ShutdownHookManager: Deleting directory /tmp/spark-5c390b63-2f80-4063-846b-f3d2aa5bba50/pyspark-4156d8fa-0ce8-4a12-8de6-e44de0f39349
[2026-03-16T03:30:28.618+0000] {subprocess.py:97} INFO - Command exited with return code 1
[2026-03-16T03:30:28.642+0000] {taskinstance.py:2698} ERROR - Task failed with exception
Traceback (most recent call last):
  File "/home/airflow/.local/lib/python3.8/site-packages/airflow/models/taskinstance.py", line 433, in _execute_task
    result = execute_callable(context=context, **execute_callable_kwargs)
  File "/home/airflow/.local/lib/python3.8/site-packages/airflow/operators/bash.py", line 212, in execute
    raise AirflowException(
airflow.exceptions.AirflowException: Bash command failed. The command returned a non-zero exit code 1.
[2026-03-16T03:30:28.652+0000] {taskinstance.py:1138} INFO - Marking task as FAILED. dag_id=pipeline_gps, task_id=task_process, execution_date=20260316T032500, start_date=20260316T033010, end_date=20260316T033028
[2026-03-16T03:30:28.700+0000] {standard_task_runner.py:107} ERROR - Failed to execute job 584 for task task_process (Bash command failed. The command returned a non-zero exit code 1.; 1013)
[2026-03-16T03:30:28.752+0000] {local_task_job_runner.py:234} INFO - Task exited with return code 1
[2026-03-16T03:30:28.818+0000] {taskinstance.py:3280} INFO - 0 downstream tasks scheduled from follow-on schedule check
