[2026-03-16T02:35:11.718+0000] {taskinstance.py:1956} INFO - Dependencies all met for dep_context=non-requeueable deps ti=<TaskInstance: pipeline_gps.task_process scheduled__2026-03-16T02:30:00+00:00 [queued]>
[2026-03-16T02:35:11.733+0000] {taskinstance.py:1956} INFO - Dependencies all met for dep_context=requeueable deps ti=<TaskInstance: pipeline_gps.task_process scheduled__2026-03-16T02:30:00+00:00 [queued]>
[2026-03-16T02:35:11.733+0000] {taskinstance.py:2170} INFO - Starting attempt 1 of 1
[2026-03-16T02:35:11.760+0000] {taskinstance.py:2191} INFO - Executing <Task(BashOperator): task_process> on 2026-03-16 02:30:00+00:00
[2026-03-16T02:35:11.769+0000] {standard_task_runner.py:60} INFO - Started process 169 to run task
[2026-03-16T02:35:11.781+0000] {standard_task_runner.py:87} INFO - Running: ['airflow', 'tasks', 'run', 'pipeline_gps', 'task_process', 'scheduled__2026-03-16T02:30:00+00:00', '--job-id', '569', '--raw', '--subdir', 'DAGS_FOLDER/pipeline_gps.py', '--cfg-path', '/tmp/tmpta3vm0ix']
[2026-03-16T02:35:11.787+0000] {standard_task_runner.py:88} INFO - Job 569: Subtask task_process
[2026-03-16T02:35:11.897+0000] {task_command.py:423} INFO - Running <TaskInstance: pipeline_gps.task_process scheduled__2026-03-16T02:30:00+00:00 [running]> on host fed02f6da99f
[2026-03-16T02:35:12.045+0000] {taskinstance.py:2480} INFO - Exporting env vars: AIRFLOW_CTX_DAG_OWNER='airflow' AIRFLOW_CTX_DAG_ID='pipeline_gps' AIRFLOW_CTX_TASK_ID='task_process' AIRFLOW_CTX_EXECUTION_DATE='2026-03-16T02:30:00+00:00' AIRFLOW_CTX_TRY_NUMBER='1' AIRFLOW_CTX_DAG_RUN_ID='scheduled__2026-03-16T02:30:00+00:00'
[2026-03-16T02:35:12.048+0000] {subprocess.py:63} INFO - Tmp dir root location: /tmp
[2026-03-16T02:35:12.050+0000] {subprocess.py:75} INFO - Running command: ['/usr/bin/bash', '-c', 'python /opt/airflow/spark/spark_processor.py']
[2026-03-16T02:35:12.072+0000] {subprocess.py:86} INFO - Output:
[2026-03-16T02:35:17.573+0000] {subprocess.py:93} INFO - 26/03/16 02:35:17 WARN NativeCodeLoader: Unable to load native-hadoop library for your platform... using builtin-java classes where applicable
[2026-03-16T02:35:17.972+0000] {subprocess.py:93} INFO - 26/03/16 02:35:17 WARN DependencyUtils: Local jar /tmp/airflowtmpzjacu6tz/spark/jars/postgresql-42.7.3.jar does not exist, skipping.
[2026-03-16T02:35:18.250+0000] {subprocess.py:93} INFO - 26/03/16 02:35:18 INFO SparkContext: Running Spark version 3.5.8
[2026-03-16T02:35:18.251+0000] {subprocess.py:93} INFO - 26/03/16 02:35:18 INFO SparkContext: OS info Linux, 5.15.167.4-microsoft-standard-WSL2, amd64
[2026-03-16T02:35:18.253+0000] {subprocess.py:93} INFO - 26/03/16 02:35:18 INFO SparkContext: Java version 17.0.18
[2026-03-16T02:35:18.314+0000] {subprocess.py:93} INFO - 26/03/16 02:35:18 INFO ResourceUtils: ==============================================================
[2026-03-16T02:35:18.316+0000] {subprocess.py:93} INFO - 26/03/16 02:35:18 INFO ResourceUtils: No custom resources configured for spark.driver.
[2026-03-16T02:35:18.317+0000] {subprocess.py:93} INFO - 26/03/16 02:35:18 INFO ResourceUtils: ==============================================================
[2026-03-16T02:35:18.319+0000] {subprocess.py:93} INFO - 26/03/16 02:35:18 INFO SparkContext: Submitted application: gps_processor
[2026-03-16T02:35:18.397+0000] {subprocess.py:93} INFO - 26/03/16 02:35:18 INFO ResourceProfile: Default ResourceProfile created, executor resources: Map(cores -> name: cores, amount: 1, script: , vendor: , memory -> name: memory, amount: 1024, script: , vendor: , offHeap -> name: offHeap, amount: 0, script: , vendor: ), task resources: Map(cpus -> name: cpus, amount: 1.0)
[2026-03-16T02:35:18.416+0000] {subprocess.py:93} INFO - 26/03/16 02:35:18 INFO ResourceProfile: Limiting resource is cpu
[2026-03-16T02:35:18.418+0000] {subprocess.py:93} INFO - 26/03/16 02:35:18 INFO ResourceProfileManager: Added ResourceProfile id: 0
[2026-03-16T02:35:18.542+0000] {subprocess.py:93} INFO - 26/03/16 02:35:18 INFO SecurityManager: Changing view acls to: airflow
[2026-03-16T02:35:18.543+0000] {subprocess.py:93} INFO - 26/03/16 02:35:18 INFO SecurityManager: Changing modify acls to: airflow
[2026-03-16T02:35:18.545+0000] {subprocess.py:93} INFO - 26/03/16 02:35:18 INFO SecurityManager: Changing view acls groups to:
[2026-03-16T02:35:18.546+0000] {subprocess.py:93} INFO - 26/03/16 02:35:18 INFO SecurityManager: Changing modify acls groups to:
[2026-03-16T02:35:18.548+0000] {subprocess.py:93} INFO - 26/03/16 02:35:18 INFO SecurityManager: SecurityManager: authentication disabled; ui acls disabled; users with view permissions: airflow; groups with view permissions: EMPTY; users with modify permissions: airflow; groups with modify permissions: EMPTY
[2026-03-16T02:35:19.608+0000] {subprocess.py:93} INFO - 26/03/16 02:35:19 INFO Utils: Successfully started service 'sparkDriver' on port 37503.
[2026-03-16T02:35:19.703+0000] {subprocess.py:93} INFO - 26/03/16 02:35:19 INFO SparkEnv: Registering MapOutputTracker
[2026-03-16T02:35:19.799+0000] {subprocess.py:93} INFO - 26/03/16 02:35:19 INFO SparkEnv: Registering BlockManagerMaster
[2026-03-16T02:35:19.854+0000] {subprocess.py:93} INFO - 26/03/16 02:35:19 INFO BlockManagerMasterEndpoint: Using org.apache.spark.storage.DefaultTopologyMapper for getting topology information
[2026-03-16T02:35:19.856+0000] {subprocess.py:93} INFO - 26/03/16 02:35:19 INFO BlockManagerMasterEndpoint: BlockManagerMasterEndpoint up
[2026-03-16T02:35:19.869+0000] {subprocess.py:93} INFO - 26/03/16 02:35:19 INFO SparkEnv: Registering BlockManagerMasterHeartbeat
[2026-03-16T02:35:19.909+0000] {subprocess.py:93} INFO - 26/03/16 02:35:19 INFO DiskBlockManager: Created local directory at /tmp/blockmgr-4878239e-792c-42b6-9c75-e499743f0a8b
[2026-03-16T02:35:19.938+0000] {subprocess.py:93} INFO - 26/03/16 02:35:19 INFO MemoryStore: MemoryStore started with capacity 434.4 MiB
[2026-03-16T02:35:19.967+0000] {subprocess.py:93} INFO - 26/03/16 02:35:19 INFO SparkEnv: Registering OutputCommitCoordinator
[2026-03-16T02:35:20.249+0000] {subprocess.py:93} INFO - 26/03/16 02:35:20 INFO JettyUtils: Start Jetty 0.0.0.0:4040 for SparkUI
[2026-03-16T02:35:20.434+0000] {subprocess.py:93} INFO - 26/03/16 02:35:20 INFO Utils: Successfully started service 'SparkUI' on port 4040.
[2026-03-16T02:35:20.557+0000] {subprocess.py:93} INFO - 26/03/16 02:35:20 ERROR SparkContext: Failed to add spark/jars/postgresql-42.7.3.jar to Spark environment
[2026-03-16T02:35:20.557+0000] {subprocess.py:93} INFO - java.io.FileNotFoundException: Jar /tmp/airflowtmpzjacu6tz/spark/jars/postgresql-42.7.3.jar not found
[2026-03-16T02:35:20.557+0000] {subprocess.py:93} INFO - 	at org.apache.spark.SparkContext.addLocalJarFile$1(SparkContext.scala:2095)
[2026-03-16T02:35:20.558+0000] {subprocess.py:93} INFO - 	at org.apache.spark.SparkContext.addJar(SparkContext.scala:2151)
[2026-03-16T02:35:20.558+0000] {subprocess.py:93} INFO - 	at org.apache.spark.SparkContext.$anonfun$new$15(SparkContext.scala:521)
[2026-03-16T02:35:20.558+0000] {subprocess.py:93} INFO - 	at org.apache.spark.SparkContext.$anonfun$new$15$adapted(SparkContext.scala:521)
[2026-03-16T02:35:20.559+0000] {subprocess.py:93} INFO - 	at scala.collection.mutable.ResizableArray.foreach(ResizableArray.scala:62)
[2026-03-16T02:35:20.559+0000] {subprocess.py:93} INFO - 	at scala.collection.mutable.ResizableArray.foreach$(ResizableArray.scala:55)
[2026-03-16T02:35:20.559+0000] {subprocess.py:93} INFO - 	at scala.collection.mutable.ArrayBuffer.foreach(ArrayBuffer.scala:49)
[2026-03-16T02:35:20.559+0000] {subprocess.py:93} INFO - 	at org.apache.spark.SparkContext.<init>(SparkContext.scala:521)
[2026-03-16T02:35:20.560+0000] {subprocess.py:93} INFO - 	at org.apache.spark.api.java.JavaSparkContext.<init>(JavaSparkContext.scala:58)
[2026-03-16T02:35:20.560+0000] {subprocess.py:93} INFO - 	at java.base/jdk.internal.reflect.NativeConstructorAccessorImpl.newInstance0(Native Method)
[2026-03-16T02:35:20.560+0000] {subprocess.py:93} INFO - 	at java.base/jdk.internal.reflect.NativeConstructorAccessorImpl.newInstance(NativeConstructorAccessorImpl.java:77)
[2026-03-16T02:35:20.560+0000] {subprocess.py:93} INFO - 	at java.base/jdk.internal.reflect.DelegatingConstructorAccessorImpl.newInstance(DelegatingConstructorAccessorImpl.java:45)
[2026-03-16T02:35:20.561+0000] {subprocess.py:93} INFO - 	at java.base/java.lang.reflect.Constructor.newInstanceWithCaller(Constructor.java:500)
[2026-03-16T02:35:20.561+0000] {subprocess.py:93} INFO - 	at java.base/java.lang.reflect.Constructor.newInstance(Constructor.java:481)
[2026-03-16T02:35:20.561+0000] {subprocess.py:93} INFO - 	at py4j.reflection.MethodInvoker.invoke(MethodInvoker.java:247)
[2026-03-16T02:35:20.562+0000] {subprocess.py:93} INFO - 	at py4j.reflection.ReflectionEngine.invoke(ReflectionEngine.java:374)
[2026-03-16T02:35:20.562+0000] {subprocess.py:93} INFO - 	at py4j.Gateway.invoke(Gateway.java:238)
[2026-03-16T02:35:20.562+0000] {subprocess.py:93} INFO - 	at py4j.commands.ConstructorCommand.invokeConstructor(ConstructorCommand.java:80)
[2026-03-16T02:35:20.562+0000] {subprocess.py:93} INFO - 	at py4j.commands.ConstructorCommand.execute(ConstructorCommand.java:69)
[2026-03-16T02:35:20.563+0000] {subprocess.py:93} INFO - 	at py4j.ClientServerConnection.waitForCommands(ClientServerConnection.java:182)
[2026-03-16T02:35:20.563+0000] {subprocess.py:93} INFO - 	at py4j.ClientServerConnection.run(ClientServerConnection.java:106)
[2026-03-16T02:35:20.563+0000] {subprocess.py:93} INFO - 	at java.base/java.lang.Thread.run(Thread.java:840)
[2026-03-16T02:35:20.719+0000] {subprocess.py:93} INFO - 26/03/16 02:35:20 INFO Executor: Starting executor ID driver on host fed02f6da99f
[2026-03-16T02:35:20.720+0000] {subprocess.py:93} INFO - 26/03/16 02:35:20 INFO Executor: OS info Linux, 5.15.167.4-microsoft-standard-WSL2, amd64
[2026-03-16T02:35:20.721+0000] {subprocess.py:93} INFO - 26/03/16 02:35:20 INFO Executor: Java version 17.0.18
[2026-03-16T02:35:20.739+0000] {subprocess.py:93} INFO - 26/03/16 02:35:20 INFO Executor: Starting executor with user classpath (userClassPathFirst = false): ''
[2026-03-16T02:35:20.742+0000] {subprocess.py:93} INFO - 26/03/16 02:35:20 INFO Executor: Created or updated repl class loader org.apache.spark.util.MutableURLClassLoader@3e5eff2d for default.
[2026-03-16T02:35:20.800+0000] {subprocess.py:93} INFO - 26/03/16 02:35:20 INFO Utils: Successfully started service 'org.apache.spark.network.netty.NettyBlockTransferService' on port 41797.
[2026-03-16T02:35:20.801+0000] {subprocess.py:93} INFO - 26/03/16 02:35:20 INFO NettyBlockTransferService: Server created on fed02f6da99f:41797
[2026-03-16T02:35:20.805+0000] {subprocess.py:93} INFO - 26/03/16 02:35:20 INFO BlockManager: Using org.apache.spark.storage.RandomBlockReplicationPolicy for block replication policy
[2026-03-16T02:35:20.823+0000] {subprocess.py:93} INFO - 26/03/16 02:35:20 INFO BlockManagerMaster: Registering BlockManager BlockManagerId(driver, fed02f6da99f, 41797, None)
[2026-03-16T02:35:20.830+0000] {subprocess.py:93} INFO - 26/03/16 02:35:20 INFO BlockManagerMasterEndpoint: Registering block manager fed02f6da99f:41797 with 434.4 MiB RAM, BlockManagerId(driver, fed02f6da99f, 41797, None)
[2026-03-16T02:35:20.835+0000] {subprocess.py:93} INFO - 26/03/16 02:35:20 INFO BlockManagerMaster: Registered BlockManager BlockManagerId(driver, fed02f6da99f, 41797, None)
[2026-03-16T02:35:20.837+0000] {subprocess.py:93} INFO - 26/03/16 02:35:20 INFO BlockManager: Initialized BlockManager: BlockManagerId(driver, fed02f6da99f, 41797, None)
[2026-03-16T02:35:22.253+0000] {subprocess.py:93} INFO - 26/03/16 02:35:22 INFO SharedState: Setting hive.metastore.warehouse.dir ('null') to the value of spark.sql.warehouse.dir.
[2026-03-16T02:35:22.258+0000] {subprocess.py:93} INFO - 26/03/16 02:35:22 INFO SharedState: Warehouse path is 'file:/tmp/airflowtmpzjacu6tz/spark-warehouse'.
[2026-03-16T02:35:25.052+0000] {subprocess.py:93} INFO - Traceback (most recent call last):
[2026-03-16T02:35:25.052+0000] {subprocess.py:93} INFO -   File "/opt/airflow/spark/spark_processor.py", line 21, in <module>
[2026-03-16T02:35:25.053+0000] {subprocess.py:93} INFO -     df = spark.read \
[2026-03-16T02:35:25.053+0000] {subprocess.py:93} INFO -   File "/home/airflow/.local/lib/python3.8/site-packages/pyspark/sql/readwriter.py", line 314, in load
[2026-03-16T02:35:25.054+0000] {subprocess.py:93} INFO -     return self._df(self._jreader.load())
[2026-03-16T02:35:25.054+0000] {subprocess.py:93} INFO -   File "/home/airflow/.local/lib/python3.8/site-packages/py4j/java_gateway.py", line 1362, in __call__
[2026-03-16T02:35:25.054+0000] {subprocess.py:93} INFO -     return_value = get_return_value(
[2026-03-16T02:35:25.055+0000] {subprocess.py:93} INFO -   File "/home/airflow/.local/lib/python3.8/site-packages/pyspark/errors/exceptions/captured.py", line 179, in deco
[2026-03-16T02:35:25.055+0000] {subprocess.py:93} INFO -     return f(*a, **kw)
[2026-03-16T02:35:25.055+0000] {subprocess.py:93} INFO -   File "/home/airflow/.local/lib/python3.8/site-packages/py4j/protocol.py", line 327, in get_return_value
[2026-03-16T02:35:25.055+0000] {subprocess.py:93} INFO -     raise Py4JJavaError(
[2026-03-16T02:35:25.055+0000] {subprocess.py:93} INFO - py4j.protocol.Py4JJavaError: An error occurred while calling o34.load.
[2026-03-16T02:35:25.056+0000] {subprocess.py:93} INFO - : java.lang.ClassNotFoundException: org.postgresql.Driver
[2026-03-16T02:35:25.056+0000] {subprocess.py:93} INFO - 	at java.base/java.net.URLClassLoader.findClass(URLClassLoader.java:445)
[2026-03-16T02:35:25.056+0000] {subprocess.py:93} INFO - 	at java.base/java.lang.ClassLoader.loadClass(ClassLoader.java:592)
[2026-03-16T02:35:25.056+0000] {subprocess.py:93} INFO - 	at java.base/java.lang.ClassLoader.loadClass(ClassLoader.java:525)
[2026-03-16T02:35:25.057+0000] {subprocess.py:93} INFO - 	at org.apache.spark.sql.execution.datasources.jdbc.DriverRegistry$.register(DriverRegistry.scala:46)
[2026-03-16T02:35:25.057+0000] {subprocess.py:93} INFO - 	at org.apache.spark.sql.execution.datasources.jdbc.JDBCOptions.$anonfun$driverClass$1(JDBCOptions.scala:103)
[2026-03-16T02:35:25.057+0000] {subprocess.py:93} INFO - 	at org.apache.spark.sql.execution.datasources.jdbc.JDBCOptions.$anonfun$driverClass$1$adapted(JDBCOptions.scala:103)
[2026-03-16T02:35:25.057+0000] {subprocess.py:93} INFO - 	at scala.Option.foreach(Option.scala:407)
[2026-03-16T02:35:25.058+0000] {subprocess.py:93} INFO - 	at org.apache.spark.sql.execution.datasources.jdbc.JDBCOptions.<init>(JDBCOptions.scala:103)
[2026-03-16T02:35:25.058+0000] {subprocess.py:93} INFO - 	at org.apache.spark.sql.execution.datasources.jdbc.JDBCOptions.<init>(JDBCOptions.scala:41)
[2026-03-16T02:35:25.058+0000] {subprocess.py:93} INFO - 	at org.apache.spark.sql.execution.datasources.jdbc.JdbcRelationProvider.createRelation(JdbcRelationProvider.scala:34)
[2026-03-16T02:35:25.058+0000] {subprocess.py:93} INFO - 	at org.apache.spark.sql.execution.datasources.DataSource.resolveRelation(DataSource.scala:346)
[2026-03-16T02:35:25.059+0000] {subprocess.py:93} INFO - 	at org.apache.spark.sql.DataFrameReader.loadV1Source(DataFrameReader.scala:229)
[2026-03-16T02:35:25.059+0000] {subprocess.py:93} INFO - 	at org.apache.spark.sql.DataFrameReader.$anonfun$load$2(DataFrameReader.scala:211)
[2026-03-16T02:35:25.059+0000] {subprocess.py:93} INFO - 	at scala.Option.getOrElse(Option.scala:189)
[2026-03-16T02:35:25.059+0000] {subprocess.py:93} INFO - 	at org.apache.spark.sql.DataFrameReader.load(DataFrameReader.scala:211)
[2026-03-16T02:35:25.060+0000] {subprocess.py:93} INFO - 	at org.apache.spark.sql.DataFrameReader.load(DataFrameReader.scala:172)
[2026-03-16T02:35:25.060+0000] {subprocess.py:93} INFO - 	at java.base/jdk.internal.reflect.NativeMethodAccessorImpl.invoke0(Native Method)
[2026-03-16T02:35:25.060+0000] {subprocess.py:93} INFO - 	at java.base/jdk.internal.reflect.NativeMethodAccessorImpl.invoke(NativeMethodAccessorImpl.java:77)
[2026-03-16T02:35:25.060+0000] {subprocess.py:93} INFO - 	at java.base/jdk.internal.reflect.DelegatingMethodAccessorImpl.invoke(DelegatingMethodAccessorImpl.java:43)
[2026-03-16T02:35:25.061+0000] {subprocess.py:93} INFO - 	at java.base/java.lang.reflect.Method.invoke(Method.java:569)
[2026-03-16T02:35:25.061+0000] {subprocess.py:93} INFO - 	at py4j.reflection.MethodInvoker.invoke(MethodInvoker.java:244)
[2026-03-16T02:35:25.061+0000] {subprocess.py:93} INFO - 	at py4j.reflection.ReflectionEngine.invoke(ReflectionEngine.java:374)
[2026-03-16T02:35:25.062+0000] {subprocess.py:93} INFO - 	at py4j.Gateway.invoke(Gateway.java:282)
[2026-03-16T02:35:25.062+0000] {subprocess.py:93} INFO - 	at py4j.commands.AbstractCommand.invokeMethod(AbstractCommand.java:132)
[2026-03-16T02:35:25.062+0000] {subprocess.py:93} INFO - 	at py4j.commands.CallCommand.execute(CallCommand.java:79)
[2026-03-16T02:35:25.062+0000] {subprocess.py:93} INFO - 	at py4j.ClientServerConnection.waitForCommands(ClientServerConnection.java:182)
[2026-03-16T02:35:25.062+0000] {subprocess.py:93} INFO - 	at py4j.ClientServerConnection.run(ClientServerConnection.java:106)
[2026-03-16T02:35:25.063+0000] {subprocess.py:93} INFO - 	at java.base/java.lang.Thread.run(Thread.java:840)
[2026-03-16T02:35:25.063+0000] {subprocess.py:93} INFO - 
[2026-03-16T02:35:25.161+0000] {subprocess.py:93} INFO - 26/03/16 02:35:25 INFO SparkContext: Invoking stop() from shutdown hook
[2026-03-16T02:35:25.162+0000] {subprocess.py:93} INFO - 26/03/16 02:35:25 INFO SparkContext: SparkContext is stopping with exitCode 0.
[2026-03-16T02:35:25.188+0000] {subprocess.py:93} INFO - 26/03/16 02:35:25 INFO SparkUI: Stopped Spark web UI at http://fed02f6da99f:4040
[2026-03-16T02:35:25.220+0000] {subprocess.py:93} INFO - 26/03/16 02:35:25 INFO MapOutputTrackerMasterEndpoint: MapOutputTrackerMasterEndpoint stopped!
[2026-03-16T02:35:25.255+0000] {subprocess.py:93} INFO - 26/03/16 02:35:25 INFO MemoryStore: MemoryStore cleared
[2026-03-16T02:35:25.257+0000] {subprocess.py:93} INFO - 26/03/16 02:35:25 INFO BlockManager: BlockManager stopped
[2026-03-16T02:35:25.282+0000] {subprocess.py:93} INFO - 26/03/16 02:35:25 INFO BlockManagerMaster: BlockManagerMaster stopped
[2026-03-16T02:35:25.290+0000] {subprocess.py:93} INFO - 26/03/16 02:35:25 INFO OutputCommitCoordinator$OutputCommitCoordinatorEndpoint: OutputCommitCoordinator stopped!
[2026-03-16T02:35:25.306+0000] {subprocess.py:93} INFO - 26/03/16 02:35:25 INFO SparkContext: Successfully stopped SparkContext
[2026-03-16T02:35:25.307+0000] {subprocess.py:93} INFO - 26/03/16 02:35:25 INFO ShutdownHookManager: Shutdown hook called
[2026-03-16T02:35:25.307+0000] {subprocess.py:93} INFO - 26/03/16 02:35:25 INFO ShutdownHookManager: Deleting directory /tmp/spark-05cac6ad-b0ed-4e6b-b366-28ab3cefa284
[2026-03-16T02:35:25.317+0000] {subprocess.py:93} INFO - 26/03/16 02:35:25 INFO ShutdownHookManager: Deleting directory /tmp/spark-ead47598-dc99-4a07-a0a1-176095036369/pyspark-794b8ab0-d0b3-4976-bb81-473226703e00
[2026-03-16T02:35:25.327+0000] {subprocess.py:93} INFO - 26/03/16 02:35:25 INFO ShutdownHookManager: Deleting directory /tmp/spark-ead47598-dc99-4a07-a0a1-176095036369
[2026-03-16T02:35:25.706+0000] {subprocess.py:97} INFO - Command exited with return code 1
[2026-03-16T02:35:25.721+0000] {taskinstance.py:2698} ERROR - Task failed with exception
Traceback (most recent call last):
  File "/home/airflow/.local/lib/python3.8/site-packages/airflow/models/taskinstance.py", line 433, in _execute_task
    result = execute_callable(context=context, **execute_callable_kwargs)
  File "/home/airflow/.local/lib/python3.8/site-packages/airflow/operators/bash.py", line 212, in execute
    raise AirflowException(
airflow.exceptions.AirflowException: Bash command failed. The command returned a non-zero exit code 1.
[2026-03-16T02:35:25.727+0000] {taskinstance.py:1138} INFO - Marking task as FAILED. dag_id=pipeline_gps, task_id=task_process, execution_date=20260316T023000, start_date=20260316T023511, end_date=20260316T023525
[2026-03-16T02:35:25.772+0000] {standard_task_runner.py:107} ERROR - Failed to execute job 569 for task task_process (Bash command failed. The command returned a non-zero exit code 1.; 169)
[2026-03-16T02:35:25.788+0000] {local_task_job_runner.py:234} INFO - Task exited with return code 1
[2026-03-16T02:35:25.820+0000] {taskinstance.py:3280} INFO - 0 downstream tasks scheduled from follow-on schedule check
