[2026-03-16T02:00:40.913+0000] {taskinstance.py:1956} INFO - Dependencies all met for dep_context=non-requeueable deps ti=<TaskInstance: pipeline_gps.task_process scheduled__2026-03-16T01:55:00+00:00 [queued]>
[2026-03-16T02:00:40.932+0000] {taskinstance.py:1956} INFO - Dependencies all met for dep_context=requeueable deps ti=<TaskInstance: pipeline_gps.task_process scheduled__2026-03-16T01:55:00+00:00 [queued]>
[2026-03-16T02:00:40.933+0000] {taskinstance.py:2170} INFO - Starting attempt 1 of 1
[2026-03-16T02:00:40.967+0000] {taskinstance.py:2191} INFO - Executing <Task(BashOperator): task_process> on 2026-03-16 01:55:00+00:00
[2026-03-16T02:00:40.977+0000] {standard_task_runner.py:60} INFO - Started process 165 to run task
[2026-03-16T02:00:40.991+0000] {standard_task_runner.py:87} INFO - Running: ['airflow', 'tasks', 'run', 'pipeline_gps', 'task_process', 'scheduled__2026-03-16T01:55:00+00:00', '--job-id', '557', '--raw', '--subdir', 'DAGS_FOLDER/pipeline_gps.py', '--cfg-path', '/tmp/tmpo_yextyn']
[2026-03-16T02:00:40.995+0000] {standard_task_runner.py:88} INFO - Job 557: Subtask task_process
[2026-03-16T02:00:41.093+0000] {task_command.py:423} INFO - Running <TaskInstance: pipeline_gps.task_process scheduled__2026-03-16T01:55:00+00:00 [running]> on host 45f99552e120
[2026-03-16T02:00:41.264+0000] {taskinstance.py:2480} INFO - Exporting env vars: AIRFLOW_CTX_DAG_OWNER='airflow' AIRFLOW_CTX_DAG_ID='pipeline_gps' AIRFLOW_CTX_TASK_ID='task_process' AIRFLOW_CTX_EXECUTION_DATE='2026-03-16T01:55:00+00:00' AIRFLOW_CTX_TRY_NUMBER='1' AIRFLOW_CTX_DAG_RUN_ID='scheduled__2026-03-16T01:55:00+00:00'
[2026-03-16T02:00:41.266+0000] {subprocess.py:63} INFO - Tmp dir root location: /tmp
[2026-03-16T02:00:41.276+0000] {subprocess.py:75} INFO - Running command: ['/usr/bin/bash', '-c', 'python /opt/airflow/spark/spark_processor.py']
[2026-03-16T02:00:41.301+0000] {subprocess.py:86} INFO - Output:
[2026-03-16T02:00:49.368+0000] {subprocess.py:93} INFO - 26/03/16 02:00:49 WARN NativeCodeLoader: Unable to load native-hadoop library for your platform... using builtin-java classes where applicable
[2026-03-16T02:00:50.532+0000] {subprocess.py:93} INFO - 26/03/16 02:00:50 WARN DependencyUtils: Local jar /tmp/airflowtmp_pvtpzhz/spark/jars/postgresql-42.7.3.jar does not exist, skipping.
[2026-03-16T02:00:50.976+0000] {subprocess.py:93} INFO - 26/03/16 02:00:50 INFO SparkContext: Running Spark version 3.5.8
[2026-03-16T02:00:50.978+0000] {subprocess.py:93} INFO - 26/03/16 02:00:50 INFO SparkContext: OS info Linux, 5.15.167.4-microsoft-standard-WSL2, amd64
[2026-03-16T02:00:50.980+0000] {subprocess.py:93} INFO - 26/03/16 02:00:50 INFO SparkContext: Java version 17.0.18
[2026-03-16T02:00:51.100+0000] {subprocess.py:93} INFO - 26/03/16 02:00:51 INFO ResourceUtils: ==============================================================
[2026-03-16T02:00:51.102+0000] {subprocess.py:93} INFO - 26/03/16 02:00:51 INFO ResourceUtils: No custom resources configured for spark.driver.
[2026-03-16T02:00:51.104+0000] {subprocess.py:93} INFO - 26/03/16 02:00:51 INFO ResourceUtils: ==============================================================
[2026-03-16T02:00:51.105+0000] {subprocess.py:93} INFO - 26/03/16 02:00:51 INFO SparkContext: Submitted application: gps_processor
[2026-03-16T02:00:51.176+0000] {subprocess.py:93} INFO - 26/03/16 02:00:51 INFO ResourceProfile: Default ResourceProfile created, executor resources: Map(cores -> name: cores, amount: 1, script: , vendor: , memory -> name: memory, amount: 1024, script: , vendor: , offHeap -> name: offHeap, amount: 0, script: , vendor: ), task resources: Map(cpus -> name: cpus, amount: 1.0)
[2026-03-16T02:00:51.197+0000] {subprocess.py:93} INFO - 26/03/16 02:00:51 INFO ResourceProfile: Limiting resource is cpu
[2026-03-16T02:00:51.201+0000] {subprocess.py:93} INFO - 26/03/16 02:00:51 INFO ResourceProfileManager: Added ResourceProfile id: 0
[2026-03-16T02:00:51.379+0000] {subprocess.py:93} INFO - 26/03/16 02:00:51 INFO SecurityManager: Changing view acls to: airflow
[2026-03-16T02:00:51.381+0000] {subprocess.py:93} INFO - 26/03/16 02:00:51 INFO SecurityManager: Changing modify acls to: airflow
[2026-03-16T02:00:51.386+0000] {subprocess.py:93} INFO - 26/03/16 02:00:51 INFO SecurityManager: Changing view acls groups to:
[2026-03-16T02:00:51.390+0000] {subprocess.py:93} INFO - 26/03/16 02:00:51 INFO SecurityManager: Changing modify acls groups to:
[2026-03-16T02:00:51.398+0000] {subprocess.py:93} INFO - 26/03/16 02:00:51 INFO SecurityManager: SecurityManager: authentication disabled; ui acls disabled; users with view permissions: airflow; groups with view permissions: EMPTY; users with modify permissions: airflow; groups with modify permissions: EMPTY
[2026-03-16T02:00:52.268+0000] {subprocess.py:93} INFO - 26/03/16 02:00:52 INFO Utils: Successfully started service 'sparkDriver' on port 38129.
[2026-03-16T02:00:52.411+0000] {subprocess.py:93} INFO - 26/03/16 02:00:52 INFO SparkEnv: Registering MapOutputTracker
[2026-03-16T02:00:52.552+0000] {subprocess.py:93} INFO - 26/03/16 02:00:52 INFO SparkEnv: Registering BlockManagerMaster
[2026-03-16T02:00:52.626+0000] {subprocess.py:93} INFO - 26/03/16 02:00:52 INFO BlockManagerMasterEndpoint: Using org.apache.spark.storage.DefaultTopologyMapper for getting topology information
[2026-03-16T02:00:52.628+0000] {subprocess.py:93} INFO - 26/03/16 02:00:52 INFO BlockManagerMasterEndpoint: BlockManagerMasterEndpoint up
[2026-03-16T02:00:52.645+0000] {subprocess.py:93} INFO - 26/03/16 02:00:52 INFO SparkEnv: Registering BlockManagerMasterHeartbeat
[2026-03-16T02:00:52.736+0000] {subprocess.py:93} INFO - 26/03/16 02:00:52 INFO DiskBlockManager: Created local directory at /tmp/blockmgr-714687da-521d-4aab-8953-42846abe2a88
[2026-03-16T02:00:52.790+0000] {subprocess.py:93} INFO - 26/03/16 02:00:52 INFO MemoryStore: MemoryStore started with capacity 434.4 MiB
[2026-03-16T02:00:52.889+0000] {subprocess.py:93} INFO - 26/03/16 02:00:52 INFO SparkEnv: Registering OutputCommitCoordinator
[2026-03-16T02:00:53.866+0000] {subprocess.py:93} INFO - 26/03/16 02:00:53 INFO JettyUtils: Start Jetty 0.0.0.0:4040 for SparkUI
[2026-03-16T02:00:54.070+0000] {subprocess.py:93} INFO - 26/03/16 02:00:54 INFO Utils: Successfully started service 'SparkUI' on port 4040.
[2026-03-16T02:00:55.191+0000] {subprocess.py:93} INFO - 26/03/16 02:00:55 ERROR SparkContext: Failed to add spark/jars/postgresql-42.7.3.jar to Spark environment
[2026-03-16T02:00:55.192+0000] {subprocess.py:93} INFO - java.io.FileNotFoundException: Jar /tmp/airflowtmp_pvtpzhz/spark/jars/postgresql-42.7.3.jar not found
[2026-03-16T02:00:55.194+0000] {subprocess.py:93} INFO - 	at org.apache.spark.SparkContext.addLocalJarFile$1(SparkContext.scala:2095)
[2026-03-16T02:00:55.201+0000] {subprocess.py:93} INFO - 	at org.apache.spark.SparkContext.addJar(SparkContext.scala:2151)
[2026-03-16T02:00:55.202+0000] {subprocess.py:93} INFO - 	at org.apache.spark.SparkContext.$anonfun$new$15(SparkContext.scala:521)
[2026-03-16T02:00:55.203+0000] {subprocess.py:93} INFO - 	at org.apache.spark.SparkContext.$anonfun$new$15$adapted(SparkContext.scala:521)
[2026-03-16T02:00:55.204+0000] {subprocess.py:93} INFO - 	at scala.collection.mutable.ResizableArray.foreach(ResizableArray.scala:62)
[2026-03-16T02:00:55.205+0000] {subprocess.py:93} INFO - 	at scala.collection.mutable.ResizableArray.foreach$(ResizableArray.scala:55)
[2026-03-16T02:00:55.205+0000] {subprocess.py:93} INFO - 	at scala.collection.mutable.ArrayBuffer.foreach(ArrayBuffer.scala:49)
[2026-03-16T02:00:55.206+0000] {subprocess.py:93} INFO - 	at org.apache.spark.SparkContext.<init>(SparkContext.scala:521)
[2026-03-16T02:00:55.207+0000] {subprocess.py:93} INFO - 	at org.apache.spark.api.java.JavaSparkContext.<init>(JavaSparkContext.scala:58)
[2026-03-16T02:00:55.207+0000] {subprocess.py:93} INFO - 	at java.base/jdk.internal.reflect.NativeConstructorAccessorImpl.newInstance0(Native Method)
[2026-03-16T02:00:55.207+0000] {subprocess.py:93} INFO - 	at java.base/jdk.internal.reflect.NativeConstructorAccessorImpl.newInstance(NativeConstructorAccessorImpl.java:77)
[2026-03-16T02:00:55.208+0000] {subprocess.py:93} INFO - 	at java.base/jdk.internal.reflect.DelegatingConstructorAccessorImpl.newInstance(DelegatingConstructorAccessorImpl.java:45)
[2026-03-16T02:00:55.208+0000] {subprocess.py:93} INFO - 	at java.base/java.lang.reflect.Constructor.newInstanceWithCaller(Constructor.java:500)
[2026-03-16T02:00:55.209+0000] {subprocess.py:93} INFO - 	at java.base/java.lang.reflect.Constructor.newInstance(Constructor.java:481)
[2026-03-16T02:00:55.209+0000] {subprocess.py:93} INFO - 	at py4j.reflection.MethodInvoker.invoke(MethodInvoker.java:247)
[2026-03-16T02:00:55.210+0000] {subprocess.py:93} INFO - 	at py4j.reflection.ReflectionEngine.invoke(ReflectionEngine.java:374)
[2026-03-16T02:00:55.210+0000] {subprocess.py:93} INFO - 	at py4j.Gateway.invoke(Gateway.java:238)
[2026-03-16T02:00:55.210+0000] {subprocess.py:93} INFO - 	at py4j.commands.ConstructorCommand.invokeConstructor(ConstructorCommand.java:80)
[2026-03-16T02:00:55.211+0000] {subprocess.py:93} INFO - 	at py4j.commands.ConstructorCommand.execute(ConstructorCommand.java:69)
[2026-03-16T02:00:55.211+0000] {subprocess.py:93} INFO - 	at py4j.ClientServerConnection.waitForCommands(ClientServerConnection.java:182)
[2026-03-16T02:00:55.214+0000] {subprocess.py:93} INFO - 	at py4j.ClientServerConnection.run(ClientServerConnection.java:106)
[2026-03-16T02:00:55.216+0000] {subprocess.py:93} INFO - 	at java.base/java.lang.Thread.run(Thread.java:840)
[2026-03-16T02:00:55.480+0000] {subprocess.py:93} INFO - 26/03/16 02:00:55 INFO Executor: Starting executor ID driver on host 45f99552e120
[2026-03-16T02:00:55.482+0000] {subprocess.py:93} INFO - 26/03/16 02:00:55 INFO Executor: OS info Linux, 5.15.167.4-microsoft-standard-WSL2, amd64
[2026-03-16T02:00:55.490+0000] {subprocess.py:93} INFO - 26/03/16 02:00:55 INFO Executor: Java version 17.0.18
[2026-03-16T02:00:55.518+0000] {subprocess.py:93} INFO - 26/03/16 02:00:55 INFO Executor: Starting executor with user classpath (userClassPathFirst = false): ''
[2026-03-16T02:00:55.522+0000] {subprocess.py:93} INFO - 26/03/16 02:00:55 INFO Executor: Created or updated repl class loader org.apache.spark.util.MutableURLClassLoader@aae43b for default.
[2026-03-16T02:00:55.632+0000] {subprocess.py:93} INFO - 26/03/16 02:00:55 INFO Utils: Successfully started service 'org.apache.spark.network.netty.NettyBlockTransferService' on port 43837.
[2026-03-16T02:00:55.633+0000] {subprocess.py:93} INFO - 26/03/16 02:00:55 INFO NettyBlockTransferService: Server created on 45f99552e120:43837
[2026-03-16T02:00:55.648+0000] {subprocess.py:93} INFO - 26/03/16 02:00:55 INFO BlockManager: Using org.apache.spark.storage.RandomBlockReplicationPolicy for block replication policy
[2026-03-16T02:00:55.693+0000] {subprocess.py:93} INFO - 26/03/16 02:00:55 INFO BlockManagerMaster: Registering BlockManager BlockManagerId(driver, 45f99552e120, 43837, None)
[2026-03-16T02:00:55.711+0000] {subprocess.py:93} INFO - 26/03/16 02:00:55 INFO BlockManagerMasterEndpoint: Registering block manager 45f99552e120:43837 with 434.4 MiB RAM, BlockManagerId(driver, 45f99552e120, 43837, None)
[2026-03-16T02:00:55.723+0000] {subprocess.py:93} INFO - 26/03/16 02:00:55 INFO BlockManagerMaster: Registered BlockManager BlockManagerId(driver, 45f99552e120, 43837, None)
[2026-03-16T02:00:55.729+0000] {subprocess.py:93} INFO - 26/03/16 02:00:55 INFO BlockManager: Initialized BlockManager: BlockManagerId(driver, 45f99552e120, 43837, None)
[2026-03-16T02:00:57.906+0000] {subprocess.py:93} INFO - 26/03/16 02:00:57 INFO SharedState: Setting hive.metastore.warehouse.dir ('null') to the value of spark.sql.warehouse.dir.
[2026-03-16T02:00:57.936+0000] {subprocess.py:93} INFO - 26/03/16 02:00:57 INFO SharedState: Warehouse path is 'file:/tmp/airflowtmp_pvtpzhz/spark-warehouse'.
[2026-03-16T02:01:01.637+0000] {subprocess.py:93} INFO - Traceback (most recent call last):
[2026-03-16T02:01:01.637+0000] {subprocess.py:93} INFO -   File "/opt/airflow/spark/spark_processor.py", line 21, in <module>
[2026-03-16T02:01:01.638+0000] {subprocess.py:93} INFO -     df = spark.read \
[2026-03-16T02:01:01.638+0000] {subprocess.py:93} INFO -   File "/home/airflow/.local/lib/python3.8/site-packages/pyspark/sql/readwriter.py", line 314, in load
[2026-03-16T02:01:01.638+0000] {subprocess.py:93} INFO -     return self._df(self._jreader.load())
[2026-03-16T02:01:01.639+0000] {subprocess.py:93} INFO -   File "/home/airflow/.local/lib/python3.8/site-packages/py4j/java_gateway.py", line 1362, in __call__
[2026-03-16T02:01:01.639+0000] {subprocess.py:93} INFO -     return_value = get_return_value(
[2026-03-16T02:01:01.639+0000] {subprocess.py:93} INFO -   File "/home/airflow/.local/lib/python3.8/site-packages/pyspark/errors/exceptions/captured.py", line 179, in deco
[2026-03-16T02:01:01.640+0000] {subprocess.py:93} INFO -     return f(*a, **kw)
[2026-03-16T02:01:01.640+0000] {subprocess.py:93} INFO -   File "/home/airflow/.local/lib/python3.8/site-packages/py4j/protocol.py", line 327, in get_return_value
[2026-03-16T02:01:01.641+0000] {subprocess.py:93} INFO -     raise Py4JJavaError(
[2026-03-16T02:01:01.642+0000] {subprocess.py:93} INFO - py4j.protocol.Py4JJavaError: An error occurred while calling o34.load.
[2026-03-16T02:01:01.642+0000] {subprocess.py:93} INFO - : java.lang.ClassNotFoundException: org.postgresql.Driver
[2026-03-16T02:01:01.643+0000] {subprocess.py:93} INFO - 	at java.base/java.net.URLClassLoader.findClass(URLClassLoader.java:445)
[2026-03-16T02:01:01.643+0000] {subprocess.py:93} INFO - 	at java.base/java.lang.ClassLoader.loadClass(ClassLoader.java:592)
[2026-03-16T02:01:01.644+0000] {subprocess.py:93} INFO - 	at java.base/java.lang.ClassLoader.loadClass(ClassLoader.java:525)
[2026-03-16T02:01:01.644+0000] {subprocess.py:93} INFO - 	at org.apache.spark.sql.execution.datasources.jdbc.DriverRegistry$.register(DriverRegistry.scala:46)
[2026-03-16T02:01:01.644+0000] {subprocess.py:93} INFO - 	at org.apache.spark.sql.execution.datasources.jdbc.JDBCOptions.$anonfun$driverClass$1(JDBCOptions.scala:103)
[2026-03-16T02:01:01.645+0000] {subprocess.py:93} INFO - 	at org.apache.spark.sql.execution.datasources.jdbc.JDBCOptions.$anonfun$driverClass$1$adapted(JDBCOptions.scala:103)
[2026-03-16T02:01:01.645+0000] {subprocess.py:93} INFO - 	at scala.Option.foreach(Option.scala:407)
[2026-03-16T02:01:01.645+0000] {subprocess.py:93} INFO - 	at org.apache.spark.sql.execution.datasources.jdbc.JDBCOptions.<init>(JDBCOptions.scala:103)
[2026-03-16T02:01:01.645+0000] {subprocess.py:93} INFO - 	at org.apache.spark.sql.execution.datasources.jdbc.JDBCOptions.<init>(JDBCOptions.scala:41)
[2026-03-16T02:01:01.646+0000] {subprocess.py:93} INFO - 	at org.apache.spark.sql.execution.datasources.jdbc.JdbcRelationProvider.createRelation(JdbcRelationProvider.scala:34)
[2026-03-16T02:01:01.646+0000] {subprocess.py:93} INFO - 	at org.apache.spark.sql.execution.datasources.DataSource.resolveRelation(DataSource.scala:346)
[2026-03-16T02:01:01.646+0000] {subprocess.py:93} INFO - 	at org.apache.spark.sql.DataFrameReader.loadV1Source(DataFrameReader.scala:229)
[2026-03-16T02:01:01.647+0000] {subprocess.py:93} INFO - 	at org.apache.spark.sql.DataFrameReader.$anonfun$load$2(DataFrameReader.scala:211)
[2026-03-16T02:01:01.647+0000] {subprocess.py:93} INFO - 	at scala.Option.getOrElse(Option.scala:189)
[2026-03-16T02:01:01.647+0000] {subprocess.py:93} INFO - 	at org.apache.spark.sql.DataFrameReader.load(DataFrameReader.scala:211)
[2026-03-16T02:01:01.648+0000] {subprocess.py:93} INFO - 	at org.apache.spark.sql.DataFrameReader.load(DataFrameReader.scala:172)
[2026-03-16T02:01:01.648+0000] {subprocess.py:93} INFO - 	at java.base/jdk.internal.reflect.NativeMethodAccessorImpl.invoke0(Native Method)
[2026-03-16T02:01:01.649+0000] {subprocess.py:93} INFO - 	at java.base/jdk.internal.reflect.NativeMethodAccessorImpl.invoke(NativeMethodAccessorImpl.java:77)
[2026-03-16T02:01:01.649+0000] {subprocess.py:93} INFO - 	at java.base/jdk.internal.reflect.DelegatingMethodAccessorImpl.invoke(DelegatingMethodAccessorImpl.java:43)
[2026-03-16T02:01:01.649+0000] {subprocess.py:93} INFO - 	at java.base/java.lang.reflect.Method.invoke(Method.java:569)
[2026-03-16T02:01:01.650+0000] {subprocess.py:93} INFO - 	at py4j.reflection.MethodInvoker.invoke(MethodInvoker.java:244)
[2026-03-16T02:01:01.650+0000] {subprocess.py:93} INFO - 	at py4j.reflection.ReflectionEngine.invoke(ReflectionEngine.java:374)
[2026-03-16T02:01:01.650+0000] {subprocess.py:93} INFO - 	at py4j.Gateway.invoke(Gateway.java:282)
[2026-03-16T02:01:01.650+0000] {subprocess.py:93} INFO - 	at py4j.commands.AbstractCommand.invokeMethod(AbstractCommand.java:132)
[2026-03-16T02:01:01.651+0000] {subprocess.py:93} INFO - 	at py4j.commands.CallCommand.execute(CallCommand.java:79)
[2026-03-16T02:01:01.651+0000] {subprocess.py:93} INFO - 	at py4j.ClientServerConnection.waitForCommands(ClientServerConnection.java:182)
[2026-03-16T02:01:01.651+0000] {subprocess.py:93} INFO - 	at py4j.ClientServerConnection.run(ClientServerConnection.java:106)
[2026-03-16T02:01:01.652+0000] {subprocess.py:93} INFO - 	at java.base/java.lang.Thread.run(Thread.java:840)
[2026-03-16T02:01:01.652+0000] {subprocess.py:93} INFO - 
[2026-03-16T02:01:01.775+0000] {subprocess.py:93} INFO - 26/03/16 02:01:01 INFO SparkContext: Invoking stop() from shutdown hook
[2026-03-16T02:01:01.776+0000] {subprocess.py:93} INFO - 26/03/16 02:01:01 INFO SparkContext: SparkContext is stopping with exitCode 0.
[2026-03-16T02:01:01.817+0000] {subprocess.py:93} INFO - 26/03/16 02:01:01 INFO SparkUI: Stopped Spark web UI at http://45f99552e120:4040
[2026-03-16T02:01:01.873+0000] {subprocess.py:93} INFO - 26/03/16 02:01:01 INFO MapOutputTrackerMasterEndpoint: MapOutputTrackerMasterEndpoint stopped!
[2026-03-16T02:01:01.951+0000] {subprocess.py:93} INFO - 26/03/16 02:01:01 INFO MemoryStore: MemoryStore cleared
[2026-03-16T02:01:01.953+0000] {subprocess.py:93} INFO - 26/03/16 02:01:01 INFO BlockManager: BlockManager stopped
[2026-03-16T02:01:01.988+0000] {subprocess.py:93} INFO - 26/03/16 02:01:01 INFO BlockManagerMaster: BlockManagerMaster stopped
[2026-03-16T02:01:02.005+0000] {subprocess.py:93} INFO - 26/03/16 02:01:02 INFO OutputCommitCoordinator$OutputCommitCoordinatorEndpoint: OutputCommitCoordinator stopped!
[2026-03-16T02:01:02.048+0000] {subprocess.py:93} INFO - 26/03/16 02:01:02 INFO SparkContext: Successfully stopped SparkContext
[2026-03-16T02:01:02.049+0000] {subprocess.py:93} INFO - 26/03/16 02:01:02 INFO ShutdownHookManager: Shutdown hook called
[2026-03-16T02:01:02.051+0000] {subprocess.py:93} INFO - 26/03/16 02:01:02 INFO ShutdownHookManager: Deleting directory /tmp/spark-bc394616-8ec3-4300-b0d3-af9b07d653a5
[2026-03-16T02:01:02.066+0000] {subprocess.py:93} INFO - 26/03/16 02:01:02 INFO ShutdownHookManager: Deleting directory /tmp/spark-bc394616-8ec3-4300-b0d3-af9b07d653a5/pyspark-eeac20e6-e962-4a09-8675-bdc54c1e546c
[2026-03-16T02:01:02.077+0000] {subprocess.py:93} INFO - 26/03/16 02:01:02 INFO ShutdownHookManager: Deleting directory /tmp/spark-0612cca1-4f07-44e5-824b-ad307e389020
[2026-03-16T02:01:02.464+0000] {subprocess.py:97} INFO - Command exited with return code 1
[2026-03-16T02:01:02.484+0000] {taskinstance.py:2698} ERROR - Task failed with exception
Traceback (most recent call last):
  File "/home/airflow/.local/lib/python3.8/site-packages/airflow/models/taskinstance.py", line 433, in _execute_task
    result = execute_callable(context=context, **execute_callable_kwargs)
  File "/home/airflow/.local/lib/python3.8/site-packages/airflow/operators/bash.py", line 212, in execute
    raise AirflowException(
airflow.exceptions.AirflowException: Bash command failed. The command returned a non-zero exit code 1.
[2026-03-16T02:01:02.494+0000] {taskinstance.py:1138} INFO - Marking task as FAILED. dag_id=pipeline_gps, task_id=task_process, execution_date=20260316T015500, start_date=20260316T020040, end_date=20260316T020102
[2026-03-16T02:01:02.535+0000] {standard_task_runner.py:107} ERROR - Failed to execute job 557 for task task_process (Bash command failed. The command returned a non-zero exit code 1.; 165)
[2026-03-16T02:01:02.589+0000] {local_task_job_runner.py:234} INFO - Task exited with return code 1
[2026-03-16T02:01:02.629+0000] {taskinstance.py:3280} INFO - 0 downstream tasks scheduled from follow-on schedule check
