[2026-03-15T17:56:25.087+0000] {taskinstance.py:1956} INFO - Dependencies all met for dep_context=non-requeueable deps ti=<TaskInstance: pipeline_gps.task1_ingest scheduled__2026-03-15T17:55:00+00:00 [queued]>
[2026-03-15T17:56:25.124+0000] {taskinstance.py:1956} INFO - Dependencies all met for dep_context=requeueable deps ti=<TaskInstance: pipeline_gps.task1_ingest scheduled__2026-03-15T17:55:00+00:00 [queued]>
[2026-03-15T17:56:25.125+0000] {taskinstance.py:2170} INFO - Starting attempt 1 of 1
[2026-03-15T17:56:25.465+0000] {taskinstance.py:2191} INFO - Executing <Task(BashOperator): task1_ingest> on 2026-03-15 17:55:00+00:00
[2026-03-15T17:56:25.485+0000] {standard_task_runner.py:60} INFO - Started process 41 to run task
[2026-03-15T17:56:25.509+0000] {standard_task_runner.py:87} INFO - Running: ['airflow', 'tasks', 'run', 'pipeline_gps', 'task1_ingest', 'scheduled__2026-03-15T17:55:00+00:00', '--job-id', '489', '--raw', '--subdir', 'DAGS_FOLDER/pipeline_gps.py', '--cfg-path', '/tmp/tmp6h9aa3pi']
[2026-03-15T17:56:25.515+0000] {standard_task_runner.py:88} INFO - Job 489: Subtask task1_ingest
[2026-03-15T17:56:26.263+0000] {task_command.py:423} INFO - Running <TaskInstance: pipeline_gps.task1_ingest scheduled__2026-03-15T17:55:00+00:00 [running]> on host 693df5566a25
[2026-03-15T17:56:26.918+0000] {taskinstance.py:2480} INFO - Exporting env vars: AIRFLOW_CTX_DAG_OWNER='airflow' AIRFLOW_CTX_DAG_ID='pipeline_gps' AIRFLOW_CTX_TASK_ID='task1_ingest' AIRFLOW_CTX_EXECUTION_DATE='2026-03-15T17:55:00+00:00' AIRFLOW_CTX_TRY_NUMBER='1' AIRFLOW_CTX_DAG_RUN_ID='scheduled__2026-03-15T17:55:00+00:00'
[2026-03-15T17:56:26.923+0000] {subprocess.py:63} INFO - Tmp dir root location: /tmp
[2026-03-15T17:56:26.959+0000] {subprocess.py:75} INFO - Running command: ['/usr/bin/bash', '-c', 'python /opt/airflow/ingestion/mqtt_ingestor.py']
[2026-03-15T17:56:27.007+0000] {subprocess.py:86} INFO - Output:
[2026-03-15T17:58:11.813+0000] {local_task_job_runner.py:121} ERROR - Received SIGTERM. Terminating subprocesses
[2026-03-15T17:58:11.886+0000] {process_utils.py:131} INFO - Sending Signals.SIGTERM to group 41. PIDs of all processes in the group: [42, 41]
[2026-03-15T17:58:11.887+0000] {process_utils.py:86} INFO - Sending the signal Signals.SIGTERM to group 41
[2026-03-15T17:58:11.893+0000] {taskinstance.py:2450} ERROR - Received SIGTERM. Terminating subprocesses.
[2026-03-15T17:58:11.895+0000] {subprocess.py:104} INFO - Sending SIGTERM signal to process group
[2026-03-15T17:58:12.044+0000] {taskinstance.py:2698} ERROR - Task failed with exception
Traceback (most recent call last):
  File "/home/airflow/.local/lib/python3.8/site-packages/airflow/models/taskinstance.py", line 433, in _execute_task
    result = execute_callable(context=context, **execute_callable_kwargs)
  File "/home/airflow/.local/lib/python3.8/site-packages/airflow/operators/bash.py", line 203, in execute
    result = self.subprocess_hook.run_command(
  File "/home/airflow/.local/lib/python3.8/site-packages/airflow/hooks/subprocess.py", line 91, in run_command
    for raw_line in iter(self.sub_process.stdout.readline, b""):
  File "/home/airflow/.local/lib/python3.8/site-packages/airflow/models/taskinstance.py", line 2452, in signal_handler
    raise AirflowException("Task received SIGTERM signal")
airflow.exceptions.AirflowException: Task received SIGTERM signal
[2026-03-15T17:58:12.068+0000] {taskinstance.py:1138} INFO - Marking task as FAILED. dag_id=pipeline_gps, task_id=task1_ingest, execution_date=20260315T175500, start_date=20260315T175625, end_date=20260315T175812
[2026-03-15T17:58:12.574+0000] {standard_task_runner.py:107} ERROR - Failed to execute job 489 for task task1_ingest (Task received SIGTERM signal; 41)
[2026-03-15T17:58:12.653+0000] {process_utils.py:79} INFO - Process psutil.Process(pid=42, status='terminated', started='17:56:26') (42) terminated with exit code None
[2026-03-15T17:58:12.654+0000] {process_utils.py:79} INFO - Process psutil.Process(pid=41, status='terminated', exitcode=1, started='17:56:25') (41) terminated with exit code 1
[2026-03-15T17:58:12.655+0000] {local_task_job_runner.py:234} INFO - Task exited with return code 143
[2026-03-15T17:58:12.782+0000] {taskinstance.py:3280} INFO - 0 downstream tasks scheduled from follow-on schedule check
[2026-03-15T19:38:00.175+0000] {taskinstance.py:1956} INFO - Dependencies all met for dep_context=non-requeueable deps ti=<TaskInstance: pipeline_gps.task1_ingest scheduled__2026-03-15T17:55:00+00:00 [queued]>
[2026-03-15T19:38:00.222+0000] {taskinstance.py:1956} INFO - Dependencies all met for dep_context=requeueable deps ti=<TaskInstance: pipeline_gps.task1_ingest scheduled__2026-03-15T17:55:00+00:00 [queued]>
[2026-03-15T19:38:00.223+0000] {taskinstance.py:2170} INFO - Starting attempt 1 of 1
[2026-03-15T19:38:00.338+0000] {taskinstance.py:2191} INFO - Executing <Task(BashOperator): task1_ingest> on 2026-03-15 17:55:00+00:00
[2026-03-15T19:38:00.353+0000] {standard_task_runner.py:60} INFO - Started process 40 to run task
[2026-03-15T19:38:00.572+0000] {standard_task_runner.py:87} INFO - Running: ['airflow', 'tasks', 'run', 'pipeline_gps', 'task1_ingest', 'scheduled__2026-03-15T17:55:00+00:00', '--job-id', '494', '--raw', '--subdir', 'DAGS_FOLDER/pipeline_gps.py', '--cfg-path', '/tmp/tmp6dh3z986']
[2026-03-15T19:38:00.627+0000] {standard_task_runner.py:88} INFO - Job 494: Subtask task1_ingest
[2026-03-15T19:38:01.014+0000] {task_command.py:423} INFO - Running <TaskInstance: pipeline_gps.task1_ingest scheduled__2026-03-15T17:55:00+00:00 [running]> on host 693df5566a25
[2026-03-15T19:38:01.245+0000] {taskinstance.py:2480} INFO - Exporting env vars: AIRFLOW_CTX_DAG_OWNER='airflow' AIRFLOW_CTX_DAG_ID='pipeline_gps' AIRFLOW_CTX_TASK_ID='task1_ingest' AIRFLOW_CTX_EXECUTION_DATE='2026-03-15T17:55:00+00:00' AIRFLOW_CTX_TRY_NUMBER='1' AIRFLOW_CTX_DAG_RUN_ID='scheduled__2026-03-15T17:55:00+00:00'
[2026-03-15T19:38:01.251+0000] {subprocess.py:63} INFO - Tmp dir root location: /tmp
[2026-03-15T19:38:01.270+0000] {subprocess.py:75} INFO - Running command: ['/usr/bin/bash', '-c', '\n        export DB_HOST=postgres-postgis\n        export MQTT_HOST=mqtt-broker\n        python /opt/airflow/ingestion/mqtt_ingestor.py\n        ']
[2026-03-15T19:38:01.311+0000] {subprocess.py:86} INFO - Output:
[2026-03-15T19:38:05.201+0000] {subprocess.py:93} INFO - Conectando a PostgreSQL en: postgres-postgis
[2026-03-15T19:38:05.206+0000] {subprocess.py:93} INFO - Conectando a MQTT en: mqtt-broker
[2026-03-15T19:38:05.207+0000] {subprocess.py:93} INFO - Traceback (most recent call last):
[2026-03-15T19:38:05.208+0000] {subprocess.py:93} INFO -   File "/opt/airflow/ingestion/mqtt_ingestor.py", line 14, in <module>
[2026-03-15T19:38:05.209+0000] {subprocess.py:93} INFO -     conn = psycopg2.connect(
[2026-03-15T19:38:05.214+0000] {subprocess.py:93} INFO -   File "/home/airflow/.local/lib/python3.8/site-packages/psycopg2/__init__.py", line 122, in connect
[2026-03-15T19:38:05.214+0000] {subprocess.py:93} INFO -     conn = _connect(dsn, connection_factory=connection_factory, **kwasync)
[2026-03-15T19:38:05.215+0000] {subprocess.py:93} INFO - psycopg2.OperationalError: could not translate host name "postgres-postgis" to address: Name or service not known
[2026-03-15T19:38:05.215+0000] {subprocess.py:93} INFO - 
[2026-03-15T19:38:05.348+0000] {subprocess.py:97} INFO - Command exited with return code 1
[2026-03-15T19:38:05.376+0000] {taskinstance.py:2698} ERROR - Task failed with exception
Traceback (most recent call last):
  File "/home/airflow/.local/lib/python3.8/site-packages/airflow/models/taskinstance.py", line 433, in _execute_task
    result = execute_callable(context=context, **execute_callable_kwargs)
  File "/home/airflow/.local/lib/python3.8/site-packages/airflow/operators/bash.py", line 212, in execute
    raise AirflowException(
airflow.exceptions.AirflowException: Bash command failed. The command returned a non-zero exit code 1.
[2026-03-15T19:38:05.385+0000] {taskinstance.py:1138} INFO - Marking task as FAILED. dag_id=pipeline_gps, task_id=task1_ingest, execution_date=20260315T175500, start_date=20260315T193800, end_date=20260315T193805
[2026-03-15T19:38:05.440+0000] {standard_task_runner.py:107} ERROR - Failed to execute job 494 for task task1_ingest (Bash command failed. The command returned a non-zero exit code 1.; 40)
[2026-03-15T19:38:05.483+0000] {local_task_job_runner.py:234} INFO - Task exited with return code 1
[2026-03-15T19:38:05.540+0000] {taskinstance.py:3280} INFO - 0 downstream tasks scheduled from follow-on schedule check
