[2026-03-16T01:07:30.136+0000] {taskinstance.py:1956} INFO - Dependencies all met for dep_context=non-requeueable deps ti=<TaskInstance: pipeline_gps.task_process scheduled__2026-03-16T01:00:00+00:00 [queued]>
[2026-03-16T01:07:30.172+0000] {taskinstance.py:1956} INFO - Dependencies all met for dep_context=requeueable deps ti=<TaskInstance: pipeline_gps.task_process scheduled__2026-03-16T01:00:00+00:00 [queued]>
[2026-03-16T01:07:30.173+0000] {taskinstance.py:2170} INFO - Starting attempt 1 of 1
[2026-03-16T01:07:30.242+0000] {taskinstance.py:2191} INFO - Executing <Task(BashOperator): task_process> on 2026-03-16 01:00:00+00:00
[2026-03-16T01:07:30.255+0000] {standard_task_runner.py:60} INFO - Started process 30 to run task
[2026-03-16T01:07:30.899+0000] {standard_task_runner.py:87} INFO - Running: ['airflow', 'tasks', 'run', 'pipeline_gps', 'task_process', 'scheduled__2026-03-16T01:00:00+00:00', '--job-id', '544', '--raw', '--subdir', 'DAGS_FOLDER/pipeline_gps.py', '--cfg-path', '/tmp/tmp9q0u9sot']
[2026-03-16T01:07:30.928+0000] {standard_task_runner.py:88} INFO - Job 544: Subtask task_process
[2026-03-16T01:07:31.984+0000] {task_command.py:423} INFO - Running <TaskInstance: pipeline_gps.task_process scheduled__2026-03-16T01:00:00+00:00 [running]> on host 45f99552e120
[2026-03-16T01:07:32.738+0000] {taskinstance.py:2480} INFO - Exporting env vars: AIRFLOW_CTX_DAG_OWNER='airflow' AIRFLOW_CTX_DAG_ID='pipeline_gps' AIRFLOW_CTX_TASK_ID='task_process' AIRFLOW_CTX_EXECUTION_DATE='2026-03-16T01:00:00+00:00' AIRFLOW_CTX_TRY_NUMBER='1' AIRFLOW_CTX_DAG_RUN_ID='scheduled__2026-03-16T01:00:00+00:00'
[2026-03-16T01:07:32.743+0000] {subprocess.py:63} INFO - Tmp dir root location: /tmp
[2026-03-16T01:07:32.746+0000] {subprocess.py:75} INFO - Running command: ['/usr/bin/bash', '-c', 'python /opt/airflow/spark/spark_processor.py']
[2026-03-16T01:07:32.790+0000] {subprocess.py:86} INFO - Output:
[2026-03-16T01:07:49.526+0000] {subprocess.py:93} INFO - 26/03/16 01:07:49 WARN NativeCodeLoader: Unable to load native-hadoop library for your platform... using builtin-java classes where applicable
[2026-03-16T01:07:50.801+0000] {subprocess.py:93} INFO - 26/03/16 01:07:50 WARN DependencyUtils: Local jar /tmp/airflowtmpumrzdpbk/spark/jars/postgresql-42.7.3.jar does not exist, skipping.
[2026-03-16T01:07:51.413+0000] {subprocess.py:93} INFO - 26/03/16 01:07:51 INFO SparkContext: Running Spark version 3.5.8
[2026-03-16T01:07:51.416+0000] {subprocess.py:93} INFO - 26/03/16 01:07:51 INFO SparkContext: OS info Linux, 5.15.167.4-microsoft-standard-WSL2, amd64
[2026-03-16T01:07:51.417+0000] {subprocess.py:93} INFO - 26/03/16 01:07:51 INFO SparkContext: Java version 17.0.18
[2026-03-16T01:07:51.599+0000] {subprocess.py:93} INFO - 26/03/16 01:07:51 INFO ResourceUtils: ==============================================================
[2026-03-16T01:07:51.603+0000] {subprocess.py:93} INFO - 26/03/16 01:07:51 INFO ResourceUtils: No custom resources configured for spark.driver.
[2026-03-16T01:07:51.604+0000] {subprocess.py:93} INFO - 26/03/16 01:07:51 INFO ResourceUtils: ==============================================================
[2026-03-16T01:07:51.606+0000] {subprocess.py:93} INFO - 26/03/16 01:07:51 INFO SparkContext: Submitted application: gps_processor
[2026-03-16T01:07:51.772+0000] {subprocess.py:93} INFO - 26/03/16 01:07:51 INFO ResourceProfile: Default ResourceProfile created, executor resources: Map(cores -> name: cores, amount: 1, script: , vendor: , memory -> name: memory, amount: 1024, script: , vendor: , offHeap -> name: offHeap, amount: 0, script: , vendor: ), task resources: Map(cpus -> name: cpus, amount: 1.0)
[2026-03-16T01:07:51.826+0000] {subprocess.py:93} INFO - 26/03/16 01:07:51 INFO ResourceProfile: Limiting resource is cpu
[2026-03-16T01:07:51.833+0000] {subprocess.py:93} INFO - 26/03/16 01:07:51 INFO ResourceProfileManager: Added ResourceProfile id: 0
[2026-03-16T01:07:52.175+0000] {subprocess.py:93} INFO - 26/03/16 01:07:52 INFO SecurityManager: Changing view acls to: airflow
[2026-03-16T01:07:52.176+0000] {subprocess.py:93} INFO - 26/03/16 01:07:52 INFO SecurityManager: Changing modify acls to: airflow
[2026-03-16T01:07:52.176+0000] {subprocess.py:93} INFO - 26/03/16 01:07:52 INFO SecurityManager: Changing view acls groups to:
[2026-03-16T01:07:52.178+0000] {subprocess.py:93} INFO - 26/03/16 01:07:52 INFO SecurityManager: Changing modify acls groups to:
[2026-03-16T01:07:52.180+0000] {subprocess.py:93} INFO - 26/03/16 01:07:52 INFO SecurityManager: SecurityManager: authentication disabled; ui acls disabled; users with view permissions: airflow; groups with view permissions: EMPTY; users with modify permissions: airflow; groups with modify permissions: EMPTY
[2026-03-16T01:07:53.647+0000] {subprocess.py:93} INFO - 26/03/16 01:07:53 INFO Utils: Successfully started service 'sparkDriver' on port 34357.
[2026-03-16T01:07:53.853+0000] {subprocess.py:93} INFO - 26/03/16 01:07:53 INFO SparkEnv: Registering MapOutputTracker
[2026-03-16T01:07:54.003+0000] {subprocess.py:93} INFO - 26/03/16 01:07:54 INFO SparkEnv: Registering BlockManagerMaster
[2026-03-16T01:07:54.189+0000] {subprocess.py:93} INFO - 26/03/16 01:07:54 INFO BlockManagerMasterEndpoint: Using org.apache.spark.storage.DefaultTopologyMapper for getting topology information
[2026-03-16T01:07:54.192+0000] {subprocess.py:93} INFO - 26/03/16 01:07:54 INFO BlockManagerMasterEndpoint: BlockManagerMasterEndpoint up
[2026-03-16T01:07:54.221+0000] {subprocess.py:93} INFO - 26/03/16 01:07:54 INFO SparkEnv: Registering BlockManagerMasterHeartbeat
[2026-03-16T01:07:54.488+0000] {subprocess.py:93} INFO - 26/03/16 01:07:54 INFO DiskBlockManager: Created local directory at /tmp/blockmgr-fc4cdfa2-3ab1-4a12-aaf2-f628b49d41d5
[2026-03-16T01:07:54.605+0000] {subprocess.py:93} INFO - 26/03/16 01:07:54 INFO MemoryStore: MemoryStore started with capacity 434.4 MiB
[2026-03-16T01:07:54.744+0000] {subprocess.py:93} INFO - 26/03/16 01:07:54 INFO SparkEnv: Registering OutputCommitCoordinator
[2026-03-16T01:07:56.033+0000] {subprocess.py:93} INFO - 26/03/16 01:07:56 INFO JettyUtils: Start Jetty 0.0.0.0:4040 for SparkUI
[2026-03-16T01:07:59.688+0000] {subprocess.py:93} INFO - 26/03/16 01:07:59 INFO Utils: Successfully started service 'SparkUI' on port 4040.
[2026-03-16T01:07:59.810+0000] {subprocess.py:93} INFO - 26/03/16 01:07:59 ERROR SparkContext: Failed to add spark/jars/postgresql-42.7.3.jar to Spark environment
[2026-03-16T01:07:59.810+0000] {subprocess.py:93} INFO - java.io.FileNotFoundException: Jar /tmp/airflowtmpumrzdpbk/spark/jars/postgresql-42.7.3.jar not found
[2026-03-16T01:07:59.811+0000] {subprocess.py:93} INFO - 	at org.apache.spark.SparkContext.addLocalJarFile$1(SparkContext.scala:2095)
[2026-03-16T01:07:59.811+0000] {subprocess.py:93} INFO - 	at org.apache.spark.SparkContext.addJar(SparkContext.scala:2151)
[2026-03-16T01:07:59.811+0000] {subprocess.py:93} INFO - 	at org.apache.spark.SparkContext.$anonfun$new$15(SparkContext.scala:521)
[2026-03-16T01:07:59.811+0000] {subprocess.py:93} INFO - 	at org.apache.spark.SparkContext.$anonfun$new$15$adapted(SparkContext.scala:521)
[2026-03-16T01:07:59.812+0000] {subprocess.py:93} INFO - 	at scala.collection.mutable.ResizableArray.foreach(ResizableArray.scala:62)
[2026-03-16T01:07:59.812+0000] {subprocess.py:93} INFO - 	at scala.collection.mutable.ResizableArray.foreach$(ResizableArray.scala:55)
[2026-03-16T01:07:59.812+0000] {subprocess.py:93} INFO - 	at scala.collection.mutable.ArrayBuffer.foreach(ArrayBuffer.scala:49)
[2026-03-16T01:07:59.812+0000] {subprocess.py:93} INFO - 	at org.apache.spark.SparkContext.<init>(SparkContext.scala:521)
[2026-03-16T01:07:59.813+0000] {subprocess.py:93} INFO - 	at org.apache.spark.api.java.JavaSparkContext.<init>(JavaSparkContext.scala:58)
[2026-03-16T01:07:59.813+0000] {subprocess.py:93} INFO - 	at java.base/jdk.internal.reflect.NativeConstructorAccessorImpl.newInstance0(Native Method)
[2026-03-16T01:07:59.813+0000] {subprocess.py:93} INFO - 	at java.base/jdk.internal.reflect.NativeConstructorAccessorImpl.newInstance(NativeConstructorAccessorImpl.java:77)
[2026-03-16T01:07:59.814+0000] {subprocess.py:93} INFO - 	at java.base/jdk.internal.reflect.DelegatingConstructorAccessorImpl.newInstance(DelegatingConstructorAccessorImpl.java:45)
[2026-03-16T01:07:59.814+0000] {subprocess.py:93} INFO - 	at java.base/java.lang.reflect.Constructor.newInstanceWithCaller(Constructor.java:500)
[2026-03-16T01:07:59.814+0000] {subprocess.py:93} INFO - 	at java.base/java.lang.reflect.Constructor.newInstance(Constructor.java:481)
[2026-03-16T01:07:59.814+0000] {subprocess.py:93} INFO - 	at py4j.reflection.MethodInvoker.invoke(MethodInvoker.java:247)
[2026-03-16T01:07:59.817+0000] {subprocess.py:93} INFO - 	at py4j.reflection.ReflectionEngine.invoke(ReflectionEngine.java:374)
[2026-03-16T01:07:59.817+0000] {subprocess.py:93} INFO - 	at py4j.Gateway.invoke(Gateway.java:238)
[2026-03-16T01:07:59.818+0000] {subprocess.py:93} INFO - 	at py4j.commands.ConstructorCommand.invokeConstructor(ConstructorCommand.java:80)
[2026-03-16T01:07:59.818+0000] {subprocess.py:93} INFO - 	at py4j.commands.ConstructorCommand.execute(ConstructorCommand.java:69)
[2026-03-16T01:07:59.818+0000] {subprocess.py:93} INFO - 	at py4j.ClientServerConnection.waitForCommands(ClientServerConnection.java:182)
[2026-03-16T01:07:59.819+0000] {subprocess.py:93} INFO - 	at py4j.ClientServerConnection.run(ClientServerConnection.java:106)
[2026-03-16T01:07:59.819+0000] {subprocess.py:93} INFO - 	at java.base/java.lang.Thread.run(Thread.java:840)
[2026-03-16T01:08:00.151+0000] {subprocess.py:93} INFO - 26/03/16 01:08:00 INFO Executor: Starting executor ID driver on host 45f99552e120
[2026-03-16T01:08:00.154+0000] {subprocess.py:93} INFO - 26/03/16 01:08:00 INFO Executor: OS info Linux, 5.15.167.4-microsoft-standard-WSL2, amd64
[2026-03-16T01:08:00.156+0000] {subprocess.py:93} INFO - 26/03/16 01:08:00 INFO Executor: Java version 17.0.18
[2026-03-16T01:08:00.175+0000] {subprocess.py:93} INFO - 26/03/16 01:08:00 INFO Executor: Starting executor with user classpath (userClassPathFirst = false): ''
[2026-03-16T01:08:00.179+0000] {subprocess.py:93} INFO - 26/03/16 01:08:00 INFO Executor: Created or updated repl class loader org.apache.spark.util.MutableURLClassLoader@aae43b for default.
[2026-03-16T01:08:00.344+0000] {subprocess.py:93} INFO - 26/03/16 01:08:00 INFO Utils: Successfully started service 'org.apache.spark.network.netty.NettyBlockTransferService' on port 37699.
[2026-03-16T01:08:00.347+0000] {subprocess.py:93} INFO - 26/03/16 01:08:00 INFO NettyBlockTransferService: Server created on 45f99552e120:37699
[2026-03-16T01:08:00.361+0000] {subprocess.py:93} INFO - 26/03/16 01:08:00 INFO BlockManager: Using org.apache.spark.storage.RandomBlockReplicationPolicy for block replication policy
[2026-03-16T01:08:00.389+0000] {subprocess.py:93} INFO - 26/03/16 01:08:00 INFO BlockManagerMaster: Registering BlockManager BlockManagerId(driver, 45f99552e120, 37699, None)
[2026-03-16T01:08:00.423+0000] {subprocess.py:93} INFO - 26/03/16 01:08:00 INFO BlockManagerMasterEndpoint: Registering block manager 45f99552e120:37699 with 434.4 MiB RAM, BlockManagerId(driver, 45f99552e120, 37699, None)
[2026-03-16T01:08:00.437+0000] {subprocess.py:93} INFO - 26/03/16 01:08:00 INFO BlockManagerMaster: Registered BlockManager BlockManagerId(driver, 45f99552e120, 37699, None)
[2026-03-16T01:08:00.443+0000] {subprocess.py:93} INFO - 26/03/16 01:08:00 INFO BlockManager: Initialized BlockManager: BlockManagerId(driver, 45f99552e120, 37699, None)
[2026-03-16T01:08:03.181+0000] {subprocess.py:93} INFO - Traceback (most recent call last):
[2026-03-16T01:08:03.182+0000] {subprocess.py:93} INFO -   File "/opt/airflow/spark/spark_processor.py", line 10, in <module>
[2026-03-16T01:08:03.182+0000] {subprocess.py:93} INFO -     conn = psycopg2.connect(
[2026-03-16T01:08:03.182+0000] {subprocess.py:93} INFO -   File "/home/airflow/.local/lib/python3.8/site-packages/psycopg2/__init__.py", line 122, in connect
[2026-03-16T01:08:03.183+0000] {subprocess.py:93} INFO -     conn = _connect(dsn, connection_factory=connection_factory, **kwasync)
[2026-03-16T01:08:03.183+0000] {subprocess.py:93} INFO - psycopg2.OperationalError: connection to server at "localhost" (::1), port 5432 failed: Connection refused
[2026-03-16T01:08:03.183+0000] {subprocess.py:93} INFO - 	Is the server running on that host and accepting TCP/IP connections?
[2026-03-16T01:08:03.184+0000] {subprocess.py:93} INFO - connection to server at "localhost" (127.0.0.1), port 5432 failed: Connection refused
[2026-03-16T01:08:03.184+0000] {subprocess.py:93} INFO - 	Is the server running on that host and accepting TCP/IP connections?
[2026-03-16T01:08:03.184+0000] {subprocess.py:93} INFO - 
[2026-03-16T01:08:03.437+0000] {subprocess.py:93} INFO - 26/03/16 01:08:03 INFO SparkContext: Invoking stop() from shutdown hook
[2026-03-16T01:08:03.438+0000] {subprocess.py:93} INFO - 26/03/16 01:08:03 INFO SparkContext: SparkContext is stopping with exitCode 0.
[2026-03-16T01:08:03.498+0000] {subprocess.py:93} INFO - 26/03/16 01:08:03 INFO SparkUI: Stopped Spark web UI at http://45f99552e120:4040
[2026-03-16T01:08:03.568+0000] {subprocess.py:93} INFO - 26/03/16 01:08:03 INFO MapOutputTrackerMasterEndpoint: MapOutputTrackerMasterEndpoint stopped!
[2026-03-16T01:08:03.636+0000] {subprocess.py:93} INFO - 26/03/16 01:08:03 INFO MemoryStore: MemoryStore cleared
[2026-03-16T01:08:03.636+0000] {subprocess.py:93} INFO - 26/03/16 01:08:03 INFO BlockManager: BlockManager stopped
[2026-03-16T01:08:03.670+0000] {subprocess.py:93} INFO - 26/03/16 01:08:03 INFO BlockManagerMaster: BlockManagerMaster stopped
[2026-03-16T01:08:03.701+0000] {subprocess.py:93} INFO - 26/03/16 01:08:03 INFO OutputCommitCoordinator$OutputCommitCoordinatorEndpoint: OutputCommitCoordinator stopped!
[2026-03-16T01:08:03.752+0000] {subprocess.py:93} INFO - 26/03/16 01:08:03 INFO SparkContext: Successfully stopped SparkContext
[2026-03-16T01:08:03.755+0000] {subprocess.py:93} INFO - 26/03/16 01:08:03 INFO ShutdownHookManager: Shutdown hook called
[2026-03-16T01:08:03.758+0000] {subprocess.py:93} INFO - 26/03/16 01:08:03 INFO ShutdownHookManager: Deleting directory /tmp/spark-51e0ff41-2568-4f8d-9b05-f5396eccb674/pyspark-4e176a48-41e0-4334-816f-ceaf5bc1e2c4
[2026-03-16T01:08:03.770+0000] {subprocess.py:93} INFO - 26/03/16 01:08:03 INFO ShutdownHookManager: Deleting directory /tmp/spark-6bb1c109-1149-4ebe-9af8-752e0497f639
[2026-03-16T01:08:03.793+0000] {subprocess.py:93} INFO - 26/03/16 01:08:03 INFO ShutdownHookManager: Deleting directory /tmp/spark-51e0ff41-2568-4f8d-9b05-f5396eccb674
[2026-03-16T01:08:04.183+0000] {subprocess.py:97} INFO - Command exited with return code 1
[2026-03-16T01:08:04.207+0000] {taskinstance.py:2698} ERROR - Task failed with exception
Traceback (most recent call last):
  File "/home/airflow/.local/lib/python3.8/site-packages/airflow/models/taskinstance.py", line 433, in _execute_task
    result = execute_callable(context=context, **execute_callable_kwargs)
  File "/home/airflow/.local/lib/python3.8/site-packages/airflow/operators/bash.py", line 212, in execute
    raise AirflowException(
airflow.exceptions.AirflowException: Bash command failed. The command returned a non-zero exit code 1.
[2026-03-16T01:08:04.215+0000] {taskinstance.py:1138} INFO - Marking task as FAILED. dag_id=pipeline_gps, task_id=task_process, execution_date=20260316T010000, start_date=20260316T010730, end_date=20260316T010804
[2026-03-16T01:08:04.254+0000] {standard_task_runner.py:107} ERROR - Failed to execute job 544 for task task_process (Bash command failed. The command returned a non-zero exit code 1.; 30)
[2026-03-16T01:08:04.278+0000] {local_task_job_runner.py:234} INFO - Task exited with return code 1
[2026-03-16T01:08:04.346+0000] {taskinstance.py:3280} INFO - 0 downstream tasks scheduled from follow-on schedule check
