[2026-03-16T01:59:41.309+0000] {taskinstance.py:1956} INFO - Dependencies all met for dep_context=non-requeueable deps ti=<TaskInstance: pipeline_gps.task_process scheduled__2026-03-16T01:50:00+00:00 [queued]>
[2026-03-16T01:59:41.353+0000] {taskinstance.py:1956} INFO - Dependencies all met for dep_context=requeueable deps ti=<TaskInstance: pipeline_gps.task_process scheduled__2026-03-16T01:50:00+00:00 [queued]>
[2026-03-16T01:59:41.354+0000] {taskinstance.py:2170} INFO - Starting attempt 1 of 1
[2026-03-16T01:59:41.467+0000] {taskinstance.py:2191} INFO - Executing <Task(BashOperator): task_process> on 2026-03-16 01:50:00+00:00
[2026-03-16T01:59:41.526+0000] {standard_task_runner.py:60} INFO - Started process 30 to run task
[2026-03-16T01:59:41.589+0000] {standard_task_runner.py:87} INFO - Running: ['airflow', 'tasks', 'run', 'pipeline_gps', 'task_process', 'scheduled__2026-03-16T01:50:00+00:00', '--job-id', '556', '--raw', '--subdir', 'DAGS_FOLDER/pipeline_gps.py', '--cfg-path', '/tmp/tmplv6287sy']
[2026-03-16T01:59:41.621+0000] {standard_task_runner.py:88} INFO - Job 556: Subtask task_process
[2026-03-16T01:59:42.859+0000] {task_command.py:423} INFO - Running <TaskInstance: pipeline_gps.task_process scheduled__2026-03-16T01:50:00+00:00 [running]> on host 45f99552e120
[2026-03-16T01:59:43.832+0000] {taskinstance.py:2480} INFO - Exporting env vars: AIRFLOW_CTX_DAG_OWNER='airflow' AIRFLOW_CTX_DAG_ID='pipeline_gps' AIRFLOW_CTX_TASK_ID='task_process' AIRFLOW_CTX_EXECUTION_DATE='2026-03-16T01:50:00+00:00' AIRFLOW_CTX_TRY_NUMBER='1' AIRFLOW_CTX_DAG_RUN_ID='scheduled__2026-03-16T01:50:00+00:00'
[2026-03-16T01:59:43.837+0000] {subprocess.py:63} INFO - Tmp dir root location: /tmp
[2026-03-16T01:59:43.847+0000] {subprocess.py:75} INFO - Running command: ['/usr/bin/bash', '-c', 'python /opt/airflow/spark/spark_processor.py']
[2026-03-16T01:59:43.920+0000] {subprocess.py:86} INFO - Output:
[2026-03-16T02:00:08.939+0000] {subprocess.py:93} INFO - 26/03/16 02:00:08 WARN NativeCodeLoader: Unable to load native-hadoop library for your platform... using builtin-java classes where applicable
[2026-03-16T02:00:09.874+0000] {subprocess.py:93} INFO - 26/03/16 02:00:09 WARN DependencyUtils: Local jar /tmp/airflowtmpyuw_77ar/spark/jars/postgresql-42.7.3.jar does not exist, skipping.
[2026-03-16T02:00:10.632+0000] {subprocess.py:93} INFO - 26/03/16 02:00:10 INFO SparkContext: Running Spark version 3.5.8
[2026-03-16T02:00:10.634+0000] {subprocess.py:93} INFO - 26/03/16 02:00:10 INFO SparkContext: OS info Linux, 5.15.167.4-microsoft-standard-WSL2, amd64
[2026-03-16T02:00:10.634+0000] {subprocess.py:93} INFO - 26/03/16 02:00:10 INFO SparkContext: Java version 17.0.18
[2026-03-16T02:00:10.759+0000] {subprocess.py:93} INFO - 26/03/16 02:00:10 INFO ResourceUtils: ==============================================================
[2026-03-16T02:00:10.760+0000] {subprocess.py:93} INFO - 26/03/16 02:00:10 INFO ResourceUtils: No custom resources configured for spark.driver.
[2026-03-16T02:00:10.764+0000] {subprocess.py:93} INFO - 26/03/16 02:00:10 INFO ResourceUtils: ==============================================================
[2026-03-16T02:00:10.770+0000] {subprocess.py:93} INFO - 26/03/16 02:00:10 INFO SparkContext: Submitted application: gps_processor
[2026-03-16T02:00:10.860+0000] {subprocess.py:93} INFO - 26/03/16 02:00:10 INFO ResourceProfile: Default ResourceProfile created, executor resources: Map(cores -> name: cores, amount: 1, script: , vendor: , memory -> name: memory, amount: 1024, script: , vendor: , offHeap -> name: offHeap, amount: 0, script: , vendor: ), task resources: Map(cpus -> name: cpus, amount: 1.0)
[2026-03-16T02:00:10.889+0000] {subprocess.py:93} INFO - 26/03/16 02:00:10 INFO ResourceProfile: Limiting resource is cpu
[2026-03-16T02:00:10.890+0000] {subprocess.py:93} INFO - 26/03/16 02:00:10 INFO ResourceProfileManager: Added ResourceProfile id: 0
[2026-03-16T02:00:11.178+0000] {subprocess.py:93} INFO - 26/03/16 02:00:11 INFO SecurityManager: Changing view acls to: airflow
[2026-03-16T02:00:11.181+0000] {subprocess.py:93} INFO - 26/03/16 02:00:11 INFO SecurityManager: Changing modify acls to: airflow
[2026-03-16T02:00:11.185+0000] {subprocess.py:93} INFO - 26/03/16 02:00:11 INFO SecurityManager: Changing view acls groups to:
[2026-03-16T02:00:11.186+0000] {subprocess.py:93} INFO - 26/03/16 02:00:11 INFO SecurityManager: Changing modify acls groups to:
[2026-03-16T02:00:11.188+0000] {subprocess.py:93} INFO - 26/03/16 02:00:11 INFO SecurityManager: SecurityManager: authentication disabled; ui acls disabled; users with view permissions: airflow; groups with view permissions: EMPTY; users with modify permissions: airflow; groups with modify permissions: EMPTY
[2026-03-16T02:00:12.557+0000] {subprocess.py:93} INFO - 26/03/16 02:00:12 INFO Utils: Successfully started service 'sparkDriver' on port 44321.
[2026-03-16T02:00:12.754+0000] {subprocess.py:93} INFO - 26/03/16 02:00:12 INFO SparkEnv: Registering MapOutputTracker
[2026-03-16T02:00:12.892+0000] {subprocess.py:93} INFO - 26/03/16 02:00:12 INFO SparkEnv: Registering BlockManagerMaster
[2026-03-16T02:00:12.972+0000] {subprocess.py:93} INFO - 26/03/16 02:00:12 INFO BlockManagerMasterEndpoint: Using org.apache.spark.storage.DefaultTopologyMapper for getting topology information
[2026-03-16T02:00:12.975+0000] {subprocess.py:93} INFO - 26/03/16 02:00:12 INFO BlockManagerMasterEndpoint: BlockManagerMasterEndpoint up
[2026-03-16T02:00:13.003+0000] {subprocess.py:93} INFO - 26/03/16 02:00:13 INFO SparkEnv: Registering BlockManagerMasterHeartbeat
[2026-03-16T02:00:13.103+0000] {subprocess.py:93} INFO - 26/03/16 02:00:13 INFO DiskBlockManager: Created local directory at /tmp/blockmgr-9fc8c7ea-47d5-415f-94df-372edaa89ee3
[2026-03-16T02:00:13.154+0000] {subprocess.py:93} INFO - 26/03/16 02:00:13 INFO MemoryStore: MemoryStore started with capacity 434.4 MiB
[2026-03-16T02:00:13.273+0000] {subprocess.py:93} INFO - 26/03/16 02:00:13 INFO SparkEnv: Registering OutputCommitCoordinator
[2026-03-16T02:00:13.876+0000] {subprocess.py:93} INFO - 26/03/16 02:00:13 INFO JettyUtils: Start Jetty 0.0.0.0:4040 for SparkUI
[2026-03-16T02:00:14.460+0000] {subprocess.py:93} INFO - 26/03/16 02:00:14 INFO Utils: Successfully started service 'SparkUI' on port 4040.
[2026-03-16T02:00:14.729+0000] {subprocess.py:93} INFO - 26/03/16 02:00:14 ERROR SparkContext: Failed to add spark/jars/postgresql-42.7.3.jar to Spark environment
[2026-03-16T02:00:14.730+0000] {subprocess.py:93} INFO - java.io.FileNotFoundException: Jar /tmp/airflowtmpyuw_77ar/spark/jars/postgresql-42.7.3.jar not found
[2026-03-16T02:00:14.731+0000] {subprocess.py:93} INFO - 	at org.apache.spark.SparkContext.addLocalJarFile$1(SparkContext.scala:2095)
[2026-03-16T02:00:14.731+0000] {subprocess.py:93} INFO - 	at org.apache.spark.SparkContext.addJar(SparkContext.scala:2151)
[2026-03-16T02:00:14.732+0000] {subprocess.py:93} INFO - 	at org.apache.spark.SparkContext.$anonfun$new$15(SparkContext.scala:521)
[2026-03-16T02:00:14.732+0000] {subprocess.py:93} INFO - 	at org.apache.spark.SparkContext.$anonfun$new$15$adapted(SparkContext.scala:521)
[2026-03-16T02:00:14.732+0000] {subprocess.py:93} INFO - 	at scala.collection.mutable.ResizableArray.foreach(ResizableArray.scala:62)
[2026-03-16T02:00:14.733+0000] {subprocess.py:93} INFO - 	at scala.collection.mutable.ResizableArray.foreach$(ResizableArray.scala:55)
[2026-03-16T02:00:14.733+0000] {subprocess.py:93} INFO - 	at scala.collection.mutable.ArrayBuffer.foreach(ArrayBuffer.scala:49)
[2026-03-16T02:00:14.734+0000] {subprocess.py:93} INFO - 	at org.apache.spark.SparkContext.<init>(SparkContext.scala:521)
[2026-03-16T02:00:14.734+0000] {subprocess.py:93} INFO - 	at org.apache.spark.api.java.JavaSparkContext.<init>(JavaSparkContext.scala:58)
[2026-03-16T02:00:14.735+0000] {subprocess.py:93} INFO - 	at java.base/jdk.internal.reflect.NativeConstructorAccessorImpl.newInstance0(Native Method)
[2026-03-16T02:00:14.735+0000] {subprocess.py:93} INFO - 	at java.base/jdk.internal.reflect.NativeConstructorAccessorImpl.newInstance(NativeConstructorAccessorImpl.java:77)
[2026-03-16T02:00:14.747+0000] {subprocess.py:93} INFO - 	at java.base/jdk.internal.reflect.DelegatingConstructorAccessorImpl.newInstance(DelegatingConstructorAccessorImpl.java:45)
[2026-03-16T02:00:14.748+0000] {subprocess.py:93} INFO - 	at java.base/java.lang.reflect.Constructor.newInstanceWithCaller(Constructor.java:500)
[2026-03-16T02:00:14.748+0000] {subprocess.py:93} INFO - 	at java.base/java.lang.reflect.Constructor.newInstance(Constructor.java:481)
[2026-03-16T02:00:14.749+0000] {subprocess.py:93} INFO - 	at py4j.reflection.MethodInvoker.invoke(MethodInvoker.java:247)
[2026-03-16T02:00:14.749+0000] {subprocess.py:93} INFO - 	at py4j.reflection.ReflectionEngine.invoke(ReflectionEngine.java:374)
[2026-03-16T02:00:14.749+0000] {subprocess.py:93} INFO - 	at py4j.Gateway.invoke(Gateway.java:238)
[2026-03-16T02:00:14.750+0000] {subprocess.py:93} INFO - 	at py4j.commands.ConstructorCommand.invokeConstructor(ConstructorCommand.java:80)
[2026-03-16T02:00:14.750+0000] {subprocess.py:93} INFO - 	at py4j.commands.ConstructorCommand.execute(ConstructorCommand.java:69)
[2026-03-16T02:00:14.750+0000] {subprocess.py:93} INFO - 	at py4j.ClientServerConnection.waitForCommands(ClientServerConnection.java:182)
[2026-03-16T02:00:14.751+0000] {subprocess.py:93} INFO - 	at py4j.ClientServerConnection.run(ClientServerConnection.java:106)
[2026-03-16T02:00:14.751+0000] {subprocess.py:93} INFO - 	at java.base/java.lang.Thread.run(Thread.java:840)
[2026-03-16T02:00:15.087+0000] {subprocess.py:93} INFO - 26/03/16 02:00:15 INFO Executor: Starting executor ID driver on host 45f99552e120
[2026-03-16T02:00:15.089+0000] {subprocess.py:93} INFO - 26/03/16 02:00:15 INFO Executor: OS info Linux, 5.15.167.4-microsoft-standard-WSL2, amd64
[2026-03-16T02:00:15.091+0000] {subprocess.py:93} INFO - 26/03/16 02:00:15 INFO Executor: Java version 17.0.18
[2026-03-16T02:00:15.126+0000] {subprocess.py:93} INFO - 26/03/16 02:00:15 INFO Executor: Starting executor with user classpath (userClassPathFirst = false): ''
[2026-03-16T02:00:15.129+0000] {subprocess.py:93} INFO - 26/03/16 02:00:15 INFO Executor: Created or updated repl class loader org.apache.spark.util.MutableURLClassLoader@3e5eff2d for default.
[2026-03-16T02:00:15.284+0000] {subprocess.py:93} INFO - 26/03/16 02:00:15 INFO Utils: Successfully started service 'org.apache.spark.network.netty.NettyBlockTransferService' on port 38401.
[2026-03-16T02:00:15.287+0000] {subprocess.py:93} INFO - 26/03/16 02:00:15 INFO NettyBlockTransferService: Server created on 45f99552e120:38401
[2026-03-16T02:00:15.307+0000] {subprocess.py:93} INFO - 26/03/16 02:00:15 INFO BlockManager: Using org.apache.spark.storage.RandomBlockReplicationPolicy for block replication policy
[2026-03-16T02:00:15.390+0000] {subprocess.py:93} INFO - 26/03/16 02:00:15 INFO BlockManagerMaster: Registering BlockManager BlockManagerId(driver, 45f99552e120, 38401, None)
[2026-03-16T02:00:15.405+0000] {subprocess.py:93} INFO - 26/03/16 02:00:15 INFO BlockManagerMasterEndpoint: Registering block manager 45f99552e120:38401 with 434.4 MiB RAM, BlockManagerId(driver, 45f99552e120, 38401, None)
[2026-03-16T02:00:15.420+0000] {subprocess.py:93} INFO - 26/03/16 02:00:15 INFO BlockManagerMaster: Registered BlockManager BlockManagerId(driver, 45f99552e120, 38401, None)
[2026-03-16T02:00:15.429+0000] {subprocess.py:93} INFO - 26/03/16 02:00:15 INFO BlockManager: Initialized BlockManager: BlockManagerId(driver, 45f99552e120, 38401, None)
[2026-03-16T02:00:19.688+0000] {subprocess.py:93} INFO - 26/03/16 02:00:19 INFO SharedState: Setting hive.metastore.warehouse.dir ('null') to the value of spark.sql.warehouse.dir.
[2026-03-16T02:00:19.699+0000] {subprocess.py:93} INFO - 26/03/16 02:00:19 INFO SharedState: Warehouse path is 'file:/tmp/airflowtmpyuw_77ar/spark-warehouse'.
[2026-03-16T02:00:26.303+0000] {subprocess.py:93} INFO - Traceback (most recent call last):
[2026-03-16T02:00:26.304+0000] {subprocess.py:93} INFO -   File "/opt/airflow/spark/spark_processor.py", line 21, in <module>
[2026-03-16T02:00:26.305+0000] {subprocess.py:93} INFO -     df = spark.read \
[2026-03-16T02:00:26.305+0000] {subprocess.py:93} INFO -   File "/home/airflow/.local/lib/python3.8/site-packages/pyspark/sql/readwriter.py", line 314, in load
[2026-03-16T02:00:26.306+0000] {subprocess.py:93} INFO -     return self._df(self._jreader.load())
[2026-03-16T02:00:26.307+0000] {subprocess.py:93} INFO -   File "/home/airflow/.local/lib/python3.8/site-packages/py4j/java_gateway.py", line 1362, in __call__
[2026-03-16T02:00:26.307+0000] {subprocess.py:93} INFO -     return_value = get_return_value(
[2026-03-16T02:00:26.308+0000] {subprocess.py:93} INFO -   File "/home/airflow/.local/lib/python3.8/site-packages/pyspark/errors/exceptions/captured.py", line 179, in deco
[2026-03-16T02:00:26.310+0000] {subprocess.py:93} INFO -     return f(*a, **kw)
[2026-03-16T02:00:26.310+0000] {subprocess.py:93} INFO -   File "/home/airflow/.local/lib/python3.8/site-packages/py4j/protocol.py", line 327, in get_return_value
[2026-03-16T02:00:26.311+0000] {subprocess.py:93} INFO -     raise Py4JJavaError(
[2026-03-16T02:00:26.312+0000] {subprocess.py:93} INFO - py4j.protocol.Py4JJavaError: An error occurred while calling o34.load.
[2026-03-16T02:00:26.312+0000] {subprocess.py:93} INFO - : java.lang.ClassNotFoundException: org.postgresql.Driver
[2026-03-16T02:00:26.313+0000] {subprocess.py:93} INFO - 	at java.base/java.net.URLClassLoader.findClass(URLClassLoader.java:445)
[2026-03-16T02:00:26.314+0000] {subprocess.py:93} INFO - 	at java.base/java.lang.ClassLoader.loadClass(ClassLoader.java:592)
[2026-03-16T02:00:26.314+0000] {subprocess.py:93} INFO - 	at java.base/java.lang.ClassLoader.loadClass(ClassLoader.java:525)
[2026-03-16T02:00:26.315+0000] {subprocess.py:93} INFO - 	at org.apache.spark.sql.execution.datasources.jdbc.DriverRegistry$.register(DriverRegistry.scala:46)
[2026-03-16T02:00:26.316+0000] {subprocess.py:93} INFO - 	at org.apache.spark.sql.execution.datasources.jdbc.JDBCOptions.$anonfun$driverClass$1(JDBCOptions.scala:103)
[2026-03-16T02:00:26.317+0000] {subprocess.py:93} INFO - 	at org.apache.spark.sql.execution.datasources.jdbc.JDBCOptions.$anonfun$driverClass$1$adapted(JDBCOptions.scala:103)
[2026-03-16T02:00:26.317+0000] {subprocess.py:93} INFO - 	at scala.Option.foreach(Option.scala:407)
[2026-03-16T02:00:26.317+0000] {subprocess.py:93} INFO - 	at org.apache.spark.sql.execution.datasources.jdbc.JDBCOptions.<init>(JDBCOptions.scala:103)
[2026-03-16T02:00:26.318+0000] {subprocess.py:93} INFO - 	at org.apache.spark.sql.execution.datasources.jdbc.JDBCOptions.<init>(JDBCOptions.scala:41)
[2026-03-16T02:00:26.318+0000] {subprocess.py:93} INFO - 	at org.apache.spark.sql.execution.datasources.jdbc.JdbcRelationProvider.createRelation(JdbcRelationProvider.scala:34)
[2026-03-16T02:00:26.318+0000] {subprocess.py:93} INFO - 	at org.apache.spark.sql.execution.datasources.DataSource.resolveRelation(DataSource.scala:346)
[2026-03-16T02:00:26.319+0000] {subprocess.py:93} INFO - 	at org.apache.spark.sql.DataFrameReader.loadV1Source(DataFrameReader.scala:229)
[2026-03-16T02:00:26.319+0000] {subprocess.py:93} INFO - 	at org.apache.spark.sql.DataFrameReader.$anonfun$load$2(DataFrameReader.scala:211)
[2026-03-16T02:00:26.319+0000] {subprocess.py:93} INFO - 	at scala.Option.getOrElse(Option.scala:189)
[2026-03-16T02:00:26.320+0000] {subprocess.py:93} INFO - 	at org.apache.spark.sql.DataFrameReader.load(DataFrameReader.scala:211)
[2026-03-16T02:00:26.320+0000] {subprocess.py:93} INFO - 	at org.apache.spark.sql.DataFrameReader.load(DataFrameReader.scala:172)
[2026-03-16T02:00:26.321+0000] {subprocess.py:93} INFO - 	at java.base/jdk.internal.reflect.NativeMethodAccessorImpl.invoke0(Native Method)
[2026-03-16T02:00:26.321+0000] {subprocess.py:93} INFO - 	at java.base/jdk.internal.reflect.NativeMethodAccessorImpl.invoke(NativeMethodAccessorImpl.java:77)
[2026-03-16T02:00:26.321+0000] {subprocess.py:93} INFO - 	at java.base/jdk.internal.reflect.DelegatingMethodAccessorImpl.invoke(DelegatingMethodAccessorImpl.java:43)
[2026-03-16T02:00:26.322+0000] {subprocess.py:93} INFO - 	at java.base/java.lang.reflect.Method.invoke(Method.java:569)
[2026-03-16T02:00:26.322+0000] {subprocess.py:93} INFO - 	at py4j.reflection.MethodInvoker.invoke(MethodInvoker.java:244)
[2026-03-16T02:00:26.322+0000] {subprocess.py:93} INFO - 	at py4j.reflection.ReflectionEngine.invoke(ReflectionEngine.java:374)
[2026-03-16T02:00:26.323+0000] {subprocess.py:93} INFO - 	at py4j.Gateway.invoke(Gateway.java:282)
[2026-03-16T02:00:26.323+0000] {subprocess.py:93} INFO - 	at py4j.commands.AbstractCommand.invokeMethod(AbstractCommand.java:132)
[2026-03-16T02:00:26.323+0000] {subprocess.py:93} INFO - 	at py4j.commands.CallCommand.execute(CallCommand.java:79)
[2026-03-16T02:00:26.324+0000] {subprocess.py:93} INFO - 	at py4j.ClientServerConnection.waitForCommands(ClientServerConnection.java:182)
[2026-03-16T02:00:26.324+0000] {subprocess.py:93} INFO - 	at py4j.ClientServerConnection.run(ClientServerConnection.java:106)
[2026-03-16T02:00:26.324+0000] {subprocess.py:93} INFO - 	at java.base/java.lang.Thread.run(Thread.java:840)
[2026-03-16T02:00:26.324+0000] {subprocess.py:93} INFO - 
[2026-03-16T02:00:26.450+0000] {subprocess.py:93} INFO - 26/03/16 02:00:26 INFO SparkContext: Invoking stop() from shutdown hook
[2026-03-16T02:00:26.451+0000] {subprocess.py:93} INFO - 26/03/16 02:00:26 INFO SparkContext: SparkContext is stopping with exitCode 0.
[2026-03-16T02:00:26.494+0000] {subprocess.py:93} INFO - 26/03/16 02:00:26 INFO SparkUI: Stopped Spark web UI at http://45f99552e120:4040
[2026-03-16T02:00:26.547+0000] {subprocess.py:93} INFO - 26/03/16 02:00:26 INFO MapOutputTrackerMasterEndpoint: MapOutputTrackerMasterEndpoint stopped!
[2026-03-16T02:00:26.590+0000] {subprocess.py:93} INFO - 26/03/16 02:00:26 INFO MemoryStore: MemoryStore cleared
[2026-03-16T02:00:26.592+0000] {subprocess.py:93} INFO - 26/03/16 02:00:26 INFO BlockManager: BlockManager stopped
[2026-03-16T02:00:26.613+0000] {subprocess.py:93} INFO - 26/03/16 02:00:26 INFO BlockManagerMaster: BlockManagerMaster stopped
[2026-03-16T02:00:26.634+0000] {subprocess.py:93} INFO - 26/03/16 02:00:26 INFO OutputCommitCoordinator$OutputCommitCoordinatorEndpoint: OutputCommitCoordinator stopped!
[2026-03-16T02:00:26.657+0000] {subprocess.py:93} INFO - 26/03/16 02:00:26 INFO SparkContext: Successfully stopped SparkContext
[2026-03-16T02:00:26.659+0000] {subprocess.py:93} INFO - 26/03/16 02:00:26 INFO ShutdownHookManager: Shutdown hook called
[2026-03-16T02:00:26.661+0000] {subprocess.py:93} INFO - 26/03/16 02:00:26 INFO ShutdownHookManager: Deleting directory /tmp/spark-36006540-3c3f-4c26-a4bd-c255b7194285
[2026-03-16T02:00:26.672+0000] {subprocess.py:93} INFO - 26/03/16 02:00:26 INFO ShutdownHookManager: Deleting directory /tmp/spark-36006540-3c3f-4c26-a4bd-c255b7194285/pyspark-31fd5f72-567f-45f6-b075-5497d468e3e7
[2026-03-16T02:00:26.683+0000] {subprocess.py:93} INFO - 26/03/16 02:00:26 INFO ShutdownHookManager: Deleting directory /tmp/spark-c273cfb6-c3e9-46d6-87d4-90a27f8e9c08
[2026-03-16T02:00:27.156+0000] {subprocess.py:97} INFO - Command exited with return code 1
[2026-03-16T02:00:27.202+0000] {taskinstance.py:2698} ERROR - Task failed with exception
Traceback (most recent call last):
  File "/home/airflow/.local/lib/python3.8/site-packages/airflow/models/taskinstance.py", line 433, in _execute_task
    result = execute_callable(context=context, **execute_callable_kwargs)
  File "/home/airflow/.local/lib/python3.8/site-packages/airflow/operators/bash.py", line 212, in execute
    raise AirflowException(
airflow.exceptions.AirflowException: Bash command failed. The command returned a non-zero exit code 1.
[2026-03-16T02:00:27.213+0000] {taskinstance.py:1138} INFO - Marking task as FAILED. dag_id=pipeline_gps, task_id=task_process, execution_date=20260316T015000, start_date=20260316T015941, end_date=20260316T020027
[2026-03-16T02:00:27.296+0000] {standard_task_runner.py:107} ERROR - Failed to execute job 556 for task task_process (Bash command failed. The command returned a non-zero exit code 1.; 30)
[2026-03-16T02:00:27.349+0000] {local_task_job_runner.py:234} INFO - Task exited with return code 1
[2026-03-16T02:00:27.429+0000] {taskinstance.py:3280} INFO - 0 downstream tasks scheduled from follow-on schedule check
