[2026-03-15T21:25:09.210+0000] {taskinstance.py:1956} INFO - Dependencies all met for dep_context=non-requeueable deps ti=<TaskInstance: pipeline_gps.task_process scheduled__2026-03-15T21:20:00+00:00 [queued]>
[2026-03-15T21:25:09.224+0000] {taskinstance.py:1956} INFO - Dependencies all met for dep_context=requeueable deps ti=<TaskInstance: pipeline_gps.task_process scheduled__2026-03-15T21:20:00+00:00 [queued]>
[2026-03-15T21:25:09.225+0000] {taskinstance.py:2170} INFO - Starting attempt 1 of 1
[2026-03-15T21:25:09.261+0000] {taskinstance.py:2191} INFO - Executing <Task(BashOperator): task_process> on 2026-03-15 21:20:00+00:00
[2026-03-15T21:25:09.269+0000] {standard_task_runner.py:60} INFO - Started process 3382 to run task
[2026-03-15T21:25:09.292+0000] {standard_task_runner.py:87} INFO - Running: ['airflow', 'tasks', 'run', 'pipeline_gps', 'task_process', 'scheduled__2026-03-15T21:20:00+00:00', '--job-id', '522', '--raw', '--subdir', 'DAGS_FOLDER/pipeline_gps.py', '--cfg-path', '/tmp/tmpm9lphx2e']
[2026-03-15T21:25:09.302+0000] {standard_task_runner.py:88} INFO - Job 522: Subtask task_process
[2026-03-15T21:25:09.490+0000] {task_command.py:423} INFO - Running <TaskInstance: pipeline_gps.task_process scheduled__2026-03-15T21:20:00+00:00 [running]> on host 693df5566a25
[2026-03-15T21:25:09.649+0000] {taskinstance.py:2480} INFO - Exporting env vars: AIRFLOW_CTX_DAG_OWNER='airflow' AIRFLOW_CTX_DAG_ID='pipeline_gps' AIRFLOW_CTX_TASK_ID='task_process' AIRFLOW_CTX_EXECUTION_DATE='2026-03-15T21:20:00+00:00' AIRFLOW_CTX_TRY_NUMBER='1' AIRFLOW_CTX_DAG_RUN_ID='scheduled__2026-03-15T21:20:00+00:00'
[2026-03-15T21:25:09.652+0000] {subprocess.py:63} INFO - Tmp dir root location: /tmp
[2026-03-15T21:25:09.658+0000] {subprocess.py:75} INFO - Running command: ['/usr/bin/bash', '-c', 'python /opt/airflow/spark/spark_processor.py']
[2026-03-15T21:25:09.698+0000] {subprocess.py:86} INFO - Output:
[2026-03-15T21:25:18.433+0000] {subprocess.py:93} INFO - 26/03/15 21:25:18 WARN NativeCodeLoader: Unable to load native-hadoop library for your platform... using builtin-java classes where applicable
[2026-03-15T21:25:19.124+0000] {subprocess.py:93} INFO - 26/03/15 21:25:19 WARN DependencyUtils: Local jar /tmp/airflowtmpm9i1s41_/spark/jars/postgresql-42.7.3.jar does not exist, skipping.
[2026-03-15T21:25:19.713+0000] {subprocess.py:93} INFO - 26/03/15 21:25:19 INFO SparkContext: Running Spark version 3.5.8
[2026-03-15T21:25:19.717+0000] {subprocess.py:93} INFO - 26/03/15 21:25:19 INFO SparkContext: OS info Linux, 5.15.167.4-microsoft-standard-WSL2, amd64
[2026-03-15T21:25:19.719+0000] {subprocess.py:93} INFO - 26/03/15 21:25:19 INFO SparkContext: Java version 17.0.18
[2026-03-15T21:25:19.946+0000] {subprocess.py:93} INFO - 26/03/15 21:25:19 INFO ResourceUtils: ==============================================================
[2026-03-15T21:25:19.948+0000] {subprocess.py:93} INFO - 26/03/15 21:25:19 INFO ResourceUtils: No custom resources configured for spark.driver.
[2026-03-15T21:25:19.951+0000] {subprocess.py:93} INFO - 26/03/15 21:25:19 INFO ResourceUtils: ==============================================================
[2026-03-15T21:25:19.952+0000] {subprocess.py:93} INFO - 26/03/15 21:25:19 INFO SparkContext: Submitted application: gps_processor
[2026-03-15T21:25:20.043+0000] {subprocess.py:93} INFO - 26/03/15 21:25:20 INFO ResourceProfile: Default ResourceProfile created, executor resources: Map(cores -> name: cores, amount: 1, script: , vendor: , memory -> name: memory, amount: 1024, script: , vendor: , offHeap -> name: offHeap, amount: 0, script: , vendor: ), task resources: Map(cpus -> name: cpus, amount: 1.0)
[2026-03-15T21:25:20.063+0000] {subprocess.py:93} INFO - 26/03/15 21:25:20 INFO ResourceProfile: Limiting resource is cpu
[2026-03-15T21:25:20.065+0000] {subprocess.py:93} INFO - 26/03/15 21:25:20 INFO ResourceProfileManager: Added ResourceProfile id: 0
[2026-03-15T21:25:20.261+0000] {subprocess.py:93} INFO - 26/03/15 21:25:20 INFO SecurityManager: Changing view acls to: airflow
[2026-03-15T21:25:20.263+0000] {subprocess.py:93} INFO - 26/03/15 21:25:20 INFO SecurityManager: Changing modify acls to: airflow
[2026-03-15T21:25:20.265+0000] {subprocess.py:93} INFO - 26/03/15 21:25:20 INFO SecurityManager: Changing view acls groups to:
[2026-03-15T21:25:20.268+0000] {subprocess.py:93} INFO - 26/03/15 21:25:20 INFO SecurityManager: Changing modify acls groups to:
[2026-03-15T21:25:20.269+0000] {subprocess.py:93} INFO - 26/03/15 21:25:20 INFO SecurityManager: SecurityManager: authentication disabled; ui acls disabled; users with view permissions: airflow; groups with view permissions: EMPTY; users with modify permissions: airflow; groups with modify permissions: EMPTY
[2026-03-15T21:25:21.945+0000] {subprocess.py:93} INFO - 26/03/15 21:25:21 INFO Utils: Successfully started service 'sparkDriver' on port 43077.
[2026-03-15T21:25:22.137+0000] {subprocess.py:93} INFO - 26/03/15 21:25:22 INFO SparkEnv: Registering MapOutputTracker
[2026-03-15T21:25:22.311+0000] {subprocess.py:93} INFO - 26/03/15 21:25:22 INFO SparkEnv: Registering BlockManagerMaster
[2026-03-15T21:25:22.394+0000] {subprocess.py:93} INFO - 26/03/15 21:25:22 INFO BlockManagerMasterEndpoint: Using org.apache.spark.storage.DefaultTopologyMapper for getting topology information
[2026-03-15T21:25:22.397+0000] {subprocess.py:93} INFO - 26/03/15 21:25:22 INFO BlockManagerMasterEndpoint: BlockManagerMasterEndpoint up
[2026-03-15T21:25:22.411+0000] {subprocess.py:93} INFO - 26/03/15 21:25:22 INFO SparkEnv: Registering BlockManagerMasterHeartbeat
[2026-03-15T21:25:22.497+0000] {subprocess.py:93} INFO - 26/03/15 21:25:22 INFO DiskBlockManager: Created local directory at /tmp/blockmgr-ada7bbe1-899a-4b34-b3a1-15ff53044612
[2026-03-15T21:25:22.550+0000] {subprocess.py:93} INFO - 26/03/15 21:25:22 INFO MemoryStore: MemoryStore started with capacity 434.4 MiB
[2026-03-15T21:25:22.590+0000] {subprocess.py:93} INFO - 26/03/15 21:25:22 INFO SparkEnv: Registering OutputCommitCoordinator
[2026-03-15T21:25:22.964+0000] {subprocess.py:93} INFO - 26/03/15 21:25:22 INFO JettyUtils: Start Jetty 0.0.0.0:4040 for SparkUI
[2026-03-15T21:25:23.192+0000] {subprocess.py:93} INFO - 26/03/15 21:25:23 INFO Utils: Successfully started service 'SparkUI' on port 4040.
[2026-03-15T21:25:23.364+0000] {subprocess.py:93} INFO - 26/03/15 21:25:23 ERROR SparkContext: Failed to add spark/jars/postgresql-42.7.3.jar to Spark environment
[2026-03-15T21:25:23.366+0000] {subprocess.py:93} INFO - java.io.FileNotFoundException: Jar /tmp/airflowtmpm9i1s41_/spark/jars/postgresql-42.7.3.jar not found
[2026-03-15T21:25:23.367+0000] {subprocess.py:93} INFO - 	at org.apache.spark.SparkContext.addLocalJarFile$1(SparkContext.scala:2095)
[2026-03-15T21:25:23.370+0000] {subprocess.py:93} INFO - 	at org.apache.spark.SparkContext.addJar(SparkContext.scala:2151)
[2026-03-15T21:25:23.371+0000] {subprocess.py:93} INFO - 	at org.apache.spark.SparkContext.$anonfun$new$15(SparkContext.scala:521)
[2026-03-15T21:25:23.372+0000] {subprocess.py:93} INFO - 	at org.apache.spark.SparkContext.$anonfun$new$15$adapted(SparkContext.scala:521)
[2026-03-15T21:25:23.373+0000] {subprocess.py:93} INFO - 	at scala.collection.mutable.ResizableArray.foreach(ResizableArray.scala:62)
[2026-03-15T21:25:23.374+0000] {subprocess.py:93} INFO - 	at scala.collection.mutable.ResizableArray.foreach$(ResizableArray.scala:55)
[2026-03-15T21:25:23.375+0000] {subprocess.py:93} INFO - 	at scala.collection.mutable.ArrayBuffer.foreach(ArrayBuffer.scala:49)
[2026-03-15T21:25:23.376+0000] {subprocess.py:93} INFO - 	at org.apache.spark.SparkContext.<init>(SparkContext.scala:521)
[2026-03-15T21:25:23.381+0000] {subprocess.py:93} INFO - 	at org.apache.spark.api.java.JavaSparkContext.<init>(JavaSparkContext.scala:58)
[2026-03-15T21:25:23.383+0000] {subprocess.py:93} INFO - 	at java.base/jdk.internal.reflect.NativeConstructorAccessorImpl.newInstance0(Native Method)
[2026-03-15T21:25:23.385+0000] {subprocess.py:93} INFO - 	at java.base/jdk.internal.reflect.NativeConstructorAccessorImpl.newInstance(NativeConstructorAccessorImpl.java:77)
[2026-03-15T21:25:23.387+0000] {subprocess.py:93} INFO - 	at java.base/jdk.internal.reflect.DelegatingConstructorAccessorImpl.newInstance(DelegatingConstructorAccessorImpl.java:45)
[2026-03-15T21:25:23.399+0000] {subprocess.py:93} INFO - 	at java.base/java.lang.reflect.Constructor.newInstanceWithCaller(Constructor.java:500)
[2026-03-15T21:25:23.400+0000] {subprocess.py:93} INFO - 	at java.base/java.lang.reflect.Constructor.newInstance(Constructor.java:481)
[2026-03-15T21:25:23.400+0000] {subprocess.py:93} INFO - 	at py4j.reflection.MethodInvoker.invoke(MethodInvoker.java:247)
[2026-03-15T21:25:23.401+0000] {subprocess.py:93} INFO - 	at py4j.reflection.ReflectionEngine.invoke(ReflectionEngine.java:374)
[2026-03-15T21:25:23.402+0000] {subprocess.py:93} INFO - 	at py4j.Gateway.invoke(Gateway.java:238)
[2026-03-15T21:25:23.403+0000] {subprocess.py:93} INFO - 	at py4j.commands.ConstructorCommand.invokeConstructor(ConstructorCommand.java:80)
[2026-03-15T21:25:23.403+0000] {subprocess.py:93} INFO - 	at py4j.commands.ConstructorCommand.execute(ConstructorCommand.java:69)
[2026-03-15T21:25:23.404+0000] {subprocess.py:93} INFO - 	at py4j.ClientServerConnection.waitForCommands(ClientServerConnection.java:182)
[2026-03-15T21:25:23.405+0000] {subprocess.py:93} INFO - 	at py4j.ClientServerConnection.run(ClientServerConnection.java:106)
[2026-03-15T21:25:23.406+0000] {subprocess.py:93} INFO - 	at java.base/java.lang.Thread.run(Thread.java:840)
[2026-03-15T21:25:24.146+0000] {subprocess.py:93} INFO - 26/03/15 21:25:24 INFO Executor: Starting executor ID driver on host 693df5566a25
[2026-03-15T21:25:24.149+0000] {subprocess.py:93} INFO - 26/03/15 21:25:24 INFO Executor: OS info Linux, 5.15.167.4-microsoft-standard-WSL2, amd64
[2026-03-15T21:25:24.150+0000] {subprocess.py:93} INFO - 26/03/15 21:25:24 INFO Executor: Java version 17.0.18
[2026-03-15T21:25:24.206+0000] {subprocess.py:93} INFO - 26/03/15 21:25:24 INFO Executor: Starting executor with user classpath (userClassPathFirst = false): ''
[2026-03-15T21:25:24.209+0000] {subprocess.py:93} INFO - 26/03/15 21:25:24 INFO Executor: Created or updated repl class loader org.apache.spark.util.MutableURLClassLoader@aae43b for default.
[2026-03-15T21:25:24.445+0000] {subprocess.py:93} INFO - 26/03/15 21:25:24 INFO Utils: Successfully started service 'org.apache.spark.network.netty.NettyBlockTransferService' on port 45445.
[2026-03-15T21:25:24.446+0000] {subprocess.py:93} INFO - 26/03/15 21:25:24 INFO NettyBlockTransferService: Server created on 693df5566a25:45445
[2026-03-15T21:25:24.454+0000] {subprocess.py:93} INFO - 26/03/15 21:25:24 INFO BlockManager: Using org.apache.spark.storage.RandomBlockReplicationPolicy for block replication policy
[2026-03-15T21:25:24.485+0000] {subprocess.py:93} INFO - 26/03/15 21:25:24 INFO BlockManagerMaster: Registering BlockManager BlockManagerId(driver, 693df5566a25, 45445, None)
[2026-03-15T21:25:24.504+0000] {subprocess.py:93} INFO - 26/03/15 21:25:24 INFO BlockManagerMasterEndpoint: Registering block manager 693df5566a25:45445 with 434.4 MiB RAM, BlockManagerId(driver, 693df5566a25, 45445, None)
[2026-03-15T21:25:24.529+0000] {subprocess.py:93} INFO - 26/03/15 21:25:24 INFO BlockManagerMaster: Registered BlockManager BlockManagerId(driver, 693df5566a25, 45445, None)
[2026-03-15T21:25:24.545+0000] {subprocess.py:93} INFO - 26/03/15 21:25:24 INFO BlockManager: Initialized BlockManager: BlockManagerId(driver, 693df5566a25, 45445, None)
[2026-03-15T21:25:25.669+0000] {subprocess.py:93} INFO - Traceback (most recent call last):
[2026-03-15T21:25:25.670+0000] {subprocess.py:93} INFO -   File "/opt/airflow/spark/spark_processor.py", line 10, in <module>
[2026-03-15T21:25:25.670+0000] {subprocess.py:93} INFO -     conn = psycopg2.connect(
[2026-03-15T21:25:25.671+0000] {subprocess.py:93} INFO -   File "/home/airflow/.local/lib/python3.8/site-packages/psycopg2/__init__.py", line 122, in connect
[2026-03-15T21:25:25.671+0000] {subprocess.py:93} INFO -     conn = _connect(dsn, connection_factory=connection_factory, **kwasync)
[2026-03-15T21:25:25.671+0000] {subprocess.py:93} INFO - psycopg2.OperationalError: connection to server at "localhost" (::1), port 5432 failed: Connection refused
[2026-03-15T21:25:25.672+0000] {subprocess.py:93} INFO - 	Is the server running on that host and accepting TCP/IP connections?
[2026-03-15T21:25:25.672+0000] {subprocess.py:93} INFO - connection to server at "localhost" (127.0.0.1), port 5432 failed: Connection refused
[2026-03-15T21:25:25.673+0000] {subprocess.py:93} INFO - 	Is the server running on that host and accepting TCP/IP connections?
[2026-03-15T21:25:25.673+0000] {subprocess.py:93} INFO - 
[2026-03-15T21:25:25.786+0000] {subprocess.py:93} INFO - 26/03/15 21:25:25 INFO SparkContext: Invoking stop() from shutdown hook
[2026-03-15T21:25:25.787+0000] {subprocess.py:93} INFO - 26/03/15 21:25:25 INFO SparkContext: SparkContext is stopping with exitCode 0.
[2026-03-15T21:25:25.834+0000] {subprocess.py:93} INFO - 26/03/15 21:25:25 INFO SparkUI: Stopped Spark web UI at http://693df5566a25:4040
[2026-03-15T21:25:25.888+0000] {subprocess.py:93} INFO - 26/03/15 21:25:25 INFO MapOutputTrackerMasterEndpoint: MapOutputTrackerMasterEndpoint stopped!
[2026-03-15T21:25:25.927+0000] {subprocess.py:93} INFO - 26/03/15 21:25:25 INFO MemoryStore: MemoryStore cleared
[2026-03-15T21:25:25.929+0000] {subprocess.py:93} INFO - 26/03/15 21:25:25 INFO BlockManager: BlockManager stopped
[2026-03-15T21:25:25.945+0000] {subprocess.py:93} INFO - 26/03/15 21:25:25 INFO BlockManagerMaster: BlockManagerMaster stopped
[2026-03-15T21:25:25.955+0000] {subprocess.py:93} INFO - 26/03/15 21:25:25 INFO OutputCommitCoordinator$OutputCommitCoordinatorEndpoint: OutputCommitCoordinator stopped!
[2026-03-15T21:25:25.969+0000] {subprocess.py:93} INFO - 26/03/15 21:25:25 INFO SparkContext: Successfully stopped SparkContext
[2026-03-15T21:25:25.970+0000] {subprocess.py:93} INFO - 26/03/15 21:25:25 INFO ShutdownHookManager: Shutdown hook called
[2026-03-15T21:25:25.972+0000] {subprocess.py:93} INFO - 26/03/15 21:25:25 INFO ShutdownHookManager: Deleting directory /tmp/spark-6c91f860-6a32-426a-8d4b-131858ebb3d4
[2026-03-15T21:25:25.981+0000] {subprocess.py:93} INFO - 26/03/15 21:25:25 INFO ShutdownHookManager: Deleting directory /tmp/spark-6c91f860-6a32-426a-8d4b-131858ebb3d4/pyspark-b0346b87-5d42-40c6-a239-04672b1c0604
[2026-03-15T21:25:25.990+0000] {subprocess.py:93} INFO - 26/03/15 21:25:25 INFO ShutdownHookManager: Deleting directory /tmp/spark-a414386b-f383-48e7-b873-3a2c7868c9a5
[2026-03-15T21:25:26.364+0000] {subprocess.py:97} INFO - Command exited with return code 1
[2026-03-15T21:25:26.381+0000] {taskinstance.py:2698} ERROR - Task failed with exception
Traceback (most recent call last):
  File "/home/airflow/.local/lib/python3.8/site-packages/airflow/models/taskinstance.py", line 433, in _execute_task
    result = execute_callable(context=context, **execute_callable_kwargs)
  File "/home/airflow/.local/lib/python3.8/site-packages/airflow/operators/bash.py", line 212, in execute
    raise AirflowException(
airflow.exceptions.AirflowException: Bash command failed. The command returned a non-zero exit code 1.
[2026-03-15T21:25:26.387+0000] {taskinstance.py:1138} INFO - Marking task as FAILED. dag_id=pipeline_gps, task_id=task_process, execution_date=20260315T212000, start_date=20260315T212509, end_date=20260315T212526
[2026-03-15T21:25:26.458+0000] {standard_task_runner.py:107} ERROR - Failed to execute job 522 for task task_process (Bash command failed. The command returned a non-zero exit code 1.; 3382)
[2026-03-15T21:25:26.506+0000] {local_task_job_runner.py:234} INFO - Task exited with return code 1
[2026-03-15T21:25:26.542+0000] {taskinstance.py:3280} INFO - 0 downstream tasks scheduled from follow-on schedule check
