[2026-03-16T02:31:57.166+0000] {taskinstance.py:1956} INFO - Dependencies all met for dep_context=non-requeueable deps ti=<TaskInstance: pipeline_gps.task_process scheduled__2026-03-16T02:25:00+00:00 [queued]>
[2026-03-16T02:31:57.202+0000] {taskinstance.py:1956} INFO - Dependencies all met for dep_context=requeueable deps ti=<TaskInstance: pipeline_gps.task_process scheduled__2026-03-16T02:25:00+00:00 [queued]>
[2026-03-16T02:31:57.202+0000] {taskinstance.py:2170} INFO - Starting attempt 2 of 1
[2026-03-16T02:31:57.234+0000] {taskinstance.py:2191} INFO - Executing <Task(BashOperator): task_process> on 2026-03-16 02:25:00+00:00
[2026-03-16T02:31:57.242+0000] {standard_task_runner.py:60} INFO - Started process 30 to run task
[2026-03-16T02:31:57.265+0000] {standard_task_runner.py:87} INFO - Running: ['airflow', 'tasks', 'run', 'pipeline_gps', 'task_process', 'scheduled__2026-03-16T02:25:00+00:00', '--job-id', '568', '--raw', '--subdir', 'DAGS_FOLDER/pipeline_gps.py', '--cfg-path', '/tmp/tmpf1x_kczk']
[2026-03-16T02:31:57.269+0000] {standard_task_runner.py:88} INFO - Job 568: Subtask task_process
[2026-03-16T02:31:57.391+0000] {task_command.py:423} INFO - Running <TaskInstance: pipeline_gps.task_process scheduled__2026-03-16T02:25:00+00:00 [running]> on host fed02f6da99f
[2026-03-16T02:31:57.549+0000] {taskinstance.py:2480} INFO - Exporting env vars: AIRFLOW_CTX_DAG_OWNER='airflow' AIRFLOW_CTX_DAG_ID='pipeline_gps' AIRFLOW_CTX_TASK_ID='task_process' AIRFLOW_CTX_EXECUTION_DATE='2026-03-16T02:25:00+00:00' AIRFLOW_CTX_TRY_NUMBER='2' AIRFLOW_CTX_DAG_RUN_ID='scheduled__2026-03-16T02:25:00+00:00'
[2026-03-16T02:31:57.552+0000] {subprocess.py:63} INFO - Tmp dir root location: /tmp
[2026-03-16T02:31:57.554+0000] {subprocess.py:75} INFO - Running command: ['/usr/bin/bash', '-c', 'python /opt/airflow/spark/spark_processor.py']
[2026-03-16T02:31:57.581+0000] {subprocess.py:86} INFO - Output:
[2026-03-16T02:32:05.307+0000] {subprocess.py:93} INFO - 26/03/16 02:32:05 WARN NativeCodeLoader: Unable to load native-hadoop library for your platform... using builtin-java classes where applicable
[2026-03-16T02:32:05.832+0000] {subprocess.py:93} INFO - 26/03/16 02:32:05 WARN DependencyUtils: Local jar /tmp/airflowtmp14neenms/spark/jars/postgresql-42.7.3.jar does not exist, skipping.
[2026-03-16T02:32:06.157+0000] {subprocess.py:93} INFO - 26/03/16 02:32:06 INFO SparkContext: Running Spark version 3.5.8
[2026-03-16T02:32:06.159+0000] {subprocess.py:93} INFO - 26/03/16 02:32:06 INFO SparkContext: OS info Linux, 5.15.167.4-microsoft-standard-WSL2, amd64
[2026-03-16T02:32:06.160+0000] {subprocess.py:93} INFO - 26/03/16 02:32:06 INFO SparkContext: Java version 17.0.18
[2026-03-16T02:32:06.313+0000] {subprocess.py:93} INFO - 26/03/16 02:32:06 INFO ResourceUtils: ==============================================================
[2026-03-16T02:32:06.315+0000] {subprocess.py:93} INFO - 26/03/16 02:32:06 INFO ResourceUtils: No custom resources configured for spark.driver.
[2026-03-16T02:32:06.316+0000] {subprocess.py:93} INFO - 26/03/16 02:32:06 INFO ResourceUtils: ==============================================================
[2026-03-16T02:32:06.317+0000] {subprocess.py:93} INFO - 26/03/16 02:32:06 INFO SparkContext: Submitted application: gps_processor
[2026-03-16T02:32:06.429+0000] {subprocess.py:93} INFO - 26/03/16 02:32:06 INFO ResourceProfile: Default ResourceProfile created, executor resources: Map(cores -> name: cores, amount: 1, script: , vendor: , memory -> name: memory, amount: 1024, script: , vendor: , offHeap -> name: offHeap, amount: 0, script: , vendor: ), task resources: Map(cpus -> name: cpus, amount: 1.0)
[2026-03-16T02:32:06.457+0000] {subprocess.py:93} INFO - 26/03/16 02:32:06 INFO ResourceProfile: Limiting resource is cpu
[2026-03-16T02:32:06.459+0000] {subprocess.py:93} INFO - 26/03/16 02:32:06 INFO ResourceProfileManager: Added ResourceProfile id: 0
[2026-03-16T02:32:06.619+0000] {subprocess.py:93} INFO - 26/03/16 02:32:06 INFO SecurityManager: Changing view acls to: airflow
[2026-03-16T02:32:06.621+0000] {subprocess.py:93} INFO - 26/03/16 02:32:06 INFO SecurityManager: Changing modify acls to: airflow
[2026-03-16T02:32:06.623+0000] {subprocess.py:93} INFO - 26/03/16 02:32:06 INFO SecurityManager: Changing view acls groups to:
[2026-03-16T02:32:06.624+0000] {subprocess.py:93} INFO - 26/03/16 02:32:06 INFO SecurityManager: Changing modify acls groups to:
[2026-03-16T02:32:06.626+0000] {subprocess.py:93} INFO - 26/03/16 02:32:06 INFO SecurityManager: SecurityManager: authentication disabled; ui acls disabled; users with view permissions: airflow; groups with view permissions: EMPTY; users with modify permissions: airflow; groups with modify permissions: EMPTY
[2026-03-16T02:32:07.303+0000] {subprocess.py:93} INFO - 26/03/16 02:32:07 INFO Utils: Successfully started service 'sparkDriver' on port 35321.
[2026-03-16T02:32:07.407+0000] {subprocess.py:93} INFO - 26/03/16 02:32:07 INFO SparkEnv: Registering MapOutputTracker
[2026-03-16T02:32:07.629+0000] {subprocess.py:93} INFO - 26/03/16 02:32:07 INFO SparkEnv: Registering BlockManagerMaster
[2026-03-16T02:32:07.905+0000] {subprocess.py:93} INFO - 26/03/16 02:32:07 INFO BlockManagerMasterEndpoint: Using org.apache.spark.storage.DefaultTopologyMapper for getting topology information
[2026-03-16T02:32:07.932+0000] {subprocess.py:93} INFO - 26/03/16 02:32:07 INFO BlockManagerMasterEndpoint: BlockManagerMasterEndpoint up
[2026-03-16T02:32:08.007+0000] {subprocess.py:93} INFO - 26/03/16 02:32:08 INFO SparkEnv: Registering BlockManagerMasterHeartbeat
[2026-03-16T02:32:08.392+0000] {subprocess.py:93} INFO - 26/03/16 02:32:08 INFO DiskBlockManager: Created local directory at /tmp/blockmgr-6e1fa0ef-61df-4580-a491-bfc4e0b6e432
[2026-03-16T02:32:08.458+0000] {subprocess.py:93} INFO - 26/03/16 02:32:08 INFO MemoryStore: MemoryStore started with capacity 434.4 MiB
[2026-03-16T02:32:08.507+0000] {subprocess.py:93} INFO - 26/03/16 02:32:08 INFO SparkEnv: Registering OutputCommitCoordinator
[2026-03-16T02:32:09.036+0000] {subprocess.py:93} INFO - 26/03/16 02:32:09 INFO JettyUtils: Start Jetty 0.0.0.0:4040 for SparkUI
[2026-03-16T02:32:09.354+0000] {subprocess.py:93} INFO - 26/03/16 02:32:09 INFO Utils: Successfully started service 'SparkUI' on port 4040.
[2026-03-16T02:32:09.447+0000] {subprocess.py:93} INFO - 26/03/16 02:32:09 ERROR SparkContext: Failed to add spark/jars/postgresql-42.7.3.jar to Spark environment
[2026-03-16T02:32:09.449+0000] {subprocess.py:93} INFO - java.io.FileNotFoundException: Jar /tmp/airflowtmp14neenms/spark/jars/postgresql-42.7.3.jar not found
[2026-03-16T02:32:09.451+0000] {subprocess.py:93} INFO - 	at org.apache.spark.SparkContext.addLocalJarFile$1(SparkContext.scala:2095)
[2026-03-16T02:32:09.452+0000] {subprocess.py:93} INFO - 	at org.apache.spark.SparkContext.addJar(SparkContext.scala:2151)
[2026-03-16T02:32:09.452+0000] {subprocess.py:93} INFO - 	at org.apache.spark.SparkContext.$anonfun$new$15(SparkContext.scala:521)
[2026-03-16T02:32:09.453+0000] {subprocess.py:93} INFO - 	at org.apache.spark.SparkContext.$anonfun$new$15$adapted(SparkContext.scala:521)
[2026-03-16T02:32:09.453+0000] {subprocess.py:93} INFO - 	at scala.collection.mutable.ResizableArray.foreach(ResizableArray.scala:62)
[2026-03-16T02:32:09.454+0000] {subprocess.py:93} INFO - 	at scala.collection.mutable.ResizableArray.foreach$(ResizableArray.scala:55)
[2026-03-16T02:32:09.454+0000] {subprocess.py:93} INFO - 	at scala.collection.mutable.ArrayBuffer.foreach(ArrayBuffer.scala:49)
[2026-03-16T02:32:09.454+0000] {subprocess.py:93} INFO - 	at org.apache.spark.SparkContext.<init>(SparkContext.scala:521)
[2026-03-16T02:32:09.455+0000] {subprocess.py:93} INFO - 	at org.apache.spark.api.java.JavaSparkContext.<init>(JavaSparkContext.scala:58)
[2026-03-16T02:32:09.455+0000] {subprocess.py:93} INFO - 	at java.base/jdk.internal.reflect.NativeConstructorAccessorImpl.newInstance0(Native Method)
[2026-03-16T02:32:09.455+0000] {subprocess.py:93} INFO - 	at java.base/jdk.internal.reflect.NativeConstructorAccessorImpl.newInstance(NativeConstructorAccessorImpl.java:77)
[2026-03-16T02:32:09.456+0000] {subprocess.py:93} INFO - 	at java.base/jdk.internal.reflect.DelegatingConstructorAccessorImpl.newInstance(DelegatingConstructorAccessorImpl.java:45)
[2026-03-16T02:32:09.456+0000] {subprocess.py:93} INFO - 	at java.base/java.lang.reflect.Constructor.newInstanceWithCaller(Constructor.java:500)
[2026-03-16T02:32:09.457+0000] {subprocess.py:93} INFO - 	at java.base/java.lang.reflect.Constructor.newInstance(Constructor.java:481)
[2026-03-16T02:32:09.457+0000] {subprocess.py:93} INFO - 	at py4j.reflection.MethodInvoker.invoke(MethodInvoker.java:247)
[2026-03-16T02:32:09.458+0000] {subprocess.py:93} INFO - 	at py4j.reflection.ReflectionEngine.invoke(ReflectionEngine.java:374)
[2026-03-16T02:32:09.458+0000] {subprocess.py:93} INFO - 	at py4j.Gateway.invoke(Gateway.java:238)
[2026-03-16T02:32:09.458+0000] {subprocess.py:93} INFO - 	at py4j.commands.ConstructorCommand.invokeConstructor(ConstructorCommand.java:80)
[2026-03-16T02:32:09.459+0000] {subprocess.py:93} INFO - 	at py4j.commands.ConstructorCommand.execute(ConstructorCommand.java:69)
[2026-03-16T02:32:09.459+0000] {subprocess.py:93} INFO - 	at py4j.ClientServerConnection.waitForCommands(ClientServerConnection.java:182)
[2026-03-16T02:32:09.468+0000] {subprocess.py:93} INFO - 	at py4j.ClientServerConnection.run(ClientServerConnection.java:106)
[2026-03-16T02:32:09.468+0000] {subprocess.py:93} INFO - 	at java.base/java.lang.Thread.run(Thread.java:840)
[2026-03-16T02:32:09.657+0000] {subprocess.py:93} INFO - 26/03/16 02:32:09 INFO Executor: Starting executor ID driver on host fed02f6da99f
[2026-03-16T02:32:09.661+0000] {subprocess.py:93} INFO - 26/03/16 02:32:09 INFO Executor: OS info Linux, 5.15.167.4-microsoft-standard-WSL2, amd64
[2026-03-16T02:32:09.662+0000] {subprocess.py:93} INFO - 26/03/16 02:32:09 INFO Executor: Java version 17.0.18
[2026-03-16T02:32:09.684+0000] {subprocess.py:93} INFO - 26/03/16 02:32:09 INFO Executor: Starting executor with user classpath (userClassPathFirst = false): ''
[2026-03-16T02:32:09.686+0000] {subprocess.py:93} INFO - 26/03/16 02:32:09 INFO Executor: Created or updated repl class loader org.apache.spark.util.MutableURLClassLoader@51092a96 for default.
[2026-03-16T02:32:09.755+0000] {subprocess.py:93} INFO - 26/03/16 02:32:09 INFO Utils: Successfully started service 'org.apache.spark.network.netty.NettyBlockTransferService' on port 34459.
[2026-03-16T02:32:09.755+0000] {subprocess.py:93} INFO - 26/03/16 02:32:09 INFO NettyBlockTransferService: Server created on fed02f6da99f:34459
[2026-03-16T02:32:09.759+0000] {subprocess.py:93} INFO - 26/03/16 02:32:09 INFO BlockManager: Using org.apache.spark.storage.RandomBlockReplicationPolicy for block replication policy
[2026-03-16T02:32:09.780+0000] {subprocess.py:93} INFO - 26/03/16 02:32:09 INFO BlockManagerMaster: Registering BlockManager BlockManagerId(driver, fed02f6da99f, 34459, None)
[2026-03-16T02:32:09.790+0000] {subprocess.py:93} INFO - 26/03/16 02:32:09 INFO BlockManagerMasterEndpoint: Registering block manager fed02f6da99f:34459 with 434.4 MiB RAM, BlockManagerId(driver, fed02f6da99f, 34459, None)
[2026-03-16T02:32:09.795+0000] {subprocess.py:93} INFO - 26/03/16 02:32:09 INFO BlockManagerMaster: Registered BlockManager BlockManagerId(driver, fed02f6da99f, 34459, None)
[2026-03-16T02:32:09.799+0000] {subprocess.py:93} INFO - 26/03/16 02:32:09 INFO BlockManager: Initialized BlockManager: BlockManagerId(driver, fed02f6da99f, 34459, None)
[2026-03-16T02:32:11.454+0000] {subprocess.py:93} INFO - 26/03/16 02:32:11 INFO SharedState: Setting hive.metastore.warehouse.dir ('null') to the value of spark.sql.warehouse.dir.
[2026-03-16T02:32:11.461+0000] {subprocess.py:93} INFO - 26/03/16 02:32:11 INFO SharedState: Warehouse path is 'file:/tmp/airflowtmp14neenms/spark-warehouse'.
[2026-03-16T02:32:15.622+0000] {subprocess.py:93} INFO - Traceback (most recent call last):
[2026-03-16T02:32:15.623+0000] {subprocess.py:93} INFO -   File "/opt/airflow/spark/spark_processor.py", line 21, in <module>
[2026-03-16T02:32:15.623+0000] {subprocess.py:93} INFO -     df = spark.read \
[2026-03-16T02:32:15.624+0000] {subprocess.py:93} INFO -   File "/home/airflow/.local/lib/python3.8/site-packages/pyspark/sql/readwriter.py", line 314, in load
[2026-03-16T02:32:15.625+0000] {subprocess.py:93} INFO -     return self._df(self._jreader.load())
[2026-03-16T02:32:15.625+0000] {subprocess.py:93} INFO -   File "/home/airflow/.local/lib/python3.8/site-packages/py4j/java_gateway.py", line 1362, in __call__
[2026-03-16T02:32:15.626+0000] {subprocess.py:93} INFO -     return_value = get_return_value(
[2026-03-16T02:32:15.626+0000] {subprocess.py:93} INFO -   File "/home/airflow/.local/lib/python3.8/site-packages/pyspark/errors/exceptions/captured.py", line 179, in deco
[2026-03-16T02:32:15.627+0000] {subprocess.py:93} INFO -     return f(*a, **kw)
[2026-03-16T02:32:15.628+0000] {subprocess.py:93} INFO -   File "/home/airflow/.local/lib/python3.8/site-packages/py4j/protocol.py", line 327, in get_return_value
[2026-03-16T02:32:15.629+0000] {subprocess.py:93} INFO -     raise Py4JJavaError(
[2026-03-16T02:32:15.629+0000] {subprocess.py:93} INFO - py4j.protocol.Py4JJavaError: An error occurred while calling o34.load.
[2026-03-16T02:32:15.630+0000] {subprocess.py:93} INFO - : java.lang.ClassNotFoundException: org.postgresql.Driver
[2026-03-16T02:32:15.631+0000] {subprocess.py:93} INFO - 	at java.base/java.net.URLClassLoader.findClass(URLClassLoader.java:445)
[2026-03-16T02:32:15.632+0000] {subprocess.py:93} INFO - 	at java.base/java.lang.ClassLoader.loadClass(ClassLoader.java:592)
[2026-03-16T02:32:15.632+0000] {subprocess.py:93} INFO - 	at java.base/java.lang.ClassLoader.loadClass(ClassLoader.java:525)
[2026-03-16T02:32:15.633+0000] {subprocess.py:93} INFO - 	at org.apache.spark.sql.execution.datasources.jdbc.DriverRegistry$.register(DriverRegistry.scala:46)
[2026-03-16T02:32:15.633+0000] {subprocess.py:93} INFO - 	at org.apache.spark.sql.execution.datasources.jdbc.JDBCOptions.$anonfun$driverClass$1(JDBCOptions.scala:103)
[2026-03-16T02:32:15.634+0000] {subprocess.py:93} INFO - 	at org.apache.spark.sql.execution.datasources.jdbc.JDBCOptions.$anonfun$driverClass$1$adapted(JDBCOptions.scala:103)
[2026-03-16T02:32:15.635+0000] {subprocess.py:93} INFO - 	at scala.Option.foreach(Option.scala:407)
[2026-03-16T02:32:15.636+0000] {subprocess.py:93} INFO - 	at org.apache.spark.sql.execution.datasources.jdbc.JDBCOptions.<init>(JDBCOptions.scala:103)
[2026-03-16T02:32:15.636+0000] {subprocess.py:93} INFO - 	at org.apache.spark.sql.execution.datasources.jdbc.JDBCOptions.<init>(JDBCOptions.scala:41)
[2026-03-16T02:32:15.637+0000] {subprocess.py:93} INFO - 	at org.apache.spark.sql.execution.datasources.jdbc.JdbcRelationProvider.createRelation(JdbcRelationProvider.scala:34)
[2026-03-16T02:32:15.638+0000] {subprocess.py:93} INFO - 	at org.apache.spark.sql.execution.datasources.DataSource.resolveRelation(DataSource.scala:346)
[2026-03-16T02:32:15.639+0000] {subprocess.py:93} INFO - 	at org.apache.spark.sql.DataFrameReader.loadV1Source(DataFrameReader.scala:229)
[2026-03-16T02:32:15.640+0000] {subprocess.py:93} INFO - 	at org.apache.spark.sql.DataFrameReader.$anonfun$load$2(DataFrameReader.scala:211)
[2026-03-16T02:32:15.640+0000] {subprocess.py:93} INFO - 	at scala.Option.getOrElse(Option.scala:189)
[2026-03-16T02:32:15.641+0000] {subprocess.py:93} INFO - 	at org.apache.spark.sql.DataFrameReader.load(DataFrameReader.scala:211)
[2026-03-16T02:32:15.642+0000] {subprocess.py:93} INFO - 	at org.apache.spark.sql.DataFrameReader.load(DataFrameReader.scala:172)
[2026-03-16T02:32:15.642+0000] {subprocess.py:93} INFO - 	at java.base/jdk.internal.reflect.NativeMethodAccessorImpl.invoke0(Native Method)
[2026-03-16T02:32:15.643+0000] {subprocess.py:93} INFO - 	at java.base/jdk.internal.reflect.NativeMethodAccessorImpl.invoke(NativeMethodAccessorImpl.java:77)
[2026-03-16T02:32:15.643+0000] {subprocess.py:93} INFO - 	at java.base/jdk.internal.reflect.DelegatingMethodAccessorImpl.invoke(DelegatingMethodAccessorImpl.java:43)
[2026-03-16T02:32:15.644+0000] {subprocess.py:93} INFO - 	at java.base/java.lang.reflect.Method.invoke(Method.java:569)
[2026-03-16T02:32:15.644+0000] {subprocess.py:93} INFO - 	at py4j.reflection.MethodInvoker.invoke(MethodInvoker.java:244)
[2026-03-16T02:32:15.645+0000] {subprocess.py:93} INFO - 	at py4j.reflection.ReflectionEngine.invoke(ReflectionEngine.java:374)
[2026-03-16T02:32:15.646+0000] {subprocess.py:93} INFO - 	at py4j.Gateway.invoke(Gateway.java:282)
[2026-03-16T02:32:15.646+0000] {subprocess.py:93} INFO - 	at py4j.commands.AbstractCommand.invokeMethod(AbstractCommand.java:132)
[2026-03-16T02:32:15.647+0000] {subprocess.py:93} INFO - 	at py4j.commands.CallCommand.execute(CallCommand.java:79)
[2026-03-16T02:32:15.648+0000] {subprocess.py:93} INFO - 	at py4j.ClientServerConnection.waitForCommands(ClientServerConnection.java:182)
[2026-03-16T02:32:15.648+0000] {subprocess.py:93} INFO - 	at py4j.ClientServerConnection.run(ClientServerConnection.java:106)
[2026-03-16T02:32:15.649+0000] {subprocess.py:93} INFO - 	at java.base/java.lang.Thread.run(Thread.java:840)
[2026-03-16T02:32:15.649+0000] {subprocess.py:93} INFO - 
[2026-03-16T02:32:15.736+0000] {subprocess.py:93} INFO - 26/03/16 02:32:15 INFO SparkContext: Invoking stop() from shutdown hook
[2026-03-16T02:32:15.737+0000] {subprocess.py:93} INFO - 26/03/16 02:32:15 INFO SparkContext: SparkContext is stopping with exitCode 0.
[2026-03-16T02:32:15.768+0000] {subprocess.py:93} INFO - 26/03/16 02:32:15 INFO SparkUI: Stopped Spark web UI at http://fed02f6da99f:4040
[2026-03-16T02:32:15.806+0000] {subprocess.py:93} INFO - 26/03/16 02:32:15 INFO MapOutputTrackerMasterEndpoint: MapOutputTrackerMasterEndpoint stopped!
[2026-03-16T02:32:15.838+0000] {subprocess.py:93} INFO - 26/03/16 02:32:15 INFO MemoryStore: MemoryStore cleared
[2026-03-16T02:32:15.839+0000] {subprocess.py:93} INFO - 26/03/16 02:32:15 INFO BlockManager: BlockManager stopped
[2026-03-16T02:32:15.856+0000] {subprocess.py:93} INFO - 26/03/16 02:32:15 INFO BlockManagerMaster: BlockManagerMaster stopped
[2026-03-16T02:32:15.864+0000] {subprocess.py:93} INFO - 26/03/16 02:32:15 INFO OutputCommitCoordinator$OutputCommitCoordinatorEndpoint: OutputCommitCoordinator stopped!
[2026-03-16T02:32:15.879+0000] {subprocess.py:93} INFO - 26/03/16 02:32:15 INFO SparkContext: Successfully stopped SparkContext
[2026-03-16T02:32:15.881+0000] {subprocess.py:93} INFO - 26/03/16 02:32:15 INFO ShutdownHookManager: Shutdown hook called
[2026-03-16T02:32:15.882+0000] {subprocess.py:93} INFO - 26/03/16 02:32:15 INFO ShutdownHookManager: Deleting directory /tmp/spark-a7accc08-450d-4cf4-8e78-a75cc5d2d9ef
[2026-03-16T02:32:15.893+0000] {subprocess.py:93} INFO - 26/03/16 02:32:15 INFO ShutdownHookManager: Deleting directory /tmp/spark-f68519ef-5857-4466-958f-26acb831e020
[2026-03-16T02:32:15.908+0000] {subprocess.py:93} INFO - 26/03/16 02:32:15 INFO ShutdownHookManager: Deleting directory /tmp/spark-f68519ef-5857-4466-958f-26acb831e020/pyspark-4cbfb817-998f-4912-8dba-0c31b6527d97
[2026-03-16T02:32:16.320+0000] {subprocess.py:97} INFO - Command exited with return code 1
[2026-03-16T02:32:16.339+0000] {taskinstance.py:2698} ERROR - Task failed with exception
Traceback (most recent call last):
  File "/home/airflow/.local/lib/python3.8/site-packages/airflow/models/taskinstance.py", line 433, in _execute_task
    result = execute_callable(context=context, **execute_callable_kwargs)
  File "/home/airflow/.local/lib/python3.8/site-packages/airflow/operators/bash.py", line 212, in execute
    raise AirflowException(
airflow.exceptions.AirflowException: Bash command failed. The command returned a non-zero exit code 1.
[2026-03-16T02:32:16.347+0000] {taskinstance.py:1138} INFO - Marking task as FAILED. dag_id=pipeline_gps, task_id=task_process, execution_date=20260316T022500, start_date=20260316T023157, end_date=20260316T023216
[2026-03-16T02:32:16.382+0000] {standard_task_runner.py:107} ERROR - Failed to execute job 568 for task task_process (Bash command failed. The command returned a non-zero exit code 1.; 30)
[2026-03-16T02:32:16.418+0000] {local_task_job_runner.py:234} INFO - Task exited with return code 1
[2026-03-16T02:32:16.449+0000] {taskinstance.py:3280} INFO - 0 downstream tasks scheduled from follow-on schedule check
