[2026-03-16T02:30:11.223+0000] {taskinstance.py:1956} INFO - Dependencies all met for dep_context=non-requeueable deps ti=<TaskInstance: pipeline_gps.task_process scheduled__2026-03-16T02:25:00+00:00 [queued]>
[2026-03-16T02:30:11.233+0000] {taskinstance.py:1956} INFO - Dependencies all met for dep_context=requeueable deps ti=<TaskInstance: pipeline_gps.task_process scheduled__2026-03-16T02:25:00+00:00 [queued]>
[2026-03-16T02:30:11.233+0000] {taskinstance.py:2170} INFO - Starting attempt 1 of 1
[2026-03-16T02:30:11.263+0000] {taskinstance.py:2191} INFO - Executing <Task(BashOperator): task_process> on 2026-03-16 02:25:00+00:00
[2026-03-16T02:30:11.270+0000] {standard_task_runner.py:60} INFO - Started process 727 to run task
[2026-03-16T02:30:11.278+0000] {standard_task_runner.py:87} INFO - Running: ['airflow', 'tasks', 'run', 'pipeline_gps', 'task_process', 'scheduled__2026-03-16T02:25:00+00:00', '--job-id', '566', '--raw', '--subdir', 'DAGS_FOLDER/pipeline_gps.py', '--cfg-path', '/tmp/tmpdjsz0iq3']
[2026-03-16T02:30:11.282+0000] {standard_task_runner.py:88} INFO - Job 566: Subtask task_process
[2026-03-16T02:30:11.381+0000] {task_command.py:423} INFO - Running <TaskInstance: pipeline_gps.task_process scheduled__2026-03-16T02:25:00+00:00 [running]> on host 7a4ac054b34c
[2026-03-16T02:30:11.703+0000] {taskinstance.py:2480} INFO - Exporting env vars: AIRFLOW_CTX_DAG_OWNER='airflow' AIRFLOW_CTX_DAG_ID='pipeline_gps' AIRFLOW_CTX_TASK_ID='task_process' AIRFLOW_CTX_EXECUTION_DATE='2026-03-16T02:25:00+00:00' AIRFLOW_CTX_TRY_NUMBER='1' AIRFLOW_CTX_DAG_RUN_ID='scheduled__2026-03-16T02:25:00+00:00'
[2026-03-16T02:30:11.709+0000] {subprocess.py:63} INFO - Tmp dir root location: /tmp
[2026-03-16T02:30:11.717+0000] {subprocess.py:75} INFO - Running command: ['/usr/bin/bash', '-c', 'python /opt/airflow/spark/spark_processor.py']
[2026-03-16T02:30:11.794+0000] {subprocess.py:86} INFO - Output:
[2026-03-16T02:30:18.756+0000] {subprocess.py:93} INFO - 26/03/16 02:30:18 WARN NativeCodeLoader: Unable to load native-hadoop library for your platform... using builtin-java classes where applicable
[2026-03-16T02:30:19.415+0000] {subprocess.py:93} INFO - 26/03/16 02:30:19 WARN DependencyUtils: Local jar /tmp/airflowtmpbow0uhts/spark/jars/postgresql-42.7.3.jar does not exist, skipping.
[2026-03-16T02:30:19.829+0000] {subprocess.py:93} INFO - 26/03/16 02:30:19 INFO SparkContext: Running Spark version 3.5.8
[2026-03-16T02:30:19.832+0000] {subprocess.py:93} INFO - 26/03/16 02:30:19 INFO SparkContext: OS info Linux, 5.15.167.4-microsoft-standard-WSL2, amd64
[2026-03-16T02:30:19.833+0000] {subprocess.py:93} INFO - 26/03/16 02:30:19 INFO SparkContext: Java version 17.0.18
[2026-03-16T02:30:19.933+0000] {subprocess.py:93} INFO - 26/03/16 02:30:19 INFO ResourceUtils: ==============================================================
[2026-03-16T02:30:19.934+0000] {subprocess.py:93} INFO - 26/03/16 02:30:19 INFO ResourceUtils: No custom resources configured for spark.driver.
[2026-03-16T02:30:19.936+0000] {subprocess.py:93} INFO - 26/03/16 02:30:19 INFO ResourceUtils: ==============================================================
[2026-03-16T02:30:19.938+0000] {subprocess.py:93} INFO - 26/03/16 02:30:19 INFO SparkContext: Submitted application: gps_processor
[2026-03-16T02:30:20.015+0000] {subprocess.py:93} INFO - 26/03/16 02:30:20 INFO ResourceProfile: Default ResourceProfile created, executor resources: Map(cores -> name: cores, amount: 1, script: , vendor: , memory -> name: memory, amount: 1024, script: , vendor: , offHeap -> name: offHeap, amount: 0, script: , vendor: ), task resources: Map(cpus -> name: cpus, amount: 1.0)
[2026-03-16T02:30:20.032+0000] {subprocess.py:93} INFO - 26/03/16 02:30:20 INFO ResourceProfile: Limiting resource is cpu
[2026-03-16T02:30:20.035+0000] {subprocess.py:93} INFO - 26/03/16 02:30:20 INFO ResourceProfileManager: Added ResourceProfile id: 0
[2026-03-16T02:30:20.235+0000] {subprocess.py:93} INFO - 26/03/16 02:30:20 INFO SecurityManager: Changing view acls to: airflow
[2026-03-16T02:30:20.237+0000] {subprocess.py:93} INFO - 26/03/16 02:30:20 INFO SecurityManager: Changing modify acls to: airflow
[2026-03-16T02:30:20.239+0000] {subprocess.py:93} INFO - 26/03/16 02:30:20 INFO SecurityManager: Changing view acls groups to:
[2026-03-16T02:30:20.242+0000] {subprocess.py:93} INFO - 26/03/16 02:30:20 INFO SecurityManager: Changing modify acls groups to:
[2026-03-16T02:30:20.244+0000] {subprocess.py:93} INFO - 26/03/16 02:30:20 INFO SecurityManager: SecurityManager: authentication disabled; ui acls disabled; users with view permissions: airflow; groups with view permissions: EMPTY; users with modify permissions: airflow; groups with modify permissions: EMPTY
[2026-03-16T02:30:20.940+0000] {subprocess.py:93} INFO - 26/03/16 02:30:20 INFO Utils: Successfully started service 'sparkDriver' on port 43569.
[2026-03-16T02:30:21.649+0000] {subprocess.py:93} INFO - 26/03/16 02:30:21 INFO SparkEnv: Registering MapOutputTracker
[2026-03-16T02:30:22.979+0000] {subprocess.py:93} INFO - 26/03/16 02:30:22 INFO SparkEnv: Registering BlockManagerMaster
[2026-03-16T02:30:23.107+0000] {subprocess.py:93} INFO - 26/03/16 02:30:23 INFO BlockManagerMasterEndpoint: Using org.apache.spark.storage.DefaultTopologyMapper for getting topology information
[2026-03-16T02:30:23.110+0000] {subprocess.py:93} INFO - 26/03/16 02:30:23 INFO BlockManagerMasterEndpoint: BlockManagerMasterEndpoint up
[2026-03-16T02:30:23.152+0000] {subprocess.py:93} INFO - 26/03/16 02:30:23 INFO SparkEnv: Registering BlockManagerMasterHeartbeat
[2026-03-16T02:30:23.374+0000] {subprocess.py:93} INFO - 26/03/16 02:30:23 INFO DiskBlockManager: Created local directory at /tmp/blockmgr-ef063d2c-7835-4e34-8447-0476063a1213
[2026-03-16T02:30:23.456+0000] {subprocess.py:93} INFO - 26/03/16 02:30:23 INFO MemoryStore: MemoryStore started with capacity 434.4 MiB
[2026-03-16T02:30:23.529+0000] {subprocess.py:93} INFO - 26/03/16 02:30:23 INFO SparkEnv: Registering OutputCommitCoordinator
[2026-03-16T02:30:24.705+0000] {subprocess.py:93} INFO - 26/03/16 02:30:24 INFO JettyUtils: Start Jetty 0.0.0.0:4040 for SparkUI
[2026-03-16T02:30:24.988+0000] {subprocess.py:93} INFO - 26/03/16 02:30:24 INFO Utils: Successfully started service 'SparkUI' on port 4040.
[2026-03-16T02:30:25.101+0000] {subprocess.py:93} INFO - 26/03/16 02:30:25 ERROR SparkContext: Failed to add spark/jars/postgresql-42.7.3.jar to Spark environment
[2026-03-16T02:30:25.101+0000] {subprocess.py:93} INFO - java.io.FileNotFoundException: Jar /tmp/airflowtmpbow0uhts/spark/jars/postgresql-42.7.3.jar not found
[2026-03-16T02:30:25.102+0000] {subprocess.py:93} INFO - 	at org.apache.spark.SparkContext.addLocalJarFile$1(SparkContext.scala:2095)
[2026-03-16T02:30:25.102+0000] {subprocess.py:93} INFO - 	at org.apache.spark.SparkContext.addJar(SparkContext.scala:2151)
[2026-03-16T02:30:25.102+0000] {subprocess.py:93} INFO - 	at org.apache.spark.SparkContext.$anonfun$new$15(SparkContext.scala:521)
[2026-03-16T02:30:25.102+0000] {subprocess.py:93} INFO - 	at org.apache.spark.SparkContext.$anonfun$new$15$adapted(SparkContext.scala:521)
[2026-03-16T02:30:25.103+0000] {subprocess.py:93} INFO - 	at scala.collection.mutable.ResizableArray.foreach(ResizableArray.scala:62)
[2026-03-16T02:30:25.103+0000] {subprocess.py:93} INFO - 	at scala.collection.mutable.ResizableArray.foreach$(ResizableArray.scala:55)
[2026-03-16T02:30:25.103+0000] {subprocess.py:93} INFO - 	at scala.collection.mutable.ArrayBuffer.foreach(ArrayBuffer.scala:49)
[2026-03-16T02:30:25.104+0000] {subprocess.py:93} INFO - 	at org.apache.spark.SparkContext.<init>(SparkContext.scala:521)
[2026-03-16T02:30:25.105+0000] {subprocess.py:93} INFO - 	at org.apache.spark.api.java.JavaSparkContext.<init>(JavaSparkContext.scala:58)
[2026-03-16T02:30:25.105+0000] {subprocess.py:93} INFO - 	at java.base/jdk.internal.reflect.NativeConstructorAccessorImpl.newInstance0(Native Method)
[2026-03-16T02:30:25.105+0000] {subprocess.py:93} INFO - 	at java.base/jdk.internal.reflect.NativeConstructorAccessorImpl.newInstance(NativeConstructorAccessorImpl.java:77)
[2026-03-16T02:30:25.105+0000] {subprocess.py:93} INFO - 	at java.base/jdk.internal.reflect.DelegatingConstructorAccessorImpl.newInstance(DelegatingConstructorAccessorImpl.java:45)
[2026-03-16T02:30:25.106+0000] {subprocess.py:93} INFO - 	at java.base/java.lang.reflect.Constructor.newInstanceWithCaller(Constructor.java:500)
[2026-03-16T02:30:25.106+0000] {subprocess.py:93} INFO - 	at java.base/java.lang.reflect.Constructor.newInstance(Constructor.java:481)
[2026-03-16T02:30:25.107+0000] {subprocess.py:93} INFO - 	at py4j.reflection.MethodInvoker.invoke(MethodInvoker.java:247)
[2026-03-16T02:30:25.108+0000] {subprocess.py:93} INFO - 	at py4j.reflection.ReflectionEngine.invoke(ReflectionEngine.java:374)
[2026-03-16T02:30:25.110+0000] {subprocess.py:93} INFO - 	at py4j.Gateway.invoke(Gateway.java:238)
[2026-03-16T02:30:25.112+0000] {subprocess.py:93} INFO - 	at py4j.commands.ConstructorCommand.invokeConstructor(ConstructorCommand.java:80)
[2026-03-16T02:30:25.113+0000] {subprocess.py:93} INFO - 	at py4j.commands.ConstructorCommand.execute(ConstructorCommand.java:69)
[2026-03-16T02:30:25.114+0000] {subprocess.py:93} INFO - 	at py4j.ClientServerConnection.waitForCommands(ClientServerConnection.java:182)
[2026-03-16T02:30:25.118+0000] {subprocess.py:93} INFO - 	at py4j.ClientServerConnection.run(ClientServerConnection.java:106)
[2026-03-16T02:30:25.119+0000] {subprocess.py:93} INFO - 	at java.base/java.lang.Thread.run(Thread.java:840)
[2026-03-16T02:30:25.507+0000] {subprocess.py:93} INFO - 26/03/16 02:30:25 INFO Executor: Starting executor ID driver on host 7a4ac054b34c
[2026-03-16T02:30:25.539+0000] {subprocess.py:93} INFO - 26/03/16 02:30:25 INFO Executor: OS info Linux, 5.15.167.4-microsoft-standard-WSL2, amd64
[2026-03-16T02:30:25.546+0000] {subprocess.py:93} INFO - 26/03/16 02:30:25 INFO Executor: Java version 17.0.18
[2026-03-16T02:30:25.598+0000] {local_task_job_runner.py:121} ERROR - Received SIGTERM. Terminating subprocesses
[2026-03-16T02:30:25.605+0000] {process_utils.py:131} INFO - Sending Signals.SIGTERM to group 727. PIDs of all processes in the group: [728, 733, 727]
[2026-03-16T02:30:25.614+0000] {process_utils.py:86} INFO - Sending the signal Signals.SIGTERM to group 727
[2026-03-16T02:30:25.634+0000] {taskinstance.py:2450} ERROR - Received SIGTERM. Terminating subprocesses.
[2026-03-16T02:30:25.639+0000] {subprocess.py:104} INFO - Sending SIGTERM signal to process group
[2026-03-16T02:30:26.366+0000] {taskinstance.py:2698} ERROR - Task failed with exception
Traceback (most recent call last):
  File "/home/airflow/.local/lib/python3.8/site-packages/airflow/models/taskinstance.py", line 433, in _execute_task
    result = execute_callable(context=context, **execute_callable_kwargs)
  File "/home/airflow/.local/lib/python3.8/site-packages/airflow/operators/bash.py", line 203, in execute
    result = self.subprocess_hook.run_command(
  File "/home/airflow/.local/lib/python3.8/site-packages/airflow/hooks/subprocess.py", line 91, in run_command
    for raw_line in iter(self.sub_process.stdout.readline, b""):
  File "/home/airflow/.local/lib/python3.8/site-packages/airflow/models/taskinstance.py", line 2452, in signal_handler
    raise AirflowException("Task received SIGTERM signal")
airflow.exceptions.AirflowException: Task received SIGTERM signal
[2026-03-16T02:30:26.408+0000] {taskinstance.py:1138} INFO - Marking task as FAILED. dag_id=pipeline_gps, task_id=task_process, execution_date=20260316T022500, start_date=20260316T023011, end_date=20260316T023026
