[2026-03-15T22:31:26.705+0000] {taskinstance.py:1956} INFO - Dependencies all met for dep_context=non-requeueable deps ti=<TaskInstance: pipeline_gps.task_process scheduled__2026-03-15T22:25:00+00:00 [queued]>
[2026-03-15T22:31:26.720+0000] {taskinstance.py:1956} INFO - Dependencies all met for dep_context=requeueable deps ti=<TaskInstance: pipeline_gps.task_process scheduled__2026-03-15T22:25:00+00:00 [queued]>
[2026-03-15T22:31:26.720+0000] {taskinstance.py:2170} INFO - Starting attempt 1 of 1
[2026-03-15T22:31:26.755+0000] {taskinstance.py:2191} INFO - Executing <Task(BashOperator): task_process> on 2026-03-15 22:25:00+00:00
[2026-03-15T22:31:26.771+0000] {standard_task_runner.py:87} INFO - Running: ['airflow', 'tasks', 'run', 'pipeline_gps', 'task_process', 'scheduled__2026-03-15T22:25:00+00:00', '--job-id', '536', '--raw', '--subdir', 'DAGS_FOLDER/pipeline_gps.py', '--cfg-path', '/tmp/tmpp_wwxoad']
[2026-03-15T22:31:26.767+0000] {standard_task_runner.py:60} INFO - Started process 106 to run task
[2026-03-15T22:31:26.775+0000] {standard_task_runner.py:88} INFO - Job 536: Subtask task_process
[2026-03-15T22:31:27.008+0000] {task_command.py:423} INFO - Running <TaskInstance: pipeline_gps.task_process scheduled__2026-03-15T22:25:00+00:00 [running]> on host 378bba7f43f7
[2026-03-15T22:31:27.268+0000] {taskinstance.py:2480} INFO - Exporting env vars: AIRFLOW_CTX_DAG_OWNER='airflow' AIRFLOW_CTX_DAG_ID='pipeline_gps' AIRFLOW_CTX_TASK_ID='task_process' AIRFLOW_CTX_EXECUTION_DATE='2026-03-15T22:25:00+00:00' AIRFLOW_CTX_TRY_NUMBER='1' AIRFLOW_CTX_DAG_RUN_ID='scheduled__2026-03-15T22:25:00+00:00'
[2026-03-15T22:31:27.275+0000] {subprocess.py:63} INFO - Tmp dir root location: /tmp
[2026-03-15T22:31:27.282+0000] {subprocess.py:75} INFO - Running command: ['/usr/bin/bash', '-c', 'python /opt/airflow/spark/spark_processor.py']
[2026-03-15T22:31:27.309+0000] {subprocess.py:86} INFO - Output:
[2026-03-15T22:31:27.352+0000] {subprocess.py:93} INFO - Traceback (most recent call last):
[2026-03-15T22:31:27.353+0000] {subprocess.py:93} INFO -   File "/opt/airflow/spark/spark_processor.py", line 1, in <module>
[2026-03-15T22:31:27.354+0000] {subprocess.py:93} INFO -     from pyspark.sql import SparkSession
[2026-03-15T22:31:27.354+0000] {subprocess.py:93} INFO - ModuleNotFoundError: No module named 'pyspark'
[2026-03-15T22:31:27.358+0000] {subprocess.py:97} INFO - Command exited with return code 1
[2026-03-15T22:31:27.379+0000] {taskinstance.py:2698} ERROR - Task failed with exception
Traceback (most recent call last):
  File "/home/airflow/.local/lib/python3.8/site-packages/airflow/models/taskinstance.py", line 433, in _execute_task
    result = execute_callable(context=context, **execute_callable_kwargs)
  File "/home/airflow/.local/lib/python3.8/site-packages/airflow/operators/bash.py", line 212, in execute
    raise AirflowException(
airflow.exceptions.AirflowException: Bash command failed. The command returned a non-zero exit code 1.
[2026-03-15T22:31:27.390+0000] {taskinstance.py:1138} INFO - Marking task as FAILED. dag_id=pipeline_gps, task_id=task_process, execution_date=20260315T222500, start_date=20260315T223126, end_date=20260315T223127
[2026-03-15T22:31:27.428+0000] {standard_task_runner.py:107} ERROR - Failed to execute job 536 for task task_process (Bash command failed. The command returned a non-zero exit code 1.; 106)
[2026-03-15T22:31:27.445+0000] {local_task_job_runner.py:234} INFO - Task exited with return code 1
[2026-03-15T22:31:27.483+0000] {taskinstance.py:3280} INFO - 0 downstream tasks scheduled from follow-on schedule check
