[2026-03-16T03:00:08.005+0000] {taskinstance.py:1956} INFO - Dependencies all met for dep_context=non-requeueable deps ti=<TaskInstance: pipeline_gps.task_process scheduled__2026-03-16T02:55:00+00:00 [queued]>
[2026-03-16T03:00:08.018+0000] {taskinstance.py:1956} INFO - Dependencies all met for dep_context=requeueable deps ti=<TaskInstance: pipeline_gps.task_process scheduled__2026-03-16T02:55:00+00:00 [queued]>
[2026-03-16T03:00:08.019+0000] {taskinstance.py:2170} INFO - Starting attempt 1 of 1
[2026-03-16T03:00:08.049+0000] {taskinstance.py:2191} INFO - Executing <Task(BashOperator): task_process> on 2026-03-16 02:55:00+00:00
[2026-03-16T03:00:08.054+0000] {standard_task_runner.py:60} INFO - Started process 624 to run task
[2026-03-16T03:00:08.063+0000] {standard_task_runner.py:87} INFO - Running: ['airflow', 'tasks', 'run', 'pipeline_gps', 'task_process', 'scheduled__2026-03-16T02:55:00+00:00', '--job-id', '575', '--raw', '--subdir', 'DAGS_FOLDER/pipeline_gps.py', '--cfg-path', '/tmp/tmpnfpznwne']
[2026-03-16T03:00:08.068+0000] {standard_task_runner.py:88} INFO - Job 575: Subtask task_process
[2026-03-16T03:00:08.196+0000] {task_command.py:423} INFO - Running <TaskInstance: pipeline_gps.task_process scheduled__2026-03-16T02:55:00+00:00 [running]> on host e3430f617ad9
[2026-03-16T03:00:08.389+0000] {taskinstance.py:2480} INFO - Exporting env vars: AIRFLOW_CTX_DAG_OWNER='airflow' AIRFLOW_CTX_DAG_ID='pipeline_gps' AIRFLOW_CTX_TASK_ID='task_process' AIRFLOW_CTX_EXECUTION_DATE='2026-03-16T02:55:00+00:00' AIRFLOW_CTX_TRY_NUMBER='1' AIRFLOW_CTX_DAG_RUN_ID='scheduled__2026-03-16T02:55:00+00:00'
[2026-03-16T03:00:08.392+0000] {subprocess.py:63} INFO - Tmp dir root location: /tmp
[2026-03-16T03:00:08.395+0000] {subprocess.py:75} INFO - Running command: ['/usr/bin/bash', '-c', 'python /opt/airflow/spark/spark_processor.py']
[2026-03-16T03:00:08.415+0000] {subprocess.py:86} INFO - Output:
[2026-03-16T03:00:13.992+0000] {subprocess.py:93} INFO - 26/03/16 03:00:13 WARN NativeCodeLoader: Unable to load native-hadoop library for your platform... using builtin-java classes where applicable
[2026-03-16T03:00:14.409+0000] {subprocess.py:93} INFO - 26/03/16 03:00:14 WARN DependencyUtils: Local jar /tmp/airflowtmp_rbxrxna/spark/jars/postgresql-42.7.3.jar does not exist, skipping.
[2026-03-16T03:00:14.688+0000] {subprocess.py:93} INFO - 26/03/16 03:00:14 INFO SparkContext: Running Spark version 3.5.8
[2026-03-16T03:00:14.689+0000] {subprocess.py:93} INFO - 26/03/16 03:00:14 INFO SparkContext: OS info Linux, 5.15.167.4-microsoft-standard-WSL2, amd64
[2026-03-16T03:00:14.690+0000] {subprocess.py:93} INFO - 26/03/16 03:00:14 INFO SparkContext: Java version 17.0.18
[2026-03-16T03:00:14.751+0000] {subprocess.py:93} INFO - 26/03/16 03:00:14 INFO ResourceUtils: ==============================================================
[2026-03-16T03:00:14.752+0000] {subprocess.py:93} INFO - 26/03/16 03:00:14 INFO ResourceUtils: No custom resources configured for spark.driver.
[2026-03-16T03:00:14.753+0000] {subprocess.py:93} INFO - 26/03/16 03:00:14 INFO ResourceUtils: ==============================================================
[2026-03-16T03:00:14.754+0000] {subprocess.py:93} INFO - 26/03/16 03:00:14 INFO SparkContext: Submitted application: gps_processor
[2026-03-16T03:00:14.801+0000] {subprocess.py:93} INFO - 26/03/16 03:00:14 INFO ResourceProfile: Default ResourceProfile created, executor resources: Map(cores -> name: cores, amount: 1, script: , vendor: , memory -> name: memory, amount: 1024, script: , vendor: , offHeap -> name: offHeap, amount: 0, script: , vendor: ), task resources: Map(cpus -> name: cpus, amount: 1.0)
[2026-03-16T03:00:14.815+0000] {subprocess.py:93} INFO - 26/03/16 03:00:14 INFO ResourceProfile: Limiting resource is cpu
[2026-03-16T03:00:14.817+0000] {subprocess.py:93} INFO - 26/03/16 03:00:14 INFO ResourceProfileManager: Added ResourceProfile id: 0
[2026-03-16T03:00:14.907+0000] {subprocess.py:93} INFO - 26/03/16 03:00:14 INFO SecurityManager: Changing view acls to: airflow
[2026-03-16T03:00:14.910+0000] {subprocess.py:93} INFO - 26/03/16 03:00:14 INFO SecurityManager: Changing modify acls to: airflow
[2026-03-16T03:00:14.911+0000] {subprocess.py:93} INFO - 26/03/16 03:00:14 INFO SecurityManager: Changing view acls groups to:
[2026-03-16T03:00:14.912+0000] {subprocess.py:93} INFO - 26/03/16 03:00:14 INFO SecurityManager: Changing modify acls groups to:
[2026-03-16T03:00:14.914+0000] {subprocess.py:93} INFO - 26/03/16 03:00:14 INFO SecurityManager: SecurityManager: authentication disabled; ui acls disabled; users with view permissions: airflow; groups with view permissions: EMPTY; users with modify permissions: airflow; groups with modify permissions: EMPTY
[2026-03-16T03:00:15.410+0000] {subprocess.py:93} INFO - 26/03/16 03:00:15 INFO Utils: Successfully started service 'sparkDriver' on port 38775.
[2026-03-16T03:00:15.502+0000] {subprocess.py:93} INFO - 26/03/16 03:00:15 INFO SparkEnv: Registering MapOutputTracker
[2026-03-16T03:00:15.590+0000] {subprocess.py:93} INFO - 26/03/16 03:00:15 INFO SparkEnv: Registering BlockManagerMaster
[2026-03-16T03:00:15.644+0000] {subprocess.py:93} INFO - 26/03/16 03:00:15 INFO BlockManagerMasterEndpoint: Using org.apache.spark.storage.DefaultTopologyMapper for getting topology information
[2026-03-16T03:00:15.645+0000] {subprocess.py:93} INFO - 26/03/16 03:00:15 INFO BlockManagerMasterEndpoint: BlockManagerMasterEndpoint up
[2026-03-16T03:00:15.655+0000] {subprocess.py:93} INFO - 26/03/16 03:00:15 INFO SparkEnv: Registering BlockManagerMasterHeartbeat
[2026-03-16T03:00:15.746+0000] {subprocess.py:93} INFO - 26/03/16 03:00:15 INFO DiskBlockManager: Created local directory at /tmp/blockmgr-bc97fdf6-396d-4789-928f-538c3f98cd6a
[2026-03-16T03:00:15.784+0000] {subprocess.py:93} INFO - 26/03/16 03:00:15 INFO MemoryStore: MemoryStore started with capacity 434.4 MiB
[2026-03-16T03:00:15.821+0000] {subprocess.py:93} INFO - 26/03/16 03:00:15 INFO SparkEnv: Registering OutputCommitCoordinator
[2026-03-16T03:00:16.495+0000] {subprocess.py:93} INFO - 26/03/16 03:00:16 INFO JettyUtils: Start Jetty 0.0.0.0:4040 for SparkUI
[2026-03-16T03:00:16.823+0000] {subprocess.py:93} INFO - 26/03/16 03:00:16 INFO Utils: Successfully started service 'SparkUI' on port 4040.
[2026-03-16T03:00:16.913+0000] {subprocess.py:93} INFO - 26/03/16 03:00:16 ERROR SparkContext: Failed to add spark/jars/postgresql-42.7.3.jar to Spark environment
[2026-03-16T03:00:16.914+0000] {subprocess.py:93} INFO - java.io.FileNotFoundException: Jar /tmp/airflowtmp_rbxrxna/spark/jars/postgresql-42.7.3.jar not found
[2026-03-16T03:00:16.914+0000] {subprocess.py:93} INFO - 	at org.apache.spark.SparkContext.addLocalJarFile$1(SparkContext.scala:2095)
[2026-03-16T03:00:16.915+0000] {subprocess.py:93} INFO - 	at org.apache.spark.SparkContext.addJar(SparkContext.scala:2151)
[2026-03-16T03:00:16.915+0000] {subprocess.py:93} INFO - 	at org.apache.spark.SparkContext.$anonfun$new$15(SparkContext.scala:521)
[2026-03-16T03:00:16.915+0000] {subprocess.py:93} INFO - 	at org.apache.spark.SparkContext.$anonfun$new$15$adapted(SparkContext.scala:521)
[2026-03-16T03:00:16.916+0000] {subprocess.py:93} INFO - 	at scala.collection.mutable.ResizableArray.foreach(ResizableArray.scala:62)
[2026-03-16T03:00:16.917+0000] {subprocess.py:93} INFO - 	at scala.collection.mutable.ResizableArray.foreach$(ResizableArray.scala:55)
[2026-03-16T03:00:16.917+0000] {subprocess.py:93} INFO - 	at scala.collection.mutable.ArrayBuffer.foreach(ArrayBuffer.scala:49)
[2026-03-16T03:00:16.918+0000] {subprocess.py:93} INFO - 	at org.apache.spark.SparkContext.<init>(SparkContext.scala:521)
[2026-03-16T03:00:16.918+0000] {subprocess.py:93} INFO - 	at org.apache.spark.api.java.JavaSparkContext.<init>(JavaSparkContext.scala:58)
[2026-03-16T03:00:16.919+0000] {subprocess.py:93} INFO - 	at java.base/jdk.internal.reflect.NativeConstructorAccessorImpl.newInstance0(Native Method)
[2026-03-16T03:00:16.919+0000] {subprocess.py:93} INFO - 	at java.base/jdk.internal.reflect.NativeConstructorAccessorImpl.newInstance(NativeConstructorAccessorImpl.java:77)
[2026-03-16T03:00:16.920+0000] {subprocess.py:93} INFO - 	at java.base/jdk.internal.reflect.DelegatingConstructorAccessorImpl.newInstance(DelegatingConstructorAccessorImpl.java:45)
[2026-03-16T03:00:16.920+0000] {subprocess.py:93} INFO - 	at java.base/java.lang.reflect.Constructor.newInstanceWithCaller(Constructor.java:500)
[2026-03-16T03:00:16.920+0000] {subprocess.py:93} INFO - 	at java.base/java.lang.reflect.Constructor.newInstance(Constructor.java:481)
[2026-03-16T03:00:16.924+0000] {subprocess.py:93} INFO - 	at py4j.reflection.MethodInvoker.invoke(MethodInvoker.java:247)
[2026-03-16T03:00:16.924+0000] {subprocess.py:93} INFO - 	at py4j.reflection.ReflectionEngine.invoke(ReflectionEngine.java:374)
[2026-03-16T03:00:16.925+0000] {subprocess.py:93} INFO - 	at py4j.Gateway.invoke(Gateway.java:238)
[2026-03-16T03:00:16.925+0000] {subprocess.py:93} INFO - 	at py4j.commands.ConstructorCommand.invokeConstructor(ConstructorCommand.java:80)
[2026-03-16T03:00:16.925+0000] {subprocess.py:93} INFO - 	at py4j.commands.ConstructorCommand.execute(ConstructorCommand.java:69)
[2026-03-16T03:00:16.926+0000] {subprocess.py:93} INFO - 	at py4j.ClientServerConnection.waitForCommands(ClientServerConnection.java:182)
[2026-03-16T03:00:16.926+0000] {subprocess.py:93} INFO - 	at py4j.ClientServerConnection.run(ClientServerConnection.java:106)
[2026-03-16T03:00:16.926+0000] {subprocess.py:93} INFO - 	at java.base/java.lang.Thread.run(Thread.java:840)
[2026-03-16T03:00:17.064+0000] {subprocess.py:93} INFO - 26/03/16 03:00:17 INFO Executor: Starting executor ID driver on host e3430f617ad9
[2026-03-16T03:00:17.066+0000] {subprocess.py:93} INFO - 26/03/16 03:00:17 INFO Executor: OS info Linux, 5.15.167.4-microsoft-standard-WSL2, amd64
[2026-03-16T03:00:17.067+0000] {subprocess.py:93} INFO - 26/03/16 03:00:17 INFO Executor: Java version 17.0.18
[2026-03-16T03:00:17.084+0000] {subprocess.py:93} INFO - 26/03/16 03:00:17 INFO Executor: Starting executor with user classpath (userClassPathFirst = false): ''
[2026-03-16T03:00:17.086+0000] {subprocess.py:93} INFO - 26/03/16 03:00:17 INFO Executor: Created or updated repl class loader org.apache.spark.util.MutableURLClassLoader@3e5eff2d for default.
[2026-03-16T03:00:17.140+0000] {subprocess.py:93} INFO - 26/03/16 03:00:17 INFO Utils: Successfully started service 'org.apache.spark.network.netty.NettyBlockTransferService' on port 39233.
[2026-03-16T03:00:17.140+0000] {subprocess.py:93} INFO - 26/03/16 03:00:17 INFO NettyBlockTransferService: Server created on e3430f617ad9:39233
[2026-03-16T03:00:17.144+0000] {subprocess.py:93} INFO - 26/03/16 03:00:17 INFO BlockManager: Using org.apache.spark.storage.RandomBlockReplicationPolicy for block replication policy
[2026-03-16T03:00:17.163+0000] {subprocess.py:93} INFO - 26/03/16 03:00:17 INFO BlockManagerMaster: Registering BlockManager BlockManagerId(driver, e3430f617ad9, 39233, None)
[2026-03-16T03:00:17.170+0000] {subprocess.py:93} INFO - 26/03/16 03:00:17 INFO BlockManagerMasterEndpoint: Registering block manager e3430f617ad9:39233 with 434.4 MiB RAM, BlockManagerId(driver, e3430f617ad9, 39233, None)
[2026-03-16T03:00:17.176+0000] {subprocess.py:93} INFO - 26/03/16 03:00:17 INFO BlockManagerMaster: Registered BlockManager BlockManagerId(driver, e3430f617ad9, 39233, None)
[2026-03-16T03:00:17.179+0000] {subprocess.py:93} INFO - 26/03/16 03:00:17 INFO BlockManager: Initialized BlockManager: BlockManagerId(driver, e3430f617ad9, 39233, None)
[2026-03-16T03:00:20.876+0000] {subprocess.py:93} INFO - Traceback (most recent call last):
[2026-03-16T03:00:20.878+0000] {subprocess.py:93} INFO -   File "/opt/airflow/spark/spark_processor.py", line 10, in <module>
[2026-03-16T03:00:20.879+0000] {subprocess.py:93} INFO -     conn = psycopg2.connect(
[2026-03-16T03:00:20.880+0000] {subprocess.py:93} INFO -   File "/home/airflow/.local/lib/python3.8/site-packages/psycopg2/__init__.py", line 122, in connect
[2026-03-16T03:00:20.881+0000] {subprocess.py:93} INFO -     conn = _connect(dsn, connection_factory=connection_factory, **kwasync)
[2026-03-16T03:00:20.881+0000] {subprocess.py:93} INFO - psycopg2.OperationalError: could not translate host name "postgres-postgis" to address: Name or service not known
[2026-03-16T03:00:20.882+0000] {subprocess.py:93} INFO - 
[2026-03-16T03:00:21.017+0000] {subprocess.py:93} INFO - 26/03/16 03:00:21 INFO SparkContext: Invoking stop() from shutdown hook
[2026-03-16T03:00:21.019+0000] {subprocess.py:93} INFO - 26/03/16 03:00:21 INFO SparkContext: SparkContext is stopping with exitCode 0.
[2026-03-16T03:00:21.046+0000] {subprocess.py:93} INFO - 26/03/16 03:00:21 INFO SparkUI: Stopped Spark web UI at http://e3430f617ad9:4040
[2026-03-16T03:00:21.079+0000] {subprocess.py:93} INFO - 26/03/16 03:00:21 INFO MapOutputTrackerMasterEndpoint: MapOutputTrackerMasterEndpoint stopped!
[2026-03-16T03:00:21.127+0000] {subprocess.py:93} INFO - 26/03/16 03:00:21 INFO MemoryStore: MemoryStore cleared
[2026-03-16T03:00:21.129+0000] {subprocess.py:93} INFO - 26/03/16 03:00:21 INFO BlockManager: BlockManager stopped
[2026-03-16T03:00:21.142+0000] {subprocess.py:93} INFO - 26/03/16 03:00:21 INFO BlockManagerMaster: BlockManagerMaster stopped
[2026-03-16T03:00:21.149+0000] {subprocess.py:93} INFO - 26/03/16 03:00:21 INFO OutputCommitCoordinator$OutputCommitCoordinatorEndpoint: OutputCommitCoordinator stopped!
[2026-03-16T03:00:21.183+0000] {subprocess.py:93} INFO - 26/03/16 03:00:21 INFO SparkContext: Successfully stopped SparkContext
[2026-03-16T03:00:21.188+0000] {subprocess.py:93} INFO - 26/03/16 03:00:21 INFO ShutdownHookManager: Shutdown hook called
[2026-03-16T03:00:21.193+0000] {subprocess.py:93} INFO - 26/03/16 03:00:21 INFO ShutdownHookManager: Deleting directory /tmp/spark-23e39047-f3c4-4cab-80b6-6962d6e1ec3d/pyspark-f0dc02d9-5bc1-423c-b55c-d34939755e26
[2026-03-16T03:00:21.205+0000] {subprocess.py:93} INFO - 26/03/16 03:00:21 INFO ShutdownHookManager: Deleting directory /tmp/spark-23e39047-f3c4-4cab-80b6-6962d6e1ec3d
[2026-03-16T03:00:21.221+0000] {subprocess.py:93} INFO - 26/03/16 03:00:21 INFO ShutdownHookManager: Deleting directory /tmp/spark-b81d0a33-a45d-4579-aa0b-e32dae660914
[2026-03-16T03:00:21.659+0000] {subprocess.py:97} INFO - Command exited with return code 1
[2026-03-16T03:00:21.677+0000] {taskinstance.py:2698} ERROR - Task failed with exception
Traceback (most recent call last):
  File "/home/airflow/.local/lib/python3.8/site-packages/airflow/models/taskinstance.py", line 433, in _execute_task
    result = execute_callable(context=context, **execute_callable_kwargs)
  File "/home/airflow/.local/lib/python3.8/site-packages/airflow/operators/bash.py", line 212, in execute
    raise AirflowException(
airflow.exceptions.AirflowException: Bash command failed. The command returned a non-zero exit code 1.
[2026-03-16T03:00:21.685+0000] {taskinstance.py:1138} INFO - Marking task as FAILED. dag_id=pipeline_gps, task_id=task_process, execution_date=20260316T025500, start_date=20260316T030008, end_date=20260316T030021
[2026-03-16T03:00:21.732+0000] {standard_task_runner.py:107} ERROR - Failed to execute job 575 for task task_process (Bash command failed. The command returned a non-zero exit code 1.; 624)
[2026-03-16T03:00:21.745+0000] {local_task_job_runner.py:234} INFO - Task exited with return code 1
[2026-03-16T03:00:21.775+0000] {taskinstance.py:3280} INFO - 0 downstream tasks scheduled from follow-on schedule check
