[2026-03-15T17:26:08.662+0000] {taskinstance.py:1956} INFO - Dependencies all met for dep_context=non-requeueable deps ti=<TaskInstance: pipeline_gps.task1_ingest scheduled__2026-03-15T17:25:00+00:00 [queued]>
[2026-03-15T17:26:08.677+0000] {taskinstance.py:1956} INFO - Dependencies all met for dep_context=requeueable deps ti=<TaskInstance: pipeline_gps.task1_ingest scheduled__2026-03-15T17:25:00+00:00 [queued]>
[2026-03-15T17:26:08.678+0000] {taskinstance.py:2170} INFO - Starting attempt 1 of 1
[2026-03-15T17:26:08.714+0000] {taskinstance.py:2191} INFO - Executing <Task(BashOperator): task1_ingest> on 2026-03-15 17:25:00+00:00
[2026-03-15T17:26:08.725+0000] {standard_task_runner.py:60} INFO - Started process 69 to run task
[2026-03-15T17:26:08.733+0000] {standard_task_runner.py:87} INFO - Running: ['airflow', 'tasks', 'run', 'pipeline_gps', 'task1_ingest', 'scheduled__2026-03-15T17:25:00+00:00', '--job-id', '456', '--raw', '--subdir', 'DAGS_FOLDER/pipeline_gps.py', '--cfg-path', '/tmp/tmpz7ia0hjj']
[2026-03-15T17:26:08.739+0000] {standard_task_runner.py:88} INFO - Job 456: Subtask task1_ingest
[2026-03-15T17:26:09.063+0000] {task_command.py:423} INFO - Running <TaskInstance: pipeline_gps.task1_ingest scheduled__2026-03-15T17:25:00+00:00 [running]> on host 693df5566a25
[2026-03-15T17:26:09.660+0000] {taskinstance.py:2480} INFO - Exporting env vars: AIRFLOW_CTX_DAG_OWNER='airflow' AIRFLOW_CTX_DAG_ID='pipeline_gps' AIRFLOW_CTX_TASK_ID='task1_ingest' AIRFLOW_CTX_EXECUTION_DATE='2026-03-15T17:25:00+00:00' AIRFLOW_CTX_TRY_NUMBER='1' AIRFLOW_CTX_DAG_RUN_ID='scheduled__2026-03-15T17:25:00+00:00'
[2026-03-15T17:26:09.664+0000] {subprocess.py:63} INFO - Tmp dir root location: /tmp
[2026-03-15T17:26:09.666+0000] {subprocess.py:75} INFO - Running command: ['/usr/bin/bash', '-c', 'python /opt/airflow/ingestion/mqtt_ingestor.py']
[2026-03-15T17:26:09.719+0000] {subprocess.py:86} INFO - Output:
[2026-03-15T17:26:10.510+0000] {subprocess.py:93} INFO - /opt/airflow/ingestion/mqtt_ingestor.py:38: DeprecationWarning: Callback API version 1 is deprecated, update to latest version
[2026-03-15T17:26:10.511+0000] {subprocess.py:93} INFO -   client = mqtt.Client()
[2026-03-15T17:26:10.519+0000] {subprocess.py:93} INFO - Traceback (most recent call last):
[2026-03-15T17:26:10.519+0000] {subprocess.py:93} INFO -   File "/opt/airflow/ingestion/mqtt_ingestor.py", line 40, in <module>
[2026-03-15T17:26:10.520+0000] {subprocess.py:93} INFO -     client.connect("localhost", 1883)
[2026-03-15T17:26:10.520+0000] {subprocess.py:93} INFO -   File "/home/airflow/.local/lib/python3.8/site-packages/paho/mqtt/client.py", line 1435, in connect
[2026-03-15T17:26:10.521+0000] {subprocess.py:93} INFO -     return self.reconnect()
[2026-03-15T17:26:10.521+0000] {subprocess.py:93} INFO -   File "/home/airflow/.local/lib/python3.8/site-packages/paho/mqtt/client.py", line 1598, in reconnect
[2026-03-15T17:26:10.522+0000] {subprocess.py:93} INFO -     self._sock = self._create_socket()
[2026-03-15T17:26:10.522+0000] {subprocess.py:93} INFO -   File "/home/airflow/.local/lib/python3.8/site-packages/paho/mqtt/client.py", line 4609, in _create_socket
[2026-03-15T17:26:10.523+0000] {subprocess.py:93} INFO -     sock = self._create_socket_connection()
[2026-03-15T17:26:10.523+0000] {subprocess.py:93} INFO -   File "/home/airflow/.local/lib/python3.8/site-packages/paho/mqtt/client.py", line 4640, in _create_socket_connection
[2026-03-15T17:26:10.524+0000] {subprocess.py:93} INFO -     return socket.create_connection(addr, timeout=self._connect_timeout, source_address=source)
[2026-03-15T17:26:10.524+0000] {subprocess.py:93} INFO -   File "/usr/local/lib/python3.8/socket.py", line 808, in create_connection
[2026-03-15T17:26:10.524+0000] {subprocess.py:93} INFO -     raise err
[2026-03-15T17:26:10.525+0000] {subprocess.py:93} INFO -   File "/usr/local/lib/python3.8/socket.py", line 796, in create_connection
[2026-03-15T17:26:10.525+0000] {subprocess.py:93} INFO -     sock.connect(sa)
[2026-03-15T17:26:10.526+0000] {subprocess.py:93} INFO - ConnectionRefusedError: [Errno 111] Connection refused
[2026-03-15T17:26:10.584+0000] {subprocess.py:97} INFO - Command exited with return code 1
[2026-03-15T17:26:10.609+0000] {taskinstance.py:2698} ERROR - Task failed with exception
Traceback (most recent call last):
  File "/home/airflow/.local/lib/python3.8/site-packages/airflow/models/taskinstance.py", line 433, in _execute_task
    result = execute_callable(context=context, **execute_callable_kwargs)
  File "/home/airflow/.local/lib/python3.8/site-packages/airflow/operators/bash.py", line 212, in execute
    raise AirflowException(
airflow.exceptions.AirflowException: Bash command failed. The command returned a non-zero exit code 1.
[2026-03-15T17:26:10.620+0000] {taskinstance.py:1138} INFO - Marking task as FAILED. dag_id=pipeline_gps, task_id=task1_ingest, execution_date=20260315T172500, start_date=20260315T172608, end_date=20260315T172610
[2026-03-15T17:26:10.670+0000] {standard_task_runner.py:107} ERROR - Failed to execute job 456 for task task1_ingest (Bash command failed. The command returned a non-zero exit code 1.; 69)
[2026-03-15T17:26:10.721+0000] {local_task_job_runner.py:234} INFO - Task exited with return code 1
[2026-03-15T17:26:10.790+0000] {taskinstance.py:3280} INFO - 0 downstream tasks scheduled from follow-on schedule check
