[2026-03-16T02:40:08.624+0000] {taskinstance.py:1956} INFO - Dependencies all met for dep_context=non-requeueable deps ti=<TaskInstance: pipeline_gps.task_process scheduled__2026-03-16T02:35:00+00:00 [queued]>
[2026-03-16T02:40:08.663+0000] {taskinstance.py:1956} INFO - Dependencies all met for dep_context=requeueable deps ti=<TaskInstance: pipeline_gps.task_process scheduled__2026-03-16T02:35:00+00:00 [queued]>
[2026-03-16T02:40:08.663+0000] {taskinstance.py:2170} INFO - Starting attempt 1 of 1
[2026-03-16T02:40:08.730+0000] {taskinstance.py:2191} INFO - Executing <Task(BashOperator): task_process> on 2026-03-16 02:35:00+00:00
[2026-03-16T02:40:08.752+0000] {standard_task_runner.py:60} INFO - Started process 48 to run task
[2026-03-16T02:40:08.771+0000] {standard_task_runner.py:87} INFO - Running: ['airflow', 'tasks', 'run', 'pipeline_gps', 'task_process', 'scheduled__2026-03-16T02:35:00+00:00', '--job-id', '571', '--raw', '--subdir', 'DAGS_FOLDER/pipeline_gps.py', '--cfg-path', '/tmp/tmpitj8pnd_']
[2026-03-16T02:40:08.785+0000] {standard_task_runner.py:88} INFO - Job 571: Subtask task_process
[2026-03-16T02:40:09.001+0000] {task_command.py:423} INFO - Running <TaskInstance: pipeline_gps.task_process scheduled__2026-03-16T02:35:00+00:00 [running]> on host e3430f617ad9
[2026-03-16T02:40:09.248+0000] {taskinstance.py:2480} INFO - Exporting env vars: AIRFLOW_CTX_DAG_OWNER='airflow' AIRFLOW_CTX_DAG_ID='pipeline_gps' AIRFLOW_CTX_TASK_ID='task_process' AIRFLOW_CTX_EXECUTION_DATE='2026-03-16T02:35:00+00:00' AIRFLOW_CTX_TRY_NUMBER='1' AIRFLOW_CTX_DAG_RUN_ID='scheduled__2026-03-16T02:35:00+00:00'
[2026-03-16T02:40:09.251+0000] {subprocess.py:63} INFO - Tmp dir root location: /tmp
[2026-03-16T02:40:09.254+0000] {subprocess.py:75} INFO - Running command: ['/usr/bin/bash', '-c', 'python /opt/airflow/spark/spark_processor.py']
[2026-03-16T02:40:09.279+0000] {subprocess.py:86} INFO - Output:
[2026-03-16T02:40:16.104+0000] {subprocess.py:93} INFO - 26/03/16 02:40:16 WARN NativeCodeLoader: Unable to load native-hadoop library for your platform... using builtin-java classes where applicable
[2026-03-16T02:40:16.589+0000] {subprocess.py:93} INFO - 26/03/16 02:40:16 WARN DependencyUtils: Local jar /tmp/airflowtmpgawqi_zo/spark/jars/postgresql-42.7.3.jar does not exist, skipping.
[2026-03-16T02:40:16.992+0000] {subprocess.py:93} INFO - 26/03/16 02:40:16 INFO SparkContext: Running Spark version 3.5.8
[2026-03-16T02:40:16.993+0000] {subprocess.py:93} INFO - 26/03/16 02:40:16 INFO SparkContext: OS info Linux, 5.15.167.4-microsoft-standard-WSL2, amd64
[2026-03-16T02:40:16.995+0000] {subprocess.py:93} INFO - 26/03/16 02:40:16 INFO SparkContext: Java version 17.0.18
[2026-03-16T02:40:17.078+0000] {subprocess.py:93} INFO - 26/03/16 02:40:17 INFO ResourceUtils: ==============================================================
[2026-03-16T02:40:17.080+0000] {subprocess.py:93} INFO - 26/03/16 02:40:17 INFO ResourceUtils: No custom resources configured for spark.driver.
[2026-03-16T02:40:17.081+0000] {subprocess.py:93} INFO - 26/03/16 02:40:17 INFO ResourceUtils: ==============================================================
[2026-03-16T02:40:17.083+0000] {subprocess.py:93} INFO - 26/03/16 02:40:17 INFO SparkContext: Submitted application: gps_processor
[2026-03-16T02:40:17.183+0000] {subprocess.py:93} INFO - 26/03/16 02:40:17 INFO ResourceProfile: Default ResourceProfile created, executor resources: Map(cores -> name: cores, amount: 1, script: , vendor: , memory -> name: memory, amount: 1024, script: , vendor: , offHeap -> name: offHeap, amount: 0, script: , vendor: ), task resources: Map(cpus -> name: cpus, amount: 1.0)
[2026-03-16T02:40:17.203+0000] {subprocess.py:93} INFO - 26/03/16 02:40:17 INFO ResourceProfile: Limiting resource is cpu
[2026-03-16T02:40:17.205+0000] {subprocess.py:93} INFO - 26/03/16 02:40:17 INFO ResourceProfileManager: Added ResourceProfile id: 0
[2026-03-16T02:40:17.460+0000] {subprocess.py:93} INFO - 26/03/16 02:40:17 INFO SecurityManager: Changing view acls to: airflow
[2026-03-16T02:40:17.460+0000] {subprocess.py:93} INFO - 26/03/16 02:40:17 INFO SecurityManager: Changing modify acls to: airflow
[2026-03-16T02:40:17.462+0000] {subprocess.py:93} INFO - 26/03/16 02:40:17 INFO SecurityManager: Changing view acls groups to:
[2026-03-16T02:40:17.462+0000] {subprocess.py:93} INFO - 26/03/16 02:40:17 INFO SecurityManager: Changing modify acls groups to:
[2026-03-16T02:40:17.464+0000] {subprocess.py:93} INFO - 26/03/16 02:40:17 INFO SecurityManager: SecurityManager: authentication disabled; ui acls disabled; users with view permissions: airflow; groups with view permissions: EMPTY; users with modify permissions: airflow; groups with modify permissions: EMPTY
[2026-03-16T02:40:18.185+0000] {subprocess.py:93} INFO - 26/03/16 02:40:18 INFO Utils: Successfully started service 'sparkDriver' on port 34635.
[2026-03-16T02:40:18.308+0000] {subprocess.py:93} INFO - 26/03/16 02:40:18 INFO SparkEnv: Registering MapOutputTracker
[2026-03-16T02:40:18.444+0000] {subprocess.py:93} INFO - 26/03/16 02:40:18 INFO SparkEnv: Registering BlockManagerMaster
[2026-03-16T02:40:18.561+0000] {subprocess.py:93} INFO - 26/03/16 02:40:18 INFO BlockManagerMasterEndpoint: Using org.apache.spark.storage.DefaultTopologyMapper for getting topology information
[2026-03-16T02:40:18.565+0000] {subprocess.py:93} INFO - 26/03/16 02:40:18 INFO BlockManagerMasterEndpoint: BlockManagerMasterEndpoint up
[2026-03-16T02:40:18.579+0000] {subprocess.py:93} INFO - 26/03/16 02:40:18 INFO SparkEnv: Registering BlockManagerMasterHeartbeat
[2026-03-16T02:40:18.646+0000] {subprocess.py:93} INFO - 26/03/16 02:40:18 INFO DiskBlockManager: Created local directory at /tmp/blockmgr-023a360b-ee08-4e0d-95ed-ec30e8a05de6
[2026-03-16T02:40:18.680+0000] {subprocess.py:93} INFO - 26/03/16 02:40:18 INFO MemoryStore: MemoryStore started with capacity 434.4 MiB
[2026-03-16T02:40:18.720+0000] {subprocess.py:93} INFO - 26/03/16 02:40:18 INFO SparkEnv: Registering OutputCommitCoordinator
[2026-03-16T02:40:19.101+0000] {subprocess.py:93} INFO - 26/03/16 02:40:19 INFO JettyUtils: Start Jetty 0.0.0.0:4040 for SparkUI
[2026-03-16T02:40:19.345+0000] {subprocess.py:93} INFO - 26/03/16 02:40:19 INFO Utils: Successfully started service 'SparkUI' on port 4040.
[2026-03-16T02:40:19.471+0000] {subprocess.py:93} INFO - 26/03/16 02:40:19 ERROR SparkContext: Failed to add spark/jars/postgresql-42.7.3.jar to Spark environment
[2026-03-16T02:40:19.471+0000] {subprocess.py:93} INFO - java.io.FileNotFoundException: Jar /tmp/airflowtmpgawqi_zo/spark/jars/postgresql-42.7.3.jar not found
[2026-03-16T02:40:19.473+0000] {subprocess.py:93} INFO - 	at org.apache.spark.SparkContext.addLocalJarFile$1(SparkContext.scala:2095)
[2026-03-16T02:40:19.473+0000] {subprocess.py:93} INFO - 	at org.apache.spark.SparkContext.addJar(SparkContext.scala:2151)
[2026-03-16T02:40:19.473+0000] {subprocess.py:93} INFO - 	at org.apache.spark.SparkContext.$anonfun$new$15(SparkContext.scala:521)
[2026-03-16T02:40:19.474+0000] {subprocess.py:93} INFO - 	at org.apache.spark.SparkContext.$anonfun$new$15$adapted(SparkContext.scala:521)
[2026-03-16T02:40:19.474+0000] {subprocess.py:93} INFO - 	at scala.collection.mutable.ResizableArray.foreach(ResizableArray.scala:62)
[2026-03-16T02:40:19.474+0000] {subprocess.py:93} INFO - 	at scala.collection.mutable.ResizableArray.foreach$(ResizableArray.scala:55)
[2026-03-16T02:40:19.476+0000] {subprocess.py:93} INFO - 	at scala.collection.mutable.ArrayBuffer.foreach(ArrayBuffer.scala:49)
[2026-03-16T02:40:19.476+0000] {subprocess.py:93} INFO - 	at org.apache.spark.SparkContext.<init>(SparkContext.scala:521)
[2026-03-16T02:40:19.477+0000] {subprocess.py:93} INFO - 	at org.apache.spark.api.java.JavaSparkContext.<init>(JavaSparkContext.scala:58)
[2026-03-16T02:40:19.479+0000] {subprocess.py:93} INFO - 	at java.base/jdk.internal.reflect.NativeConstructorAccessorImpl.newInstance0(Native Method)
[2026-03-16T02:40:19.479+0000] {subprocess.py:93} INFO - 	at java.base/jdk.internal.reflect.NativeConstructorAccessorImpl.newInstance(NativeConstructorAccessorImpl.java:77)
[2026-03-16T02:40:19.480+0000] {subprocess.py:93} INFO - 	at java.base/jdk.internal.reflect.DelegatingConstructorAccessorImpl.newInstance(DelegatingConstructorAccessorImpl.java:45)
[2026-03-16T02:40:19.480+0000] {subprocess.py:93} INFO - 	at java.base/java.lang.reflect.Constructor.newInstanceWithCaller(Constructor.java:500)
[2026-03-16T02:40:19.480+0000] {subprocess.py:93} INFO - 	at java.base/java.lang.reflect.Constructor.newInstance(Constructor.java:481)
[2026-03-16T02:40:19.481+0000] {subprocess.py:93} INFO - 	at py4j.reflection.MethodInvoker.invoke(MethodInvoker.java:247)
[2026-03-16T02:40:19.481+0000] {subprocess.py:93} INFO - 	at py4j.reflection.ReflectionEngine.invoke(ReflectionEngine.java:374)
[2026-03-16T02:40:19.482+0000] {subprocess.py:93} INFO - 	at py4j.Gateway.invoke(Gateway.java:238)
[2026-03-16T02:40:19.482+0000] {subprocess.py:93} INFO - 	at py4j.commands.ConstructorCommand.invokeConstructor(ConstructorCommand.java:80)
[2026-03-16T02:40:19.483+0000] {subprocess.py:93} INFO - 	at py4j.commands.ConstructorCommand.execute(ConstructorCommand.java:69)
[2026-03-16T02:40:19.484+0000] {subprocess.py:93} INFO - 	at py4j.ClientServerConnection.waitForCommands(ClientServerConnection.java:182)
[2026-03-16T02:40:19.485+0000] {subprocess.py:93} INFO - 	at py4j.ClientServerConnection.run(ClientServerConnection.java:106)
[2026-03-16T02:40:19.485+0000] {subprocess.py:93} INFO - 	at java.base/java.lang.Thread.run(Thread.java:840)
[2026-03-16T02:40:19.627+0000] {subprocess.py:93} INFO - 26/03/16 02:40:19 INFO Executor: Starting executor ID driver on host e3430f617ad9
[2026-03-16T02:40:19.628+0000] {subprocess.py:93} INFO - 26/03/16 02:40:19 INFO Executor: OS info Linux, 5.15.167.4-microsoft-standard-WSL2, amd64
[2026-03-16T02:40:19.629+0000] {subprocess.py:93} INFO - 26/03/16 02:40:19 INFO Executor: Java version 17.0.18
[2026-03-16T02:40:19.645+0000] {subprocess.py:93} INFO - 26/03/16 02:40:19 INFO Executor: Starting executor with user classpath (userClassPathFirst = false): ''
[2026-03-16T02:40:19.647+0000] {subprocess.py:93} INFO - 26/03/16 02:40:19 INFO Executor: Created or updated repl class loader org.apache.spark.util.MutableURLClassLoader@3e5eff2d for default.
[2026-03-16T02:40:19.700+0000] {subprocess.py:93} INFO - 26/03/16 02:40:19 INFO Utils: Successfully started service 'org.apache.spark.network.netty.NettyBlockTransferService' on port 39389.
[2026-03-16T02:40:19.701+0000] {subprocess.py:93} INFO - 26/03/16 02:40:19 INFO NettyBlockTransferService: Server created on e3430f617ad9:39389
[2026-03-16T02:40:19.705+0000] {subprocess.py:93} INFO - 26/03/16 02:40:19 INFO BlockManager: Using org.apache.spark.storage.RandomBlockReplicationPolicy for block replication policy
[2026-03-16T02:40:19.719+0000] {subprocess.py:93} INFO - 26/03/16 02:40:19 INFO BlockManagerMaster: Registering BlockManager BlockManagerId(driver, e3430f617ad9, 39389, None)
[2026-03-16T02:40:19.725+0000] {subprocess.py:93} INFO - 26/03/16 02:40:19 INFO BlockManagerMasterEndpoint: Registering block manager e3430f617ad9:39389 with 434.4 MiB RAM, BlockManagerId(driver, e3430f617ad9, 39389, None)
[2026-03-16T02:40:19.729+0000] {subprocess.py:93} INFO - 26/03/16 02:40:19 INFO BlockManagerMaster: Registered BlockManager BlockManagerId(driver, e3430f617ad9, 39389, None)
[2026-03-16T02:40:19.732+0000] {subprocess.py:93} INFO - 26/03/16 02:40:19 INFO BlockManager: Initialized BlockManager: BlockManagerId(driver, e3430f617ad9, 39389, None)
[2026-03-16T02:40:20.756+0000] {subprocess.py:93} INFO - 26/03/16 02:40:20 INFO SharedState: Setting hive.metastore.warehouse.dir ('null') to the value of spark.sql.warehouse.dir.
[2026-03-16T02:40:20.761+0000] {subprocess.py:93} INFO - 26/03/16 02:40:20 INFO SharedState: Warehouse path is 'file:/tmp/airflowtmpgawqi_zo/spark-warehouse'.
[2026-03-16T02:40:24.620+0000] {subprocess.py:93} INFO - Traceback (most recent call last):
[2026-03-16T02:40:24.621+0000] {subprocess.py:93} INFO -   File "/opt/airflow/spark/spark_processor.py", line 21, in <module>
[2026-03-16T02:40:24.621+0000] {subprocess.py:93} INFO -     df = spark.read \
[2026-03-16T02:40:24.622+0000] {subprocess.py:93} INFO -   File "/home/airflow/.local/lib/python3.8/site-packages/pyspark/sql/readwriter.py", line 314, in load
[2026-03-16T02:40:24.622+0000] {subprocess.py:93} INFO -     return self._df(self._jreader.load())
[2026-03-16T02:40:24.622+0000] {subprocess.py:93} INFO -   File "/home/airflow/.local/lib/python3.8/site-packages/py4j/java_gateway.py", line 1362, in __call__
[2026-03-16T02:40:24.623+0000] {subprocess.py:93} INFO -     return_value = get_return_value(
[2026-03-16T02:40:24.623+0000] {subprocess.py:93} INFO -   File "/home/airflow/.local/lib/python3.8/site-packages/pyspark/errors/exceptions/captured.py", line 179, in deco
[2026-03-16T02:40:24.624+0000] {subprocess.py:93} INFO -     return f(*a, **kw)
[2026-03-16T02:40:24.624+0000] {subprocess.py:93} INFO -   File "/home/airflow/.local/lib/python3.8/site-packages/py4j/protocol.py", line 327, in get_return_value
[2026-03-16T02:40:24.624+0000] {subprocess.py:93} INFO -     raise Py4JJavaError(
[2026-03-16T02:40:24.625+0000] {subprocess.py:93} INFO - py4j.protocol.Py4JJavaError: An error occurred while calling o34.load.
[2026-03-16T02:40:24.625+0000] {subprocess.py:93} INFO - : java.lang.ClassNotFoundException: org.postgresql.Driver
[2026-03-16T02:40:24.625+0000] {subprocess.py:93} INFO - 	at java.base/java.net.URLClassLoader.findClass(URLClassLoader.java:445)
[2026-03-16T02:40:24.626+0000] {subprocess.py:93} INFO - 	at java.base/java.lang.ClassLoader.loadClass(ClassLoader.java:592)
[2026-03-16T02:40:24.628+0000] {subprocess.py:93} INFO - 	at java.base/java.lang.ClassLoader.loadClass(ClassLoader.java:525)
[2026-03-16T02:40:24.628+0000] {subprocess.py:93} INFO - 	at org.apache.spark.sql.execution.datasources.jdbc.DriverRegistry$.register(DriverRegistry.scala:46)
[2026-03-16T02:40:24.628+0000] {subprocess.py:93} INFO - 	at org.apache.spark.sql.execution.datasources.jdbc.JDBCOptions.$anonfun$driverClass$1(JDBCOptions.scala:103)
[2026-03-16T02:40:24.629+0000] {subprocess.py:93} INFO - 	at org.apache.spark.sql.execution.datasources.jdbc.JDBCOptions.$anonfun$driverClass$1$adapted(JDBCOptions.scala:103)
[2026-03-16T02:40:24.629+0000] {subprocess.py:93} INFO - 	at scala.Option.foreach(Option.scala:407)
[2026-03-16T02:40:24.629+0000] {subprocess.py:93} INFO - 	at org.apache.spark.sql.execution.datasources.jdbc.JDBCOptions.<init>(JDBCOptions.scala:103)
[2026-03-16T02:40:24.629+0000] {subprocess.py:93} INFO - 	at org.apache.spark.sql.execution.datasources.jdbc.JDBCOptions.<init>(JDBCOptions.scala:41)
[2026-03-16T02:40:24.633+0000] {subprocess.py:93} INFO - 	at org.apache.spark.sql.execution.datasources.jdbc.JdbcRelationProvider.createRelation(JdbcRelationProvider.scala:34)
[2026-03-16T02:40:24.634+0000] {subprocess.py:93} INFO - 	at org.apache.spark.sql.execution.datasources.DataSource.resolveRelation(DataSource.scala:346)
[2026-03-16T02:40:24.635+0000] {subprocess.py:93} INFO - 	at org.apache.spark.sql.DataFrameReader.loadV1Source(DataFrameReader.scala:229)
[2026-03-16T02:40:24.636+0000] {subprocess.py:93} INFO - 	at org.apache.spark.sql.DataFrameReader.$anonfun$load$2(DataFrameReader.scala:211)
[2026-03-16T02:40:24.636+0000] {subprocess.py:93} INFO - 	at scala.Option.getOrElse(Option.scala:189)
[2026-03-16T02:40:24.637+0000] {subprocess.py:93} INFO - 	at org.apache.spark.sql.DataFrameReader.load(DataFrameReader.scala:211)
[2026-03-16T02:40:24.637+0000] {subprocess.py:93} INFO - 	at org.apache.spark.sql.DataFrameReader.load(DataFrameReader.scala:172)
[2026-03-16T02:40:24.637+0000] {subprocess.py:93} INFO - 	at java.base/jdk.internal.reflect.NativeMethodAccessorImpl.invoke0(Native Method)
[2026-03-16T02:40:24.638+0000] {subprocess.py:93} INFO - 	at java.base/jdk.internal.reflect.NativeMethodAccessorImpl.invoke(NativeMethodAccessorImpl.java:77)
[2026-03-16T02:40:24.638+0000] {subprocess.py:93} INFO - 	at java.base/jdk.internal.reflect.DelegatingMethodAccessorImpl.invoke(DelegatingMethodAccessorImpl.java:43)
[2026-03-16T02:40:24.638+0000] {subprocess.py:93} INFO - 	at java.base/java.lang.reflect.Method.invoke(Method.java:569)
[2026-03-16T02:40:24.639+0000] {subprocess.py:93} INFO - 	at py4j.reflection.MethodInvoker.invoke(MethodInvoker.java:244)
[2026-03-16T02:40:24.639+0000] {subprocess.py:93} INFO - 	at py4j.reflection.ReflectionEngine.invoke(ReflectionEngine.java:374)
[2026-03-16T02:40:24.639+0000] {subprocess.py:93} INFO - 	at py4j.Gateway.invoke(Gateway.java:282)
[2026-03-16T02:40:24.639+0000] {subprocess.py:93} INFO - 	at py4j.commands.AbstractCommand.invokeMethod(AbstractCommand.java:132)
[2026-03-16T02:40:24.640+0000] {subprocess.py:93} INFO - 	at py4j.commands.CallCommand.execute(CallCommand.java:79)
[2026-03-16T02:40:24.640+0000] {subprocess.py:93} INFO - 	at py4j.ClientServerConnection.waitForCommands(ClientServerConnection.java:182)
[2026-03-16T02:40:24.640+0000] {subprocess.py:93} INFO - 	at py4j.ClientServerConnection.run(ClientServerConnection.java:106)
[2026-03-16T02:40:24.641+0000] {subprocess.py:93} INFO - 	at java.base/java.lang.Thread.run(Thread.java:840)
[2026-03-16T02:40:24.641+0000] {subprocess.py:93} INFO - 
[2026-03-16T02:40:24.751+0000] {subprocess.py:93} INFO - 26/03/16 02:40:24 INFO SparkContext: Invoking stop() from shutdown hook
[2026-03-16T02:40:24.752+0000] {subprocess.py:93} INFO - 26/03/16 02:40:24 INFO SparkContext: SparkContext is stopping with exitCode 0.
[2026-03-16T02:40:24.775+0000] {subprocess.py:93} INFO - 26/03/16 02:40:24 INFO SparkUI: Stopped Spark web UI at http://e3430f617ad9:4040
[2026-03-16T02:40:24.799+0000] {subprocess.py:93} INFO - 26/03/16 02:40:24 INFO MapOutputTrackerMasterEndpoint: MapOutputTrackerMasterEndpoint stopped!
[2026-03-16T02:40:24.825+0000] {subprocess.py:93} INFO - 26/03/16 02:40:24 INFO MemoryStore: MemoryStore cleared
[2026-03-16T02:40:24.832+0000] {subprocess.py:93} INFO - 26/03/16 02:40:24 INFO BlockManager: BlockManager stopped
[2026-03-16T02:40:24.843+0000] {subprocess.py:93} INFO - 26/03/16 02:40:24 INFO BlockManagerMaster: BlockManagerMaster stopped
[2026-03-16T02:40:24.848+0000] {subprocess.py:93} INFO - 26/03/16 02:40:24 INFO OutputCommitCoordinator$OutputCommitCoordinatorEndpoint: OutputCommitCoordinator stopped!
[2026-03-16T02:40:24.860+0000] {subprocess.py:93} INFO - 26/03/16 02:40:24 INFO SparkContext: Successfully stopped SparkContext
[2026-03-16T02:40:24.861+0000] {subprocess.py:93} INFO - 26/03/16 02:40:24 INFO ShutdownHookManager: Shutdown hook called
[2026-03-16T02:40:24.863+0000] {subprocess.py:93} INFO - 26/03/16 02:40:24 INFO ShutdownHookManager: Deleting directory /tmp/spark-86cd8624-78ad-46d6-b9b1-7fe4b35308ae
[2026-03-16T02:40:24.871+0000] {subprocess.py:93} INFO - 26/03/16 02:40:24 INFO ShutdownHookManager: Deleting directory /tmp/spark-71903500-ce51-4de7-b404-8ee72f7503bd
[2026-03-16T02:40:24.878+0000] {subprocess.py:93} INFO - 26/03/16 02:40:24 INFO ShutdownHookManager: Deleting directory /tmp/spark-71903500-ce51-4de7-b404-8ee72f7503bd/pyspark-0d3fad71-58ad-4669-ab7d-608e7d443cfd
[2026-03-16T02:40:25.254+0000] {subprocess.py:97} INFO - Command exited with return code 1
[2026-03-16T02:40:25.269+0000] {taskinstance.py:2698} ERROR - Task failed with exception
Traceback (most recent call last):
  File "/home/airflow/.local/lib/python3.8/site-packages/airflow/models/taskinstance.py", line 433, in _execute_task
    result = execute_callable(context=context, **execute_callable_kwargs)
  File "/home/airflow/.local/lib/python3.8/site-packages/airflow/operators/bash.py", line 212, in execute
    raise AirflowException(
airflow.exceptions.AirflowException: Bash command failed. The command returned a non-zero exit code 1.
[2026-03-16T02:40:25.275+0000] {taskinstance.py:1138} INFO - Marking task as FAILED. dag_id=pipeline_gps, task_id=task_process, execution_date=20260316T023500, start_date=20260316T024008, end_date=20260316T024025
[2026-03-16T02:40:25.315+0000] {standard_task_runner.py:107} ERROR - Failed to execute job 571 for task task_process (Bash command failed. The command returned a non-zero exit code 1.; 48)
[2026-03-16T02:40:25.333+0000] {local_task_job_runner.py:234} INFO - Task exited with return code 1
[2026-03-16T02:40:25.383+0000] {taskinstance.py:3280} INFO - 0 downstream tasks scheduled from follow-on schedule check
