[2026-03-15T15:12:06.050+0000] {taskinstance.py:1956} INFO - Dependencies all met for dep_context=non-requeueable deps ti=<TaskInstance: pipeline_gps.task1_ingest scheduled__2026-03-15T15:11:00+00:00 [queued]>
[2026-03-15T15:12:06.062+0000] {taskinstance.py:1956} INFO - Dependencies all met for dep_context=requeueable deps ti=<TaskInstance: pipeline_gps.task1_ingest scheduled__2026-03-15T15:11:00+00:00 [queued]>
[2026-03-15T15:12:06.063+0000] {taskinstance.py:2170} INFO - Starting attempt 1 of 1
[2026-03-15T15:12:06.095+0000] {taskinstance.py:2191} INFO - Executing <Task(BashOperator): task1_ingest> on 2026-03-15 15:11:00+00:00
[2026-03-15T15:12:06.102+0000] {standard_task_runner.py:60} INFO - Started process 396 to run task
[2026-03-15T15:12:06.108+0000] {standard_task_runner.py:87} INFO - Running: ['airflow', 'tasks', 'run', 'pipeline_gps', 'task1_ingest', 'scheduled__2026-03-15T15:11:00+00:00', '--job-id', '315', '--raw', '--subdir', 'DAGS_FOLDER/pipeline_gps.py', '--cfg-path', '/tmp/tmp1umj_ywe']
[2026-03-15T15:12:06.112+0000] {standard_task_runner.py:88} INFO - Job 315: Subtask task1_ingest
[2026-03-15T15:12:06.201+0000] {task_command.py:423} INFO - Running <TaskInstance: pipeline_gps.task1_ingest scheduled__2026-03-15T15:11:00+00:00 [running]> on host 693df5566a25
[2026-03-15T15:12:06.326+0000] {taskinstance.py:2480} INFO - Exporting env vars: AIRFLOW_CTX_DAG_OWNER='airflow' AIRFLOW_CTX_DAG_ID='pipeline_gps' AIRFLOW_CTX_TASK_ID='task1_ingest' AIRFLOW_CTX_EXECUTION_DATE='2026-03-15T15:11:00+00:00' AIRFLOW_CTX_TRY_NUMBER='1' AIRFLOW_CTX_DAG_RUN_ID='scheduled__2026-03-15T15:11:00+00:00'
[2026-03-15T15:12:06.328+0000] {subprocess.py:63} INFO - Tmp dir root location: /tmp
[2026-03-15T15:12:06.330+0000] {subprocess.py:75} INFO - Running command: ['/usr/bin/bash', '-c', 'python /opt/airflow/ingestion/mqtt_ingestor.py']
[2026-03-15T15:12:06.346+0000] {subprocess.py:86} INFO - Output:
[2026-03-15T15:12:06.386+0000] {subprocess.py:93} INFO - Traceback (most recent call last):
[2026-03-15T15:12:06.387+0000] {subprocess.py:93} INFO -   File "/opt/airflow/ingestion/mqtt_ingestor.py", line 1, in <module>
[2026-03-15T15:12:06.388+0000] {subprocess.py:93} INFO -     import paho.mqtt.client as mqtt
[2026-03-15T15:12:06.388+0000] {subprocess.py:93} INFO - ModuleNotFoundError: No module named 'paho'
[2026-03-15T15:12:06.391+0000] {subprocess.py:97} INFO - Command exited with return code 1
[2026-03-15T15:12:06.406+0000] {taskinstance.py:2698} ERROR - Task failed with exception
Traceback (most recent call last):
  File "/home/airflow/.local/lib/python3.8/site-packages/airflow/models/taskinstance.py", line 433, in _execute_task
    result = execute_callable(context=context, **execute_callable_kwargs)
  File "/home/airflow/.local/lib/python3.8/site-packages/airflow/operators/bash.py", line 212, in execute
    raise AirflowException(
airflow.exceptions.AirflowException: Bash command failed. The command returned a non-zero exit code 1.
[2026-03-15T15:12:06.411+0000] {taskinstance.py:1138} INFO - Marking task as FAILED. dag_id=pipeline_gps, task_id=task1_ingest, execution_date=20260315T151100, start_date=20260315T151206, end_date=20260315T151206
[2026-03-15T15:12:06.439+0000] {standard_task_runner.py:107} ERROR - Failed to execute job 315 for task task1_ingest (Bash command failed. The command returned a non-zero exit code 1.; 396)
[2026-03-15T15:12:06.483+0000] {local_task_job_runner.py:234} INFO - Task exited with return code 1
[2026-03-15T15:12:06.542+0000] {taskinstance.py:3280} INFO - 0 downstream tasks scheduled from follow-on schedule check
