[2026-03-16T02:18:34.141+0000] {taskinstance.py:1956} INFO - Dependencies all met for dep_context=non-requeueable deps ti=<TaskInstance: pipeline_gps.task_process manual__2026-03-16T02:17:52.695313+00:00 [queued]>
[2026-03-16T02:18:34.176+0000] {taskinstance.py:1956} INFO - Dependencies all met for dep_context=requeueable deps ti=<TaskInstance: pipeline_gps.task_process manual__2026-03-16T02:17:52.695313+00:00 [queued]>
[2026-03-16T02:18:34.176+0000] {taskinstance.py:2170} INFO - Starting attempt 1 of 1
[2026-03-16T02:18:34.254+0000] {taskinstance.py:2191} INFO - Executing <Task(BashOperator): task_process> on 2026-03-16 02:17:52.695313+00:00
[2026-03-16T02:18:34.263+0000] {standard_task_runner.py:60} INFO - Started process 307 to run task
[2026-03-16T02:18:34.271+0000] {standard_task_runner.py:87} INFO - Running: ['airflow', 'tasks', 'run', 'pipeline_gps', 'task_process', 'manual__2026-03-16T02:17:52.695313+00:00', '--job-id', '563', '--raw', '--subdir', 'DAGS_FOLDER/pipeline_gps.py', '--cfg-path', '/tmp/tmp1ar46rel']
[2026-03-16T02:18:34.275+0000] {standard_task_runner.py:88} INFO - Job 563: Subtask task_process
[2026-03-16T02:18:34.359+0000] {task_command.py:423} INFO - Running <TaskInstance: pipeline_gps.task_process manual__2026-03-16T02:17:52.695313+00:00 [running]> on host 7a4ac054b34c
[2026-03-16T02:18:34.507+0000] {taskinstance.py:2480} INFO - Exporting env vars: AIRFLOW_CTX_DAG_OWNER='airflow' AIRFLOW_CTX_DAG_ID='pipeline_gps' AIRFLOW_CTX_TASK_ID='task_process' AIRFLOW_CTX_EXECUTION_DATE='2026-03-16T02:17:52.695313+00:00' AIRFLOW_CTX_TRY_NUMBER='1' AIRFLOW_CTX_DAG_RUN_ID='manual__2026-03-16T02:17:52.695313+00:00'
[2026-03-16T02:18:34.509+0000] {subprocess.py:63} INFO - Tmp dir root location: /tmp
[2026-03-16T02:18:34.512+0000] {subprocess.py:75} INFO - Running command: ['/usr/bin/bash', '-c', 'python /opt/airflow/spark/spark_processor.py']
[2026-03-16T02:18:34.540+0000] {subprocess.py:86} INFO - Output:
[2026-03-16T02:18:39.730+0000] {subprocess.py:93} INFO - 26/03/16 02:18:39 WARN NativeCodeLoader: Unable to load native-hadoop library for your platform... using builtin-java classes where applicable
[2026-03-16T02:18:40.194+0000] {subprocess.py:93} INFO - 26/03/16 02:18:40 WARN DependencyUtils: Local jar /tmp/airflowtmprfnkfxtc/spark/jars/postgresql-42.7.3.jar does not exist, skipping.
[2026-03-16T02:18:40.454+0000] {subprocess.py:93} INFO - 26/03/16 02:18:40 INFO SparkContext: Running Spark version 3.5.8
[2026-03-16T02:18:40.455+0000] {subprocess.py:93} INFO - 26/03/16 02:18:40 INFO SparkContext: OS info Linux, 5.15.167.4-microsoft-standard-WSL2, amd64
[2026-03-16T02:18:40.456+0000] {subprocess.py:93} INFO - 26/03/16 02:18:40 INFO SparkContext: Java version 17.0.18
[2026-03-16T02:18:40.530+0000] {subprocess.py:93} INFO - 26/03/16 02:18:40 INFO ResourceUtils: ==============================================================
[2026-03-16T02:18:40.531+0000] {subprocess.py:93} INFO - 26/03/16 02:18:40 INFO ResourceUtils: No custom resources configured for spark.driver.
[2026-03-16T02:18:40.532+0000] {subprocess.py:93} INFO - 26/03/16 02:18:40 INFO ResourceUtils: ==============================================================
[2026-03-16T02:18:40.534+0000] {subprocess.py:93} INFO - 26/03/16 02:18:40 INFO SparkContext: Submitted application: gps_processor
[2026-03-16T02:18:40.595+0000] {subprocess.py:93} INFO - 26/03/16 02:18:40 INFO ResourceProfile: Default ResourceProfile created, executor resources: Map(cores -> name: cores, amount: 1, script: , vendor: , memory -> name: memory, amount: 1024, script: , vendor: , offHeap -> name: offHeap, amount: 0, script: , vendor: ), task resources: Map(cpus -> name: cpus, amount: 1.0)
[2026-03-16T02:18:40.615+0000] {subprocess.py:93} INFO - 26/03/16 02:18:40 INFO ResourceProfile: Limiting resource is cpu
[2026-03-16T02:18:40.617+0000] {subprocess.py:93} INFO - 26/03/16 02:18:40 INFO ResourceProfileManager: Added ResourceProfile id: 0
[2026-03-16T02:18:40.896+0000] {subprocess.py:93} INFO - 26/03/16 02:18:40 INFO SecurityManager: Changing view acls to: airflow
[2026-03-16T02:18:40.911+0000] {subprocess.py:93} INFO - 26/03/16 02:18:40 INFO SecurityManager: Changing modify acls to: airflow
[2026-03-16T02:18:40.913+0000] {subprocess.py:93} INFO - 26/03/16 02:18:40 INFO SecurityManager: Changing view acls groups to:
[2026-03-16T02:18:40.929+0000] {subprocess.py:93} INFO - 26/03/16 02:18:40 INFO SecurityManager: Changing modify acls groups to:
[2026-03-16T02:18:40.931+0000] {subprocess.py:93} INFO - 26/03/16 02:18:40 INFO SecurityManager: SecurityManager: authentication disabled; ui acls disabled; users with view permissions: airflow; groups with view permissions: EMPTY; users with modify permissions: airflow; groups with modify permissions: EMPTY
[2026-03-16T02:18:42.142+0000] {subprocess.py:93} INFO - 26/03/16 02:18:42 INFO Utils: Successfully started service 'sparkDriver' on port 45637.
[2026-03-16T02:18:42.244+0000] {subprocess.py:93} INFO - 26/03/16 02:18:42 INFO SparkEnv: Registering MapOutputTracker
[2026-03-16T02:18:42.359+0000] {subprocess.py:93} INFO - 26/03/16 02:18:42 INFO SparkEnv: Registering BlockManagerMaster
[2026-03-16T02:18:42.432+0000] {subprocess.py:93} INFO - 26/03/16 02:18:42 INFO BlockManagerMasterEndpoint: Using org.apache.spark.storage.DefaultTopologyMapper for getting topology information
[2026-03-16T02:18:42.433+0000] {subprocess.py:93} INFO - 26/03/16 02:18:42 INFO BlockManagerMasterEndpoint: BlockManagerMasterEndpoint up
[2026-03-16T02:18:42.445+0000] {subprocess.py:93} INFO - 26/03/16 02:18:42 INFO SparkEnv: Registering BlockManagerMasterHeartbeat
[2026-03-16T02:18:42.514+0000] {subprocess.py:93} INFO - 26/03/16 02:18:42 INFO DiskBlockManager: Created local directory at /tmp/blockmgr-7c7132ea-dea6-4004-a6e9-bea49a4311ad
[2026-03-16T02:18:42.552+0000] {subprocess.py:93} INFO - 26/03/16 02:18:42 INFO MemoryStore: MemoryStore started with capacity 434.4 MiB
[2026-03-16T02:18:42.592+0000] {subprocess.py:93} INFO - 26/03/16 02:18:42 INFO SparkEnv: Registering OutputCommitCoordinator
[2026-03-16T02:18:42.915+0000] {subprocess.py:93} INFO - 26/03/16 02:18:42 INFO JettyUtils: Start Jetty 0.0.0.0:4040 for SparkUI
[2026-03-16T02:18:43.080+0000] {subprocess.py:93} INFO - 26/03/16 02:18:43 INFO Utils: Successfully started service 'SparkUI' on port 4040.
[2026-03-16T02:18:43.192+0000] {subprocess.py:93} INFO - 26/03/16 02:18:43 ERROR SparkContext: Failed to add spark/jars/postgresql-42.7.3.jar to Spark environment
[2026-03-16T02:18:43.193+0000] {subprocess.py:93} INFO - java.io.FileNotFoundException: Jar /tmp/airflowtmprfnkfxtc/spark/jars/postgresql-42.7.3.jar not found
[2026-03-16T02:18:43.193+0000] {subprocess.py:93} INFO - 	at org.apache.spark.SparkContext.addLocalJarFile$1(SparkContext.scala:2095)
[2026-03-16T02:18:43.193+0000] {subprocess.py:93} INFO - 	at org.apache.spark.SparkContext.addJar(SparkContext.scala:2151)
[2026-03-16T02:18:43.194+0000] {subprocess.py:93} INFO - 	at org.apache.spark.SparkContext.$anonfun$new$15(SparkContext.scala:521)
[2026-03-16T02:18:43.194+0000] {subprocess.py:93} INFO - 	at org.apache.spark.SparkContext.$anonfun$new$15$adapted(SparkContext.scala:521)
[2026-03-16T02:18:43.194+0000] {subprocess.py:93} INFO - 	at scala.collection.mutable.ResizableArray.foreach(ResizableArray.scala:62)
[2026-03-16T02:18:43.194+0000] {subprocess.py:93} INFO - 	at scala.collection.mutable.ResizableArray.foreach$(ResizableArray.scala:55)
[2026-03-16T02:18:43.195+0000] {subprocess.py:93} INFO - 	at scala.collection.mutable.ArrayBuffer.foreach(ArrayBuffer.scala:49)
[2026-03-16T02:18:43.195+0000] {subprocess.py:93} INFO - 	at org.apache.spark.SparkContext.<init>(SparkContext.scala:521)
[2026-03-16T02:18:43.195+0000] {subprocess.py:93} INFO - 	at org.apache.spark.api.java.JavaSparkContext.<init>(JavaSparkContext.scala:58)
[2026-03-16T02:18:43.195+0000] {subprocess.py:93} INFO - 	at java.base/jdk.internal.reflect.NativeConstructorAccessorImpl.newInstance0(Native Method)
[2026-03-16T02:18:43.195+0000] {subprocess.py:93} INFO - 	at java.base/jdk.internal.reflect.NativeConstructorAccessorImpl.newInstance(NativeConstructorAccessorImpl.java:77)
[2026-03-16T02:18:43.196+0000] {subprocess.py:93} INFO - 	at java.base/jdk.internal.reflect.DelegatingConstructorAccessorImpl.newInstance(DelegatingConstructorAccessorImpl.java:45)
[2026-03-16T02:18:43.196+0000] {subprocess.py:93} INFO - 	at java.base/java.lang.reflect.Constructor.newInstanceWithCaller(Constructor.java:500)
[2026-03-16T02:18:43.197+0000] {subprocess.py:93} INFO - 	at java.base/java.lang.reflect.Constructor.newInstance(Constructor.java:481)
[2026-03-16T02:18:43.197+0000] {subprocess.py:93} INFO - 	at py4j.reflection.MethodInvoker.invoke(MethodInvoker.java:247)
[2026-03-16T02:18:43.197+0000] {subprocess.py:93} INFO - 	at py4j.reflection.ReflectionEngine.invoke(ReflectionEngine.java:374)
[2026-03-16T02:18:43.197+0000] {subprocess.py:93} INFO - 	at py4j.Gateway.invoke(Gateway.java:238)
[2026-03-16T02:18:43.198+0000] {subprocess.py:93} INFO - 	at py4j.commands.ConstructorCommand.invokeConstructor(ConstructorCommand.java:80)
[2026-03-16T02:18:43.198+0000] {subprocess.py:93} INFO - 	at py4j.commands.ConstructorCommand.execute(ConstructorCommand.java:69)
[2026-03-16T02:18:43.198+0000] {subprocess.py:93} INFO - 	at py4j.ClientServerConnection.waitForCommands(ClientServerConnection.java:182)
[2026-03-16T02:18:43.199+0000] {subprocess.py:93} INFO - 	at py4j.ClientServerConnection.run(ClientServerConnection.java:106)
[2026-03-16T02:18:43.199+0000] {subprocess.py:93} INFO - 	at java.base/java.lang.Thread.run(Thread.java:840)
[2026-03-16T02:18:43.398+0000] {subprocess.py:93} INFO - 26/03/16 02:18:43 INFO Executor: Starting executor ID driver on host 7a4ac054b34c
[2026-03-16T02:18:43.399+0000] {subprocess.py:93} INFO - 26/03/16 02:18:43 INFO Executor: OS info Linux, 5.15.167.4-microsoft-standard-WSL2, amd64
[2026-03-16T02:18:43.400+0000] {subprocess.py:93} INFO - 26/03/16 02:18:43 INFO Executor: Java version 17.0.18
[2026-03-16T02:18:43.421+0000] {subprocess.py:93} INFO - 26/03/16 02:18:43 INFO Executor: Starting executor with user classpath (userClassPathFirst = false): ''
[2026-03-16T02:18:43.424+0000] {subprocess.py:93} INFO - 26/03/16 02:18:43 INFO Executor: Created or updated repl class loader org.apache.spark.util.MutableURLClassLoader@19060410 for default.
[2026-03-16T02:18:43.562+0000] {subprocess.py:93} INFO - 26/03/16 02:18:43 INFO Utils: Successfully started service 'org.apache.spark.network.netty.NettyBlockTransferService' on port 37805.
[2026-03-16T02:18:43.564+0000] {subprocess.py:93} INFO - 26/03/16 02:18:43 INFO NettyBlockTransferService: Server created on 7a4ac054b34c:37805
[2026-03-16T02:18:43.576+0000] {subprocess.py:93} INFO - 26/03/16 02:18:43 INFO BlockManager: Using org.apache.spark.storage.RandomBlockReplicationPolicy for block replication policy
[2026-03-16T02:18:43.605+0000] {subprocess.py:93} INFO - 26/03/16 02:18:43 INFO BlockManagerMaster: Registering BlockManager BlockManagerId(driver, 7a4ac054b34c, 37805, None)
[2026-03-16T02:18:43.620+0000] {subprocess.py:93} INFO - 26/03/16 02:18:43 INFO BlockManagerMasterEndpoint: Registering block manager 7a4ac054b34c:37805 with 434.4 MiB RAM, BlockManagerId(driver, 7a4ac054b34c, 37805, None)
[2026-03-16T02:18:43.631+0000] {subprocess.py:93} INFO - 26/03/16 02:18:43 INFO BlockManagerMaster: Registered BlockManager BlockManagerId(driver, 7a4ac054b34c, 37805, None)
[2026-03-16T02:18:43.635+0000] {subprocess.py:93} INFO - 26/03/16 02:18:43 INFO BlockManager: Initialized BlockManager: BlockManagerId(driver, 7a4ac054b34c, 37805, None)
[2026-03-16T02:18:45.244+0000] {subprocess.py:93} INFO - 26/03/16 02:18:45 INFO SharedState: Setting hive.metastore.warehouse.dir ('null') to the value of spark.sql.warehouse.dir.
[2026-03-16T02:18:45.253+0000] {subprocess.py:93} INFO - 26/03/16 02:18:45 INFO SharedState: Warehouse path is 'file:/tmp/airflowtmprfnkfxtc/spark-warehouse'.
[2026-03-16T02:18:48.814+0000] {subprocess.py:93} INFO - Traceback (most recent call last):
[2026-03-16T02:18:48.815+0000] {subprocess.py:93} INFO -   File "/opt/airflow/spark/spark_processor.py", line 21, in <module>
[2026-03-16T02:18:48.815+0000] {subprocess.py:93} INFO -     df = spark.read \
[2026-03-16T02:18:48.815+0000] {subprocess.py:93} INFO -   File "/home/airflow/.local/lib/python3.8/site-packages/pyspark/sql/readwriter.py", line 314, in load
[2026-03-16T02:18:48.816+0000] {subprocess.py:93} INFO -     return self._df(self._jreader.load())
[2026-03-16T02:18:48.816+0000] {subprocess.py:93} INFO -   File "/home/airflow/.local/lib/python3.8/site-packages/py4j/java_gateway.py", line 1362, in __call__
[2026-03-16T02:18:48.816+0000] {subprocess.py:93} INFO -     return_value = get_return_value(
[2026-03-16T02:18:48.816+0000] {subprocess.py:93} INFO -   File "/home/airflow/.local/lib/python3.8/site-packages/pyspark/errors/exceptions/captured.py", line 179, in deco
[2026-03-16T02:18:48.817+0000] {subprocess.py:93} INFO -     return f(*a, **kw)
[2026-03-16T02:18:48.817+0000] {subprocess.py:93} INFO -   File "/home/airflow/.local/lib/python3.8/site-packages/py4j/protocol.py", line 327, in get_return_value
[2026-03-16T02:18:48.817+0000] {subprocess.py:93} INFO -     raise Py4JJavaError(
[2026-03-16T02:18:48.818+0000] {subprocess.py:93} INFO - py4j.protocol.Py4JJavaError: An error occurred while calling o34.load.
[2026-03-16T02:18:48.818+0000] {subprocess.py:93} INFO - : java.lang.ClassNotFoundException: org.postgresql.Driver
[2026-03-16T02:18:48.818+0000] {subprocess.py:93} INFO - 	at java.base/java.net.URLClassLoader.findClass(URLClassLoader.java:445)
[2026-03-16T02:18:48.818+0000] {subprocess.py:93} INFO - 	at java.base/java.lang.ClassLoader.loadClass(ClassLoader.java:592)
[2026-03-16T02:18:48.819+0000] {subprocess.py:93} INFO - 	at java.base/java.lang.ClassLoader.loadClass(ClassLoader.java:525)
[2026-03-16T02:18:48.819+0000] {subprocess.py:93} INFO - 	at org.apache.spark.sql.execution.datasources.jdbc.DriverRegistry$.register(DriverRegistry.scala:46)
[2026-03-16T02:18:48.819+0000] {subprocess.py:93} INFO - 	at org.apache.spark.sql.execution.datasources.jdbc.JDBCOptions.$anonfun$driverClass$1(JDBCOptions.scala:103)
[2026-03-16T02:18:48.819+0000] {subprocess.py:93} INFO - 	at org.apache.spark.sql.execution.datasources.jdbc.JDBCOptions.$anonfun$driverClass$1$adapted(JDBCOptions.scala:103)
[2026-03-16T02:18:48.819+0000] {subprocess.py:93} INFO - 	at scala.Option.foreach(Option.scala:407)
[2026-03-16T02:18:48.820+0000] {subprocess.py:93} INFO - 	at org.apache.spark.sql.execution.datasources.jdbc.JDBCOptions.<init>(JDBCOptions.scala:103)
[2026-03-16T02:18:48.820+0000] {subprocess.py:93} INFO - 	at org.apache.spark.sql.execution.datasources.jdbc.JDBCOptions.<init>(JDBCOptions.scala:41)
[2026-03-16T02:18:48.820+0000] {subprocess.py:93} INFO - 	at org.apache.spark.sql.execution.datasources.jdbc.JdbcRelationProvider.createRelation(JdbcRelationProvider.scala:34)
[2026-03-16T02:18:48.820+0000] {subprocess.py:93} INFO - 	at org.apache.spark.sql.execution.datasources.DataSource.resolveRelation(DataSource.scala:346)
[2026-03-16T02:18:48.821+0000] {subprocess.py:93} INFO - 	at org.apache.spark.sql.DataFrameReader.loadV1Source(DataFrameReader.scala:229)
[2026-03-16T02:18:48.821+0000] {subprocess.py:93} INFO - 	at org.apache.spark.sql.DataFrameReader.$anonfun$load$2(DataFrameReader.scala:211)
[2026-03-16T02:18:48.821+0000] {subprocess.py:93} INFO - 	at scala.Option.getOrElse(Option.scala:189)
[2026-03-16T02:18:48.821+0000] {subprocess.py:93} INFO - 	at org.apache.spark.sql.DataFrameReader.load(DataFrameReader.scala:211)
[2026-03-16T02:18:48.822+0000] {subprocess.py:93} INFO - 	at org.apache.spark.sql.DataFrameReader.load(DataFrameReader.scala:172)
[2026-03-16T02:18:48.822+0000] {subprocess.py:93} INFO - 	at java.base/jdk.internal.reflect.NativeMethodAccessorImpl.invoke0(Native Method)
[2026-03-16T02:18:48.823+0000] {subprocess.py:93} INFO - 	at java.base/jdk.internal.reflect.NativeMethodAccessorImpl.invoke(NativeMethodAccessorImpl.java:77)
[2026-03-16T02:18:48.824+0000] {subprocess.py:93} INFO - 	at java.base/jdk.internal.reflect.DelegatingMethodAccessorImpl.invoke(DelegatingMethodAccessorImpl.java:43)
[2026-03-16T02:18:48.825+0000] {subprocess.py:93} INFO - 	at java.base/java.lang.reflect.Method.invoke(Method.java:569)
[2026-03-16T02:18:48.825+0000] {subprocess.py:93} INFO - 	at py4j.reflection.MethodInvoker.invoke(MethodInvoker.java:244)
[2026-03-16T02:18:48.826+0000] {subprocess.py:93} INFO - 	at py4j.reflection.ReflectionEngine.invoke(ReflectionEngine.java:374)
[2026-03-16T02:18:48.826+0000] {subprocess.py:93} INFO - 	at py4j.Gateway.invoke(Gateway.java:282)
[2026-03-16T02:18:48.826+0000] {subprocess.py:93} INFO - 	at py4j.commands.AbstractCommand.invokeMethod(AbstractCommand.java:132)
[2026-03-16T02:18:48.826+0000] {subprocess.py:93} INFO - 	at py4j.commands.CallCommand.execute(CallCommand.java:79)
[2026-03-16T02:18:48.827+0000] {subprocess.py:93} INFO - 	at py4j.ClientServerConnection.waitForCommands(ClientServerConnection.java:182)
[2026-03-16T02:18:48.827+0000] {subprocess.py:93} INFO - 	at py4j.ClientServerConnection.run(ClientServerConnection.java:106)
[2026-03-16T02:18:48.827+0000] {subprocess.py:93} INFO - 	at java.base/java.lang.Thread.run(Thread.java:840)
[2026-03-16T02:18:48.827+0000] {subprocess.py:93} INFO - 
[2026-03-16T02:18:48.951+0000] {subprocess.py:93} INFO - 26/03/16 02:18:48 INFO SparkContext: Invoking stop() from shutdown hook
[2026-03-16T02:18:48.952+0000] {subprocess.py:93} INFO - 26/03/16 02:18:48 INFO SparkContext: SparkContext is stopping with exitCode 0.
[2026-03-16T02:18:48.978+0000] {subprocess.py:93} INFO - 26/03/16 02:18:48 INFO SparkUI: Stopped Spark web UI at http://7a4ac054b34c:4040
[2026-03-16T02:18:49.006+0000] {subprocess.py:93} INFO - 26/03/16 02:18:49 INFO MapOutputTrackerMasterEndpoint: MapOutputTrackerMasterEndpoint stopped!
[2026-03-16T02:18:49.045+0000] {subprocess.py:93} INFO - 26/03/16 02:18:49 INFO MemoryStore: MemoryStore cleared
[2026-03-16T02:18:49.046+0000] {subprocess.py:93} INFO - 26/03/16 02:18:49 INFO BlockManager: BlockManager stopped
[2026-03-16T02:18:49.059+0000] {subprocess.py:93} INFO - 26/03/16 02:18:49 INFO BlockManagerMaster: BlockManagerMaster stopped
[2026-03-16T02:18:49.066+0000] {subprocess.py:93} INFO - 26/03/16 02:18:49 INFO OutputCommitCoordinator$OutputCommitCoordinatorEndpoint: OutputCommitCoordinator stopped!
[2026-03-16T02:18:49.085+0000] {subprocess.py:93} INFO - 26/03/16 02:18:49 INFO SparkContext: Successfully stopped SparkContext
[2026-03-16T02:18:49.086+0000] {subprocess.py:93} INFO - 26/03/16 02:18:49 INFO ShutdownHookManager: Shutdown hook called
[2026-03-16T02:18:49.088+0000] {subprocess.py:93} INFO - 26/03/16 02:18:49 INFO ShutdownHookManager: Deleting directory /tmp/spark-f02d16b8-231c-431d-96c0-0fdad58065a2
[2026-03-16T02:18:49.094+0000] {subprocess.py:93} INFO - 26/03/16 02:18:49 INFO ShutdownHookManager: Deleting directory /tmp/spark-ef9b0aba-27e5-4ee9-94e4-d520593fa1d0/pyspark-b8962d0a-7ff6-416d-baca-78ebe2caf731
[2026-03-16T02:18:49.102+0000] {subprocess.py:93} INFO - 26/03/16 02:18:49 INFO ShutdownHookManager: Deleting directory /tmp/spark-ef9b0aba-27e5-4ee9-94e4-d520593fa1d0
[2026-03-16T02:18:49.558+0000] {subprocess.py:97} INFO - Command exited with return code 1
[2026-03-16T02:18:49.609+0000] {taskinstance.py:2698} ERROR - Task failed with exception
Traceback (most recent call last):
  File "/home/airflow/.local/lib/python3.8/site-packages/airflow/models/taskinstance.py", line 433, in _execute_task
    result = execute_callable(context=context, **execute_callable_kwargs)
  File "/home/airflow/.local/lib/python3.8/site-packages/airflow/operators/bash.py", line 212, in execute
    raise AirflowException(
airflow.exceptions.AirflowException: Bash command failed. The command returned a non-zero exit code 1.
[2026-03-16T02:18:49.628+0000] {taskinstance.py:1138} INFO - Marking task as FAILED. dag_id=pipeline_gps, task_id=task_process, execution_date=20260316T021752, start_date=20260316T021834, end_date=20260316T021849
[2026-03-16T02:18:49.687+0000] {standard_task_runner.py:107} ERROR - Failed to execute job 563 for task task_process (Bash command failed. The command returned a non-zero exit code 1.; 307)
[2026-03-16T02:18:49.723+0000] {local_task_job_runner.py:234} INFO - Task exited with return code 1
[2026-03-16T02:18:49.758+0000] {taskinstance.py:3280} INFO - 0 downstream tasks scheduled from follow-on schedule check
