[2026-03-15T00:45:07.121+0000] {taskinstance.py:1956} INFO - Dependencies all met for dep_context=non-requeueable deps ti=<TaskInstance: pipeline_gps.task1_ingest scheduled__2026-03-15T00:44:00+00:00 [queued]>
[2026-03-15T00:45:07.136+0000] {taskinstance.py:1956} INFO - Dependencies all met for dep_context=requeueable deps ti=<TaskInstance: pipeline_gps.task1_ingest scheduled__2026-03-15T00:44:00+00:00 [queued]>
[2026-03-15T00:45:07.137+0000] {taskinstance.py:2170} INFO - Starting attempt 1 of 1
[2026-03-15T00:45:07.180+0000] {taskinstance.py:2191} INFO - Executing <Task(BashOperator): task1_ingest> on 2026-03-15 00:44:00+00:00
[2026-03-15T00:45:07.187+0000] {standard_task_runner.py:60} INFO - Started process 108 to run task
[2026-03-15T00:45:07.195+0000] {standard_task_runner.py:87} INFO - Running: ['airflow', 'tasks', 'run', 'pipeline_gps', 'task1_ingest', 'scheduled__2026-03-15T00:44:00+00:00', '--job-id', '70', '--raw', '--subdir', 'DAGS_FOLDER/pipeline_gps.py', '--cfg-path', '/tmp/tmp2l3o5b6y']
[2026-03-15T00:45:07.199+0000] {standard_task_runner.py:88} INFO - Job 70: Subtask task1_ingest
[2026-03-15T00:45:07.305+0000] {task_command.py:423} INFO - Running <TaskInstance: pipeline_gps.task1_ingest scheduled__2026-03-15T00:44:00+00:00 [running]> on host 693df5566a25
[2026-03-15T00:45:07.445+0000] {taskinstance.py:2480} INFO - Exporting env vars: AIRFLOW_CTX_DAG_OWNER='airflow' AIRFLOW_CTX_DAG_ID='pipeline_gps' AIRFLOW_CTX_TASK_ID='task1_ingest' AIRFLOW_CTX_EXECUTION_DATE='2026-03-15T00:44:00+00:00' AIRFLOW_CTX_TRY_NUMBER='1' AIRFLOW_CTX_DAG_RUN_ID='scheduled__2026-03-15T00:44:00+00:00'
[2026-03-15T00:45:07.447+0000] {subprocess.py:63} INFO - Tmp dir root location: /tmp
[2026-03-15T00:45:07.449+0000] {subprocess.py:75} INFO - Running command: ['/usr/bin/bash', '-c', 'python /opt/airflow/ingestion/mqtt_ingestor.py']
[2026-03-15T00:45:07.466+0000] {subprocess.py:86} INFO - Output:
[2026-03-15T00:45:07.537+0000] {subprocess.py:93} INFO - Traceback (most recent call last):
[2026-03-15T00:45:07.538+0000] {subprocess.py:93} INFO -   File "/opt/airflow/ingestion/mqtt_ingestor.py", line 1, in <module>
[2026-03-15T00:45:07.538+0000] {subprocess.py:93} INFO -     import paho.mqtt.client as mqtt
[2026-03-15T00:45:07.539+0000] {subprocess.py:93} INFO - ModuleNotFoundError: No module named 'paho'
[2026-03-15T00:45:07.542+0000] {subprocess.py:97} INFO - Command exited with return code 1
[2026-03-15T00:45:07.558+0000] {taskinstance.py:2698} ERROR - Task failed with exception
Traceback (most recent call last):
  File "/home/airflow/.local/lib/python3.8/site-packages/airflow/models/taskinstance.py", line 433, in _execute_task
    result = execute_callable(context=context, **execute_callable_kwargs)
  File "/home/airflow/.local/lib/python3.8/site-packages/airflow/operators/bash.py", line 212, in execute
    raise AirflowException(
airflow.exceptions.AirflowException: Bash command failed. The command returned a non-zero exit code 1.
[2026-03-15T00:45:07.563+0000] {taskinstance.py:1138} INFO - Marking task as FAILED. dag_id=pipeline_gps, task_id=task1_ingest, execution_date=20260315T004400, start_date=20260315T004507, end_date=20260315T004507
[2026-03-15T00:45:07.593+0000] {standard_task_runner.py:107} ERROR - Failed to execute job 70 for task task1_ingest (Bash command failed. The command returned a non-zero exit code 1.; 108)
[2026-03-15T00:45:07.609+0000] {local_task_job_runner.py:234} INFO - Task exited with return code 1
[2026-03-15T00:45:07.657+0000] {taskinstance.py:3280} INFO - 0 downstream tasks scheduled from follow-on schedule check
