[2026-03-16T03:25:15.028+0000] {taskinstance.py:1956} INFO - Dependencies all met for dep_context=non-requeueable deps ti=<TaskInstance: pipeline_gps.task_process scheduled__2026-03-16T03:20:00+00:00 [queued]>
[2026-03-16T03:25:15.049+0000] {taskinstance.py:1956} INFO - Dependencies all met for dep_context=requeueable deps ti=<TaskInstance: pipeline_gps.task_process scheduled__2026-03-16T03:20:00+00:00 [queued]>
[2026-03-16T03:25:15.050+0000] {taskinstance.py:2170} INFO - Starting attempt 1 of 1
[2026-03-16T03:25:15.104+0000] {taskinstance.py:2191} INFO - Executing <Task(BashOperator): task_process> on 2026-03-16 03:20:00+00:00
[2026-03-16T03:25:15.122+0000] {standard_task_runner.py:60} INFO - Started process 845 to run task
[2026-03-16T03:25:15.136+0000] {standard_task_runner.py:87} INFO - Running: ['airflow', 'tasks', 'run', 'pipeline_gps', 'task_process', 'scheduled__2026-03-16T03:20:00+00:00', '--job-id', '583', '--raw', '--subdir', 'DAGS_FOLDER/pipeline_gps.py', '--cfg-path', '/tmp/tmp8mz7qjty']
[2026-03-16T03:25:15.142+0000] {standard_task_runner.py:88} INFO - Job 583: Subtask task_process
[2026-03-16T03:25:15.339+0000] {task_command.py:423} INFO - Running <TaskInstance: pipeline_gps.task_process scheduled__2026-03-16T03:20:00+00:00 [running]> on host e3430f617ad9
[2026-03-16T03:25:15.685+0000] {taskinstance.py:2480} INFO - Exporting env vars: AIRFLOW_CTX_DAG_OWNER='airflow' AIRFLOW_CTX_DAG_ID='pipeline_gps' AIRFLOW_CTX_TASK_ID='task_process' AIRFLOW_CTX_EXECUTION_DATE='2026-03-16T03:20:00+00:00' AIRFLOW_CTX_TRY_NUMBER='1' AIRFLOW_CTX_DAG_RUN_ID='scheduled__2026-03-16T03:20:00+00:00'
[2026-03-16T03:25:15.689+0000] {subprocess.py:63} INFO - Tmp dir root location: /tmp
[2026-03-16T03:25:15.695+0000] {subprocess.py:75} INFO - Running command: ['/usr/bin/bash', '-c', 'python /opt/airflow/spark/spark_processor.py']
[2026-03-16T03:25:15.741+0000] {subprocess.py:86} INFO - Output:
[2026-03-16T03:25:36.200+0000] {subprocess.py:93} INFO - 26/03/16 03:25:36 WARN NativeCodeLoader: Unable to load native-hadoop library for your platform... using builtin-java classes where applicable
[2026-03-16T03:25:37.971+0000] {subprocess.py:93} INFO - 26/03/16 03:25:37 WARN DependencyUtils: Local jar /tmp/airflowtmpqrytnw6d/spark/jars/postgresql-42.7.3.jar does not exist, skipping.
[2026-03-16T03:25:39.716+0000] {subprocess.py:93} INFO - 26/03/16 03:25:39 INFO SparkContext: Running Spark version 3.5.8
[2026-03-16T03:25:39.740+0000] {subprocess.py:93} INFO - 26/03/16 03:25:39 INFO SparkContext: OS info Linux, 5.15.167.4-microsoft-standard-WSL2, amd64
[2026-03-16T03:25:39.740+0000] {subprocess.py:93} INFO - 26/03/16 03:25:39 INFO SparkContext: Java version 17.0.18
[2026-03-16T03:25:39.912+0000] {subprocess.py:93} INFO - 26/03/16 03:25:39 INFO ResourceUtils: ==============================================================
[2026-03-16T03:25:39.930+0000] {subprocess.py:93} INFO - 26/03/16 03:25:39 INFO ResourceUtils: No custom resources configured for spark.driver.
[2026-03-16T03:25:39.930+0000] {subprocess.py:93} INFO - 26/03/16 03:25:39 INFO ResourceUtils: ==============================================================
[2026-03-16T03:25:39.932+0000] {subprocess.py:93} INFO - 26/03/16 03:25:39 INFO SparkContext: Submitted application: gps_processor
[2026-03-16T03:25:40.160+0000] {subprocess.py:93} INFO - 26/03/16 03:25:40 INFO ResourceProfile: Default ResourceProfile created, executor resources: Map(cores -> name: cores, amount: 1, script: , vendor: , memory -> name: memory, amount: 1024, script: , vendor: , offHeap -> name: offHeap, amount: 0, script: , vendor: ), task resources: Map(cpus -> name: cpus, amount: 1.0)
[2026-03-16T03:25:40.356+0000] {subprocess.py:93} INFO - 26/03/16 03:25:40 INFO ResourceProfile: Limiting resource is cpu
[2026-03-16T03:25:40.376+0000] {subprocess.py:93} INFO - 26/03/16 03:25:40 INFO ResourceProfileManager: Added ResourceProfile id: 0
[2026-03-16T03:25:41.957+0000] {subprocess.py:93} INFO - 26/03/16 03:25:41 INFO SecurityManager: Changing view acls to: airflow
[2026-03-16T03:25:41.987+0000] {subprocess.py:93} INFO - 26/03/16 03:25:41 INFO SecurityManager: Changing modify acls to: airflow
[2026-03-16T03:25:41.988+0000] {subprocess.py:93} INFO - 26/03/16 03:25:41 INFO SecurityManager: Changing view acls groups to:
[2026-03-16T03:25:41.989+0000] {subprocess.py:93} INFO - 26/03/16 03:25:41 INFO SecurityManager: Changing modify acls groups to:
[2026-03-16T03:25:42.002+0000] {subprocess.py:93} INFO - 26/03/16 03:25:41 INFO SecurityManager: SecurityManager: authentication disabled; ui acls disabled; users with view permissions: airflow; groups with view permissions: EMPTY; users with modify permissions: airflow; groups with modify permissions: EMPTY
[2026-03-16T03:25:55.524+0000] {subprocess.py:93} INFO - 26/03/16 03:25:55 INFO Utils: Successfully started service 'sparkDriver' on port 44521.
[2026-03-16T03:25:55.895+0000] {subprocess.py:93} INFO - 26/03/16 03:25:55 INFO SparkEnv: Registering MapOutputTracker
[2026-03-16T03:25:56.164+0000] {subprocess.py:93} INFO - 26/03/16 03:25:56 INFO SparkEnv: Registering BlockManagerMaster
[2026-03-16T03:25:56.263+0000] {subprocess.py:93} INFO - 26/03/16 03:25:56 INFO BlockManagerMasterEndpoint: Using org.apache.spark.storage.DefaultTopologyMapper for getting topology information
[2026-03-16T03:25:56.263+0000] {subprocess.py:93} INFO - 26/03/16 03:25:56 INFO BlockManagerMasterEndpoint: BlockManagerMasterEndpoint up
[2026-03-16T03:25:56.283+0000] {subprocess.py:93} INFO - 26/03/16 03:25:56 INFO SparkEnv: Registering BlockManagerMasterHeartbeat
[2026-03-16T03:25:58.436+0000] {subprocess.py:93} INFO - 26/03/16 03:25:58 INFO DiskBlockManager: Created local directory at /tmp/blockmgr-dbd36923-4835-44e8-b6a4-6c627469d419
[2026-03-16T03:25:58.506+0000] {subprocess.py:93} INFO - 26/03/16 03:25:58 INFO MemoryStore: MemoryStore started with capacity 434.4 MiB
[2026-03-16T03:25:58.591+0000] {subprocess.py:93} INFO - 26/03/16 03:25:58 INFO SparkEnv: Registering OutputCommitCoordinator
[2026-03-16T03:25:58.332+0000] {subprocess.py:93} INFO - 26/03/16 03:25:58 INFO JettyUtils: Start Jetty 0.0.0.0:4040 for SparkUI
[2026-03-16T03:25:59.398+0000] {subprocess.py:93} INFO - 26/03/16 03:25:59 INFO Utils: Successfully started service 'SparkUI' on port 4040.
[2026-03-16T03:25:59.801+0000] {subprocess.py:93} INFO - 26/03/16 03:25:59 ERROR SparkContext: Failed to add spark/jars/postgresql-42.7.3.jar to Spark environment
[2026-03-16T03:25:59.802+0000] {subprocess.py:93} INFO - java.io.FileNotFoundException: Jar /tmp/airflowtmpqrytnw6d/spark/jars/postgresql-42.7.3.jar not found
[2026-03-16T03:25:59.802+0000] {subprocess.py:93} INFO - 	at org.apache.spark.SparkContext.addLocalJarFile$1(SparkContext.scala:2095)
[2026-03-16T03:25:59.803+0000] {subprocess.py:93} INFO - 	at org.apache.spark.SparkContext.addJar(SparkContext.scala:2151)
[2026-03-16T03:25:59.803+0000] {subprocess.py:93} INFO - 	at org.apache.spark.SparkContext.$anonfun$new$15(SparkContext.scala:521)
[2026-03-16T03:25:59.804+0000] {subprocess.py:93} INFO - 	at org.apache.spark.SparkContext.$anonfun$new$15$adapted(SparkContext.scala:521)
[2026-03-16T03:25:59.804+0000] {subprocess.py:93} INFO - 	at scala.collection.mutable.ResizableArray.foreach(ResizableArray.scala:62)
[2026-03-16T03:25:59.804+0000] {subprocess.py:93} INFO - 	at scala.collection.mutable.ResizableArray.foreach$(ResizableArray.scala:55)
[2026-03-16T03:25:59.809+0000] {subprocess.py:93} INFO - 	at scala.collection.mutable.ArrayBuffer.foreach(ArrayBuffer.scala:49)
[2026-03-16T03:25:59.809+0000] {subprocess.py:93} INFO - 	at org.apache.spark.SparkContext.<init>(SparkContext.scala:521)
[2026-03-16T03:25:59.810+0000] {subprocess.py:93} INFO - 	at org.apache.spark.api.java.JavaSparkContext.<init>(JavaSparkContext.scala:58)
[2026-03-16T03:25:59.810+0000] {subprocess.py:93} INFO - 	at java.base/jdk.internal.reflect.NativeConstructorAccessorImpl.newInstance0(Native Method)
[2026-03-16T03:25:59.812+0000] {subprocess.py:93} INFO - 	at java.base/jdk.internal.reflect.NativeConstructorAccessorImpl.newInstance(NativeConstructorAccessorImpl.java:77)
[2026-03-16T03:25:59.812+0000] {subprocess.py:93} INFO - 	at java.base/jdk.internal.reflect.DelegatingConstructorAccessorImpl.newInstance(DelegatingConstructorAccessorImpl.java:45)
[2026-03-16T03:25:59.813+0000] {subprocess.py:93} INFO - 	at java.base/java.lang.reflect.Constructor.newInstanceWithCaller(Constructor.java:500)
[2026-03-16T03:25:59.813+0000] {subprocess.py:93} INFO - 	at java.base/java.lang.reflect.Constructor.newInstance(Constructor.java:481)
[2026-03-16T03:25:59.813+0000] {subprocess.py:93} INFO - 	at py4j.reflection.MethodInvoker.invoke(MethodInvoker.java:247)
[2026-03-16T03:25:59.820+0000] {subprocess.py:93} INFO - 	at py4j.reflection.ReflectionEngine.invoke(ReflectionEngine.java:374)
[2026-03-16T03:25:59.821+0000] {subprocess.py:93} INFO - 	at py4j.Gateway.invoke(Gateway.java:238)
[2026-03-16T03:25:59.825+0000] {subprocess.py:93} INFO - 	at py4j.commands.ConstructorCommand.invokeConstructor(ConstructorCommand.java:80)
[2026-03-16T03:25:59.825+0000] {subprocess.py:93} INFO - 	at py4j.commands.ConstructorCommand.execute(ConstructorCommand.java:69)
[2026-03-16T03:25:59.826+0000] {subprocess.py:93} INFO - 	at py4j.ClientServerConnection.waitForCommands(ClientServerConnection.java:182)
[2026-03-16T03:25:59.826+0000] {subprocess.py:93} INFO - 	at py4j.ClientServerConnection.run(ClientServerConnection.java:106)
[2026-03-16T03:25:59.827+0000] {subprocess.py:93} INFO - 	at java.base/java.lang.Thread.run(Thread.java:840)
[2026-03-16T03:26:00.888+0000] {subprocess.py:93} INFO - 26/03/16 03:26:00 INFO Executor: Starting executor ID driver on host e3430f617ad9
[2026-03-16T03:26:00.889+0000] {subprocess.py:93} INFO - 26/03/16 03:26:00 INFO Executor: OS info Linux, 5.15.167.4-microsoft-standard-WSL2, amd64
[2026-03-16T03:26:00.890+0000] {subprocess.py:93} INFO - 26/03/16 03:26:00 INFO Executor: Java version 17.0.18
[2026-03-16T03:26:01.066+0000] {subprocess.py:93} INFO - 26/03/16 03:26:01 INFO Executor: Starting executor with user classpath (userClassPathFirst = false): ''
[2026-03-16T03:26:01.083+0000] {subprocess.py:93} INFO - 26/03/16 03:26:01 INFO Executor: Created or updated repl class loader org.apache.spark.util.MutableURLClassLoader@51092a96 for default.
[2026-03-16T03:26:01.731+0000] {subprocess.py:93} INFO - 26/03/16 03:26:01 INFO Utils: Successfully started service 'org.apache.spark.network.netty.NettyBlockTransferService' on port 35693.
[2026-03-16T03:26:01.740+0000] {subprocess.py:93} INFO - 26/03/16 03:26:01 INFO NettyBlockTransferService: Server created on e3430f617ad9:35693
[2026-03-16T03:26:01.750+0000] {subprocess.py:93} INFO - 26/03/16 03:26:01 INFO BlockManager: Using org.apache.spark.storage.RandomBlockReplicationPolicy for block replication policy
[2026-03-16T03:26:01.779+0000] {subprocess.py:93} INFO - 26/03/16 03:26:01 INFO BlockManagerMaster: Registering BlockManager BlockManagerId(driver, e3430f617ad9, 35693, None)
[2026-03-16T03:26:01.795+0000] {subprocess.py:93} INFO - 26/03/16 03:26:01 INFO BlockManagerMasterEndpoint: Registering block manager e3430f617ad9:35693 with 434.4 MiB RAM, BlockManagerId(driver, e3430f617ad9, 35693, None)
[2026-03-16T03:26:01.839+0000] {subprocess.py:93} INFO - 26/03/16 03:26:01 INFO BlockManagerMaster: Registered BlockManager BlockManagerId(driver, e3430f617ad9, 35693, None)
[2026-03-16T03:26:01.848+0000] {subprocess.py:93} INFO - 26/03/16 03:26:01 INFO BlockManager: Initialized BlockManager: BlockManagerId(driver, e3430f617ad9, 35693, None)
[2026-03-16T03:26:04.442+0000] {subprocess.py:93} INFO - 26/03/16 03:26:04 INFO SharedState: Setting hive.metastore.warehouse.dir ('null') to the value of spark.sql.warehouse.dir.
[2026-03-16T03:26:04.448+0000] {subprocess.py:93} INFO - 26/03/16 03:26:04 INFO SharedState: Warehouse path is 'file:/tmp/airflowtmpqrytnw6d/spark-warehouse'.
[2026-03-16T03:26:08.892+0000] {subprocess.py:93} INFO - Traceback (most recent call last):
[2026-03-16T03:26:08.894+0000] {subprocess.py:93} INFO -   File "/opt/airflow/spark/spark_processor.py", line 21, in <module>
[2026-03-16T03:26:08.894+0000] {subprocess.py:93} INFO -     df = spark.read \
[2026-03-16T03:26:08.895+0000] {subprocess.py:93} INFO -   File "/home/airflow/.local/lib/python3.8/site-packages/pyspark/sql/readwriter.py", line 314, in load
[2026-03-16T03:26:08.895+0000] {subprocess.py:93} INFO -     return self._df(self._jreader.load())
[2026-03-16T03:26:08.896+0000] {subprocess.py:93} INFO -   File "/home/airflow/.local/lib/python3.8/site-packages/py4j/java_gateway.py", line 1362, in __call__
[2026-03-16T03:26:08.896+0000] {subprocess.py:93} INFO -     return_value = get_return_value(
[2026-03-16T03:26:08.896+0000] {subprocess.py:93} INFO -   File "/home/airflow/.local/lib/python3.8/site-packages/pyspark/errors/exceptions/captured.py", line 179, in deco
[2026-03-16T03:26:08.896+0000] {subprocess.py:93} INFO -     return f(*a, **kw)
[2026-03-16T03:26:08.897+0000] {subprocess.py:93} INFO -   File "/home/airflow/.local/lib/python3.8/site-packages/py4j/protocol.py", line 327, in get_return_value
[2026-03-16T03:26:08.897+0000] {subprocess.py:93} INFO -     raise Py4JJavaError(
[2026-03-16T03:26:08.897+0000] {subprocess.py:93} INFO - py4j.protocol.Py4JJavaError: An error occurred while calling o34.load.
[2026-03-16T03:26:08.898+0000] {subprocess.py:93} INFO - : java.lang.ClassNotFoundException: org.postgresql.Driver
[2026-03-16T03:26:08.899+0000] {subprocess.py:93} INFO - 	at java.base/java.net.URLClassLoader.findClass(URLClassLoader.java:445)
[2026-03-16T03:26:08.901+0000] {subprocess.py:93} INFO - 	at java.base/java.lang.ClassLoader.loadClass(ClassLoader.java:592)
[2026-03-16T03:26:08.910+0000] {subprocess.py:93} INFO - 	at java.base/java.lang.ClassLoader.loadClass(ClassLoader.java:525)
[2026-03-16T03:26:08.911+0000] {subprocess.py:93} INFO - 	at org.apache.spark.sql.execution.datasources.jdbc.DriverRegistry$.register(DriverRegistry.scala:46)
[2026-03-16T03:26:08.911+0000] {subprocess.py:93} INFO - 	at org.apache.spark.sql.execution.datasources.jdbc.JDBCOptions.$anonfun$driverClass$1(JDBCOptions.scala:103)
[2026-03-16T03:26:08.911+0000] {subprocess.py:93} INFO - 	at org.apache.spark.sql.execution.datasources.jdbc.JDBCOptions.$anonfun$driverClass$1$adapted(JDBCOptions.scala:103)
[2026-03-16T03:26:08.912+0000] {subprocess.py:93} INFO - 	at scala.Option.foreach(Option.scala:407)
[2026-03-16T03:26:08.913+0000] {subprocess.py:93} INFO - 	at org.apache.spark.sql.execution.datasources.jdbc.JDBCOptions.<init>(JDBCOptions.scala:103)
[2026-03-16T03:26:08.914+0000] {subprocess.py:93} INFO - 	at org.apache.spark.sql.execution.datasources.jdbc.JDBCOptions.<init>(JDBCOptions.scala:41)
[2026-03-16T03:26:08.914+0000] {subprocess.py:93} INFO - 	at org.apache.spark.sql.execution.datasources.jdbc.JdbcRelationProvider.createRelation(JdbcRelationProvider.scala:34)
[2026-03-16T03:26:08.914+0000] {subprocess.py:93} INFO - 	at org.apache.spark.sql.execution.datasources.DataSource.resolveRelation(DataSource.scala:346)
[2026-03-16T03:26:08.915+0000] {subprocess.py:93} INFO - 	at org.apache.spark.sql.DataFrameReader.loadV1Source(DataFrameReader.scala:229)
[2026-03-16T03:26:08.915+0000] {subprocess.py:93} INFO - 	at org.apache.spark.sql.DataFrameReader.$anonfun$load$2(DataFrameReader.scala:211)
[2026-03-16T03:26:08.916+0000] {subprocess.py:93} INFO - 	at scala.Option.getOrElse(Option.scala:189)
[2026-03-16T03:26:08.917+0000] {subprocess.py:93} INFO - 	at org.apache.spark.sql.DataFrameReader.load(DataFrameReader.scala:211)
[2026-03-16T03:26:08.917+0000] {subprocess.py:93} INFO - 	at org.apache.spark.sql.DataFrameReader.load(DataFrameReader.scala:172)
[2026-03-16T03:26:08.917+0000] {subprocess.py:93} INFO - 	at java.base/jdk.internal.reflect.NativeMethodAccessorImpl.invoke0(Native Method)
[2026-03-16T03:26:08.918+0000] {subprocess.py:93} INFO - 	at java.base/jdk.internal.reflect.NativeMethodAccessorImpl.invoke(NativeMethodAccessorImpl.java:77)
[2026-03-16T03:26:08.929+0000] {subprocess.py:93} INFO - 	at java.base/jdk.internal.reflect.DelegatingMethodAccessorImpl.invoke(DelegatingMethodAccessorImpl.java:43)
[2026-03-16T03:26:08.931+0000] {subprocess.py:93} INFO - 	at java.base/java.lang.reflect.Method.invoke(Method.java:569)
[2026-03-16T03:26:08.932+0000] {subprocess.py:93} INFO - 	at py4j.reflection.MethodInvoker.invoke(MethodInvoker.java:244)
[2026-03-16T03:26:08.934+0000] {subprocess.py:93} INFO - 	at py4j.reflection.ReflectionEngine.invoke(ReflectionEngine.java:374)
[2026-03-16T03:26:08.935+0000] {subprocess.py:93} INFO - 	at py4j.Gateway.invoke(Gateway.java:282)
[2026-03-16T03:26:08.936+0000] {subprocess.py:93} INFO - 	at py4j.commands.AbstractCommand.invokeMethod(AbstractCommand.java:132)
[2026-03-16T03:26:08.937+0000] {subprocess.py:93} INFO - 	at py4j.commands.CallCommand.execute(CallCommand.java:79)
[2026-03-16T03:26:08.941+0000] {subprocess.py:93} INFO - 	at py4j.ClientServerConnection.waitForCommands(ClientServerConnection.java:182)
[2026-03-16T03:26:08.942+0000] {subprocess.py:93} INFO - 	at py4j.ClientServerConnection.run(ClientServerConnection.java:106)
[2026-03-16T03:26:08.942+0000] {subprocess.py:93} INFO - 	at java.base/java.lang.Thread.run(Thread.java:840)
[2026-03-16T03:26:08.943+0000] {subprocess.py:93} INFO - 
[2026-03-16T03:26:09.386+0000] {subprocess.py:93} INFO - 26/03/16 03:26:09 INFO SparkContext: Invoking stop() from shutdown hook
[2026-03-16T03:26:09.388+0000] {subprocess.py:93} INFO - 26/03/16 03:26:09 INFO SparkContext: SparkContext is stopping with exitCode 0.
[2026-03-16T03:26:09.442+0000] {subprocess.py:93} INFO - 26/03/16 03:26:09 INFO SparkUI: Stopped Spark web UI at http://e3430f617ad9:4040
[2026-03-16T03:26:09.493+0000] {subprocess.py:93} INFO - 26/03/16 03:26:09 INFO MapOutputTrackerMasterEndpoint: MapOutputTrackerMasterEndpoint stopped!
[2026-03-16T03:26:09.629+0000] {subprocess.py:93} INFO - 26/03/16 03:26:09 INFO MemoryStore: MemoryStore cleared
[2026-03-16T03:26:09.630+0000] {subprocess.py:93} INFO - 26/03/16 03:26:09 INFO BlockManager: BlockManager stopped
[2026-03-16T03:26:09.661+0000] {subprocess.py:93} INFO - 26/03/16 03:26:09 INFO BlockManagerMaster: BlockManagerMaster stopped
[2026-03-16T03:26:09.675+0000] {subprocess.py:93} INFO - 26/03/16 03:26:09 INFO OutputCommitCoordinator$OutputCommitCoordinatorEndpoint: OutputCommitCoordinator stopped!
[2026-03-16T03:26:09.697+0000] {subprocess.py:93} INFO - 26/03/16 03:26:09 INFO SparkContext: Successfully stopped SparkContext
[2026-03-16T03:26:09.699+0000] {subprocess.py:93} INFO - 26/03/16 03:26:09 INFO ShutdownHookManager: Shutdown hook called
[2026-03-16T03:26:09.701+0000] {subprocess.py:93} INFO - 26/03/16 03:26:09 INFO ShutdownHookManager: Deleting directory /tmp/spark-75e5777d-be8d-4317-aa34-4507a2f2d71e
[2026-03-16T03:26:09.720+0000] {subprocess.py:93} INFO - 26/03/16 03:26:09 INFO ShutdownHookManager: Deleting directory /tmp/spark-0dd37e86-dfa2-4007-9d56-6da3a8c1751c
[2026-03-16T03:26:09.747+0000] {subprocess.py:93} INFO - 26/03/16 03:26:09 INFO ShutdownHookManager: Deleting directory /tmp/spark-75e5777d-be8d-4317-aa34-4507a2f2d71e/pyspark-24d7ab6f-b8fa-4179-97f4-6a5bac94226b
[2026-03-16T03:26:10.158+0000] {subprocess.py:97} INFO - Command exited with return code 1
[2026-03-16T03:26:10.195+0000] {taskinstance.py:2698} ERROR - Task failed with exception
Traceback (most recent call last):
  File "/home/airflow/.local/lib/python3.8/site-packages/airflow/models/taskinstance.py", line 433, in _execute_task
    result = execute_callable(context=context, **execute_callable_kwargs)
  File "/home/airflow/.local/lib/python3.8/site-packages/airflow/operators/bash.py", line 212, in execute
    raise AirflowException(
airflow.exceptions.AirflowException: Bash command failed. The command returned a non-zero exit code 1.
[2026-03-16T03:26:10.228+0000] {taskinstance.py:1138} INFO - Marking task as FAILED. dag_id=pipeline_gps, task_id=task_process, execution_date=20260316T032000, start_date=20260316T032515, end_date=20260316T032610
[2026-03-16T03:26:10.276+0000] {standard_task_runner.py:107} ERROR - Failed to execute job 583 for task task_process (Bash command failed. The command returned a non-zero exit code 1.; 845)
[2026-03-16T03:26:10.287+0000] {local_task_job_runner.py:234} INFO - Task exited with return code 1
[2026-03-16T03:26:10.330+0000] {taskinstance.py:3280} INFO - 0 downstream tasks scheduled from follow-on schedule check
