[2026-03-15T16:43:07.148+0000] {taskinstance.py:1956} INFO - Dependencies all met for dep_context=non-requeueable deps ti=<TaskInstance: pipeline_gps.task1_ingest scheduled__2026-03-15T16:42:00+00:00 [queued]>
[2026-03-15T16:43:07.159+0000] {taskinstance.py:1956} INFO - Dependencies all met for dep_context=requeueable deps ti=<TaskInstance: pipeline_gps.task1_ingest scheduled__2026-03-15T16:42:00+00:00 [queued]>
[2026-03-15T16:43:07.159+0000] {taskinstance.py:2170} INFO - Starting attempt 1 of 1
[2026-03-15T16:43:07.187+0000] {taskinstance.py:2191} INFO - Executing <Task(BashOperator): task1_ingest> on 2026-03-15 16:42:00+00:00
[2026-03-15T16:43:07.196+0000] {standard_task_runner.py:60} INFO - Started process 1241 to run task
[2026-03-15T16:43:07.203+0000] {standard_task_runner.py:87} INFO - Running: ['airflow', 'tasks', 'run', 'pipeline_gps', 'task1_ingest', 'scheduled__2026-03-15T16:42:00+00:00', '--job-id', '406', '--raw', '--subdir', 'DAGS_FOLDER/pipeline_gps.py', '--cfg-path', '/tmp/tmpck_gl5jm']
[2026-03-15T16:43:07.206+0000] {standard_task_runner.py:88} INFO - Job 406: Subtask task1_ingest
[2026-03-15T16:43:07.389+0000] {task_command.py:423} INFO - Running <TaskInstance: pipeline_gps.task1_ingest scheduled__2026-03-15T16:42:00+00:00 [running]> on host 693df5566a25
[2026-03-15T16:43:07.670+0000] {taskinstance.py:2480} INFO - Exporting env vars: AIRFLOW_CTX_DAG_OWNER='airflow' AIRFLOW_CTX_DAG_ID='pipeline_gps' AIRFLOW_CTX_TASK_ID='task1_ingest' AIRFLOW_CTX_EXECUTION_DATE='2026-03-15T16:42:00+00:00' AIRFLOW_CTX_TRY_NUMBER='1' AIRFLOW_CTX_DAG_RUN_ID='scheduled__2026-03-15T16:42:00+00:00'
[2026-03-15T16:43:07.676+0000] {subprocess.py:63} INFO - Tmp dir root location: /tmp
[2026-03-15T16:43:07.681+0000] {subprocess.py:75} INFO - Running command: ['/usr/bin/bash', '-c', 'python /opt/airflow/ingestion/mqtt_ingestor.py']
[2026-03-15T16:43:07.738+0000] {subprocess.py:86} INFO - Output:
[2026-03-15T16:43:08.435+0000] {subprocess.py:93} INFO - Traceback (most recent call last):
[2026-03-15T16:43:08.437+0000] {subprocess.py:93} INFO -   File "/opt/airflow/ingestion/mqtt_ingestor.py", line 6, in <module>
[2026-03-15T16:43:08.438+0000] {subprocess.py:93} INFO -     conn = psycopg2.connect(
[2026-03-15T16:43:08.439+0000] {subprocess.py:93} INFO -   File "/home/airflow/.local/lib/python3.8/site-packages/psycopg2/__init__.py", line 122, in connect
[2026-03-15T16:43:08.440+0000] {subprocess.py:93} INFO -     conn = _connect(dsn, connection_factory=connection_factory, **kwasync)
[2026-03-15T16:43:08.440+0000] {subprocess.py:93} INFO - psycopg2.OperationalError: connection to server at "localhost" (::1), port 5432 failed: Connection refused
[2026-03-15T16:43:08.441+0000] {subprocess.py:93} INFO - 	Is the server running on that host and accepting TCP/IP connections?
[2026-03-15T16:43:08.442+0000] {subprocess.py:93} INFO - connection to server at "localhost" (127.0.0.1), port 5432 failed: Connection refused
[2026-03-15T16:43:08.443+0000] {subprocess.py:93} INFO - 	Is the server running on that host and accepting TCP/IP connections?
[2026-03-15T16:43:08.444+0000] {subprocess.py:93} INFO - 
[2026-03-15T16:43:08.558+0000] {subprocess.py:97} INFO - Command exited with return code 1
[2026-03-15T16:43:08.609+0000] {taskinstance.py:2698} ERROR - Task failed with exception
Traceback (most recent call last):
  File "/home/airflow/.local/lib/python3.8/site-packages/airflow/models/taskinstance.py", line 433, in _execute_task
    result = execute_callable(context=context, **execute_callable_kwargs)
  File "/home/airflow/.local/lib/python3.8/site-packages/airflow/operators/bash.py", line 212, in execute
    raise AirflowException(
airflow.exceptions.AirflowException: Bash command failed. The command returned a non-zero exit code 1.
[2026-03-15T16:43:08.625+0000] {taskinstance.py:1138} INFO - Marking task as FAILED. dag_id=pipeline_gps, task_id=task1_ingest, execution_date=20260315T164200, start_date=20260315T164307, end_date=20260315T164308
[2026-03-15T16:43:08.699+0000] {standard_task_runner.py:107} ERROR - Failed to execute job 406 for task task1_ingest (Bash command failed. The command returned a non-zero exit code 1.; 1241)
[2026-03-15T16:43:08.749+0000] {local_task_job_runner.py:234} INFO - Task exited with return code 1
[2026-03-15T16:43:08.852+0000] {taskinstance.py:3280} INFO - 0 downstream tasks scheduled from follow-on schedule check
