[2026-03-16T01:23:18.387+0000] {taskinstance.py:1956} INFO - Dependencies all met for dep_context=non-requeueable deps ti=<TaskInstance: pipeline_gps.task_process scheduled__2026-03-16T01:15:00+00:00 [queued]>
[2026-03-16T01:23:18.416+0000] {taskinstance.py:1956} INFO - Dependencies all met for dep_context=requeueable deps ti=<TaskInstance: pipeline_gps.task_process scheduled__2026-03-16T01:15:00+00:00 [queued]>
[2026-03-16T01:23:18.416+0000] {taskinstance.py:2170} INFO - Starting attempt 2 of 2
[2026-03-16T01:23:18.453+0000] {taskinstance.py:2191} INFO - Executing <Task(BashOperator): task_process> on 2026-03-16 01:15:00+00:00
[2026-03-16T01:23:18.464+0000] {standard_task_runner.py:60} INFO - Started process 32 to run task
[2026-03-16T01:23:18.480+0000] {standard_task_runner.py:87} INFO - Running: ['airflow', 'tasks', 'run', 'pipeline_gps', 'task_process', 'scheduled__2026-03-16T01:15:00+00:00', '--job-id', '550', '--raw', '--subdir', 'DAGS_FOLDER/pipeline_gps.py', '--cfg-path', '/tmp/tmpsk7gmwt7']
[2026-03-16T01:23:18.486+0000] {standard_task_runner.py:88} INFO - Job 550: Subtask task_process
[2026-03-16T01:23:18.638+0000] {task_command.py:423} INFO - Running <TaskInstance: pipeline_gps.task_process scheduled__2026-03-16T01:15:00+00:00 [running]> on host 45f99552e120
[2026-03-16T01:23:18.765+0000] {taskinstance.py:2480} INFO - Exporting env vars: AIRFLOW_CTX_DAG_OWNER='airflow' AIRFLOW_CTX_DAG_ID='pipeline_gps' AIRFLOW_CTX_TASK_ID='task_process' AIRFLOW_CTX_EXECUTION_DATE='2026-03-16T01:15:00+00:00' AIRFLOW_CTX_TRY_NUMBER='2' AIRFLOW_CTX_DAG_RUN_ID='scheduled__2026-03-16T01:15:00+00:00'
[2026-03-16T01:23:18.767+0000] {subprocess.py:63} INFO - Tmp dir root location: /tmp
[2026-03-16T01:23:18.769+0000] {subprocess.py:75} INFO - Running command: ['/usr/bin/bash', '-c', 'python /opt/airflow/spark/spark_processor.py']
[2026-03-16T01:23:18.789+0000] {subprocess.py:86} INFO - Output:
[2026-03-16T01:23:29.606+0000] {subprocess.py:93} INFO - 26/03/16 01:23:29 WARN NativeCodeLoader: Unable to load native-hadoop library for your platform... using builtin-java classes where applicable
[2026-03-16T01:23:30.306+0000] {subprocess.py:93} INFO - 26/03/16 01:23:30 WARN DependencyUtils: Local jar /tmp/airflowtmprz1_r7he/spark/jars/postgresql-42.7.3.jar does not exist, skipping.
[2026-03-16T01:23:30.881+0000] {subprocess.py:93} INFO - 26/03/16 01:23:30 INFO SparkContext: Running Spark version 3.5.8
[2026-03-16T01:23:30.886+0000] {subprocess.py:93} INFO - 26/03/16 01:23:30 INFO SparkContext: OS info Linux, 5.15.167.4-microsoft-standard-WSL2, amd64
[2026-03-16T01:23:30.889+0000] {subprocess.py:93} INFO - 26/03/16 01:23:30 INFO SparkContext: Java version 17.0.18
[2026-03-16T01:23:31.260+0000] {subprocess.py:93} INFO - 26/03/16 01:23:31 INFO ResourceUtils: ==============================================================
[2026-03-16T01:23:31.269+0000] {subprocess.py:93} INFO - 26/03/16 01:23:31 INFO ResourceUtils: No custom resources configured for spark.driver.
[2026-03-16T01:23:31.293+0000] {subprocess.py:93} INFO - 26/03/16 01:23:31 INFO ResourceUtils: ==============================================================
[2026-03-16T01:23:31.296+0000] {subprocess.py:93} INFO - 26/03/16 01:23:31 INFO SparkContext: Submitted application: gps_processor
[2026-03-16T01:23:31.442+0000] {subprocess.py:93} INFO - 26/03/16 01:23:31 INFO ResourceProfile: Default ResourceProfile created, executor resources: Map(cores -> name: cores, amount: 1, script: , vendor: , memory -> name: memory, amount: 1024, script: , vendor: , offHeap -> name: offHeap, amount: 0, script: , vendor: ), task resources: Map(cpus -> name: cpus, amount: 1.0)
[2026-03-16T01:23:31.483+0000] {subprocess.py:93} INFO - 26/03/16 01:23:31 INFO ResourceProfile: Limiting resource is cpu
[2026-03-16T01:23:31.493+0000] {subprocess.py:93} INFO - 26/03/16 01:23:31 INFO ResourceProfileManager: Added ResourceProfile id: 0
[2026-03-16T01:23:33.006+0000] {subprocess.py:93} INFO - 26/03/16 01:23:33 INFO SecurityManager: Changing view acls to: airflow
[2026-03-16T01:23:33.007+0000] {subprocess.py:93} INFO - 26/03/16 01:23:33 INFO SecurityManager: Changing modify acls to: airflow
[2026-03-16T01:23:33.011+0000] {subprocess.py:93} INFO - 26/03/16 01:23:33 INFO SecurityManager: Changing view acls groups to:
[2026-03-16T01:23:33.021+0000] {subprocess.py:93} INFO - 26/03/16 01:23:33 INFO SecurityManager: Changing modify acls groups to:
[2026-03-16T01:23:33.022+0000] {subprocess.py:93} INFO - 26/03/16 01:23:33 INFO SecurityManager: SecurityManager: authentication disabled; ui acls disabled; users with view permissions: airflow; groups with view permissions: EMPTY; users with modify permissions: airflow; groups with modify permissions: EMPTY
[2026-03-16T01:23:33.891+0000] {subprocess.py:93} INFO - 26/03/16 01:23:33 INFO Utils: Successfully started service 'sparkDriver' on port 44065.
[2026-03-16T01:23:34.095+0000] {subprocess.py:93} INFO - 26/03/16 01:23:34 INFO SparkEnv: Registering MapOutputTracker
[2026-03-16T01:23:34.261+0000] {subprocess.py:93} INFO - 26/03/16 01:23:34 INFO SparkEnv: Registering BlockManagerMaster
[2026-03-16T01:23:34.492+0000] {subprocess.py:93} INFO - 26/03/16 01:23:34 INFO BlockManagerMasterEndpoint: Using org.apache.spark.storage.DefaultTopologyMapper for getting topology information
[2026-03-16T01:23:34.515+0000] {subprocess.py:93} INFO - 26/03/16 01:23:34 INFO BlockManagerMasterEndpoint: BlockManagerMasterEndpoint up
[2026-03-16T01:23:34.566+0000] {subprocess.py:93} INFO - 26/03/16 01:23:34 INFO SparkEnv: Registering BlockManagerMasterHeartbeat
[2026-03-16T01:23:34.736+0000] {subprocess.py:93} INFO - 26/03/16 01:23:34 INFO DiskBlockManager: Created local directory at /tmp/blockmgr-d26d6b4e-2934-4778-b4d4-47686062c925
[2026-03-16T01:23:34.766+0000] {subprocess.py:93} INFO - 26/03/16 01:23:34 INFO MemoryStore: MemoryStore started with capacity 434.4 MiB
[2026-03-16T01:23:34.799+0000] {subprocess.py:93} INFO - 26/03/16 01:23:34 INFO SparkEnv: Registering OutputCommitCoordinator
[2026-03-16T01:23:35.171+0000] {subprocess.py:93} INFO - 26/03/16 01:23:35 INFO JettyUtils: Start Jetty 0.0.0.0:4040 for SparkUI
[2026-03-16T01:23:35.362+0000] {subprocess.py:93} INFO - 26/03/16 01:23:35 INFO Utils: Successfully started service 'SparkUI' on port 4040.
[2026-03-16T01:23:35.444+0000] {subprocess.py:93} INFO - 26/03/16 01:23:35 ERROR SparkContext: Failed to add spark/jars/postgresql-42.7.3.jar to Spark environment
[2026-03-16T01:23:35.444+0000] {subprocess.py:93} INFO - java.io.FileNotFoundException: Jar /tmp/airflowtmprz1_r7he/spark/jars/postgresql-42.7.3.jar not found
[2026-03-16T01:23:35.445+0000] {subprocess.py:93} INFO - 	at org.apache.spark.SparkContext.addLocalJarFile$1(SparkContext.scala:2095)
[2026-03-16T01:23:35.445+0000] {subprocess.py:93} INFO - 	at org.apache.spark.SparkContext.addJar(SparkContext.scala:2151)
[2026-03-16T01:23:35.445+0000] {subprocess.py:93} INFO - 	at org.apache.spark.SparkContext.$anonfun$new$15(SparkContext.scala:521)
[2026-03-16T01:23:35.446+0000] {subprocess.py:93} INFO - 	at org.apache.spark.SparkContext.$anonfun$new$15$adapted(SparkContext.scala:521)
[2026-03-16T01:23:35.446+0000] {subprocess.py:93} INFO - 	at scala.collection.mutable.ResizableArray.foreach(ResizableArray.scala:62)
[2026-03-16T01:23:35.446+0000] {subprocess.py:93} INFO - 	at scala.collection.mutable.ResizableArray.foreach$(ResizableArray.scala:55)
[2026-03-16T01:23:35.447+0000] {subprocess.py:93} INFO - 	at scala.collection.mutable.ArrayBuffer.foreach(ArrayBuffer.scala:49)
[2026-03-16T01:23:35.447+0000] {subprocess.py:93} INFO - 	at org.apache.spark.SparkContext.<init>(SparkContext.scala:521)
[2026-03-16T01:23:35.447+0000] {subprocess.py:93} INFO - 	at org.apache.spark.api.java.JavaSparkContext.<init>(JavaSparkContext.scala:58)
[2026-03-16T01:23:35.447+0000] {subprocess.py:93} INFO - 	at java.base/jdk.internal.reflect.NativeConstructorAccessorImpl.newInstance0(Native Method)
[2026-03-16T01:23:35.448+0000] {subprocess.py:93} INFO - 	at java.base/jdk.internal.reflect.NativeConstructorAccessorImpl.newInstance(NativeConstructorAccessorImpl.java:77)
[2026-03-16T01:23:35.448+0000] {subprocess.py:93} INFO - 	at java.base/jdk.internal.reflect.DelegatingConstructorAccessorImpl.newInstance(DelegatingConstructorAccessorImpl.java:45)
[2026-03-16T01:23:35.448+0000] {subprocess.py:93} INFO - 	at java.base/java.lang.reflect.Constructor.newInstanceWithCaller(Constructor.java:500)
[2026-03-16T01:23:35.449+0000] {subprocess.py:93} INFO - 	at java.base/java.lang.reflect.Constructor.newInstance(Constructor.java:481)
[2026-03-16T01:23:35.449+0000] {subprocess.py:93} INFO - 	at py4j.reflection.MethodInvoker.invoke(MethodInvoker.java:247)
[2026-03-16T01:23:35.450+0000] {subprocess.py:93} INFO - 	at py4j.reflection.ReflectionEngine.invoke(ReflectionEngine.java:374)
[2026-03-16T01:23:35.450+0000] {subprocess.py:93} INFO - 	at py4j.Gateway.invoke(Gateway.java:238)
[2026-03-16T01:23:35.450+0000] {subprocess.py:93} INFO - 	at py4j.commands.ConstructorCommand.invokeConstructor(ConstructorCommand.java:80)
[2026-03-16T01:23:35.450+0000] {subprocess.py:93} INFO - 	at py4j.commands.ConstructorCommand.execute(ConstructorCommand.java:69)
[2026-03-16T01:23:35.451+0000] {subprocess.py:93} INFO - 	at py4j.ClientServerConnection.waitForCommands(ClientServerConnection.java:182)
[2026-03-16T01:23:35.451+0000] {subprocess.py:93} INFO - 	at py4j.ClientServerConnection.run(ClientServerConnection.java:106)
[2026-03-16T01:23:35.451+0000] {subprocess.py:93} INFO - 	at java.base/java.lang.Thread.run(Thread.java:840)
[2026-03-16T01:23:35.593+0000] {subprocess.py:93} INFO - 26/03/16 01:23:35 INFO Executor: Starting executor ID driver on host 45f99552e120
[2026-03-16T01:23:35.595+0000] {subprocess.py:93} INFO - 26/03/16 01:23:35 INFO Executor: OS info Linux, 5.15.167.4-microsoft-standard-WSL2, amd64
[2026-03-16T01:23:35.596+0000] {subprocess.py:93} INFO - 26/03/16 01:23:35 INFO Executor: Java version 17.0.18
[2026-03-16T01:23:35.613+0000] {subprocess.py:93} INFO - 26/03/16 01:23:35 INFO Executor: Starting executor with user classpath (userClassPathFirst = false): ''
[2026-03-16T01:23:35.615+0000] {subprocess.py:93} INFO - 26/03/16 01:23:35 INFO Executor: Created or updated repl class loader org.apache.spark.util.MutableURLClassLoader@aae43b for default.
[2026-03-16T01:23:35.670+0000] {subprocess.py:93} INFO - 26/03/16 01:23:35 INFO Utils: Successfully started service 'org.apache.spark.network.netty.NettyBlockTransferService' on port 36715.
[2026-03-16T01:23:35.671+0000] {subprocess.py:93} INFO - 26/03/16 01:23:35 INFO NettyBlockTransferService: Server created on 45f99552e120:36715
[2026-03-16T01:23:35.674+0000] {subprocess.py:93} INFO - 26/03/16 01:23:35 INFO BlockManager: Using org.apache.spark.storage.RandomBlockReplicationPolicy for block replication policy
[2026-03-16T01:23:35.693+0000] {subprocess.py:93} INFO - 26/03/16 01:23:35 INFO BlockManagerMaster: Registering BlockManager BlockManagerId(driver, 45f99552e120, 36715, None)
[2026-03-16T01:23:35.700+0000] {subprocess.py:93} INFO - 26/03/16 01:23:35 INFO BlockManagerMasterEndpoint: Registering block manager 45f99552e120:36715 with 434.4 MiB RAM, BlockManagerId(driver, 45f99552e120, 36715, None)
[2026-03-16T01:23:35.705+0000] {subprocess.py:93} INFO - 26/03/16 01:23:35 INFO BlockManagerMaster: Registered BlockManager BlockManagerId(driver, 45f99552e120, 36715, None)
[2026-03-16T01:23:35.708+0000] {subprocess.py:93} INFO - 26/03/16 01:23:35 INFO BlockManager: Initialized BlockManager: BlockManagerId(driver, 45f99552e120, 36715, None)
[2026-03-16T01:23:37.668+0000] {subprocess.py:93} INFO - Traceback (most recent call last):
[2026-03-16T01:23:37.669+0000] {subprocess.py:93} INFO -   File "/opt/airflow/spark/spark_processor.py", line 10, in <module>
[2026-03-16T01:23:37.670+0000] {subprocess.py:93} INFO -     conn = psycopg2.connect(
[2026-03-16T01:23:37.670+0000] {subprocess.py:93} INFO -   File "/home/airflow/.local/lib/python3.8/site-packages/psycopg2/__init__.py", line 122, in connect
[2026-03-16T01:23:37.670+0000] {subprocess.py:93} INFO -     conn = _connect(dsn, connection_factory=connection_factory, **kwasync)
[2026-03-16T01:23:37.671+0000] {subprocess.py:93} INFO - psycopg2.OperationalError: connection to server at "localhost" (::1), port 5432 failed: Connection refused
[2026-03-16T01:23:37.671+0000] {subprocess.py:93} INFO - 	Is the server running on that host and accepting TCP/IP connections?
[2026-03-16T01:23:37.671+0000] {subprocess.py:93} INFO - connection to server at "localhost" (127.0.0.1), port 5432 failed: Connection refused
[2026-03-16T01:23:37.672+0000] {subprocess.py:93} INFO - 	Is the server running on that host and accepting TCP/IP connections?
[2026-03-16T01:23:37.672+0000] {subprocess.py:93} INFO - 
[2026-03-16T01:23:37.861+0000] {subprocess.py:93} INFO - 26/03/16 01:23:37 INFO SparkContext: Invoking stop() from shutdown hook
[2026-03-16T01:23:37.863+0000] {subprocess.py:93} INFO - 26/03/16 01:23:37 INFO SparkContext: SparkContext is stopping with exitCode 0.
[2026-03-16T01:23:37.928+0000] {subprocess.py:93} INFO - 26/03/16 01:23:37 INFO SparkUI: Stopped Spark web UI at http://45f99552e120:4040
[2026-03-16T01:23:38.032+0000] {subprocess.py:93} INFO - 26/03/16 01:23:38 INFO MapOutputTrackerMasterEndpoint: MapOutputTrackerMasterEndpoint stopped!
[2026-03-16T01:23:38.109+0000] {subprocess.py:93} INFO - 26/03/16 01:23:38 INFO MemoryStore: MemoryStore cleared
[2026-03-16T01:23:38.110+0000] {subprocess.py:93} INFO - 26/03/16 01:23:38 INFO BlockManager: BlockManager stopped
[2026-03-16T01:23:38.148+0000] {subprocess.py:93} INFO - 26/03/16 01:23:38 INFO BlockManagerMaster: BlockManagerMaster stopped
[2026-03-16T01:23:38.160+0000] {subprocess.py:93} INFO - 26/03/16 01:23:38 INFO OutputCommitCoordinator$OutputCommitCoordinatorEndpoint: OutputCommitCoordinator stopped!
[2026-03-16T01:23:38.195+0000] {subprocess.py:93} INFO - 26/03/16 01:23:38 INFO SparkContext: Successfully stopped SparkContext
[2026-03-16T01:23:38.204+0000] {subprocess.py:93} INFO - 26/03/16 01:23:38 INFO ShutdownHookManager: Shutdown hook called
[2026-03-16T01:23:38.206+0000] {subprocess.py:93} INFO - 26/03/16 01:23:38 INFO ShutdownHookManager: Deleting directory /tmp/spark-5f3085bf-b3b8-4c52-bd7e-c8b43dec0c4d/pyspark-c393e46b-0a7e-4640-b39a-a386556efbb8
[2026-03-16T01:23:38.224+0000] {subprocess.py:93} INFO - 26/03/16 01:23:38 INFO ShutdownHookManager: Deleting directory /tmp/spark-5f3085bf-b3b8-4c52-bd7e-c8b43dec0c4d
[2026-03-16T01:23:38.251+0000] {subprocess.py:93} INFO - 26/03/16 01:23:38 INFO ShutdownHookManager: Deleting directory /tmp/spark-bf705109-80bb-40f1-9044-4393ef07a90f
[2026-03-16T01:23:38.716+0000] {subprocess.py:97} INFO - Command exited with return code 1
[2026-03-16T01:23:38.767+0000] {taskinstance.py:2698} ERROR - Task failed with exception
Traceback (most recent call last):
  File "/home/airflow/.local/lib/python3.8/site-packages/airflow/models/taskinstance.py", line 433, in _execute_task
    result = execute_callable(context=context, **execute_callable_kwargs)
  File "/home/airflow/.local/lib/python3.8/site-packages/airflow/operators/bash.py", line 212, in execute
    raise AirflowException(
airflow.exceptions.AirflowException: Bash command failed. The command returned a non-zero exit code 1.
[2026-03-16T01:23:38.778+0000] {taskinstance.py:1138} INFO - Marking task as FAILED. dag_id=pipeline_gps, task_id=task_process, execution_date=20260316T011500, start_date=20260316T012318, end_date=20260316T012338
[2026-03-16T01:23:38.821+0000] {standard_task_runner.py:107} ERROR - Failed to execute job 550 for task task_process (Bash command failed. The command returned a non-zero exit code 1.; 32)
[2026-03-16T01:23:38.858+0000] {local_task_job_runner.py:234} INFO - Task exited with return code 1
[2026-03-16T01:23:38.950+0000] {taskinstance.py:3280} INFO - 0 downstream tasks scheduled from follow-on schedule check
