[2026-03-16T01:20:27.798+0000] {taskinstance.py:1956} INFO - Dependencies all met for dep_context=non-requeueable deps ti=<TaskInstance: pipeline_gps.task_process scheduled__2026-03-16T01:15:00+00:00 [queued]>
[2026-03-16T01:20:27.891+0000] {taskinstance.py:1956} INFO - Dependencies all met for dep_context=requeueable deps ti=<TaskInstance: pipeline_gps.task_process scheduled__2026-03-16T01:15:00+00:00 [queued]>
[2026-03-16T01:20:27.892+0000] {taskinstance.py:2170} INFO - Starting attempt 1 of 1
[2026-03-16T01:20:27.991+0000] {taskinstance.py:2191} INFO - Executing <Task(BashOperator): task_process> on 2026-03-16 01:15:00+00:00
[2026-03-16T01:20:28.012+0000] {standard_task_runner.py:60} INFO - Started process 584 to run task
[2026-03-16T01:20:28.050+0000] {standard_task_runner.py:87} INFO - Running: ['airflow', 'tasks', 'run', 'pipeline_gps', 'task_process', 'scheduled__2026-03-16T01:15:00+00:00', '--job-id', '548', '--raw', '--subdir', 'DAGS_FOLDER/pipeline_gps.py', '--cfg-path', '/tmp/tmpxjlgdfyz']
[2026-03-16T01:20:28.079+0000] {standard_task_runner.py:88} INFO - Job 548: Subtask task_process
[2026-03-16T01:20:28.414+0000] {task_command.py:423} INFO - Running <TaskInstance: pipeline_gps.task_process scheduled__2026-03-16T01:15:00+00:00 [running]> on host 45f99552e120
[2026-03-16T01:20:28.893+0000] {taskinstance.py:2480} INFO - Exporting env vars: AIRFLOW_CTX_DAG_OWNER='airflow' AIRFLOW_CTX_DAG_ID='pipeline_gps' AIRFLOW_CTX_TASK_ID='task_process' AIRFLOW_CTX_EXECUTION_DATE='2026-03-16T01:15:00+00:00' AIRFLOW_CTX_TRY_NUMBER='1' AIRFLOW_CTX_DAG_RUN_ID='scheduled__2026-03-16T01:15:00+00:00'
[2026-03-16T01:20:28.931+0000] {subprocess.py:63} INFO - Tmp dir root location: /tmp
[2026-03-16T01:20:28.938+0000] {subprocess.py:75} INFO - Running command: ['/usr/bin/bash', '-c', 'python /opt/airflow/spark/spark_processor.py']
[2026-03-16T01:20:29.040+0000] {subprocess.py:86} INFO - Output:
[2026-03-16T01:20:47.306+0000] {subprocess.py:93} INFO - 26/03/16 01:20:47 WARN NativeCodeLoader: Unable to load native-hadoop library for your platform... using builtin-java classes where applicable
[2026-03-16T01:20:47.898+0000] {subprocess.py:93} INFO - 26/03/16 01:20:47 WARN DependencyUtils: Local jar /tmp/airflowtmpyw81tjfi/spark/jars/postgresql-42.7.3.jar does not exist, skipping.
[2026-03-16T01:20:48.331+0000] {subprocess.py:93} INFO - 26/03/16 01:20:48 INFO SparkContext: Running Spark version 3.5.8
[2026-03-16T01:20:48.333+0000] {subprocess.py:93} INFO - 26/03/16 01:20:48 INFO SparkContext: OS info Linux, 5.15.167.4-microsoft-standard-WSL2, amd64
[2026-03-16T01:20:48.334+0000] {subprocess.py:93} INFO - 26/03/16 01:20:48 INFO SparkContext: Java version 17.0.18
[2026-03-16T01:20:48.439+0000] {subprocess.py:93} INFO - 26/03/16 01:20:48 INFO ResourceUtils: ==============================================================
[2026-03-16T01:20:48.440+0000] {subprocess.py:93} INFO - 26/03/16 01:20:48 INFO ResourceUtils: No custom resources configured for spark.driver.
[2026-03-16T01:20:48.442+0000] {subprocess.py:93} INFO - 26/03/16 01:20:48 INFO ResourceUtils: ==============================================================
[2026-03-16T01:20:48.444+0000] {subprocess.py:93} INFO - 26/03/16 01:20:48 INFO SparkContext: Submitted application: gps_processor
[2026-03-16T01:20:48.540+0000] {subprocess.py:93} INFO - 26/03/16 01:20:48 INFO ResourceProfile: Default ResourceProfile created, executor resources: Map(cores -> name: cores, amount: 1, script: , vendor: , memory -> name: memory, amount: 1024, script: , vendor: , offHeap -> name: offHeap, amount: 0, script: , vendor: ), task resources: Map(cpus -> name: cpus, amount: 1.0)
[2026-03-16T01:20:48.563+0000] {subprocess.py:93} INFO - 26/03/16 01:20:48 INFO ResourceProfile: Limiting resource is cpu
[2026-03-16T01:20:48.568+0000] {subprocess.py:93} INFO - 26/03/16 01:20:48 INFO ResourceProfileManager: Added ResourceProfile id: 0
[2026-03-16T01:20:48.753+0000] {subprocess.py:93} INFO - 26/03/16 01:20:48 INFO SecurityManager: Changing view acls to: airflow
[2026-03-16T01:20:48.755+0000] {subprocess.py:93} INFO - 26/03/16 01:20:48 INFO SecurityManager: Changing modify acls to: airflow
[2026-03-16T01:20:48.758+0000] {subprocess.py:93} INFO - 26/03/16 01:20:48 INFO SecurityManager: Changing view acls groups to:
[2026-03-16T01:20:48.759+0000] {subprocess.py:93} INFO - 26/03/16 01:20:48 INFO SecurityManager: Changing modify acls groups to:
[2026-03-16T01:20:48.761+0000] {subprocess.py:93} INFO - 26/03/16 01:20:48 INFO SecurityManager: SecurityManager: authentication disabled; ui acls disabled; users with view permissions: airflow; groups with view permissions: EMPTY; users with modify permissions: airflow; groups with modify permissions: EMPTY
[2026-03-16T01:20:49.726+0000] {subprocess.py:93} INFO - 26/03/16 01:20:49 INFO Utils: Successfully started service 'sparkDriver' on port 41259.
[2026-03-16T01:20:49.908+0000] {subprocess.py:93} INFO - 26/03/16 01:20:49 INFO SparkEnv: Registering MapOutputTracker
[2026-03-16T01:20:50.092+0000] {subprocess.py:93} INFO - 26/03/16 01:20:50 INFO SparkEnv: Registering BlockManagerMaster
[2026-03-16T01:20:50.189+0000] {subprocess.py:93} INFO - 26/03/16 01:20:50 INFO BlockManagerMasterEndpoint: Using org.apache.spark.storage.DefaultTopologyMapper for getting topology information
[2026-03-16T01:20:50.191+0000] {subprocess.py:93} INFO - 26/03/16 01:20:50 INFO BlockManagerMasterEndpoint: BlockManagerMasterEndpoint up
[2026-03-16T01:20:50.211+0000] {subprocess.py:93} INFO - 26/03/16 01:20:50 INFO SparkEnv: Registering BlockManagerMasterHeartbeat
[2026-03-16T01:20:50.340+0000] {subprocess.py:93} INFO - 26/03/16 01:20:50 INFO DiskBlockManager: Created local directory at /tmp/blockmgr-a9b4fae7-12e5-47b4-85c6-99182351253d
[2026-03-16T01:20:50.469+0000] {subprocess.py:93} INFO - 26/03/16 01:20:50 INFO MemoryStore: MemoryStore started with capacity 434.4 MiB
[2026-03-16T01:20:50.596+0000] {subprocess.py:93} INFO - 26/03/16 01:20:50 INFO SparkEnv: Registering OutputCommitCoordinator
[2026-03-16T01:20:51.094+0000] {subprocess.py:93} INFO - 26/03/16 01:20:51 INFO JettyUtils: Start Jetty 0.0.0.0:4040 for SparkUI
[2026-03-16T01:20:51.351+0000] {subprocess.py:93} INFO - 26/03/16 01:20:51 INFO Utils: Successfully started service 'SparkUI' on port 4040.
[2026-03-16T01:20:51.482+0000] {subprocess.py:93} INFO - 26/03/16 01:20:51 ERROR SparkContext: Failed to add spark/jars/postgresql-42.7.3.jar to Spark environment
[2026-03-16T01:20:51.483+0000] {subprocess.py:93} INFO - java.io.FileNotFoundException: Jar /tmp/airflowtmpyw81tjfi/spark/jars/postgresql-42.7.3.jar not found
[2026-03-16T01:20:51.484+0000] {subprocess.py:93} INFO - 	at org.apache.spark.SparkContext.addLocalJarFile$1(SparkContext.scala:2095)
[2026-03-16T01:20:51.485+0000] {subprocess.py:93} INFO - 	at org.apache.spark.SparkContext.addJar(SparkContext.scala:2151)
[2026-03-16T01:20:51.485+0000] {subprocess.py:93} INFO - 	at org.apache.spark.SparkContext.$anonfun$new$15(SparkContext.scala:521)
[2026-03-16T01:20:51.486+0000] {subprocess.py:93} INFO - 	at org.apache.spark.SparkContext.$anonfun$new$15$adapted(SparkContext.scala:521)
[2026-03-16T01:20:51.489+0000] {subprocess.py:93} INFO - 	at scala.collection.mutable.ResizableArray.foreach(ResizableArray.scala:62)
[2026-03-16T01:20:51.498+0000] {subprocess.py:93} INFO - 	at scala.collection.mutable.ResizableArray.foreach$(ResizableArray.scala:55)
[2026-03-16T01:20:51.504+0000] {subprocess.py:93} INFO - 	at scala.collection.mutable.ArrayBuffer.foreach(ArrayBuffer.scala:49)
[2026-03-16T01:20:51.505+0000] {subprocess.py:93} INFO - 	at org.apache.spark.SparkContext.<init>(SparkContext.scala:521)
[2026-03-16T01:20:51.509+0000] {subprocess.py:93} INFO - 	at org.apache.spark.api.java.JavaSparkContext.<init>(JavaSparkContext.scala:58)
[2026-03-16T01:20:51.510+0000] {subprocess.py:93} INFO - 	at java.base/jdk.internal.reflect.NativeConstructorAccessorImpl.newInstance0(Native Method)
[2026-03-16T01:20:51.511+0000] {subprocess.py:93} INFO - 	at java.base/jdk.internal.reflect.NativeConstructorAccessorImpl.newInstance(NativeConstructorAccessorImpl.java:77)
[2026-03-16T01:20:51.511+0000] {subprocess.py:93} INFO - 	at java.base/jdk.internal.reflect.DelegatingConstructorAccessorImpl.newInstance(DelegatingConstructorAccessorImpl.java:45)
[2026-03-16T01:20:51.512+0000] {subprocess.py:93} INFO - 	at java.base/java.lang.reflect.Constructor.newInstanceWithCaller(Constructor.java:500)
[2026-03-16T01:20:51.513+0000] {subprocess.py:93} INFO - 	at java.base/java.lang.reflect.Constructor.newInstance(Constructor.java:481)
[2026-03-16T01:20:51.528+0000] {subprocess.py:93} INFO - 	at py4j.reflection.MethodInvoker.invoke(MethodInvoker.java:247)
[2026-03-16T01:20:51.530+0000] {subprocess.py:93} INFO - 	at py4j.reflection.ReflectionEngine.invoke(ReflectionEngine.java:374)
[2026-03-16T01:20:51.530+0000] {subprocess.py:93} INFO - 	at py4j.Gateway.invoke(Gateway.java:238)
[2026-03-16T01:20:51.534+0000] {subprocess.py:93} INFO - 	at py4j.commands.ConstructorCommand.invokeConstructor(ConstructorCommand.java:80)
[2026-03-16T01:20:51.537+0000] {subprocess.py:93} INFO - 	at py4j.commands.ConstructorCommand.execute(ConstructorCommand.java:69)
[2026-03-16T01:20:51.538+0000] {subprocess.py:93} INFO - 	at py4j.ClientServerConnection.waitForCommands(ClientServerConnection.java:182)
[2026-03-16T01:20:51.539+0000] {subprocess.py:93} INFO - 	at py4j.ClientServerConnection.run(ClientServerConnection.java:106)
[2026-03-16T01:20:51.540+0000] {subprocess.py:93} INFO - 	at java.base/java.lang.Thread.run(Thread.java:840)
[2026-03-16T01:20:51.820+0000] {subprocess.py:93} INFO - 26/03/16 01:20:51 INFO Executor: Starting executor ID driver on host 45f99552e120
[2026-03-16T01:20:51.821+0000] {subprocess.py:93} INFO - 26/03/16 01:20:51 INFO Executor: OS info Linux, 5.15.167.4-microsoft-standard-WSL2, amd64
[2026-03-16T01:20:51.823+0000] {subprocess.py:93} INFO - 26/03/16 01:20:51 INFO Executor: Java version 17.0.18
[2026-03-16T01:20:51.852+0000] {subprocess.py:93} INFO - 26/03/16 01:20:51 INFO Executor: Starting executor with user classpath (userClassPathFirst = false): ''
[2026-03-16T01:20:51.855+0000] {subprocess.py:93} INFO - 26/03/16 01:20:51 INFO Executor: Created or updated repl class loader org.apache.spark.util.MutableURLClassLoader@aae43b for default.
[2026-03-16T01:20:51.999+0000] {subprocess.py:93} INFO - 26/03/16 01:20:51 INFO Utils: Successfully started service 'org.apache.spark.network.netty.NettyBlockTransferService' on port 37965.
[2026-03-16T01:20:52.000+0000] {subprocess.py:93} INFO - 26/03/16 01:20:51 INFO NettyBlockTransferService: Server created on 45f99552e120:37965
[2026-03-16T01:20:52.002+0000] {subprocess.py:93} INFO - 26/03/16 01:20:52 INFO BlockManager: Using org.apache.spark.storage.RandomBlockReplicationPolicy for block replication policy
[2026-03-16T01:20:52.053+0000] {subprocess.py:93} INFO - 26/03/16 01:20:52 INFO BlockManagerMaster: Registering BlockManager BlockManagerId(driver, 45f99552e120, 37965, None)
[2026-03-16T01:20:52.067+0000] {subprocess.py:93} INFO - 26/03/16 01:20:52 INFO BlockManagerMasterEndpoint: Registering block manager 45f99552e120:37965 with 434.4 MiB RAM, BlockManagerId(driver, 45f99552e120, 37965, None)
[2026-03-16T01:20:52.087+0000] {subprocess.py:93} INFO - 26/03/16 01:20:52 INFO BlockManagerMaster: Registered BlockManager BlockManagerId(driver, 45f99552e120, 37965, None)
[2026-03-16T01:20:52.091+0000] {subprocess.py:93} INFO - 26/03/16 01:20:52 INFO BlockManager: Initialized BlockManager: BlockManagerId(driver, 45f99552e120, 37965, None)
[2026-03-16T01:20:56.234+0000] {subprocess.py:93} INFO - Traceback (most recent call last):
[2026-03-16T01:20:56.235+0000] {subprocess.py:93} INFO -   File "/opt/airflow/spark/spark_processor.py", line 10, in <module>
[2026-03-16T01:20:56.236+0000] {subprocess.py:93} INFO -     conn = psycopg2.connect(
[2026-03-16T01:20:56.237+0000] {subprocess.py:93} INFO -   File "/home/airflow/.local/lib/python3.8/site-packages/psycopg2/__init__.py", line 122, in connect
[2026-03-16T01:20:56.238+0000] {subprocess.py:93} INFO -     conn = _connect(dsn, connection_factory=connection_factory, **kwasync)
[2026-03-16T01:20:56.239+0000] {subprocess.py:93} INFO - psycopg2.OperationalError: connection to server at "localhost" (::1), port 5432 failed: Connection refused
[2026-03-16T01:20:56.240+0000] {subprocess.py:93} INFO - 	Is the server running on that host and accepting TCP/IP connections?
[2026-03-16T01:20:56.241+0000] {subprocess.py:93} INFO - connection to server at "localhost" (127.0.0.1), port 5432 failed: Connection refused
[2026-03-16T01:20:56.245+0000] {subprocess.py:93} INFO - 	Is the server running on that host and accepting TCP/IP connections?
[2026-03-16T01:20:56.247+0000] {subprocess.py:93} INFO - 
[2026-03-16T01:20:56.389+0000] {subprocess.py:93} INFO - 26/03/16 01:20:56 INFO SparkContext: Invoking stop() from shutdown hook
[2026-03-16T01:20:56.390+0000] {subprocess.py:93} INFO - 26/03/16 01:20:56 INFO SparkContext: SparkContext is stopping with exitCode 0.
[2026-03-16T01:20:56.420+0000] {subprocess.py:93} INFO - 26/03/16 01:20:56 INFO SparkUI: Stopped Spark web UI at http://45f99552e120:4040
[2026-03-16T01:20:56.462+0000] {subprocess.py:93} INFO - 26/03/16 01:20:56 INFO MapOutputTrackerMasterEndpoint: MapOutputTrackerMasterEndpoint stopped!
[2026-03-16T01:20:56.537+0000] {subprocess.py:93} INFO - 26/03/16 01:20:56 INFO MemoryStore: MemoryStore cleared
[2026-03-16T01:20:56.538+0000] {subprocess.py:93} INFO - 26/03/16 01:20:56 INFO BlockManager: BlockManager stopped
[2026-03-16T01:20:56.587+0000] {subprocess.py:93} INFO - 26/03/16 01:20:56 INFO BlockManagerMaster: BlockManagerMaster stopped
[2026-03-16T01:20:56.623+0000] {subprocess.py:93} INFO - 26/03/16 01:20:56 INFO OutputCommitCoordinator$OutputCommitCoordinatorEndpoint: OutputCommitCoordinator stopped!
[2026-03-16T01:20:56.645+0000] {subprocess.py:93} INFO - 26/03/16 01:20:56 INFO SparkContext: Successfully stopped SparkContext
[2026-03-16T01:20:56.648+0000] {subprocess.py:93} INFO - 26/03/16 01:20:56 INFO ShutdownHookManager: Shutdown hook called
[2026-03-16T01:20:56.652+0000] {subprocess.py:93} INFO - 26/03/16 01:20:56 INFO ShutdownHookManager: Deleting directory /tmp/spark-7c6d0913-6e99-4437-adac-4fedced5ccba
[2026-03-16T01:20:56.665+0000] {subprocess.py:93} INFO - 26/03/16 01:20:56 INFO ShutdownHookManager: Deleting directory /tmp/spark-3e14df2e-80c2-4c98-8ff7-b519ae13cb6a/pyspark-8a3082ae-53f9-4769-8ede-d6db4688d5ae
[2026-03-16T01:20:56.677+0000] {subprocess.py:93} INFO - 26/03/16 01:20:56 INFO ShutdownHookManager: Deleting directory /tmp/spark-3e14df2e-80c2-4c98-8ff7-b519ae13cb6a
[2026-03-16T01:20:57.063+0000] {subprocess.py:97} INFO - Command exited with return code 1
[2026-03-16T01:20:57.090+0000] {taskinstance.py:2698} ERROR - Task failed with exception
Traceback (most recent call last):
  File "/home/airflow/.local/lib/python3.8/site-packages/airflow/models/taskinstance.py", line 433, in _execute_task
    result = execute_callable(context=context, **execute_callable_kwargs)
  File "/home/airflow/.local/lib/python3.8/site-packages/airflow/operators/bash.py", line 212, in execute
    raise AirflowException(
airflow.exceptions.AirflowException: Bash command failed. The command returned a non-zero exit code 1.
[2026-03-16T01:20:57.105+0000] {taskinstance.py:1138} INFO - Marking task as FAILED. dag_id=pipeline_gps, task_id=task_process, execution_date=20260316T011500, start_date=20260316T012027, end_date=20260316T012057
[2026-03-16T01:20:57.177+0000] {standard_task_runner.py:107} ERROR - Failed to execute job 548 for task task_process (Bash command failed. The command returned a non-zero exit code 1.; 584)
[2026-03-16T01:20:57.219+0000] {local_task_job_runner.py:234} INFO - Task exited with return code 1
[2026-03-16T01:20:57.282+0000] {taskinstance.py:3280} INFO - 0 downstream tasks scheduled from follow-on schedule check
