[2026-03-15T17:52:06.341+0000] {taskinstance.py:1956} INFO - Dependencies all met for dep_context=non-requeueable deps ti=<TaskInstance: pipeline_gps.task1_ingest scheduled__2026-03-15T17:51:00+00:00 [queued]>
[2026-03-15T17:52:06.353+0000] {taskinstance.py:1956} INFO - Dependencies all met for dep_context=requeueable deps ti=<TaskInstance: pipeline_gps.task1_ingest scheduled__2026-03-15T17:51:00+00:00 [queued]>
[2026-03-15T17:52:06.353+0000] {taskinstance.py:2170} INFO - Starting attempt 1 of 1
[2026-03-15T17:52:06.384+0000] {taskinstance.py:2191} INFO - Executing <Task(BashOperator): task1_ingest> on 2026-03-15 17:51:00+00:00
[2026-03-15T17:52:06.390+0000] {standard_task_runner.py:60} INFO - Started process 253 to run task
[2026-03-15T17:52:06.399+0000] {standard_task_runner.py:87} INFO - Running: ['airflow', 'tasks', 'run', 'pipeline_gps', 'task1_ingest', 'scheduled__2026-03-15T17:51:00+00:00', '--job-id', '486', '--raw', '--subdir', 'DAGS_FOLDER/pipeline_gps.py', '--cfg-path', '/tmp/tmpvq7whi3o']
[2026-03-15T17:52:06.404+0000] {standard_task_runner.py:88} INFO - Job 486: Subtask task1_ingest
[2026-03-15T17:52:06.494+0000] {task_command.py:423} INFO - Running <TaskInstance: pipeline_gps.task1_ingest scheduled__2026-03-15T17:51:00+00:00 [running]> on host 693df5566a25
[2026-03-15T17:52:06.649+0000] {taskinstance.py:2480} INFO - Exporting env vars: AIRFLOW_CTX_DAG_OWNER='airflow' AIRFLOW_CTX_DAG_ID='pipeline_gps' AIRFLOW_CTX_TASK_ID='task1_ingest' AIRFLOW_CTX_EXECUTION_DATE='2026-03-15T17:51:00+00:00' AIRFLOW_CTX_TRY_NUMBER='1' AIRFLOW_CTX_DAG_RUN_ID='scheduled__2026-03-15T17:51:00+00:00'
[2026-03-15T17:52:06.659+0000] {subprocess.py:63} INFO - Tmp dir root location: /tmp
[2026-03-15T17:52:06.661+0000] {subprocess.py:75} INFO - Running command: ['/usr/bin/bash', '-c', 'python /opt/airflow/ingestion/mqtt_ingestor.py']
[2026-03-15T17:52:06.680+0000] {subprocess.py:86} INFO - Output:
[2026-03-15T17:52:22.083+0000] {local_task_job_runner.py:121} ERROR - Received SIGTERM. Terminating subprocesses
[2026-03-15T17:52:22.085+0000] {process_utils.py:131} INFO - Sending Signals.SIGTERM to group 253. PIDs of all processes in the group: [254, 253]
[2026-03-15T17:52:22.097+0000] {process_utils.py:86} INFO - Sending the signal Signals.SIGTERM to group 253
[2026-03-15T17:52:22.098+0000] {taskinstance.py:2450} ERROR - Received SIGTERM. Terminating subprocesses.
[2026-03-15T17:52:22.099+0000] {subprocess.py:104} INFO - Sending SIGTERM signal to process group
[2026-03-15T17:52:22.157+0000] {taskinstance.py:2698} ERROR - Task failed with exception
Traceback (most recent call last):
  File "/home/airflow/.local/lib/python3.8/site-packages/airflow/models/taskinstance.py", line 433, in _execute_task
    result = execute_callable(context=context, **execute_callable_kwargs)
  File "/home/airflow/.local/lib/python3.8/site-packages/airflow/operators/bash.py", line 203, in execute
    result = self.subprocess_hook.run_command(
  File "/home/airflow/.local/lib/python3.8/site-packages/airflow/hooks/subprocess.py", line 91, in run_command
    for raw_line in iter(self.sub_process.stdout.readline, b""):
  File "/home/airflow/.local/lib/python3.8/site-packages/airflow/models/taskinstance.py", line 2452, in signal_handler
    raise AirflowException("Task received SIGTERM signal")
airflow.exceptions.AirflowException: Task received SIGTERM signal
[2026-03-15T17:52:22.177+0000] {taskinstance.py:1138} INFO - Marking task as FAILED. dag_id=pipeline_gps, task_id=task1_ingest, execution_date=20260315T175100, start_date=20260315T175206, end_date=20260315T175222
[2026-03-15T17:52:22.249+0000] {standard_task_runner.py:107} ERROR - Failed to execute job 486 for task task1_ingest (Task received SIGTERM signal; 253)
[2026-03-15T17:52:22.293+0000] {process_utils.py:79} INFO - Process psutil.Process(pid=254, status='terminated', started='17:52:05') (254) terminated with exit code None
[2026-03-15T17:52:22.296+0000] {process_utils.py:79} INFO - Process psutil.Process(pid=253, status='terminated', exitcode=1, started='17:52:05') (253) terminated with exit code 1
[2026-03-15T17:52:22.297+0000] {local_task_job_runner.py:234} INFO - Task exited with return code 143
[2026-03-15T17:52:22.372+0000] {taskinstance.py:3280} INFO - 0 downstream tasks scheduled from follow-on schedule check
