[2026-03-16T01:23:47.243+0000] {taskinstance.py:1956} INFO - Dependencies all met for dep_context=non-requeueable deps ti=<TaskInstance: pipeline_gps.task_process manual__2026-03-16T01:23:11.049453+00:00 [queued]>
[2026-03-16T01:23:47.254+0000] {taskinstance.py:1956} INFO - Dependencies all met for dep_context=requeueable deps ti=<TaskInstance: pipeline_gps.task_process manual__2026-03-16T01:23:11.049453+00:00 [queued]>
[2026-03-16T01:23:47.255+0000] {taskinstance.py:2170} INFO - Starting attempt 1 of 1
[2026-03-16T01:23:47.284+0000] {taskinstance.py:2191} INFO - Executing <Task(BashOperator): task_process> on 2026-03-16 01:23:11.049453+00:00
[2026-03-16T01:23:47.292+0000] {standard_task_runner.py:60} INFO - Started process 166 to run task
[2026-03-16T01:23:47.301+0000] {standard_task_runner.py:87} INFO - Running: ['airflow', 'tasks', 'run', 'pipeline_gps', 'task_process', 'manual__2026-03-16T01:23:11.049453+00:00', '--job-id', '551', '--raw', '--subdir', 'DAGS_FOLDER/pipeline_gps.py', '--cfg-path', '/tmp/tmpqpdip83j']
[2026-03-16T01:23:47.308+0000] {standard_task_runner.py:88} INFO - Job 551: Subtask task_process
[2026-03-16T01:23:47.382+0000] {task_command.py:423} INFO - Running <TaskInstance: pipeline_gps.task_process manual__2026-03-16T01:23:11.049453+00:00 [running]> on host 45f99552e120
[2026-03-16T01:23:47.515+0000] {taskinstance.py:2480} INFO - Exporting env vars: AIRFLOW_CTX_DAG_OWNER='airflow' AIRFLOW_CTX_DAG_ID='pipeline_gps' AIRFLOW_CTX_TASK_ID='task_process' AIRFLOW_CTX_EXECUTION_DATE='2026-03-16T01:23:11.049453+00:00' AIRFLOW_CTX_TRY_NUMBER='1' AIRFLOW_CTX_DAG_RUN_ID='manual__2026-03-16T01:23:11.049453+00:00'
[2026-03-16T01:23:47.517+0000] {subprocess.py:63} INFO - Tmp dir root location: /tmp
[2026-03-16T01:23:47.519+0000] {subprocess.py:75} INFO - Running command: ['/usr/bin/bash', '-c', 'python /opt/airflow/spark/spark_processor.py']
[2026-03-16T01:23:47.540+0000] {subprocess.py:86} INFO - Output:
[2026-03-16T01:23:51.784+0000] {subprocess.py:93} INFO - 26/03/16 01:23:51 WARN NativeCodeLoader: Unable to load native-hadoop library for your platform... using builtin-java classes where applicable
[2026-03-16T01:23:52.168+0000] {subprocess.py:93} INFO - 26/03/16 01:23:52 WARN DependencyUtils: Local jar /tmp/airflowtmppwakgaex/spark/jars/postgresql-42.7.3.jar does not exist, skipping.
[2026-03-16T01:23:52.396+0000] {subprocess.py:93} INFO - 26/03/16 01:23:52 INFO SparkContext: Running Spark version 3.5.8
[2026-03-16T01:23:52.397+0000] {subprocess.py:93} INFO - 26/03/16 01:23:52 INFO SparkContext: OS info Linux, 5.15.167.4-microsoft-standard-WSL2, amd64
[2026-03-16T01:23:52.398+0000] {subprocess.py:93} INFO - 26/03/16 01:23:52 INFO SparkContext: Java version 17.0.18
[2026-03-16T01:23:52.463+0000] {subprocess.py:93} INFO - 26/03/16 01:23:52 INFO ResourceUtils: ==============================================================
[2026-03-16T01:23:52.464+0000] {subprocess.py:93} INFO - 26/03/16 01:23:52 INFO ResourceUtils: No custom resources configured for spark.driver.
[2026-03-16T01:23:52.465+0000] {subprocess.py:93} INFO - 26/03/16 01:23:52 INFO ResourceUtils: ==============================================================
[2026-03-16T01:23:52.466+0000] {subprocess.py:93} INFO - 26/03/16 01:23:52 INFO SparkContext: Submitted application: gps_processor
[2026-03-16T01:23:52.511+0000] {subprocess.py:93} INFO - 26/03/16 01:23:52 INFO ResourceProfile: Default ResourceProfile created, executor resources: Map(cores -> name: cores, amount: 1, script: , vendor: , memory -> name: memory, amount: 1024, script: , vendor: , offHeap -> name: offHeap, amount: 0, script: , vendor: ), task resources: Map(cpus -> name: cpus, amount: 1.0)
[2026-03-16T01:23:52.527+0000] {subprocess.py:93} INFO - 26/03/16 01:23:52 INFO ResourceProfile: Limiting resource is cpu
[2026-03-16T01:23:52.528+0000] {subprocess.py:93} INFO - 26/03/16 01:23:52 INFO ResourceProfileManager: Added ResourceProfile id: 0
[2026-03-16T01:23:52.611+0000] {subprocess.py:93} INFO - 26/03/16 01:23:52 INFO SecurityManager: Changing view acls to: airflow
[2026-03-16T01:23:52.613+0000] {subprocess.py:93} INFO - 26/03/16 01:23:52 INFO SecurityManager: Changing modify acls to: airflow
[2026-03-16T01:23:52.614+0000] {subprocess.py:93} INFO - 26/03/16 01:23:52 INFO SecurityManager: Changing view acls groups to:
[2026-03-16T01:23:52.615+0000] {subprocess.py:93} INFO - 26/03/16 01:23:52 INFO SecurityManager: Changing modify acls groups to:
[2026-03-16T01:23:52.617+0000] {subprocess.py:93} INFO - 26/03/16 01:23:52 INFO SecurityManager: SecurityManager: authentication disabled; ui acls disabled; users with view permissions: airflow; groups with view permissions: EMPTY; users with modify permissions: airflow; groups with modify permissions: EMPTY
[2026-03-16T01:23:53.229+0000] {subprocess.py:93} INFO - 26/03/16 01:23:53 INFO Utils: Successfully started service 'sparkDriver' on port 40969.
[2026-03-16T01:23:53.470+0000] {subprocess.py:93} INFO - 26/03/16 01:23:53 INFO SparkEnv: Registering MapOutputTracker
[2026-03-16T01:23:53.563+0000] {subprocess.py:93} INFO - 26/03/16 01:23:53 INFO SparkEnv: Registering BlockManagerMaster
[2026-03-16T01:23:53.622+0000] {subprocess.py:93} INFO - 26/03/16 01:23:53 INFO BlockManagerMasterEndpoint: Using org.apache.spark.storage.DefaultTopologyMapper for getting topology information
[2026-03-16T01:23:53.624+0000] {subprocess.py:93} INFO - 26/03/16 01:23:53 INFO BlockManagerMasterEndpoint: BlockManagerMasterEndpoint up
[2026-03-16T01:23:53.637+0000] {subprocess.py:93} INFO - 26/03/16 01:23:53 INFO SparkEnv: Registering BlockManagerMasterHeartbeat
[2026-03-16T01:23:53.686+0000] {subprocess.py:93} INFO - 26/03/16 01:23:53 INFO DiskBlockManager: Created local directory at /tmp/blockmgr-a69a0360-2185-48db-b2fa-7af99f5ff980
[2026-03-16T01:23:53.716+0000] {subprocess.py:93} INFO - 26/03/16 01:23:53 INFO MemoryStore: MemoryStore started with capacity 434.4 MiB
[2026-03-16T01:23:53.746+0000] {subprocess.py:93} INFO - 26/03/16 01:23:53 INFO SparkEnv: Registering OutputCommitCoordinator
[2026-03-16T01:23:54.046+0000] {subprocess.py:93} INFO - 26/03/16 01:23:54 INFO JettyUtils: Start Jetty 0.0.0.0:4040 for SparkUI
[2026-03-16T01:23:54.183+0000] {subprocess.py:93} INFO - 26/03/16 01:23:54 INFO Utils: Successfully started service 'SparkUI' on port 4040.
[2026-03-16T01:23:54.273+0000] {subprocess.py:93} INFO - 26/03/16 01:23:54 ERROR SparkContext: Failed to add spark/jars/postgresql-42.7.3.jar to Spark environment
[2026-03-16T01:23:54.273+0000] {subprocess.py:93} INFO - java.io.FileNotFoundException: Jar /tmp/airflowtmppwakgaex/spark/jars/postgresql-42.7.3.jar not found
[2026-03-16T01:23:54.274+0000] {subprocess.py:93} INFO - 	at org.apache.spark.SparkContext.addLocalJarFile$1(SparkContext.scala:2095)
[2026-03-16T01:23:54.274+0000] {subprocess.py:93} INFO - 	at org.apache.spark.SparkContext.addJar(SparkContext.scala:2151)
[2026-03-16T01:23:54.274+0000] {subprocess.py:93} INFO - 	at org.apache.spark.SparkContext.$anonfun$new$15(SparkContext.scala:521)
[2026-03-16T01:23:54.275+0000] {subprocess.py:93} INFO - 	at org.apache.spark.SparkContext.$anonfun$new$15$adapted(SparkContext.scala:521)
[2026-03-16T01:23:54.275+0000] {subprocess.py:93} INFO - 	at scala.collection.mutable.ResizableArray.foreach(ResizableArray.scala:62)
[2026-03-16T01:23:54.275+0000] {subprocess.py:93} INFO - 	at scala.collection.mutable.ResizableArray.foreach$(ResizableArray.scala:55)
[2026-03-16T01:23:54.275+0000] {subprocess.py:93} INFO - 	at scala.collection.mutable.ArrayBuffer.foreach(ArrayBuffer.scala:49)
[2026-03-16T01:23:54.275+0000] {subprocess.py:93} INFO - 	at org.apache.spark.SparkContext.<init>(SparkContext.scala:521)
[2026-03-16T01:23:54.276+0000] {subprocess.py:93} INFO - 	at org.apache.spark.api.java.JavaSparkContext.<init>(JavaSparkContext.scala:58)
[2026-03-16T01:23:54.276+0000] {subprocess.py:93} INFO - 	at java.base/jdk.internal.reflect.NativeConstructorAccessorImpl.newInstance0(Native Method)
[2026-03-16T01:23:54.276+0000] {subprocess.py:93} INFO - 	at java.base/jdk.internal.reflect.NativeConstructorAccessorImpl.newInstance(NativeConstructorAccessorImpl.java:77)
[2026-03-16T01:23:54.276+0000] {subprocess.py:93} INFO - 	at java.base/jdk.internal.reflect.DelegatingConstructorAccessorImpl.newInstance(DelegatingConstructorAccessorImpl.java:45)
[2026-03-16T01:23:54.277+0000] {subprocess.py:93} INFO - 	at java.base/java.lang.reflect.Constructor.newInstanceWithCaller(Constructor.java:500)
[2026-03-16T01:23:54.277+0000] {subprocess.py:93} INFO - 	at java.base/java.lang.reflect.Constructor.newInstance(Constructor.java:481)
[2026-03-16T01:23:54.279+0000] {subprocess.py:93} INFO - 	at py4j.reflection.MethodInvoker.invoke(MethodInvoker.java:247)
[2026-03-16T01:23:54.279+0000] {subprocess.py:93} INFO - 	at py4j.reflection.ReflectionEngine.invoke(ReflectionEngine.java:374)
[2026-03-16T01:23:54.279+0000] {subprocess.py:93} INFO - 	at py4j.Gateway.invoke(Gateway.java:238)
[2026-03-16T01:23:54.280+0000] {subprocess.py:93} INFO - 	at py4j.commands.ConstructorCommand.invokeConstructor(ConstructorCommand.java:80)
[2026-03-16T01:23:54.280+0000] {subprocess.py:93} INFO - 	at py4j.commands.ConstructorCommand.execute(ConstructorCommand.java:69)
[2026-03-16T01:23:54.287+0000] {subprocess.py:93} INFO - 	at py4j.ClientServerConnection.waitForCommands(ClientServerConnection.java:182)
[2026-03-16T01:23:54.287+0000] {subprocess.py:93} INFO - 	at py4j.ClientServerConnection.run(ClientServerConnection.java:106)
[2026-03-16T01:23:54.288+0000] {subprocess.py:93} INFO - 	at java.base/java.lang.Thread.run(Thread.java:840)
[2026-03-16T01:23:54.431+0000] {subprocess.py:93} INFO - 26/03/16 01:23:54 INFO Executor: Starting executor ID driver on host 45f99552e120
[2026-03-16T01:23:54.432+0000] {subprocess.py:93} INFO - 26/03/16 01:23:54 INFO Executor: OS info Linux, 5.15.167.4-microsoft-standard-WSL2, amd64
[2026-03-16T01:23:54.433+0000] {subprocess.py:93} INFO - 26/03/16 01:23:54 INFO Executor: Java version 17.0.18
[2026-03-16T01:23:54.449+0000] {subprocess.py:93} INFO - 26/03/16 01:23:54 INFO Executor: Starting executor with user classpath (userClassPathFirst = false): ''
[2026-03-16T01:23:54.453+0000] {subprocess.py:93} INFO - 26/03/16 01:23:54 INFO Executor: Created or updated repl class loader org.apache.spark.util.MutableURLClassLoader@1d7409c3 for default.
[2026-03-16T01:23:54.504+0000] {subprocess.py:93} INFO - 26/03/16 01:23:54 INFO Utils: Successfully started service 'org.apache.spark.network.netty.NettyBlockTransferService' on port 42089.
[2026-03-16T01:23:54.504+0000] {subprocess.py:93} INFO - 26/03/16 01:23:54 INFO NettyBlockTransferService: Server created on 45f99552e120:42089
[2026-03-16T01:23:54.508+0000] {subprocess.py:93} INFO - 26/03/16 01:23:54 INFO BlockManager: Using org.apache.spark.storage.RandomBlockReplicationPolicy for block replication policy
[2026-03-16T01:23:54.524+0000] {subprocess.py:93} INFO - 26/03/16 01:23:54 INFO BlockManagerMaster: Registering BlockManager BlockManagerId(driver, 45f99552e120, 42089, None)
[2026-03-16T01:23:54.531+0000] {subprocess.py:93} INFO - 26/03/16 01:23:54 INFO BlockManagerMasterEndpoint: Registering block manager 45f99552e120:42089 with 434.4 MiB RAM, BlockManagerId(driver, 45f99552e120, 42089, None)
[2026-03-16T01:23:54.536+0000] {subprocess.py:93} INFO - 26/03/16 01:23:54 INFO BlockManagerMaster: Registered BlockManager BlockManagerId(driver, 45f99552e120, 42089, None)
[2026-03-16T01:23:54.539+0000] {subprocess.py:93} INFO - 26/03/16 01:23:54 INFO BlockManager: Initialized BlockManager: BlockManagerId(driver, 45f99552e120, 42089, None)
[2026-03-16T01:23:55.913+0000] {subprocess.py:93} INFO - Traceback (most recent call last):
[2026-03-16T01:23:55.914+0000] {subprocess.py:93} INFO -   File "/opt/airflow/spark/spark_processor.py", line 10, in <module>
[2026-03-16T01:23:55.914+0000] {subprocess.py:93} INFO -     conn = psycopg2.connect(
[2026-03-16T01:23:55.914+0000] {subprocess.py:93} INFO -   File "/home/airflow/.local/lib/python3.8/site-packages/psycopg2/__init__.py", line 122, in connect
[2026-03-16T01:23:55.914+0000] {subprocess.py:93} INFO -     conn = _connect(dsn, connection_factory=connection_factory, **kwasync)
[2026-03-16T01:23:55.915+0000] {subprocess.py:93} INFO - psycopg2.OperationalError: connection to server at "localhost" (::1), port 5432 failed: Connection refused
[2026-03-16T01:23:55.915+0000] {subprocess.py:93} INFO - 	Is the server running on that host and accepting TCP/IP connections?
[2026-03-16T01:23:55.915+0000] {subprocess.py:93} INFO - connection to server at "localhost" (127.0.0.1), port 5432 failed: Connection refused
[2026-03-16T01:23:55.916+0000] {subprocess.py:93} INFO - 	Is the server running on that host and accepting TCP/IP connections?
[2026-03-16T01:23:55.916+0000] {subprocess.py:93} INFO - 
[2026-03-16T01:23:56.007+0000] {subprocess.py:93} INFO - 26/03/16 01:23:56 INFO SparkContext: Invoking stop() from shutdown hook
[2026-03-16T01:23:56.008+0000] {subprocess.py:93} INFO - 26/03/16 01:23:56 INFO SparkContext: SparkContext is stopping with exitCode 0.
[2026-03-16T01:23:56.057+0000] {subprocess.py:93} INFO - 26/03/16 01:23:56 INFO SparkUI: Stopped Spark web UI at http://45f99552e120:4040
[2026-03-16T01:23:56.105+0000] {subprocess.py:93} INFO - 26/03/16 01:23:56 INFO MapOutputTrackerMasterEndpoint: MapOutputTrackerMasterEndpoint stopped!
[2026-03-16T01:23:56.150+0000] {subprocess.py:93} INFO - 26/03/16 01:23:56 INFO MemoryStore: MemoryStore cleared
[2026-03-16T01:23:56.151+0000] {subprocess.py:93} INFO - 26/03/16 01:23:56 INFO BlockManager: BlockManager stopped
[2026-03-16T01:23:56.166+0000] {subprocess.py:93} INFO - 26/03/16 01:23:56 INFO BlockManagerMaster: BlockManagerMaster stopped
[2026-03-16T01:23:56.175+0000] {subprocess.py:93} INFO - 26/03/16 01:23:56 INFO OutputCommitCoordinator$OutputCommitCoordinatorEndpoint: OutputCommitCoordinator stopped!
[2026-03-16T01:23:56.194+0000] {subprocess.py:93} INFO - 26/03/16 01:23:56 INFO SparkContext: Successfully stopped SparkContext
[2026-03-16T01:23:56.195+0000] {subprocess.py:93} INFO - 26/03/16 01:23:56 INFO ShutdownHookManager: Shutdown hook called
[2026-03-16T01:23:56.197+0000] {subprocess.py:93} INFO - 26/03/16 01:23:56 INFO ShutdownHookManager: Deleting directory /tmp/spark-c004c0df-c33f-4764-8da2-e9721bbd3641
[2026-03-16T01:23:56.204+0000] {subprocess.py:93} INFO - 26/03/16 01:23:56 INFO ShutdownHookManager: Deleting directory /tmp/spark-06c081f4-9501-4481-b034-a2a7095128e9
[2026-03-16T01:23:56.211+0000] {subprocess.py:93} INFO - 26/03/16 01:23:56 INFO ShutdownHookManager: Deleting directory /tmp/spark-06c081f4-9501-4481-b034-a2a7095128e9/pyspark-923c025a-8fd0-4908-9aa9-f58d5ba3220a
[2026-03-16T01:23:56.607+0000] {subprocess.py:97} INFO - Command exited with return code 1
[2026-03-16T01:23:56.632+0000] {taskinstance.py:2698} ERROR - Task failed with exception
Traceback (most recent call last):
  File "/home/airflow/.local/lib/python3.8/site-packages/airflow/models/taskinstance.py", line 433, in _execute_task
    result = execute_callable(context=context, **execute_callable_kwargs)
  File "/home/airflow/.local/lib/python3.8/site-packages/airflow/operators/bash.py", line 212, in execute
    raise AirflowException(
airflow.exceptions.AirflowException: Bash command failed. The command returned a non-zero exit code 1.
[2026-03-16T01:23:56.640+0000] {taskinstance.py:1138} INFO - Marking task as FAILED. dag_id=pipeline_gps, task_id=task_process, execution_date=20260316T012311, start_date=20260316T012347, end_date=20260316T012356
[2026-03-16T01:23:56.699+0000] {standard_task_runner.py:107} ERROR - Failed to execute job 551 for task task_process (Bash command failed. The command returned a non-zero exit code 1.; 166)
[2026-03-16T01:23:56.754+0000] {local_task_job_runner.py:234} INFO - Task exited with return code 1
[2026-03-16T01:23:56.788+0000] {taskinstance.py:3280} INFO - 0 downstream tasks scheduled from follow-on schedule check
