[2026-03-16T03:15:58.913+0000] {taskinstance.py:1956} INFO - Dependencies all met for dep_context=non-requeueable deps ti=<TaskInstance: pipeline_gps.task_process scheduled__2026-03-16T03:10:00+00:00 [queued]>
[2026-03-16T03:15:58.930+0000] {taskinstance.py:1956} INFO - Dependencies all met for dep_context=requeueable deps ti=<TaskInstance: pipeline_gps.task_process scheduled__2026-03-16T03:10:00+00:00 [queued]>
[2026-03-16T03:15:58.930+0000] {taskinstance.py:2170} INFO - Starting attempt 1 of 1
[2026-03-16T03:15:58.966+0000] {taskinstance.py:2191} INFO - Executing <Task(BashOperator): task_process> on 2026-03-16 03:10:00+00:00
[2026-03-16T03:15:58.976+0000] {standard_task_runner.py:60} INFO - Started process 306 to run task
[2026-03-16T03:15:58.985+0000] {standard_task_runner.py:87} INFO - Running: ['airflow', 'tasks', 'run', 'pipeline_gps', 'task_process', 'scheduled__2026-03-16T03:10:00+00:00', '--job-id', '580', '--raw', '--subdir', 'DAGS_FOLDER/pipeline_gps.py', '--cfg-path', '/tmp/tmpcxr7uh6x']
[2026-03-16T03:15:58.990+0000] {standard_task_runner.py:88} INFO - Job 580: Subtask task_process
[2026-03-16T03:15:59.105+0000] {task_command.py:423} INFO - Running <TaskInstance: pipeline_gps.task_process scheduled__2026-03-16T03:10:00+00:00 [running]> on host e3430f617ad9
[2026-03-16T03:15:59.305+0000] {taskinstance.py:2480} INFO - Exporting env vars: AIRFLOW_CTX_DAG_OWNER='airflow' AIRFLOW_CTX_DAG_ID='pipeline_gps' AIRFLOW_CTX_TASK_ID='task_process' AIRFLOW_CTX_EXECUTION_DATE='2026-03-16T03:10:00+00:00' AIRFLOW_CTX_TRY_NUMBER='1' AIRFLOW_CTX_DAG_RUN_ID='scheduled__2026-03-16T03:10:00+00:00'
[2026-03-16T03:15:59.308+0000] {subprocess.py:63} INFO - Tmp dir root location: /tmp
[2026-03-16T03:15:59.310+0000] {subprocess.py:75} INFO - Running command: ['/usr/bin/bash', '-c', 'python /opt/airflow/spark/spark_processor.py']
[2026-03-16T03:15:59.333+0000] {subprocess.py:86} INFO - Output:
[2026-03-16T03:16:08.760+0000] {subprocess.py:93} INFO - 26/03/16 03:16:08 WARN NativeCodeLoader: Unable to load native-hadoop library for your platform... using builtin-java classes where applicable
[2026-03-16T03:16:09.406+0000] {subprocess.py:93} INFO - 26/03/16 03:16:09 WARN DependencyUtils: Local jar /tmp/airflowtmpqyjjtkyh/spark/jars/postgresql-42.7.3.jar does not exist, skipping.
[2026-03-16T03:16:09.903+0000] {subprocess.py:93} INFO - 26/03/16 03:16:09 INFO SparkContext: Running Spark version 3.5.8
[2026-03-16T03:16:09.906+0000] {subprocess.py:93} INFO - 26/03/16 03:16:09 INFO SparkContext: OS info Linux, 5.15.167.4-microsoft-standard-WSL2, amd64
[2026-03-16T03:16:09.918+0000] {subprocess.py:93} INFO - 26/03/16 03:16:09 INFO SparkContext: Java version 17.0.18
[2026-03-16T03:16:10.632+0000] {subprocess.py:93} INFO - 26/03/16 03:16:10 INFO ResourceUtils: ==============================================================
[2026-03-16T03:16:10.635+0000] {subprocess.py:93} INFO - 26/03/16 03:16:10 INFO ResourceUtils: No custom resources configured for spark.driver.
[2026-03-16T03:16:10.637+0000] {subprocess.py:93} INFO - 26/03/16 03:16:10 INFO ResourceUtils: ==============================================================
[2026-03-16T03:16:10.648+0000] {subprocess.py:93} INFO - 26/03/16 03:16:10 INFO SparkContext: Submitted application: gps_processor
[2026-03-16T03:16:10.807+0000] {subprocess.py:93} INFO - 26/03/16 03:16:10 INFO ResourceProfile: Default ResourceProfile created, executor resources: Map(cores -> name: cores, amount: 1, script: , vendor: , memory -> name: memory, amount: 1024, script: , vendor: , offHeap -> name: offHeap, amount: 0, script: , vendor: ), task resources: Map(cpus -> name: cpus, amount: 1.0)
[2026-03-16T03:16:10.862+0000] {subprocess.py:93} INFO - 26/03/16 03:16:10 INFO ResourceProfile: Limiting resource is cpu
[2026-03-16T03:16:10.864+0000] {subprocess.py:93} INFO - 26/03/16 03:16:10 INFO ResourceProfileManager: Added ResourceProfile id: 0
[2026-03-16T03:16:11.233+0000] {subprocess.py:93} INFO - 26/03/16 03:16:11 INFO SecurityManager: Changing view acls to: airflow
[2026-03-16T03:16:11.235+0000] {subprocess.py:93} INFO - 26/03/16 03:16:11 INFO SecurityManager: Changing modify acls to: airflow
[2026-03-16T03:16:11.247+0000] {subprocess.py:93} INFO - 26/03/16 03:16:11 INFO SecurityManager: Changing view acls groups to:
[2026-03-16T03:16:11.250+0000] {subprocess.py:93} INFO - 26/03/16 03:16:11 INFO SecurityManager: Changing modify acls groups to:
[2026-03-16T03:16:11.252+0000] {subprocess.py:93} INFO - 26/03/16 03:16:11 INFO SecurityManager: SecurityManager: authentication disabled; ui acls disabled; users with view permissions: airflow; groups with view permissions: EMPTY; users with modify permissions: airflow; groups with modify permissions: EMPTY
[2026-03-16T03:16:13.755+0000] {subprocess.py:93} INFO - 26/03/16 03:16:13 INFO Utils: Successfully started service 'sparkDriver' on port 42365.
[2026-03-16T03:16:14.101+0000] {subprocess.py:93} INFO - 26/03/16 03:16:14 INFO SparkEnv: Registering MapOutputTracker
[2026-03-16T03:16:14.620+0000] {subprocess.py:93} INFO - 26/03/16 03:16:14 INFO SparkEnv: Registering BlockManagerMaster
[2026-03-16T03:16:14.817+0000] {subprocess.py:93} INFO - 26/03/16 03:16:14 INFO BlockManagerMasterEndpoint: Using org.apache.spark.storage.DefaultTopologyMapper for getting topology information
[2026-03-16T03:16:14.821+0000] {subprocess.py:93} INFO - 26/03/16 03:16:14 INFO BlockManagerMasterEndpoint: BlockManagerMasterEndpoint up
[2026-03-16T03:16:14.866+0000] {subprocess.py:93} INFO - 26/03/16 03:16:14 INFO SparkEnv: Registering BlockManagerMasterHeartbeat
[2026-03-16T03:16:14.971+0000] {subprocess.py:93} INFO - 26/03/16 03:16:14 INFO DiskBlockManager: Created local directory at /tmp/blockmgr-860465e3-4fed-45ab-9e53-1213a28ab9a9
[2026-03-16T03:16:15.018+0000] {subprocess.py:93} INFO - 26/03/16 03:16:15 INFO MemoryStore: MemoryStore started with capacity 434.4 MiB
[2026-03-16T03:16:15.102+0000] {subprocess.py:93} INFO - 26/03/16 03:16:15 INFO SparkEnv: Registering OutputCommitCoordinator
[2026-03-16T03:16:15.792+0000] {subprocess.py:93} INFO - 26/03/16 03:16:15 INFO JettyUtils: Start Jetty 0.0.0.0:4040 for SparkUI
[2026-03-16T03:16:16.008+0000] {subprocess.py:93} INFO - 26/03/16 03:16:16 INFO Utils: Successfully started service 'SparkUI' on port 4040.
[2026-03-16T03:16:16.110+0000] {subprocess.py:93} INFO - 26/03/16 03:16:16 ERROR SparkContext: Failed to add spark/jars/postgresql-42.7.3.jar to Spark environment
[2026-03-16T03:16:16.110+0000] {subprocess.py:93} INFO - java.io.FileNotFoundException: Jar /tmp/airflowtmpqyjjtkyh/spark/jars/postgresql-42.7.3.jar not found
[2026-03-16T03:16:16.111+0000] {subprocess.py:93} INFO - 	at org.apache.spark.SparkContext.addLocalJarFile$1(SparkContext.scala:2095)
[2026-03-16T03:16:16.111+0000] {subprocess.py:93} INFO - 	at org.apache.spark.SparkContext.addJar(SparkContext.scala:2151)
[2026-03-16T03:16:16.111+0000] {subprocess.py:93} INFO - 	at org.apache.spark.SparkContext.$anonfun$new$15(SparkContext.scala:521)
[2026-03-16T03:16:16.112+0000] {subprocess.py:93} INFO - 	at org.apache.spark.SparkContext.$anonfun$new$15$adapted(SparkContext.scala:521)
[2026-03-16T03:16:16.112+0000] {subprocess.py:93} INFO - 	at scala.collection.mutable.ResizableArray.foreach(ResizableArray.scala:62)
[2026-03-16T03:16:16.112+0000] {subprocess.py:93} INFO - 	at scala.collection.mutable.ResizableArray.foreach$(ResizableArray.scala:55)
[2026-03-16T03:16:16.113+0000] {subprocess.py:93} INFO - 	at scala.collection.mutable.ArrayBuffer.foreach(ArrayBuffer.scala:49)
[2026-03-16T03:16:16.113+0000] {subprocess.py:93} INFO - 	at org.apache.spark.SparkContext.<init>(SparkContext.scala:521)
[2026-03-16T03:16:16.114+0000] {subprocess.py:93} INFO - 	at org.apache.spark.api.java.JavaSparkContext.<init>(JavaSparkContext.scala:58)
[2026-03-16T03:16:16.114+0000] {subprocess.py:93} INFO - 	at java.base/jdk.internal.reflect.NativeConstructorAccessorImpl.newInstance0(Native Method)
[2026-03-16T03:16:16.114+0000] {subprocess.py:93} INFO - 	at java.base/jdk.internal.reflect.NativeConstructorAccessorImpl.newInstance(NativeConstructorAccessorImpl.java:77)
[2026-03-16T03:16:16.115+0000] {subprocess.py:93} INFO - 	at java.base/jdk.internal.reflect.DelegatingConstructorAccessorImpl.newInstance(DelegatingConstructorAccessorImpl.java:45)
[2026-03-16T03:16:16.115+0000] {subprocess.py:93} INFO - 	at java.base/java.lang.reflect.Constructor.newInstanceWithCaller(Constructor.java:500)
[2026-03-16T03:16:16.115+0000] {subprocess.py:93} INFO - 	at java.base/java.lang.reflect.Constructor.newInstance(Constructor.java:481)
[2026-03-16T03:16:16.116+0000] {subprocess.py:93} INFO - 	at py4j.reflection.MethodInvoker.invoke(MethodInvoker.java:247)
[2026-03-16T03:16:16.116+0000] {subprocess.py:93} INFO - 	at py4j.reflection.ReflectionEngine.invoke(ReflectionEngine.java:374)
[2026-03-16T03:16:16.116+0000] {subprocess.py:93} INFO - 	at py4j.Gateway.invoke(Gateway.java:238)
[2026-03-16T03:16:16.119+0000] {subprocess.py:93} INFO - 	at py4j.commands.ConstructorCommand.invokeConstructor(ConstructorCommand.java:80)
[2026-03-16T03:16:16.120+0000] {subprocess.py:93} INFO - 	at py4j.commands.ConstructorCommand.execute(ConstructorCommand.java:69)
[2026-03-16T03:16:16.121+0000] {subprocess.py:93} INFO - 	at py4j.ClientServerConnection.waitForCommands(ClientServerConnection.java:182)
[2026-03-16T03:16:16.122+0000] {subprocess.py:93} INFO - 	at py4j.ClientServerConnection.run(ClientServerConnection.java:106)
[2026-03-16T03:16:16.123+0000] {subprocess.py:93} INFO - 	at java.base/java.lang.Thread.run(Thread.java:840)
[2026-03-16T03:16:16.422+0000] {subprocess.py:93} INFO - 26/03/16 03:16:16 INFO Executor: Starting executor ID driver on host e3430f617ad9
[2026-03-16T03:16:16.423+0000] {subprocess.py:93} INFO - 26/03/16 03:16:16 INFO Executor: OS info Linux, 5.15.167.4-microsoft-standard-WSL2, amd64
[2026-03-16T03:16:16.426+0000] {subprocess.py:93} INFO - 26/03/16 03:16:16 INFO Executor: Java version 17.0.18
[2026-03-16T03:16:16.462+0000] {subprocess.py:93} INFO - 26/03/16 03:16:16 INFO Executor: Starting executor with user classpath (userClassPathFirst = false): ''
[2026-03-16T03:16:16.473+0000] {subprocess.py:93} INFO - 26/03/16 03:16:16 INFO Executor: Created or updated repl class loader org.apache.spark.util.MutableURLClassLoader@1d7409c3 for default.
[2026-03-16T03:16:16.539+0000] {subprocess.py:93} INFO - 26/03/16 03:16:16 INFO Utils: Successfully started service 'org.apache.spark.network.netty.NettyBlockTransferService' on port 38719.
[2026-03-16T03:16:16.540+0000] {subprocess.py:93} INFO - 26/03/16 03:16:16 INFO NettyBlockTransferService: Server created on e3430f617ad9:38719
[2026-03-16T03:16:16.544+0000] {subprocess.py:93} INFO - 26/03/16 03:16:16 INFO BlockManager: Using org.apache.spark.storage.RandomBlockReplicationPolicy for block replication policy
[2026-03-16T03:16:16.572+0000] {subprocess.py:93} INFO - 26/03/16 03:16:16 INFO BlockManagerMaster: Registering BlockManager BlockManagerId(driver, e3430f617ad9, 38719, None)
[2026-03-16T03:16:16.586+0000] {subprocess.py:93} INFO - 26/03/16 03:16:16 INFO BlockManagerMasterEndpoint: Registering block manager e3430f617ad9:38719 with 434.4 MiB RAM, BlockManagerId(driver, e3430f617ad9, 38719, None)
[2026-03-16T03:16:16.594+0000] {subprocess.py:93} INFO - 26/03/16 03:16:16 INFO BlockManagerMaster: Registered BlockManager BlockManagerId(driver, e3430f617ad9, 38719, None)
[2026-03-16T03:16:16.598+0000] {subprocess.py:93} INFO - 26/03/16 03:16:16 INFO BlockManager: Initialized BlockManager: BlockManagerId(driver, e3430f617ad9, 38719, None)
[2026-03-16T03:16:18.392+0000] {subprocess.py:93} INFO - 26/03/16 03:16:18 INFO SharedState: Setting hive.metastore.warehouse.dir ('null') to the value of spark.sql.warehouse.dir.
[2026-03-16T03:16:18.399+0000] {subprocess.py:93} INFO - 26/03/16 03:16:18 INFO SharedState: Warehouse path is 'file:/tmp/airflowtmpqyjjtkyh/spark-warehouse'.
[2026-03-16T03:16:25.823+0000] {subprocess.py:93} INFO - Traceback (most recent call last):
[2026-03-16T03:16:25.825+0000] {subprocess.py:93} INFO -   File "/opt/airflow/spark/spark_processor.py", line 21, in <module>
[2026-03-16T03:16:25.826+0000] {subprocess.py:93} INFO -     df = spark.read \
[2026-03-16T03:16:25.826+0000] {subprocess.py:93} INFO -   File "/home/airflow/.local/lib/python3.8/site-packages/pyspark/sql/readwriter.py", line 314, in load
[2026-03-16T03:16:25.827+0000] {subprocess.py:93} INFO -     return self._df(self._jreader.load())
[2026-03-16T03:16:25.827+0000] {subprocess.py:93} INFO -   File "/home/airflow/.local/lib/python3.8/site-packages/py4j/java_gateway.py", line 1362, in __call__
[2026-03-16T03:16:25.827+0000] {subprocess.py:93} INFO -     return_value = get_return_value(
[2026-03-16T03:16:25.827+0000] {subprocess.py:93} INFO -   File "/home/airflow/.local/lib/python3.8/site-packages/pyspark/errors/exceptions/captured.py", line 179, in deco
[2026-03-16T03:16:25.828+0000] {subprocess.py:93} INFO -     return f(*a, **kw)
[2026-03-16T03:16:25.828+0000] {subprocess.py:93} INFO -   File "/home/airflow/.local/lib/python3.8/site-packages/py4j/protocol.py", line 327, in get_return_value
[2026-03-16T03:16:25.828+0000] {subprocess.py:93} INFO -     raise Py4JJavaError(
[2026-03-16T03:16:25.828+0000] {subprocess.py:93} INFO - py4j.protocol.Py4JJavaError: An error occurred while calling o34.load.
[2026-03-16T03:16:25.829+0000] {subprocess.py:93} INFO - : java.lang.ClassNotFoundException: org.postgresql.Driver
[2026-03-16T03:16:25.829+0000] {subprocess.py:93} INFO - 	at java.base/java.net.URLClassLoader.findClass(URLClassLoader.java:445)
[2026-03-16T03:16:25.829+0000] {subprocess.py:93} INFO - 	at java.base/java.lang.ClassLoader.loadClass(ClassLoader.java:592)
[2026-03-16T03:16:25.829+0000] {subprocess.py:93} INFO - 	at java.base/java.lang.ClassLoader.loadClass(ClassLoader.java:525)
[2026-03-16T03:16:25.830+0000] {subprocess.py:93} INFO - 	at org.apache.spark.sql.execution.datasources.jdbc.DriverRegistry$.register(DriverRegistry.scala:46)
[2026-03-16T03:16:25.830+0000] {subprocess.py:93} INFO - 	at org.apache.spark.sql.execution.datasources.jdbc.JDBCOptions.$anonfun$driverClass$1(JDBCOptions.scala:103)
[2026-03-16T03:16:25.830+0000] {subprocess.py:93} INFO - 	at org.apache.spark.sql.execution.datasources.jdbc.JDBCOptions.$anonfun$driverClass$1$adapted(JDBCOptions.scala:103)
[2026-03-16T03:16:25.830+0000] {subprocess.py:93} INFO - 	at scala.Option.foreach(Option.scala:407)
[2026-03-16T03:16:25.831+0000] {subprocess.py:93} INFO - 	at org.apache.spark.sql.execution.datasources.jdbc.JDBCOptions.<init>(JDBCOptions.scala:103)
[2026-03-16T03:16:25.831+0000] {subprocess.py:93} INFO - 	at org.apache.spark.sql.execution.datasources.jdbc.JDBCOptions.<init>(JDBCOptions.scala:41)
[2026-03-16T03:16:25.831+0000] {subprocess.py:93} INFO - 	at org.apache.spark.sql.execution.datasources.jdbc.JdbcRelationProvider.createRelation(JdbcRelationProvider.scala:34)
[2026-03-16T03:16:25.832+0000] {subprocess.py:93} INFO - 	at org.apache.spark.sql.execution.datasources.DataSource.resolveRelation(DataSource.scala:346)
[2026-03-16T03:16:25.832+0000] {subprocess.py:93} INFO - 	at org.apache.spark.sql.DataFrameReader.loadV1Source(DataFrameReader.scala:229)
[2026-03-16T03:16:25.832+0000] {subprocess.py:93} INFO - 	at org.apache.spark.sql.DataFrameReader.$anonfun$load$2(DataFrameReader.scala:211)
[2026-03-16T03:16:25.832+0000] {subprocess.py:93} INFO - 	at scala.Option.getOrElse(Option.scala:189)
[2026-03-16T03:16:25.833+0000] {subprocess.py:93} INFO - 	at org.apache.spark.sql.DataFrameReader.load(DataFrameReader.scala:211)
[2026-03-16T03:16:25.833+0000] {subprocess.py:93} INFO - 	at org.apache.spark.sql.DataFrameReader.load(DataFrameReader.scala:172)
[2026-03-16T03:16:25.833+0000] {subprocess.py:93} INFO - 	at java.base/jdk.internal.reflect.NativeMethodAccessorImpl.invoke0(Native Method)
[2026-03-16T03:16:25.834+0000] {subprocess.py:93} INFO - 	at java.base/jdk.internal.reflect.NativeMethodAccessorImpl.invoke(NativeMethodAccessorImpl.java:77)
[2026-03-16T03:16:25.834+0000] {subprocess.py:93} INFO - 	at java.base/jdk.internal.reflect.DelegatingMethodAccessorImpl.invoke(DelegatingMethodAccessorImpl.java:43)
[2026-03-16T03:16:25.834+0000] {subprocess.py:93} INFO - 	at java.base/java.lang.reflect.Method.invoke(Method.java:569)
[2026-03-16T03:16:25.835+0000] {subprocess.py:93} INFO - 	at py4j.reflection.MethodInvoker.invoke(MethodInvoker.java:244)
[2026-03-16T03:16:25.836+0000] {subprocess.py:93} INFO - 	at py4j.reflection.ReflectionEngine.invoke(ReflectionEngine.java:374)
[2026-03-16T03:16:25.837+0000] {subprocess.py:93} INFO - 	at py4j.Gateway.invoke(Gateway.java:282)
[2026-03-16T03:16:25.837+0000] {subprocess.py:93} INFO - 	at py4j.commands.AbstractCommand.invokeMethod(AbstractCommand.java:132)
[2026-03-16T03:16:25.837+0000] {subprocess.py:93} INFO - 	at py4j.commands.CallCommand.execute(CallCommand.java:79)
[2026-03-16T03:16:25.838+0000] {subprocess.py:93} INFO - 	at py4j.ClientServerConnection.waitForCommands(ClientServerConnection.java:182)
[2026-03-16T03:16:25.838+0000] {subprocess.py:93} INFO - 	at py4j.ClientServerConnection.run(ClientServerConnection.java:106)
[2026-03-16T03:16:25.838+0000] {subprocess.py:93} INFO - 	at java.base/java.lang.Thread.run(Thread.java:840)
[2026-03-16T03:16:25.838+0000] {subprocess.py:93} INFO - 
[2026-03-16T03:16:26.170+0000] {subprocess.py:93} INFO - 26/03/16 03:16:26 INFO SparkContext: Invoking stop() from shutdown hook
[2026-03-16T03:16:26.171+0000] {subprocess.py:93} INFO - 26/03/16 03:16:26 INFO SparkContext: SparkContext is stopping with exitCode 0.
[2026-03-16T03:16:26.216+0000] {subprocess.py:93} INFO - 26/03/16 03:16:26 INFO SparkUI: Stopped Spark web UI at http://e3430f617ad9:4040
[2026-03-16T03:16:26.262+0000] {subprocess.py:93} INFO - 26/03/16 03:16:26 INFO MapOutputTrackerMasterEndpoint: MapOutputTrackerMasterEndpoint stopped!
[2026-03-16T03:16:26.310+0000] {subprocess.py:93} INFO - 26/03/16 03:16:26 INFO MemoryStore: MemoryStore cleared
[2026-03-16T03:16:26.311+0000] {subprocess.py:93} INFO - 26/03/16 03:16:26 INFO BlockManager: BlockManager stopped
[2026-03-16T03:16:26.342+0000] {subprocess.py:93} INFO - 26/03/16 03:16:26 INFO BlockManagerMaster: BlockManagerMaster stopped
[2026-03-16T03:16:26.351+0000] {subprocess.py:93} INFO - 26/03/16 03:16:26 INFO OutputCommitCoordinator$OutputCommitCoordinatorEndpoint: OutputCommitCoordinator stopped!
[2026-03-16T03:16:26.378+0000] {subprocess.py:93} INFO - 26/03/16 03:16:26 INFO SparkContext: Successfully stopped SparkContext
[2026-03-16T03:16:26.380+0000] {subprocess.py:93} INFO - 26/03/16 03:16:26 INFO ShutdownHookManager: Shutdown hook called
[2026-03-16T03:16:26.382+0000] {subprocess.py:93} INFO - 26/03/16 03:16:26 INFO ShutdownHookManager: Deleting directory /tmp/spark-7949e279-e924-4d0f-b6d3-78587790420a/pyspark-593f8e44-6644-44d9-8304-08e17850c70c
[2026-03-16T03:16:26.394+0000] {subprocess.py:93} INFO - 26/03/16 03:16:26 INFO ShutdownHookManager: Deleting directory /tmp/spark-7949e279-e924-4d0f-b6d3-78587790420a
[2026-03-16T03:16:26.403+0000] {subprocess.py:93} INFO - 26/03/16 03:16:26 INFO ShutdownHookManager: Deleting directory /tmp/spark-244acd57-7e0c-434d-9f01-bb71a607784b
[2026-03-16T03:16:26.833+0000] {subprocess.py:97} INFO - Command exited with return code 1
[2026-03-16T03:16:26.865+0000] {taskinstance.py:2698} ERROR - Task failed with exception
Traceback (most recent call last):
  File "/home/airflow/.local/lib/python3.8/site-packages/airflow/models/taskinstance.py", line 433, in _execute_task
    result = execute_callable(context=context, **execute_callable_kwargs)
  File "/home/airflow/.local/lib/python3.8/site-packages/airflow/operators/bash.py", line 212, in execute
    raise AirflowException(
airflow.exceptions.AirflowException: Bash command failed. The command returned a non-zero exit code 1.
[2026-03-16T03:16:26.877+0000] {taskinstance.py:1138} INFO - Marking task as FAILED. dag_id=pipeline_gps, task_id=task_process, execution_date=20260316T031000, start_date=20260316T031558, end_date=20260316T031626
[2026-03-16T03:16:26.940+0000] {standard_task_runner.py:107} ERROR - Failed to execute job 580 for task task_process (Bash command failed. The command returned a non-zero exit code 1.; 306)
[2026-03-16T03:16:26.988+0000] {local_task_job_runner.py:234} INFO - Task exited with return code 1
[2026-03-16T03:16:27.031+0000] {taskinstance.py:3280} INFO - 0 downstream tasks scheduled from follow-on schedule check
