[2026-03-16T20:51:46.065+0000] {taskinstance.py:1956} INFO - Dependencies all met for dep_context=non-requeueable deps ti=<TaskInstance: pipeline_gps.process_gps_data scheduled__2026-03-16T20:45:00+00:00 [queued]>
[2026-03-16T20:51:46.127+0000] {taskinstance.py:1956} INFO - Dependencies all met for dep_context=requeueable deps ti=<TaskInstance: pipeline_gps.process_gps_data scheduled__2026-03-16T20:45:00+00:00 [queued]>
[2026-03-16T20:51:46.128+0000] {taskinstance.py:2170} INFO - Starting attempt 1 of 2
[2026-03-16T20:51:46.266+0000] {taskinstance.py:2191} INFO - Executing <Task(BashOperator): process_gps_data> on 2026-03-16 20:45:00+00:00
[2026-03-16T20:51:46.318+0000] {standard_task_runner.py:60} INFO - Started process 3152 to run task
[2026-03-16T20:51:46.406+0000] {standard_task_runner.py:87} INFO - Running: ['airflow', 'tasks', 'run', 'pipeline_gps', 'process_gps_data', 'scheduled__2026-03-16T20:45:00+00:00', '--job-id', '69', '--raw', '--subdir', 'DAGS_FOLDER/pipeline_gps.py', '--cfg-path', '/tmp/tmpcn6tbob4']
[2026-03-16T20:51:46.449+0000] {standard_task_runner.py:88} INFO - Job 69: Subtask process_gps_data
[2026-03-16T20:51:47.069+0000] {task_command.py:423} INFO - Running <TaskInstance: pipeline_gps.process_gps_data scheduled__2026-03-16T20:45:00+00:00 [running]> on host 95dbc7519d7f
[2026-03-16T20:51:48.714+0000] {taskinstance.py:2480} INFO - Exporting env vars: AIRFLOW_CTX_DAG_OWNER='airflow' AIRFLOW_CTX_DAG_ID='pipeline_gps' AIRFLOW_CTX_TASK_ID='process_gps_data' AIRFLOW_CTX_EXECUTION_DATE='2026-03-16T20:45:00+00:00' AIRFLOW_CTX_TRY_NUMBER='1' AIRFLOW_CTX_DAG_RUN_ID='scheduled__2026-03-16T20:45:00+00:00'
[2026-03-16T20:51:48.717+0000] {subprocess.py:63} INFO - Tmp dir root location: /tmp
[2026-03-16T20:51:48.736+0000] {subprocess.py:75} INFO - Running command: ['/usr/bin/bash', '-c', 'python /opt/airflow/spark/spark_processor.py']
[2026-03-16T20:51:48.810+0000] {subprocess.py:86} INFO - Output:
[2026-03-16T20:52:12.026+0000] {subprocess.py:93} INFO - 26/03/16 20:52:12 WARN NativeCodeLoader: Unable to load native-hadoop library for your platform... using builtin-java classes where applicable
[2026-03-16T20:52:14.231+0000] {subprocess.py:93} INFO - Setting default log level to "WARN".
[2026-03-16T20:52:14.233+0000] {subprocess.py:93} INFO - To adjust logging level use sc.setLogLevel(newLevel). For SparkR, use setLogLevel(newLevel).
[2026-03-16T20:53:19.185+0000] {subprocess.py:93} INFO - [Stage 0:>                                                          (0 + 0) / 1][Stage 0:>                                                          (0 + 1) / 1][Stage 0:===========================================================(1 + 0) / 1][Stage 2:>                                                          (0 + 1) / 1][Stage 2:===========================================================(1 + 0) / 1]                                                                                ✅ Procesados 3 dispositivos correctamente
[2026-03-16T20:53:20.236+0000] {subprocess.py:97} INFO - Command exited with return code 0
[2026-03-16T20:53:20.444+0000] {taskinstance.py:1138} INFO - Marking task as SUCCESS. dag_id=pipeline_gps, task_id=process_gps_data, execution_date=20260316T204500, start_date=20260316T205146, end_date=20260316T205320
[2026-03-16T20:53:20.628+0000] {local_task_job_runner.py:234} INFO - Task exited with return code 0
[2026-03-16T20:53:20.846+0000] {taskinstance.py:3280} INFO - 1 downstream tasks scheduled from follow-on schedule check
