[2026-03-15T06:26:06.310+0000] {taskinstance.py:1956} INFO - Dependencies all met for dep_context=non-requeueable deps ti=<TaskInstance: pipeline_gps.task1_ingest scheduled__2026-03-15T06:25:00+00:00 [queued]>
[2026-03-15T06:26:06.322+0000] {taskinstance.py:1956} INFO - Dependencies all met for dep_context=requeueable deps ti=<TaskInstance: pipeline_gps.task1_ingest scheduled__2026-03-15T06:25:00+00:00 [queued]>
[2026-03-15T06:26:06.323+0000] {taskinstance.py:2170} INFO - Starting attempt 1 of 1
[2026-03-15T06:26:06.350+0000] {taskinstance.py:2191} INFO - Executing <Task(BashOperator): task1_ingest> on 2026-03-15 06:25:00+00:00
[2026-03-15T06:26:06.357+0000] {standard_task_runner.py:60} INFO - Started process 994 to run task
[2026-03-15T06:26:06.364+0000] {standard_task_runner.py:87} INFO - Running: ['airflow', 'tasks', 'run', 'pipeline_gps', 'task1_ingest', 'scheduled__2026-03-15T06:25:00+00:00', '--job-id', '270', '--raw', '--subdir', 'DAGS_FOLDER/pipeline_gps.py', '--cfg-path', '/tmp/tmpg61r670_']
[2026-03-15T06:26:06.368+0000] {standard_task_runner.py:88} INFO - Job 270: Subtask task1_ingest
[2026-03-15T06:26:06.458+0000] {task_command.py:423} INFO - Running <TaskInstance: pipeline_gps.task1_ingest scheduled__2026-03-15T06:25:00+00:00 [running]> on host 693df5566a25
[2026-03-15T06:26:06.592+0000] {taskinstance.py:2480} INFO - Exporting env vars: AIRFLOW_CTX_DAG_OWNER='airflow' AIRFLOW_CTX_DAG_ID='pipeline_gps' AIRFLOW_CTX_TASK_ID='task1_ingest' AIRFLOW_CTX_EXECUTION_DATE='2026-03-15T06:25:00+00:00' AIRFLOW_CTX_TRY_NUMBER='1' AIRFLOW_CTX_DAG_RUN_ID='scheduled__2026-03-15T06:25:00+00:00'
[2026-03-15T06:26:06.593+0000] {subprocess.py:63} INFO - Tmp dir root location: /tmp
[2026-03-15T06:26:06.595+0000] {subprocess.py:75} INFO - Running command: ['/usr/bin/bash', '-c', 'python /opt/airflow/ingestion/mqtt_ingestor.py']
[2026-03-15T06:26:06.616+0000] {subprocess.py:86} INFO - Output:
[2026-03-15T06:26:06.675+0000] {subprocess.py:93} INFO - Traceback (most recent call last):
[2026-03-15T06:26:06.676+0000] {subprocess.py:93} INFO -   File "/opt/airflow/ingestion/mqtt_ingestor.py", line 1, in <module>
[2026-03-15T06:26:06.676+0000] {subprocess.py:93} INFO -     import paho.mqtt.client as mqtt
[2026-03-15T06:26:06.677+0000] {subprocess.py:93} INFO - ModuleNotFoundError: No module named 'paho'
[2026-03-15T06:26:06.682+0000] {subprocess.py:97} INFO - Command exited with return code 1
[2026-03-15T06:26:06.701+0000] {taskinstance.py:2698} ERROR - Task failed with exception
Traceback (most recent call last):
  File "/home/airflow/.local/lib/python3.8/site-packages/airflow/models/taskinstance.py", line 433, in _execute_task
    result = execute_callable(context=context, **execute_callable_kwargs)
  File "/home/airflow/.local/lib/python3.8/site-packages/airflow/operators/bash.py", line 212, in execute
    raise AirflowException(
airflow.exceptions.AirflowException: Bash command failed. The command returned a non-zero exit code 1.
[2026-03-15T06:26:06.707+0000] {taskinstance.py:1138} INFO - Marking task as FAILED. dag_id=pipeline_gps, task_id=task1_ingest, execution_date=20260315T062500, start_date=20260315T062606, end_date=20260315T062606
[2026-03-15T06:26:06.755+0000] {standard_task_runner.py:107} ERROR - Failed to execute job 270 for task task1_ingest (Bash command failed. The command returned a non-zero exit code 1.; 994)
[2026-03-15T06:26:06.779+0000] {local_task_job_runner.py:234} INFO - Task exited with return code 1
[2026-03-15T06:26:06.824+0000] {taskinstance.py:3280} INFO - 0 downstream tasks scheduled from follow-on schedule check
