[2026-03-15T21:20:26.130+0000] {taskinstance.py:1956} INFO - Dependencies all met for dep_context=non-requeueable deps ti=<TaskInstance: pipeline_gps.task_process scheduled__2026-03-15T21:15:00+00:00 [queued]>
[2026-03-15T21:20:26.147+0000] {taskinstance.py:1956} INFO - Dependencies all met for dep_context=requeueable deps ti=<TaskInstance: pipeline_gps.task_process scheduled__2026-03-15T21:15:00+00:00 [queued]>
[2026-03-15T21:20:26.147+0000] {taskinstance.py:2170} INFO - Starting attempt 1 of 1
[2026-03-15T21:20:26.397+0000] {taskinstance.py:2191} INFO - Executing <Task(BashOperator): task_process> on 2026-03-15 21:15:00+00:00
[2026-03-15T21:20:26.406+0000] {standard_task_runner.py:60} INFO - Started process 3239 to run task
[2026-03-15T21:20:26.427+0000] {standard_task_runner.py:87} INFO - Running: ['airflow', 'tasks', 'run', 'pipeline_gps', 'task_process', 'scheduled__2026-03-15T21:15:00+00:00', '--job-id', '521', '--raw', '--subdir', 'DAGS_FOLDER/pipeline_gps.py', '--cfg-path', '/tmp/tmpcstk6v74']
[2026-03-15T21:20:26.440+0000] {standard_task_runner.py:88} INFO - Job 521: Subtask task_process
[2026-03-15T21:20:26.681+0000] {task_command.py:423} INFO - Running <TaskInstance: pipeline_gps.task_process scheduled__2026-03-15T21:15:00+00:00 [running]> on host 693df5566a25
[2026-03-15T21:20:27.064+0000] {taskinstance.py:2480} INFO - Exporting env vars: AIRFLOW_CTX_DAG_OWNER='airflow' AIRFLOW_CTX_DAG_ID='pipeline_gps' AIRFLOW_CTX_TASK_ID='task_process' AIRFLOW_CTX_EXECUTION_DATE='2026-03-15T21:15:00+00:00' AIRFLOW_CTX_TRY_NUMBER='1' AIRFLOW_CTX_DAG_RUN_ID='scheduled__2026-03-15T21:15:00+00:00'
[2026-03-15T21:20:27.072+0000] {subprocess.py:63} INFO - Tmp dir root location: /tmp
[2026-03-15T21:20:27.090+0000] {subprocess.py:75} INFO - Running command: ['/usr/bin/bash', '-c', 'python /opt/airflow/spark/spark_processor.py']
[2026-03-15T21:20:27.131+0000] {subprocess.py:86} INFO - Output:
[2026-03-15T21:20:43.340+0000] {subprocess.py:93} INFO - 26/03/15 21:20:43 WARN NativeCodeLoader: Unable to load native-hadoop library for your platform... using builtin-java classes where applicable
[2026-03-15T21:20:45.523+0000] {subprocess.py:93} INFO - 26/03/15 21:20:45 WARN DependencyUtils: Local jar /tmp/airflowtmp3o390wp3/spark/jars/postgresql-42.7.3.jar does not exist, skipping.
[2026-03-15T21:20:46.093+0000] {subprocess.py:93} INFO - 26/03/15 21:20:46 INFO SparkContext: Running Spark version 3.5.8
[2026-03-15T21:20:46.094+0000] {subprocess.py:93} INFO - 26/03/15 21:20:46 INFO SparkContext: OS info Linux, 5.15.167.4-microsoft-standard-WSL2, amd64
[2026-03-15T21:20:46.095+0000] {subprocess.py:93} INFO - 26/03/15 21:20:46 INFO SparkContext: Java version 17.0.18
[2026-03-15T21:20:46.192+0000] {subprocess.py:93} INFO - 26/03/15 21:20:46 INFO ResourceUtils: ==============================================================
[2026-03-15T21:20:46.193+0000] {subprocess.py:93} INFO - 26/03/15 21:20:46 INFO ResourceUtils: No custom resources configured for spark.driver.
[2026-03-15T21:20:46.194+0000] {subprocess.py:93} INFO - 26/03/15 21:20:46 INFO ResourceUtils: ==============================================================
[2026-03-15T21:20:46.196+0000] {subprocess.py:93} INFO - 26/03/15 21:20:46 INFO SparkContext: Submitted application: gps_processor
[2026-03-15T21:20:46.307+0000] {subprocess.py:93} INFO - 26/03/15 21:20:46 INFO ResourceProfile: Default ResourceProfile created, executor resources: Map(cores -> name: cores, amount: 1, script: , vendor: , memory -> name: memory, amount: 1024, script: , vendor: , offHeap -> name: offHeap, amount: 0, script: , vendor: ), task resources: Map(cpus -> name: cpus, amount: 1.0)
[2026-03-15T21:20:46.355+0000] {subprocess.py:93} INFO - 26/03/15 21:20:46 INFO ResourceProfile: Limiting resource is cpu
[2026-03-15T21:20:46.358+0000] {subprocess.py:93} INFO - 26/03/15 21:20:46 INFO ResourceProfileManager: Added ResourceProfile id: 0
[2026-03-15T21:20:46.702+0000] {subprocess.py:93} INFO - 26/03/15 21:20:46 INFO SecurityManager: Changing view acls to: airflow
[2026-03-15T21:20:46.705+0000] {subprocess.py:93} INFO - 26/03/15 21:20:46 INFO SecurityManager: Changing modify acls to: airflow
[2026-03-15T21:20:46.707+0000] {subprocess.py:93} INFO - 26/03/15 21:20:46 INFO SecurityManager: Changing view acls groups to:
[2026-03-15T21:20:46.710+0000] {subprocess.py:93} INFO - 26/03/15 21:20:46 INFO SecurityManager: Changing modify acls groups to:
[2026-03-15T21:20:46.712+0000] {subprocess.py:93} INFO - 26/03/15 21:20:46 INFO SecurityManager: SecurityManager: authentication disabled; ui acls disabled; users with view permissions: airflow; groups with view permissions: EMPTY; users with modify permissions: airflow; groups with modify permissions: EMPTY
[2026-03-15T21:20:47.969+0000] {subprocess.py:93} INFO - 26/03/15 21:20:47 INFO Utils: Successfully started service 'sparkDriver' on port 43859.
[2026-03-15T21:20:48.389+0000] {subprocess.py:93} INFO - 26/03/15 21:20:48 INFO SparkEnv: Registering MapOutputTracker
[2026-03-15T21:20:48.592+0000] {subprocess.py:93} INFO - 26/03/15 21:20:48 INFO SparkEnv: Registering BlockManagerMaster
[2026-03-15T21:20:48.677+0000] {subprocess.py:93} INFO - 26/03/15 21:20:48 INFO BlockManagerMasterEndpoint: Using org.apache.spark.storage.DefaultTopologyMapper for getting topology information
[2026-03-15T21:20:48.681+0000] {subprocess.py:93} INFO - 26/03/15 21:20:48 INFO BlockManagerMasterEndpoint: BlockManagerMasterEndpoint up
[2026-03-15T21:20:48.703+0000] {subprocess.py:93} INFO - 26/03/15 21:20:48 INFO SparkEnv: Registering BlockManagerMasterHeartbeat
[2026-03-15T21:20:48.867+0000] {subprocess.py:93} INFO - 26/03/15 21:20:48 INFO DiskBlockManager: Created local directory at /tmp/blockmgr-b6739878-8351-4bea-97f1-aab854207979
[2026-03-15T21:20:48.928+0000] {subprocess.py:93} INFO - 26/03/15 21:20:48 INFO MemoryStore: MemoryStore started with capacity 434.4 MiB
[2026-03-15T21:20:48.976+0000] {subprocess.py:93} INFO - 26/03/15 21:20:48 INFO SparkEnv: Registering OutputCommitCoordinator
[2026-03-15T21:20:49.491+0000] {subprocess.py:93} INFO - 26/03/15 21:20:49 INFO JettyUtils: Start Jetty 0.0.0.0:4040 for SparkUI
[2026-03-15T21:20:49.919+0000] {subprocess.py:93} INFO - 26/03/15 21:20:49 INFO Utils: Successfully started service 'SparkUI' on port 4040.
[2026-03-15T21:20:50.044+0000] {subprocess.py:93} INFO - 26/03/15 21:20:50 ERROR SparkContext: Failed to add spark/jars/postgresql-42.7.3.jar to Spark environment
[2026-03-15T21:20:50.044+0000] {subprocess.py:93} INFO - java.io.FileNotFoundException: Jar /tmp/airflowtmp3o390wp3/spark/jars/postgresql-42.7.3.jar not found
[2026-03-15T21:20:50.045+0000] {subprocess.py:93} INFO - 	at org.apache.spark.SparkContext.addLocalJarFile$1(SparkContext.scala:2095)
[2026-03-15T21:20:50.045+0000] {subprocess.py:93} INFO - 	at org.apache.spark.SparkContext.addJar(SparkContext.scala:2151)
[2026-03-15T21:20:50.046+0000] {subprocess.py:93} INFO - 	at org.apache.spark.SparkContext.$anonfun$new$15(SparkContext.scala:521)
[2026-03-15T21:20:50.046+0000] {subprocess.py:93} INFO - 	at org.apache.spark.SparkContext.$anonfun$new$15$adapted(SparkContext.scala:521)
[2026-03-15T21:20:50.047+0000] {subprocess.py:93} INFO - 	at scala.collection.mutable.ResizableArray.foreach(ResizableArray.scala:62)
[2026-03-15T21:20:50.047+0000] {subprocess.py:93} INFO - 	at scala.collection.mutable.ResizableArray.foreach$(ResizableArray.scala:55)
[2026-03-15T21:20:50.047+0000] {subprocess.py:93} INFO - 	at scala.collection.mutable.ArrayBuffer.foreach(ArrayBuffer.scala:49)
[2026-03-15T21:20:50.048+0000] {subprocess.py:93} INFO - 	at org.apache.spark.SparkContext.<init>(SparkContext.scala:521)
[2026-03-15T21:20:50.048+0000] {subprocess.py:93} INFO - 	at org.apache.spark.api.java.JavaSparkContext.<init>(JavaSparkContext.scala:58)
[2026-03-15T21:20:50.049+0000] {subprocess.py:93} INFO - 	at java.base/jdk.internal.reflect.NativeConstructorAccessorImpl.newInstance0(Native Method)
[2026-03-15T21:20:50.050+0000] {subprocess.py:93} INFO - 	at java.base/jdk.internal.reflect.NativeConstructorAccessorImpl.newInstance(NativeConstructorAccessorImpl.java:77)
[2026-03-15T21:20:50.056+0000] {subprocess.py:93} INFO - 	at java.base/jdk.internal.reflect.DelegatingConstructorAccessorImpl.newInstance(DelegatingConstructorAccessorImpl.java:45)
[2026-03-15T21:20:50.057+0000] {subprocess.py:93} INFO - 	at java.base/java.lang.reflect.Constructor.newInstanceWithCaller(Constructor.java:500)
[2026-03-15T21:20:50.058+0000] {subprocess.py:93} INFO - 	at java.base/java.lang.reflect.Constructor.newInstance(Constructor.java:481)
[2026-03-15T21:20:50.060+0000] {subprocess.py:93} INFO - 	at py4j.reflection.MethodInvoker.invoke(MethodInvoker.java:247)
[2026-03-15T21:20:50.061+0000] {subprocess.py:93} INFO - 	at py4j.reflection.ReflectionEngine.invoke(ReflectionEngine.java:374)
[2026-03-15T21:20:50.062+0000] {subprocess.py:93} INFO - 	at py4j.Gateway.invoke(Gateway.java:238)
[2026-03-15T21:20:50.062+0000] {subprocess.py:93} INFO - 	at py4j.commands.ConstructorCommand.invokeConstructor(ConstructorCommand.java:80)
[2026-03-15T21:20:50.063+0000] {subprocess.py:93} INFO - 	at py4j.commands.ConstructorCommand.execute(ConstructorCommand.java:69)
[2026-03-15T21:20:50.064+0000] {subprocess.py:93} INFO - 	at py4j.ClientServerConnection.waitForCommands(ClientServerConnection.java:182)
[2026-03-15T21:20:50.066+0000] {subprocess.py:93} INFO - 	at py4j.ClientServerConnection.run(ClientServerConnection.java:106)
[2026-03-15T21:20:50.070+0000] {subprocess.py:93} INFO - 	at java.base/java.lang.Thread.run(Thread.java:840)
[2026-03-15T21:20:50.404+0000] {subprocess.py:93} INFO - 26/03/15 21:20:50 INFO Executor: Starting executor ID driver on host 693df5566a25
[2026-03-15T21:20:50.408+0000] {subprocess.py:93} INFO - 26/03/15 21:20:50 INFO Executor: OS info Linux, 5.15.167.4-microsoft-standard-WSL2, amd64
[2026-03-15T21:20:50.410+0000] {subprocess.py:93} INFO - 26/03/15 21:20:50 INFO Executor: Java version 17.0.18
[2026-03-15T21:20:50.431+0000] {subprocess.py:93} INFO - 26/03/15 21:20:50 INFO Executor: Starting executor with user classpath (userClassPathFirst = false): ''
[2026-03-15T21:20:50.440+0000] {subprocess.py:93} INFO - 26/03/15 21:20:50 INFO Executor: Created or updated repl class loader org.apache.spark.util.MutableURLClassLoader@aae43b for default.
[2026-03-15T21:20:50.578+0000] {subprocess.py:93} INFO - 26/03/15 21:20:50 INFO Utils: Successfully started service 'org.apache.spark.network.netty.NettyBlockTransferService' on port 44041.
[2026-03-15T21:20:50.579+0000] {subprocess.py:93} INFO - 26/03/15 21:20:50 INFO NettyBlockTransferService: Server created on 693df5566a25:44041
[2026-03-15T21:20:50.590+0000] {subprocess.py:93} INFO - 26/03/15 21:20:50 INFO BlockManager: Using org.apache.spark.storage.RandomBlockReplicationPolicy for block replication policy
[2026-03-15T21:20:50.669+0000] {subprocess.py:93} INFO - 26/03/15 21:20:50 INFO BlockManagerMaster: Registering BlockManager BlockManagerId(driver, 693df5566a25, 44041, None)
[2026-03-15T21:20:50.682+0000] {subprocess.py:93} INFO - 26/03/15 21:20:50 INFO BlockManagerMasterEndpoint: Registering block manager 693df5566a25:44041 with 434.4 MiB RAM, BlockManagerId(driver, 693df5566a25, 44041, None)
[2026-03-15T21:20:50.688+0000] {subprocess.py:93} INFO - 26/03/15 21:20:50 INFO BlockManagerMaster: Registered BlockManager BlockManagerId(driver, 693df5566a25, 44041, None)
[2026-03-15T21:20:50.695+0000] {subprocess.py:93} INFO - 26/03/15 21:20:50 INFO BlockManager: Initialized BlockManager: BlockManagerId(driver, 693df5566a25, 44041, None)
[2026-03-15T21:20:56.544+0000] {subprocess.py:93} INFO - Traceback (most recent call last):
[2026-03-15T21:20:56.554+0000] {subprocess.py:93} INFO -   File "/opt/airflow/spark/spark_processor.py", line 10, in <module>
[2026-03-15T21:20:56.555+0000] {subprocess.py:93} INFO -     conn = psycopg2.connect(
[2026-03-15T21:20:56.560+0000] {subprocess.py:93} INFO -   File "/home/airflow/.local/lib/python3.8/site-packages/psycopg2/__init__.py", line 122, in connect
[2026-03-15T21:20:56.561+0000] {subprocess.py:93} INFO -     conn = _connect(dsn, connection_factory=connection_factory, **kwasync)
[2026-03-15T21:20:56.562+0000] {subprocess.py:93} INFO - psycopg2.OperationalError: connection to server at "localhost" (::1), port 5432 failed: Connection refused
[2026-03-15T21:20:56.562+0000] {subprocess.py:93} INFO - 	Is the server running on that host and accepting TCP/IP connections?
[2026-03-15T21:20:56.563+0000] {subprocess.py:93} INFO - connection to server at "localhost" (127.0.0.1), port 5432 failed: Connection refused
[2026-03-15T21:20:56.564+0000] {subprocess.py:93} INFO - 	Is the server running on that host and accepting TCP/IP connections?
[2026-03-15T21:20:56.564+0000] {subprocess.py:93} INFO - 
[2026-03-15T21:20:56.694+0000] {subprocess.py:93} INFO - 26/03/15 21:20:56 INFO SparkContext: Invoking stop() from shutdown hook
[2026-03-15T21:20:56.696+0000] {subprocess.py:93} INFO - 26/03/15 21:20:56 INFO SparkContext: SparkContext is stopping with exitCode 0.
[2026-03-15T21:20:56.740+0000] {subprocess.py:93} INFO - 26/03/15 21:20:56 INFO SparkUI: Stopped Spark web UI at http://693df5566a25:4040
[2026-03-15T21:20:56.789+0000] {subprocess.py:93} INFO - 26/03/15 21:20:56 INFO MapOutputTrackerMasterEndpoint: MapOutputTrackerMasterEndpoint stopped!
[2026-03-15T21:20:56.854+0000] {subprocess.py:93} INFO - 26/03/15 21:20:56 INFO MemoryStore: MemoryStore cleared
[2026-03-15T21:20:56.855+0000] {subprocess.py:93} INFO - 26/03/15 21:20:56 INFO BlockManager: BlockManager stopped
[2026-03-15T21:20:56.877+0000] {subprocess.py:93} INFO - 26/03/15 21:20:56 INFO BlockManagerMaster: BlockManagerMaster stopped
[2026-03-15T21:20:56.886+0000] {subprocess.py:93} INFO - 26/03/15 21:20:56 INFO OutputCommitCoordinator$OutputCommitCoordinatorEndpoint: OutputCommitCoordinator stopped!
[2026-03-15T21:20:56.937+0000] {subprocess.py:93} INFO - 26/03/15 21:20:56 INFO SparkContext: Successfully stopped SparkContext
[2026-03-15T21:20:56.939+0000] {subprocess.py:93} INFO - 26/03/15 21:20:56 INFO ShutdownHookManager: Shutdown hook called
[2026-03-15T21:20:56.942+0000] {subprocess.py:93} INFO - 26/03/15 21:20:56 INFO ShutdownHookManager: Deleting directory /tmp/spark-d7fab98f-35e4-4ed6-952e-d80da16c6e1d
[2026-03-15T21:20:56.955+0000] {subprocess.py:93} INFO - 26/03/15 21:20:56 INFO ShutdownHookManager: Deleting directory /tmp/spark-ff85fa75-9518-4471-b701-e0b3e71ba75f
[2026-03-15T21:20:56.970+0000] {subprocess.py:93} INFO - 26/03/15 21:20:56 INFO ShutdownHookManager: Deleting directory /tmp/spark-ff85fa75-9518-4471-b701-e0b3e71ba75f/pyspark-cc2311cf-a5f1-455a-b274-3349150e9710
[2026-03-15T21:20:57.649+0000] {subprocess.py:97} INFO - Command exited with return code 1
[2026-03-15T21:20:57.689+0000] {taskinstance.py:2698} ERROR - Task failed with exception
Traceback (most recent call last):
  File "/home/airflow/.local/lib/python3.8/site-packages/airflow/models/taskinstance.py", line 433, in _execute_task
    result = execute_callable(context=context, **execute_callable_kwargs)
  File "/home/airflow/.local/lib/python3.8/site-packages/airflow/operators/bash.py", line 212, in execute
    raise AirflowException(
airflow.exceptions.AirflowException: Bash command failed. The command returned a non-zero exit code 1.
[2026-03-15T21:20:57.699+0000] {taskinstance.py:1138} INFO - Marking task as FAILED. dag_id=pipeline_gps, task_id=task_process, execution_date=20260315T211500, start_date=20260315T212026, end_date=20260315T212057
[2026-03-15T21:20:57.849+0000] {standard_task_runner.py:107} ERROR - Failed to execute job 521 for task task_process (Bash command failed. The command returned a non-zero exit code 1.; 3239)
[2026-03-15T21:20:57.906+0000] {local_task_job_runner.py:234} INFO - Task exited with return code 1
[2026-03-15T21:20:57.959+0000] {taskinstance.py:3280} INFO - 0 downstream tasks scheduled from follow-on schedule check
