[2026-03-15T16:14:13.646+0000] {taskinstance.py:1956} INFO - Dependencies all met for dep_context=non-requeueable deps ti=<TaskInstance: pipeline_gps.task1_ingest scheduled__2026-03-15T16:13:00+00:00 [queued]>
[2026-03-15T16:14:13.697+0000] {taskinstance.py:1956} INFO - Dependencies all met for dep_context=requeueable deps ti=<TaskInstance: pipeline_gps.task1_ingest scheduled__2026-03-15T16:13:00+00:00 [queued]>
[2026-03-15T16:14:13.697+0000] {taskinstance.py:2170} INFO - Starting attempt 1 of 1
[2026-03-15T16:14:13.842+0000] {taskinstance.py:2191} INFO - Executing <Task(BashOperator): task1_ingest> on 2026-03-15 16:13:00+00:00
[2026-03-15T16:14:13.864+0000] {standard_task_runner.py:60} INFO - Started process 950 to run task
[2026-03-15T16:14:13.912+0000] {standard_task_runner.py:87} INFO - Running: ['airflow', 'tasks', 'run', 'pipeline_gps', 'task1_ingest', 'scheduled__2026-03-15T16:13:00+00:00', '--job-id', '377', '--raw', '--subdir', 'DAGS_FOLDER/pipeline_gps.py', '--cfg-path', '/tmp/tmpphkzxt7v']
[2026-03-15T16:14:13.933+0000] {standard_task_runner.py:88} INFO - Job 377: Subtask task1_ingest
[2026-03-15T16:14:14.623+0000] {task_command.py:423} INFO - Running <TaskInstance: pipeline_gps.task1_ingest scheduled__2026-03-15T16:13:00+00:00 [running]> on host 693df5566a25
[2026-03-15T16:14:14.981+0000] {taskinstance.py:2480} INFO - Exporting env vars: AIRFLOW_CTX_DAG_OWNER='airflow' AIRFLOW_CTX_DAG_ID='pipeline_gps' AIRFLOW_CTX_TASK_ID='task1_ingest' AIRFLOW_CTX_EXECUTION_DATE='2026-03-15T16:13:00+00:00' AIRFLOW_CTX_TRY_NUMBER='1' AIRFLOW_CTX_DAG_RUN_ID='scheduled__2026-03-15T16:13:00+00:00'
[2026-03-15T16:14:14.985+0000] {subprocess.py:63} INFO - Tmp dir root location: /tmp
[2026-03-15T16:14:14.991+0000] {subprocess.py:75} INFO - Running command: ['/usr/bin/bash', '-c', 'python /opt/airflow/ingestion/mqtt_ingestor.py']
[2026-03-15T16:14:15.040+0000] {subprocess.py:86} INFO - Output:
[2026-03-15T16:14:15.129+0000] {subprocess.py:93} INFO - Traceback (most recent call last):
[2026-03-15T16:14:15.130+0000] {subprocess.py:93} INFO -   File "/opt/airflow/ingestion/mqtt_ingestor.py", line 1, in <module>
[2026-03-15T16:14:15.131+0000] {subprocess.py:93} INFO -     import paho.mqtt.client as mqtt
[2026-03-15T16:14:15.131+0000] {subprocess.py:93} INFO - ModuleNotFoundError: No module named 'paho'
[2026-03-15T16:14:15.137+0000] {subprocess.py:97} INFO - Command exited with return code 1
[2026-03-15T16:14:15.158+0000] {taskinstance.py:2698} ERROR - Task failed with exception
Traceback (most recent call last):
  File "/home/airflow/.local/lib/python3.8/site-packages/airflow/models/taskinstance.py", line 433, in _execute_task
    result = execute_callable(context=context, **execute_callable_kwargs)
  File "/home/airflow/.local/lib/python3.8/site-packages/airflow/operators/bash.py", line 212, in execute
    raise AirflowException(
airflow.exceptions.AirflowException: Bash command failed. The command returned a non-zero exit code 1.
[2026-03-15T16:14:15.164+0000] {taskinstance.py:1138} INFO - Marking task as FAILED. dag_id=pipeline_gps, task_id=task1_ingest, execution_date=20260315T161300, start_date=20260315T161413, end_date=20260315T161415
[2026-03-15T16:14:15.209+0000] {standard_task_runner.py:107} ERROR - Failed to execute job 377 for task task1_ingest (Bash command failed. The command returned a non-zero exit code 1.; 950)
[2026-03-15T16:14:15.240+0000] {local_task_job_runner.py:234} INFO - Task exited with return code 1
[2026-03-15T16:14:15.290+0000] {taskinstance.py:3280} INFO - 0 downstream tasks scheduled from follow-on schedule check
