[2026-03-16T03:20:14.210+0000] {taskinstance.py:1956} INFO - Dependencies all met for dep_context=non-requeueable deps ti=<TaskInstance: pipeline_gps.task_process scheduled__2026-03-16T03:15:00+00:00 [queued]>
[2026-03-16T03:20:14.225+0000] {taskinstance.py:1956} INFO - Dependencies all met for dep_context=requeueable deps ti=<TaskInstance: pipeline_gps.task_process scheduled__2026-03-16T03:15:00+00:00 [queued]>
[2026-03-16T03:20:14.225+0000] {taskinstance.py:2170} INFO - Starting attempt 1 of 1
[2026-03-16T03:20:14.258+0000] {taskinstance.py:2191} INFO - Executing <Task(BashOperator): task_process> on 2026-03-16 03:15:00+00:00
[2026-03-16T03:20:14.267+0000] {standard_task_runner.py:60} INFO - Started process 579 to run task
[2026-03-16T03:20:14.289+0000] {standard_task_runner.py:87} INFO - Running: ['airflow', 'tasks', 'run', 'pipeline_gps', 'task_process', 'scheduled__2026-03-16T03:15:00+00:00', '--job-id', '582', '--raw', '--subdir', 'DAGS_FOLDER/pipeline_gps.py', '--cfg-path', '/tmp/tmpfz8c45xt']
[2026-03-16T03:20:14.295+0000] {standard_task_runner.py:88} INFO - Job 582: Subtask task_process
[2026-03-16T03:20:14.446+0000] {task_command.py:423} INFO - Running <TaskInstance: pipeline_gps.task_process scheduled__2026-03-16T03:15:00+00:00 [running]> on host e3430f617ad9
[2026-03-16T03:20:14.657+0000] {taskinstance.py:2480} INFO - Exporting env vars: AIRFLOW_CTX_DAG_OWNER='airflow' AIRFLOW_CTX_DAG_ID='pipeline_gps' AIRFLOW_CTX_TASK_ID='task_process' AIRFLOW_CTX_EXECUTION_DATE='2026-03-16T03:15:00+00:00' AIRFLOW_CTX_TRY_NUMBER='1' AIRFLOW_CTX_DAG_RUN_ID='scheduled__2026-03-16T03:15:00+00:00'
[2026-03-16T03:20:14.660+0000] {subprocess.py:63} INFO - Tmp dir root location: /tmp
[2026-03-16T03:20:14.662+0000] {subprocess.py:75} INFO - Running command: ['/usr/bin/bash', '-c', 'python /opt/airflow/spark/spark_processor.py']
[2026-03-16T03:20:14.687+0000] {subprocess.py:86} INFO - Output:
[2026-03-16T03:20:25.175+0000] {subprocess.py:93} INFO - 26/03/16 03:20:25 WARN NativeCodeLoader: Unable to load native-hadoop library for your platform... using builtin-java classes where applicable
[2026-03-16T03:20:25.846+0000] {subprocess.py:93} INFO - 26/03/16 03:20:25 WARN DependencyUtils: Local jar /tmp/airflowtmp6m63mlz_/spark/jars/postgresql-42.7.3.jar does not exist, skipping.
[2026-03-16T03:20:26.284+0000] {subprocess.py:93} INFO - 26/03/16 03:20:26 INFO SparkContext: Running Spark version 3.5.8
[2026-03-16T03:20:26.285+0000] {subprocess.py:93} INFO - 26/03/16 03:20:26 INFO SparkContext: OS info Linux, 5.15.167.4-microsoft-standard-WSL2, amd64
[2026-03-16T03:20:26.289+0000] {subprocess.py:93} INFO - 26/03/16 03:20:26 INFO SparkContext: Java version 17.0.18
[2026-03-16T03:20:26.403+0000] {subprocess.py:93} INFO - 26/03/16 03:20:26 INFO ResourceUtils: ==============================================================
[2026-03-16T03:20:26.405+0000] {subprocess.py:93} INFO - 26/03/16 03:20:26 INFO ResourceUtils: No custom resources configured for spark.driver.
[2026-03-16T03:20:26.407+0000] {subprocess.py:93} INFO - 26/03/16 03:20:26 INFO ResourceUtils: ==============================================================
[2026-03-16T03:20:26.409+0000] {subprocess.py:93} INFO - 26/03/16 03:20:26 INFO SparkContext: Submitted application: gps_processor
[2026-03-16T03:20:26.516+0000] {subprocess.py:93} INFO - 26/03/16 03:20:26 INFO ResourceProfile: Default ResourceProfile created, executor resources: Map(cores -> name: cores, amount: 1, script: , vendor: , memory -> name: memory, amount: 1024, script: , vendor: , offHeap -> name: offHeap, amount: 0, script: , vendor: ), task resources: Map(cpus -> name: cpus, amount: 1.0)
[2026-03-16T03:20:26.535+0000] {subprocess.py:93} INFO - 26/03/16 03:20:26 INFO ResourceProfile: Limiting resource is cpu
[2026-03-16T03:20:26.538+0000] {subprocess.py:93} INFO - 26/03/16 03:20:26 INFO ResourceProfileManager: Added ResourceProfile id: 0
[2026-03-16T03:20:26.783+0000] {subprocess.py:93} INFO - 26/03/16 03:20:26 INFO SecurityManager: Changing view acls to: airflow
[2026-03-16T03:20:26.785+0000] {subprocess.py:93} INFO - 26/03/16 03:20:26 INFO SecurityManager: Changing modify acls to: airflow
[2026-03-16T03:20:26.787+0000] {subprocess.py:93} INFO - 26/03/16 03:20:26 INFO SecurityManager: Changing view acls groups to:
[2026-03-16T03:20:26.792+0000] {subprocess.py:93} INFO - 26/03/16 03:20:26 INFO SecurityManager: Changing modify acls groups to:
[2026-03-16T03:20:26.797+0000] {subprocess.py:93} INFO - 26/03/16 03:20:26 INFO SecurityManager: SecurityManager: authentication disabled; ui acls disabled; users with view permissions: airflow; groups with view permissions: EMPTY; users with modify permissions: airflow; groups with modify permissions: EMPTY
[2026-03-16T03:20:28.211+0000] {subprocess.py:93} INFO - 26/03/16 03:20:28 INFO Utils: Successfully started service 'sparkDriver' on port 39869.
[2026-03-16T03:20:28.344+0000] {subprocess.py:93} INFO - 26/03/16 03:20:28 INFO SparkEnv: Registering MapOutputTracker
[2026-03-16T03:20:28.485+0000] {subprocess.py:93} INFO - 26/03/16 03:20:28 INFO SparkEnv: Registering BlockManagerMaster
[2026-03-16T03:20:28.610+0000] {subprocess.py:93} INFO - 26/03/16 03:20:28 INFO BlockManagerMasterEndpoint: Using org.apache.spark.storage.DefaultTopologyMapper for getting topology information
[2026-03-16T03:20:28.622+0000] {subprocess.py:93} INFO - 26/03/16 03:20:28 INFO BlockManagerMasterEndpoint: BlockManagerMasterEndpoint up
[2026-03-16T03:20:28.646+0000] {subprocess.py:93} INFO - 26/03/16 03:20:28 INFO SparkEnv: Registering BlockManagerMasterHeartbeat
[2026-03-16T03:20:28.751+0000] {subprocess.py:93} INFO - 26/03/16 03:20:28 INFO DiskBlockManager: Created local directory at /tmp/blockmgr-a4505df9-ccf4-4c4d-9905-e82cd34199a4
[2026-03-16T03:20:28.847+0000] {subprocess.py:93} INFO - 26/03/16 03:20:28 INFO MemoryStore: MemoryStore started with capacity 434.4 MiB
[2026-03-16T03:20:28.973+0000] {subprocess.py:93} INFO - 26/03/16 03:20:28 INFO SparkEnv: Registering OutputCommitCoordinator
[2026-03-16T03:20:29.734+0000] {subprocess.py:93} INFO - 26/03/16 03:20:29 INFO JettyUtils: Start Jetty 0.0.0.0:4040 for SparkUI
[2026-03-16T03:20:30.222+0000] {subprocess.py:93} INFO - 26/03/16 03:20:30 INFO Utils: Successfully started service 'SparkUI' on port 4040.
[2026-03-16T03:20:30.405+0000] {subprocess.py:93} INFO - 26/03/16 03:20:30 ERROR SparkContext: Failed to add spark/jars/postgresql-42.7.3.jar to Spark environment
[2026-03-16T03:20:30.406+0000] {subprocess.py:93} INFO - java.io.FileNotFoundException: Jar /tmp/airflowtmp6m63mlz_/spark/jars/postgresql-42.7.3.jar not found
[2026-03-16T03:20:30.406+0000] {subprocess.py:93} INFO - 	at org.apache.spark.SparkContext.addLocalJarFile$1(SparkContext.scala:2095)
[2026-03-16T03:20:30.407+0000] {subprocess.py:93} INFO - 	at org.apache.spark.SparkContext.addJar(SparkContext.scala:2151)
[2026-03-16T03:20:30.407+0000] {subprocess.py:93} INFO - 	at org.apache.spark.SparkContext.$anonfun$new$15(SparkContext.scala:521)
[2026-03-16T03:20:30.407+0000] {subprocess.py:93} INFO - 	at org.apache.spark.SparkContext.$anonfun$new$15$adapted(SparkContext.scala:521)
[2026-03-16T03:20:30.408+0000] {subprocess.py:93} INFO - 	at scala.collection.mutable.ResizableArray.foreach(ResizableArray.scala:62)
[2026-03-16T03:20:30.408+0000] {subprocess.py:93} INFO - 	at scala.collection.mutable.ResizableArray.foreach$(ResizableArray.scala:55)
[2026-03-16T03:20:30.409+0000] {subprocess.py:93} INFO - 	at scala.collection.mutable.ArrayBuffer.foreach(ArrayBuffer.scala:49)
[2026-03-16T03:20:30.409+0000] {subprocess.py:93} INFO - 	at org.apache.spark.SparkContext.<init>(SparkContext.scala:521)
[2026-03-16T03:20:30.409+0000] {subprocess.py:93} INFO - 	at org.apache.spark.api.java.JavaSparkContext.<init>(JavaSparkContext.scala:58)
[2026-03-16T03:20:30.416+0000] {subprocess.py:93} INFO - 	at java.base/jdk.internal.reflect.NativeConstructorAccessorImpl.newInstance0(Native Method)
[2026-03-16T03:20:30.417+0000] {subprocess.py:93} INFO - 	at java.base/jdk.internal.reflect.NativeConstructorAccessorImpl.newInstance(NativeConstructorAccessorImpl.java:77)
[2026-03-16T03:20:30.418+0000] {subprocess.py:93} INFO - 	at java.base/jdk.internal.reflect.DelegatingConstructorAccessorImpl.newInstance(DelegatingConstructorAccessorImpl.java:45)
[2026-03-16T03:20:30.418+0000] {subprocess.py:93} INFO - 	at java.base/java.lang.reflect.Constructor.newInstanceWithCaller(Constructor.java:500)
[2026-03-16T03:20:30.419+0000] {subprocess.py:93} INFO - 	at java.base/java.lang.reflect.Constructor.newInstance(Constructor.java:481)
[2026-03-16T03:20:30.419+0000] {subprocess.py:93} INFO - 	at py4j.reflection.MethodInvoker.invoke(MethodInvoker.java:247)
[2026-03-16T03:20:30.420+0000] {subprocess.py:93} INFO - 	at py4j.reflection.ReflectionEngine.invoke(ReflectionEngine.java:374)
[2026-03-16T03:20:30.420+0000] {subprocess.py:93} INFO - 	at py4j.Gateway.invoke(Gateway.java:238)
[2026-03-16T03:20:30.420+0000] {subprocess.py:93} INFO - 	at py4j.commands.ConstructorCommand.invokeConstructor(ConstructorCommand.java:80)
[2026-03-16T03:20:30.421+0000] {subprocess.py:93} INFO - 	at py4j.commands.ConstructorCommand.execute(ConstructorCommand.java:69)
[2026-03-16T03:20:30.421+0000] {subprocess.py:93} INFO - 	at py4j.ClientServerConnection.waitForCommands(ClientServerConnection.java:182)
[2026-03-16T03:20:30.421+0000] {subprocess.py:93} INFO - 	at py4j.ClientServerConnection.run(ClientServerConnection.java:106)
[2026-03-16T03:20:30.422+0000] {subprocess.py:93} INFO - 	at java.base/java.lang.Thread.run(Thread.java:840)
[2026-03-16T03:20:30.719+0000] {subprocess.py:93} INFO - 26/03/16 03:20:30 INFO Executor: Starting executor ID driver on host e3430f617ad9
[2026-03-16T03:20:30.721+0000] {subprocess.py:93} INFO - 26/03/16 03:20:30 INFO Executor: OS info Linux, 5.15.167.4-microsoft-standard-WSL2, amd64
[2026-03-16T03:20:30.722+0000] {subprocess.py:93} INFO - 26/03/16 03:20:30 INFO Executor: Java version 17.0.18
[2026-03-16T03:20:30.745+0000] {subprocess.py:93} INFO - 26/03/16 03:20:30 INFO Executor: Starting executor with user classpath (userClassPathFirst = false): ''
[2026-03-16T03:20:30.755+0000] {subprocess.py:93} INFO - 26/03/16 03:20:30 INFO Executor: Created or updated repl class loader org.apache.spark.util.MutableURLClassLoader@3e5eff2d for default.
[2026-03-16T03:20:30.832+0000] {subprocess.py:93} INFO - 26/03/16 03:20:30 INFO Utils: Successfully started service 'org.apache.spark.network.netty.NettyBlockTransferService' on port 39269.
[2026-03-16T03:20:30.835+0000] {subprocess.py:93} INFO - 26/03/16 03:20:30 INFO NettyBlockTransferService: Server created on e3430f617ad9:39269
[2026-03-16T03:20:30.843+0000] {subprocess.py:93} INFO - 26/03/16 03:20:30 INFO BlockManager: Using org.apache.spark.storage.RandomBlockReplicationPolicy for block replication policy
[2026-03-16T03:20:30.871+0000] {subprocess.py:93} INFO - 26/03/16 03:20:30 INFO BlockManagerMaster: Registering BlockManager BlockManagerId(driver, e3430f617ad9, 39269, None)
[2026-03-16T03:20:30.903+0000] {subprocess.py:93} INFO - 26/03/16 03:20:30 INFO BlockManagerMasterEndpoint: Registering block manager e3430f617ad9:39269 with 434.4 MiB RAM, BlockManagerId(driver, e3430f617ad9, 39269, None)
[2026-03-16T03:20:30.905+0000] {subprocess.py:93} INFO - 26/03/16 03:20:30 INFO BlockManagerMaster: Registered BlockManager BlockManagerId(driver, e3430f617ad9, 39269, None)
[2026-03-16T03:20:30.905+0000] {subprocess.py:93} INFO - 26/03/16 03:20:30 INFO BlockManager: Initialized BlockManager: BlockManagerId(driver, e3430f617ad9, 39269, None)
[2026-03-16T03:20:33.036+0000] {subprocess.py:93} INFO - 26/03/16 03:20:33 INFO SharedState: Setting hive.metastore.warehouse.dir ('null') to the value of spark.sql.warehouse.dir.
[2026-03-16T03:20:33.045+0000] {subprocess.py:93} INFO - 26/03/16 03:20:33 INFO SharedState: Warehouse path is 'file:/tmp/airflowtmp6m63mlz_/spark-warehouse'.
[2026-03-16T03:20:36.452+0000] {subprocess.py:93} INFO - Traceback (most recent call last):
[2026-03-16T03:20:36.454+0000] {subprocess.py:93} INFO -   File "/opt/airflow/spark/spark_processor.py", line 21, in <module>
[2026-03-16T03:20:36.454+0000] {subprocess.py:93} INFO -     df = spark.read \
[2026-03-16T03:20:36.455+0000] {subprocess.py:93} INFO -   File "/home/airflow/.local/lib/python3.8/site-packages/pyspark/sql/readwriter.py", line 314, in load
[2026-03-16T03:20:36.456+0000] {subprocess.py:93} INFO -     return self._df(self._jreader.load())
[2026-03-16T03:20:36.456+0000] {subprocess.py:93} INFO -   File "/home/airflow/.local/lib/python3.8/site-packages/py4j/java_gateway.py", line 1362, in __call__
[2026-03-16T03:20:36.457+0000] {subprocess.py:93} INFO -     return_value = get_return_value(
[2026-03-16T03:20:36.458+0000] {subprocess.py:93} INFO -   File "/home/airflow/.local/lib/python3.8/site-packages/pyspark/errors/exceptions/captured.py", line 179, in deco
[2026-03-16T03:20:36.458+0000] {subprocess.py:93} INFO -     return f(*a, **kw)
[2026-03-16T03:20:36.459+0000] {subprocess.py:93} INFO -   File "/home/airflow/.local/lib/python3.8/site-packages/py4j/protocol.py", line 327, in get_return_value
[2026-03-16T03:20:36.459+0000] {subprocess.py:93} INFO -     raise Py4JJavaError(
[2026-03-16T03:20:36.459+0000] {subprocess.py:93} INFO - py4j.protocol.Py4JJavaError: An error occurred while calling o34.load.
[2026-03-16T03:20:36.460+0000] {subprocess.py:93} INFO - : java.lang.ClassNotFoundException: org.postgresql.Driver
[2026-03-16T03:20:36.460+0000] {subprocess.py:93} INFO - 	at java.base/java.net.URLClassLoader.findClass(URLClassLoader.java:445)
[2026-03-16T03:20:36.461+0000] {subprocess.py:93} INFO - 	at java.base/java.lang.ClassLoader.loadClass(ClassLoader.java:592)
[2026-03-16T03:20:36.461+0000] {subprocess.py:93} INFO - 	at java.base/java.lang.ClassLoader.loadClass(ClassLoader.java:525)
[2026-03-16T03:20:36.461+0000] {subprocess.py:93} INFO - 	at org.apache.spark.sql.execution.datasources.jdbc.DriverRegistry$.register(DriverRegistry.scala:46)
[2026-03-16T03:20:36.462+0000] {subprocess.py:93} INFO - 	at org.apache.spark.sql.execution.datasources.jdbc.JDBCOptions.$anonfun$driverClass$1(JDBCOptions.scala:103)
[2026-03-16T03:20:36.462+0000] {subprocess.py:93} INFO - 	at org.apache.spark.sql.execution.datasources.jdbc.JDBCOptions.$anonfun$driverClass$1$adapted(JDBCOptions.scala:103)
[2026-03-16T03:20:36.463+0000] {subprocess.py:93} INFO - 	at scala.Option.foreach(Option.scala:407)
[2026-03-16T03:20:36.463+0000] {subprocess.py:93} INFO - 	at org.apache.spark.sql.execution.datasources.jdbc.JDBCOptions.<init>(JDBCOptions.scala:103)
[2026-03-16T03:20:36.464+0000] {subprocess.py:93} INFO - 	at org.apache.spark.sql.execution.datasources.jdbc.JDBCOptions.<init>(JDBCOptions.scala:41)
[2026-03-16T03:20:36.464+0000] {subprocess.py:93} INFO - 	at org.apache.spark.sql.execution.datasources.jdbc.JdbcRelationProvider.createRelation(JdbcRelationProvider.scala:34)
[2026-03-16T03:20:36.464+0000] {subprocess.py:93} INFO - 	at org.apache.spark.sql.execution.datasources.DataSource.resolveRelation(DataSource.scala:346)
[2026-03-16T03:20:36.465+0000] {subprocess.py:93} INFO - 	at org.apache.spark.sql.DataFrameReader.loadV1Source(DataFrameReader.scala:229)
[2026-03-16T03:20:36.465+0000] {subprocess.py:93} INFO - 	at org.apache.spark.sql.DataFrameReader.$anonfun$load$2(DataFrameReader.scala:211)
[2026-03-16T03:20:36.465+0000] {subprocess.py:93} INFO - 	at scala.Option.getOrElse(Option.scala:189)
[2026-03-16T03:20:36.466+0000] {subprocess.py:93} INFO - 	at org.apache.spark.sql.DataFrameReader.load(DataFrameReader.scala:211)
[2026-03-16T03:20:36.476+0000] {subprocess.py:93} INFO - 	at org.apache.spark.sql.DataFrameReader.load(DataFrameReader.scala:172)
[2026-03-16T03:20:36.477+0000] {subprocess.py:93} INFO - 	at java.base/jdk.internal.reflect.NativeMethodAccessorImpl.invoke0(Native Method)
[2026-03-16T03:20:36.477+0000] {subprocess.py:93} INFO - 	at java.base/jdk.internal.reflect.NativeMethodAccessorImpl.invoke(NativeMethodAccessorImpl.java:77)
[2026-03-16T03:20:36.477+0000] {subprocess.py:93} INFO - 	at java.base/jdk.internal.reflect.DelegatingMethodAccessorImpl.invoke(DelegatingMethodAccessorImpl.java:43)
[2026-03-16T03:20:36.478+0000] {subprocess.py:93} INFO - 	at java.base/java.lang.reflect.Method.invoke(Method.java:569)
[2026-03-16T03:20:36.478+0000] {subprocess.py:93} INFO - 	at py4j.reflection.MethodInvoker.invoke(MethodInvoker.java:244)
[2026-03-16T03:20:36.479+0000] {subprocess.py:93} INFO - 	at py4j.reflection.ReflectionEngine.invoke(ReflectionEngine.java:374)
[2026-03-16T03:20:36.479+0000] {subprocess.py:93} INFO - 	at py4j.Gateway.invoke(Gateway.java:282)
[2026-03-16T03:20:36.479+0000] {subprocess.py:93} INFO - 	at py4j.commands.AbstractCommand.invokeMethod(AbstractCommand.java:132)
[2026-03-16T03:20:36.480+0000] {subprocess.py:93} INFO - 	at py4j.commands.CallCommand.execute(CallCommand.java:79)
[2026-03-16T03:20:36.480+0000] {subprocess.py:93} INFO - 	at py4j.ClientServerConnection.waitForCommands(ClientServerConnection.java:182)
[2026-03-16T03:20:36.480+0000] {subprocess.py:93} INFO - 	at py4j.ClientServerConnection.run(ClientServerConnection.java:106)
[2026-03-16T03:20:36.481+0000] {subprocess.py:93} INFO - 	at java.base/java.lang.Thread.run(Thread.java:840)
[2026-03-16T03:20:36.481+0000] {subprocess.py:93} INFO - 
[2026-03-16T03:20:36.749+0000] {subprocess.py:93} INFO - 26/03/16 03:20:36 INFO SparkContext: Invoking stop() from shutdown hook
[2026-03-16T03:20:36.751+0000] {subprocess.py:93} INFO - 26/03/16 03:20:36 INFO SparkContext: SparkContext is stopping with exitCode 0.
[2026-03-16T03:20:36.802+0000] {subprocess.py:93} INFO - 26/03/16 03:20:36 INFO SparkUI: Stopped Spark web UI at http://e3430f617ad9:4040
[2026-03-16T03:20:36.855+0000] {subprocess.py:93} INFO - 26/03/16 03:20:36 INFO MapOutputTrackerMasterEndpoint: MapOutputTrackerMasterEndpoint stopped!
[2026-03-16T03:20:36.913+0000] {subprocess.py:93} INFO - 26/03/16 03:20:36 INFO MemoryStore: MemoryStore cleared
[2026-03-16T03:20:36.914+0000] {subprocess.py:93} INFO - 26/03/16 03:20:36 INFO BlockManager: BlockManager stopped
[2026-03-16T03:20:36.932+0000] {subprocess.py:93} INFO - 26/03/16 03:20:36 INFO BlockManagerMaster: BlockManagerMaster stopped
[2026-03-16T03:20:36.941+0000] {subprocess.py:93} INFO - 26/03/16 03:20:36 INFO OutputCommitCoordinator$OutputCommitCoordinatorEndpoint: OutputCommitCoordinator stopped!
[2026-03-16T03:20:36.958+0000] {subprocess.py:93} INFO - 26/03/16 03:20:36 INFO SparkContext: Successfully stopped SparkContext
[2026-03-16T03:20:36.960+0000] {subprocess.py:93} INFO - 26/03/16 03:20:36 INFO ShutdownHookManager: Shutdown hook called
[2026-03-16T03:20:36.962+0000] {subprocess.py:93} INFO - 26/03/16 03:20:36 INFO ShutdownHookManager: Deleting directory /tmp/spark-9acb60de-fc69-4915-b9e4-505d4c06d4f9
[2026-03-16T03:20:36.972+0000] {subprocess.py:93} INFO - 26/03/16 03:20:36 INFO ShutdownHookManager: Deleting directory /tmp/spark-9acb60de-fc69-4915-b9e4-505d4c06d4f9/pyspark-7638d3a5-701c-4579-b8f2-25c2b0f3d88b
[2026-03-16T03:20:36.983+0000] {subprocess.py:93} INFO - 26/03/16 03:20:36 INFO ShutdownHookManager: Deleting directory /tmp/spark-d103cbf8-4af5-46e3-83e5-b579c6da80ce
[2026-03-16T03:20:37.366+0000] {subprocess.py:97} INFO - Command exited with return code 1
[2026-03-16T03:20:37.387+0000] {taskinstance.py:2698} ERROR - Task failed with exception
Traceback (most recent call last):
  File "/home/airflow/.local/lib/python3.8/site-packages/airflow/models/taskinstance.py", line 433, in _execute_task
    result = execute_callable(context=context, **execute_callable_kwargs)
  File "/home/airflow/.local/lib/python3.8/site-packages/airflow/operators/bash.py", line 212, in execute
    raise AirflowException(
airflow.exceptions.AirflowException: Bash command failed. The command returned a non-zero exit code 1.
[2026-03-16T03:20:37.397+0000] {taskinstance.py:1138} INFO - Marking task as FAILED. dag_id=pipeline_gps, task_id=task_process, execution_date=20260316T031500, start_date=20260316T032014, end_date=20260316T032037
[2026-03-16T03:20:37.455+0000] {standard_task_runner.py:107} ERROR - Failed to execute job 582 for task task_process (Bash command failed. The command returned a non-zero exit code 1.; 579)
[2026-03-16T03:20:37.490+0000] {local_task_job_runner.py:234} INFO - Task exited with return code 1
[2026-03-16T03:20:37.556+0000] {taskinstance.py:3280} INFO - 0 downstream tasks scheduled from follow-on schedule check
