[2026-03-16T01:10:09.516+0000] {taskinstance.py:1956} INFO - Dependencies all met for dep_context=non-requeueable deps ti=<TaskInstance: pipeline_gps.task_process scheduled__2026-03-16T01:05:00+00:00 [queued]>
[2026-03-16T01:10:09.529+0000] {taskinstance.py:1956} INFO - Dependencies all met for dep_context=requeueable deps ti=<TaskInstance: pipeline_gps.task_process scheduled__2026-03-16T01:05:00+00:00 [queued]>
[2026-03-16T01:10:09.530+0000] {taskinstance.py:2170} INFO - Starting attempt 1 of 1
[2026-03-16T01:10:09.560+0000] {taskinstance.py:2191} INFO - Executing <Task(BashOperator): task_process> on 2026-03-16 01:05:00+00:00
[2026-03-16T01:10:09.574+0000] {standard_task_runner.py:60} INFO - Started process 167 to run task
[2026-03-16T01:10:09.594+0000] {standard_task_runner.py:87} INFO - Running: ['airflow', 'tasks', 'run', 'pipeline_gps', 'task_process', 'scheduled__2026-03-16T01:05:00+00:00', '--job-id', '545', '--raw', '--subdir', 'DAGS_FOLDER/pipeline_gps.py', '--cfg-path', '/tmp/tmp8d9qo24o']
[2026-03-16T01:10:09.598+0000] {standard_task_runner.py:88} INFO - Job 545: Subtask task_process
[2026-03-16T01:10:09.917+0000] {task_command.py:423} INFO - Running <TaskInstance: pipeline_gps.task_process scheduled__2026-03-16T01:05:00+00:00 [running]> on host 45f99552e120
[2026-03-16T01:10:10.260+0000] {taskinstance.py:2480} INFO - Exporting env vars: AIRFLOW_CTX_DAG_OWNER='airflow' AIRFLOW_CTX_DAG_ID='pipeline_gps' AIRFLOW_CTX_TASK_ID='task_process' AIRFLOW_CTX_EXECUTION_DATE='2026-03-16T01:05:00+00:00' AIRFLOW_CTX_TRY_NUMBER='1' AIRFLOW_CTX_DAG_RUN_ID='scheduled__2026-03-16T01:05:00+00:00'
[2026-03-16T01:10:10.264+0000] {subprocess.py:63} INFO - Tmp dir root location: /tmp
[2026-03-16T01:10:10.267+0000] {subprocess.py:75} INFO - Running command: ['/usr/bin/bash', '-c', 'python /opt/airflow/spark/spark_processor.py']
[2026-03-16T01:10:10.318+0000] {subprocess.py:86} INFO - Output:
[2026-03-16T01:10:21.663+0000] {subprocess.py:93} INFO - 26/03/16 01:10:21 WARN NativeCodeLoader: Unable to load native-hadoop library for your platform... using builtin-java classes where applicable
[2026-03-16T01:10:22.524+0000] {subprocess.py:93} INFO - 26/03/16 01:10:22 WARN DependencyUtils: Local jar /tmp/airflowtmpndfzdqwu/spark/jars/postgresql-42.7.3.jar does not exist, skipping.
[2026-03-16T01:10:22.929+0000] {subprocess.py:93} INFO - 26/03/16 01:10:22 INFO SparkContext: Running Spark version 3.5.8
[2026-03-16T01:10:22.930+0000] {subprocess.py:93} INFO - 26/03/16 01:10:22 INFO SparkContext: OS info Linux, 5.15.167.4-microsoft-standard-WSL2, amd64
[2026-03-16T01:10:22.932+0000] {subprocess.py:93} INFO - 26/03/16 01:10:22 INFO SparkContext: Java version 17.0.18
[2026-03-16T01:10:23.036+0000] {subprocess.py:93} INFO - 26/03/16 01:10:23 INFO ResourceUtils: ==============================================================
[2026-03-16T01:10:23.038+0000] {subprocess.py:93} INFO - 26/03/16 01:10:23 INFO ResourceUtils: No custom resources configured for spark.driver.
[2026-03-16T01:10:23.039+0000] {subprocess.py:93} INFO - 26/03/16 01:10:23 INFO ResourceUtils: ==============================================================
[2026-03-16T01:10:23.041+0000] {subprocess.py:93} INFO - 26/03/16 01:10:23 INFO SparkContext: Submitted application: gps_processor
[2026-03-16T01:10:23.126+0000] {subprocess.py:93} INFO - 26/03/16 01:10:23 INFO ResourceProfile: Default ResourceProfile created, executor resources: Map(cores -> name: cores, amount: 1, script: , vendor: , memory -> name: memory, amount: 1024, script: , vendor: , offHeap -> name: offHeap, amount: 0, script: , vendor: ), task resources: Map(cpus -> name: cpus, amount: 1.0)
[2026-03-16T01:10:23.148+0000] {subprocess.py:93} INFO - 26/03/16 01:10:23 INFO ResourceProfile: Limiting resource is cpu
[2026-03-16T01:10:23.155+0000] {subprocess.py:93} INFO - 26/03/16 01:10:23 INFO ResourceProfileManager: Added ResourceProfile id: 0
[2026-03-16T01:10:23.338+0000] {subprocess.py:93} INFO - 26/03/16 01:10:23 INFO SecurityManager: Changing view acls to: airflow
[2026-03-16T01:10:23.340+0000] {subprocess.py:93} INFO - 26/03/16 01:10:23 INFO SecurityManager: Changing modify acls to: airflow
[2026-03-16T01:10:23.342+0000] {subprocess.py:93} INFO - 26/03/16 01:10:23 INFO SecurityManager: Changing view acls groups to:
[2026-03-16T01:10:23.344+0000] {subprocess.py:93} INFO - 26/03/16 01:10:23 INFO SecurityManager: Changing modify acls groups to:
[2026-03-16T01:10:23.346+0000] {subprocess.py:93} INFO - 26/03/16 01:10:23 INFO SecurityManager: SecurityManager: authentication disabled; ui acls disabled; users with view permissions: airflow; groups with view permissions: EMPTY; users with modify permissions: airflow; groups with modify permissions: EMPTY
[2026-03-16T01:10:24.035+0000] {subprocess.py:93} INFO - 26/03/16 01:10:24 INFO Utils: Successfully started service 'sparkDriver' on port 45379.
[2026-03-16T01:10:24.132+0000] {subprocess.py:93} INFO - 26/03/16 01:10:24 INFO SparkEnv: Registering MapOutputTracker
[2026-03-16T01:10:24.231+0000] {subprocess.py:93} INFO - 26/03/16 01:10:24 INFO SparkEnv: Registering BlockManagerMaster
[2026-03-16T01:10:24.292+0000] {subprocess.py:93} INFO - 26/03/16 01:10:24 INFO BlockManagerMasterEndpoint: Using org.apache.spark.storage.DefaultTopologyMapper for getting topology information
[2026-03-16T01:10:24.295+0000] {subprocess.py:93} INFO - 26/03/16 01:10:24 INFO BlockManagerMasterEndpoint: BlockManagerMasterEndpoint up
[2026-03-16T01:10:24.304+0000] {subprocess.py:93} INFO - 26/03/16 01:10:24 INFO SparkEnv: Registering BlockManagerMasterHeartbeat
[2026-03-16T01:10:24.368+0000] {subprocess.py:93} INFO - 26/03/16 01:10:24 INFO DiskBlockManager: Created local directory at /tmp/blockmgr-f5ed372b-0b1a-4112-ad6e-01af4979b68a
[2026-03-16T01:10:24.424+0000] {subprocess.py:93} INFO - 26/03/16 01:10:24 INFO MemoryStore: MemoryStore started with capacity 434.4 MiB
[2026-03-16T01:10:24.469+0000] {subprocess.py:93} INFO - 26/03/16 01:10:24 INFO SparkEnv: Registering OutputCommitCoordinator
[2026-03-16T01:10:24.908+0000] {subprocess.py:93} INFO - 26/03/16 01:10:24 INFO JettyUtils: Start Jetty 0.0.0.0:4040 for SparkUI
[2026-03-16T01:10:25.126+0000] {subprocess.py:93} INFO - 26/03/16 01:10:25 INFO Utils: Successfully started service 'SparkUI' on port 4040.
[2026-03-16T01:10:25.253+0000] {subprocess.py:93} INFO - 26/03/16 01:10:25 ERROR SparkContext: Failed to add spark/jars/postgresql-42.7.3.jar to Spark environment
[2026-03-16T01:10:25.253+0000] {subprocess.py:93} INFO - java.io.FileNotFoundException: Jar /tmp/airflowtmpndfzdqwu/spark/jars/postgresql-42.7.3.jar not found
[2026-03-16T01:10:25.254+0000] {subprocess.py:93} INFO - 	at org.apache.spark.SparkContext.addLocalJarFile$1(SparkContext.scala:2095)
[2026-03-16T01:10:25.254+0000] {subprocess.py:93} INFO - 	at org.apache.spark.SparkContext.addJar(SparkContext.scala:2151)
[2026-03-16T01:10:25.254+0000] {subprocess.py:93} INFO - 	at org.apache.spark.SparkContext.$anonfun$new$15(SparkContext.scala:521)
[2026-03-16T01:10:25.255+0000] {subprocess.py:93} INFO - 	at org.apache.spark.SparkContext.$anonfun$new$15$adapted(SparkContext.scala:521)
[2026-03-16T01:10:25.255+0000] {subprocess.py:93} INFO - 	at scala.collection.mutable.ResizableArray.foreach(ResizableArray.scala:62)
[2026-03-16T01:10:25.255+0000] {subprocess.py:93} INFO - 	at scala.collection.mutable.ResizableArray.foreach$(ResizableArray.scala:55)
[2026-03-16T01:10:25.256+0000] {subprocess.py:93} INFO - 	at scala.collection.mutable.ArrayBuffer.foreach(ArrayBuffer.scala:49)
[2026-03-16T01:10:25.256+0000] {subprocess.py:93} INFO - 	at org.apache.spark.SparkContext.<init>(SparkContext.scala:521)
[2026-03-16T01:10:25.256+0000] {subprocess.py:93} INFO - 	at org.apache.spark.api.java.JavaSparkContext.<init>(JavaSparkContext.scala:58)
[2026-03-16T01:10:25.256+0000] {subprocess.py:93} INFO - 	at java.base/jdk.internal.reflect.NativeConstructorAccessorImpl.newInstance0(Native Method)
[2026-03-16T01:10:25.257+0000] {subprocess.py:93} INFO - 	at java.base/jdk.internal.reflect.NativeConstructorAccessorImpl.newInstance(NativeConstructorAccessorImpl.java:77)
[2026-03-16T01:10:25.257+0000] {subprocess.py:93} INFO - 	at java.base/jdk.internal.reflect.DelegatingConstructorAccessorImpl.newInstance(DelegatingConstructorAccessorImpl.java:45)
[2026-03-16T01:10:25.257+0000] {subprocess.py:93} INFO - 	at java.base/java.lang.reflect.Constructor.newInstanceWithCaller(Constructor.java:500)
[2026-03-16T01:10:25.258+0000] {subprocess.py:93} INFO - 	at java.base/java.lang.reflect.Constructor.newInstance(Constructor.java:481)
[2026-03-16T01:10:25.258+0000] {subprocess.py:93} INFO - 	at py4j.reflection.MethodInvoker.invoke(MethodInvoker.java:247)
[2026-03-16T01:10:25.258+0000] {subprocess.py:93} INFO - 	at py4j.reflection.ReflectionEngine.invoke(ReflectionEngine.java:374)
[2026-03-16T01:10:25.259+0000] {subprocess.py:93} INFO - 	at py4j.Gateway.invoke(Gateway.java:238)
[2026-03-16T01:10:25.262+0000] {subprocess.py:93} INFO - 	at py4j.commands.ConstructorCommand.invokeConstructor(ConstructorCommand.java:80)
[2026-03-16T01:10:25.263+0000] {subprocess.py:93} INFO - 	at py4j.commands.ConstructorCommand.execute(ConstructorCommand.java:69)
[2026-03-16T01:10:25.263+0000] {subprocess.py:93} INFO - 	at py4j.ClientServerConnection.waitForCommands(ClientServerConnection.java:182)
[2026-03-16T01:10:25.263+0000] {subprocess.py:93} INFO - 	at py4j.ClientServerConnection.run(ClientServerConnection.java:106)
[2026-03-16T01:10:25.264+0000] {subprocess.py:93} INFO - 	at java.base/java.lang.Thread.run(Thread.java:840)
[2026-03-16T01:10:25.493+0000] {subprocess.py:93} INFO - 26/03/16 01:10:25 INFO Executor: Starting executor ID driver on host 45f99552e120
[2026-03-16T01:10:25.495+0000] {subprocess.py:93} INFO - 26/03/16 01:10:25 INFO Executor: OS info Linux, 5.15.167.4-microsoft-standard-WSL2, amd64
[2026-03-16T01:10:25.496+0000] {subprocess.py:93} INFO - 26/03/16 01:10:25 INFO Executor: Java version 17.0.18
[2026-03-16T01:10:25.515+0000] {subprocess.py:93} INFO - 26/03/16 01:10:25 INFO Executor: Starting executor with user classpath (userClassPathFirst = false): ''
[2026-03-16T01:10:25.518+0000] {subprocess.py:93} INFO - 26/03/16 01:10:25 INFO Executor: Created or updated repl class loader org.apache.spark.util.MutableURLClassLoader@19060410 for default.
[2026-03-16T01:10:25.582+0000] {subprocess.py:93} INFO - 26/03/16 01:10:25 INFO Utils: Successfully started service 'org.apache.spark.network.netty.NettyBlockTransferService' on port 38567.
[2026-03-16T01:10:25.582+0000] {subprocess.py:93} INFO - 26/03/16 01:10:25 INFO NettyBlockTransferService: Server created on 45f99552e120:38567
[2026-03-16T01:10:25.586+0000] {subprocess.py:93} INFO - 26/03/16 01:10:25 INFO BlockManager: Using org.apache.spark.storage.RandomBlockReplicationPolicy for block replication policy
[2026-03-16T01:10:25.629+0000] {subprocess.py:93} INFO - 26/03/16 01:10:25 INFO BlockManagerMaster: Registering BlockManager BlockManagerId(driver, 45f99552e120, 38567, None)
[2026-03-16T01:10:25.639+0000] {subprocess.py:93} INFO - 26/03/16 01:10:25 INFO BlockManagerMasterEndpoint: Registering block manager 45f99552e120:38567 with 434.4 MiB RAM, BlockManagerId(driver, 45f99552e120, 38567, None)
[2026-03-16T01:10:25.644+0000] {subprocess.py:93} INFO - 26/03/16 01:10:25 INFO BlockManagerMaster: Registered BlockManager BlockManagerId(driver, 45f99552e120, 38567, None)
[2026-03-16T01:10:25.649+0000] {subprocess.py:93} INFO - 26/03/16 01:10:25 INFO BlockManager: Initialized BlockManager: BlockManagerId(driver, 45f99552e120, 38567, None)
[2026-03-16T01:10:26.822+0000] {subprocess.py:93} INFO - Traceback (most recent call last):
[2026-03-16T01:10:26.823+0000] {subprocess.py:93} INFO -   File "/opt/airflow/spark/spark_processor.py", line 10, in <module>
[2026-03-16T01:10:26.823+0000] {subprocess.py:93} INFO -     conn = psycopg2.connect(
[2026-03-16T01:10:26.824+0000] {subprocess.py:93} INFO -   File "/home/airflow/.local/lib/python3.8/site-packages/psycopg2/__init__.py", line 122, in connect
[2026-03-16T01:10:26.824+0000] {subprocess.py:93} INFO -     conn = _connect(dsn, connection_factory=connection_factory, **kwasync)
[2026-03-16T01:10:26.824+0000] {subprocess.py:93} INFO - psycopg2.OperationalError: connection to server at "localhost" (::1), port 5432 failed: Connection refused
[2026-03-16T01:10:26.825+0000] {subprocess.py:93} INFO - 	Is the server running on that host and accepting TCP/IP connections?
[2026-03-16T01:10:26.825+0000] {subprocess.py:93} INFO - connection to server at "localhost" (127.0.0.1), port 5432 failed: Connection refused
[2026-03-16T01:10:26.826+0000] {subprocess.py:93} INFO - 	Is the server running on that host and accepting TCP/IP connections?
[2026-03-16T01:10:26.826+0000] {subprocess.py:93} INFO - 
[2026-03-16T01:10:26.987+0000] {subprocess.py:93} INFO - 26/03/16 01:10:26 INFO SparkContext: Invoking stop() from shutdown hook
[2026-03-16T01:10:26.989+0000] {subprocess.py:93} INFO - 26/03/16 01:10:26 INFO SparkContext: SparkContext is stopping with exitCode 0.
[2026-03-16T01:10:27.029+0000] {subprocess.py:93} INFO - 26/03/16 01:10:27 INFO SparkUI: Stopped Spark web UI at http://45f99552e120:4040
[2026-03-16T01:10:27.068+0000] {subprocess.py:93} INFO - 26/03/16 01:10:27 INFO MapOutputTrackerMasterEndpoint: MapOutputTrackerMasterEndpoint stopped!
[2026-03-16T01:10:27.104+0000] {subprocess.py:93} INFO - 26/03/16 01:10:27 INFO MemoryStore: MemoryStore cleared
[2026-03-16T01:10:27.106+0000] {subprocess.py:93} INFO - 26/03/16 01:10:27 INFO BlockManager: BlockManager stopped
[2026-03-16T01:10:27.133+0000] {subprocess.py:93} INFO - 26/03/16 01:10:27 INFO BlockManagerMaster: BlockManagerMaster stopped
[2026-03-16T01:10:27.147+0000] {subprocess.py:93} INFO - 26/03/16 01:10:27 INFO OutputCommitCoordinator$OutputCommitCoordinatorEndpoint: OutputCommitCoordinator stopped!
[2026-03-16T01:10:27.183+0000] {subprocess.py:93} INFO - 26/03/16 01:10:27 INFO SparkContext: Successfully stopped SparkContext
[2026-03-16T01:10:27.185+0000] {subprocess.py:93} INFO - 26/03/16 01:10:27 INFO ShutdownHookManager: Shutdown hook called
[2026-03-16T01:10:27.187+0000] {subprocess.py:93} INFO - 26/03/16 01:10:27 INFO ShutdownHookManager: Deleting directory /tmp/spark-7fc7f15a-ea13-4d7e-bf1b-6efe4a5f2d92
[2026-03-16T01:10:27.215+0000] {subprocess.py:93} INFO - 26/03/16 01:10:27 INFO ShutdownHookManager: Deleting directory /tmp/spark-c6990546-5a1f-4679-a44c-792d913ca677
[2026-03-16T01:10:27.231+0000] {subprocess.py:93} INFO - 26/03/16 01:10:27 INFO ShutdownHookManager: Deleting directory /tmp/spark-7fc7f15a-ea13-4d7e-bf1b-6efe4a5f2d92/pyspark-c958d48e-d937-419b-b106-083bf5ea1c65
[2026-03-16T01:10:27.607+0000] {subprocess.py:97} INFO - Command exited with return code 1
[2026-03-16T01:10:27.623+0000] {taskinstance.py:2698} ERROR - Task failed with exception
Traceback (most recent call last):
  File "/home/airflow/.local/lib/python3.8/site-packages/airflow/models/taskinstance.py", line 433, in _execute_task
    result = execute_callable(context=context, **execute_callable_kwargs)
  File "/home/airflow/.local/lib/python3.8/site-packages/airflow/operators/bash.py", line 212, in execute
    raise AirflowException(
airflow.exceptions.AirflowException: Bash command failed. The command returned a non-zero exit code 1.
[2026-03-16T01:10:27.629+0000] {taskinstance.py:1138} INFO - Marking task as FAILED. dag_id=pipeline_gps, task_id=task_process, execution_date=20260316T010500, start_date=20260316T011009, end_date=20260316T011027
[2026-03-16T01:10:27.662+0000] {standard_task_runner.py:107} ERROR - Failed to execute job 545 for task task_process (Bash command failed. The command returned a non-zero exit code 1.; 167)
[2026-03-16T01:10:27.694+0000] {local_task_job_runner.py:234} INFO - Task exited with return code 1
[2026-03-16T01:10:27.731+0000] {taskinstance.py:3280} INFO - 0 downstream tasks scheduled from follow-on schedule check
