[2026-03-16T19:40:01.591+0000] {taskinstance.py:1956} INFO - Dependencies all met for dep_context=non-requeueable deps ti=<TaskInstance: pipeline_gps.task_process scheduled__2026-03-16T19:35:00+00:00 [queued]>
[2026-03-16T19:40:01.607+0000] {taskinstance.py:1956} INFO - Dependencies all met for dep_context=requeueable deps ti=<TaskInstance: pipeline_gps.task_process scheduled__2026-03-16T19:35:00+00:00 [queued]>
[2026-03-16T19:40:01.608+0000] {taskinstance.py:2170} INFO - Starting attempt 1 of 1
[2026-03-16T19:40:01.635+0000] {taskinstance.py:2191} INFO - Executing <Task(BashOperator): task_process> on 2026-03-16 19:35:00+00:00
[2026-03-16T19:40:01.643+0000] {standard_task_runner.py:60} INFO - Started process 986 to run task
[2026-03-16T19:40:01.650+0000] {standard_task_runner.py:87} INFO - Running: ['airflow', 'tasks', 'run', 'pipeline_gps', 'task_process', 'scheduled__2026-03-16T19:35:00+00:00', '--job-id', '21', '--raw', '--subdir', 'DAGS_FOLDER/pipeline_gps.py', '--cfg-path', '/tmp/tmpj12f5m6m']
[2026-03-16T19:40:01.655+0000] {standard_task_runner.py:88} INFO - Job 21: Subtask task_process
[2026-03-16T19:40:01.822+0000] {task_command.py:423} INFO - Running <TaskInstance: pipeline_gps.task_process scheduled__2026-03-16T19:35:00+00:00 [running]> on host 95dbc7519d7f
[2026-03-16T19:40:02.034+0000] {taskinstance.py:2480} INFO - Exporting env vars: AIRFLOW_CTX_DAG_OWNER='airflow' AIRFLOW_CTX_DAG_ID='pipeline_gps' AIRFLOW_CTX_TASK_ID='task_process' AIRFLOW_CTX_EXECUTION_DATE='2026-03-16T19:35:00+00:00' AIRFLOW_CTX_TRY_NUMBER='1' AIRFLOW_CTX_DAG_RUN_ID='scheduled__2026-03-16T19:35:00+00:00'
[2026-03-16T19:40:02.036+0000] {subprocess.py:63} INFO - Tmp dir root location: /tmp
[2026-03-16T19:40:02.056+0000] {subprocess.py:75} INFO - Running command: ['/usr/bin/bash', '-c', 'python /opt/airflow/spark/spark_processor.py']
[2026-03-16T19:40:02.080+0000] {subprocess.py:86} INFO - Output:
[2026-03-16T19:40:13.173+0000] {subprocess.py:93} INFO - 26/03/16 19:40:13 WARN NativeCodeLoader: Unable to load native-hadoop library for your platform... using builtin-java classes where applicable
[2026-03-16T19:40:13.642+0000] {subprocess.py:93} INFO - Setting default log level to "WARN".
[2026-03-16T19:40:13.643+0000] {subprocess.py:93} INFO - To adjust logging level use sc.setLogLevel(newLevel). For SparkR, use setLogLevel(newLevel).
[2026-03-16T19:40:33.574+0000] {subprocess.py:93} INFO - [Stage 0:>                                                          (0 + 1) / 1][Stage 2:>                                                          (0 + 1) / 1]                                                                                ✅ Procesados 3 dispositivos correctamente
[2026-03-16T19:40:34.156+0000] {subprocess.py:97} INFO - Command exited with return code 0
[2026-03-16T19:40:34.255+0000] {taskinstance.py:1138} INFO - Marking task as SUCCESS. dag_id=pipeline_gps, task_id=task_process, execution_date=20260316T193500, start_date=20260316T194001, end_date=20260316T194034
[2026-03-16T19:40:34.337+0000] {local_task_job_runner.py:234} INFO - Task exited with return code 0
[2026-03-16T19:40:34.411+0000] {taskinstance.py:3280} INFO - 1 downstream tasks scheduled from follow-on schedule check
