[2026-03-16T02:45:27.889+0000] {taskinstance.py:1956} INFO - Dependencies all met for dep_context=non-requeueable deps ti=<TaskInstance: pipeline_gps.task_process scheduled__2026-03-16T02:40:00+00:00 [queued]>
[2026-03-16T02:45:27.913+0000] {taskinstance.py:1956} INFO - Dependencies all met for dep_context=requeueable deps ti=<TaskInstance: pipeline_gps.task_process scheduled__2026-03-16T02:40:00+00:00 [queued]>
[2026-03-16T02:45:27.914+0000] {taskinstance.py:2170} INFO - Starting attempt 1 of 1
[2026-03-16T02:45:27.971+0000] {taskinstance.py:2191} INFO - Executing <Task(BashOperator): task_process> on 2026-03-16 02:40:00+00:00
[2026-03-16T02:45:27.983+0000] {standard_task_runner.py:60} INFO - Started process 196 to run task
[2026-03-16T02:45:28.015+0000] {standard_task_runner.py:87} INFO - Running: ['airflow', 'tasks', 'run', 'pipeline_gps', 'task_process', 'scheduled__2026-03-16T02:40:00+00:00', '--job-id', '572', '--raw', '--subdir', 'DAGS_FOLDER/pipeline_gps.py', '--cfg-path', '/tmp/tmp_dgkjce1']
[2026-03-16T02:45:28.020+0000] {standard_task_runner.py:88} INFO - Job 572: Subtask task_process
[2026-03-16T02:45:28.200+0000] {task_command.py:423} INFO - Running <TaskInstance: pipeline_gps.task_process scheduled__2026-03-16T02:40:00+00:00 [running]> on host e3430f617ad9
[2026-03-16T02:45:28.543+0000] {taskinstance.py:2480} INFO - Exporting env vars: AIRFLOW_CTX_DAG_OWNER='airflow' AIRFLOW_CTX_DAG_ID='pipeline_gps' AIRFLOW_CTX_TASK_ID='task_process' AIRFLOW_CTX_EXECUTION_DATE='2026-03-16T02:40:00+00:00' AIRFLOW_CTX_TRY_NUMBER='1' AIRFLOW_CTX_DAG_RUN_ID='scheduled__2026-03-16T02:40:00+00:00'
[2026-03-16T02:45:28.545+0000] {subprocess.py:63} INFO - Tmp dir root location: /tmp
[2026-03-16T02:45:28.547+0000] {subprocess.py:75} INFO - Running command: ['/usr/bin/bash', '-c', 'python /opt/airflow/spark/spark_processor.py']
[2026-03-16T02:45:28.569+0000] {subprocess.py:86} INFO - Output:
[2026-03-16T02:45:49.184+0000] {subprocess.py:93} INFO - 26/03/16 02:45:49 WARN NativeCodeLoader: Unable to load native-hadoop library for your platform... using builtin-java classes where applicable
[2026-03-16T02:45:50.634+0000] {subprocess.py:93} INFO - 26/03/16 02:45:50 WARN DependencyUtils: Local jar /tmp/airflowtmpycosmx2j/spark/jars/postgresql-42.7.3.jar does not exist, skipping.
[2026-03-16T02:45:51.859+0000] {subprocess.py:93} INFO - 26/03/16 02:45:51 INFO SparkContext: Running Spark version 3.5.8
[2026-03-16T02:45:51.861+0000] {subprocess.py:93} INFO - 26/03/16 02:45:51 INFO SparkContext: OS info Linux, 5.15.167.4-microsoft-standard-WSL2, amd64
[2026-03-16T02:45:51.878+0000] {subprocess.py:93} INFO - 26/03/16 02:45:51 INFO SparkContext: Java version 17.0.18
[2026-03-16T02:45:52.199+0000] {subprocess.py:93} INFO - 26/03/16 02:45:52 INFO ResourceUtils: ==============================================================
[2026-03-16T02:45:52.215+0000] {subprocess.py:93} INFO - 26/03/16 02:45:52 INFO ResourceUtils: No custom resources configured for spark.driver.
[2026-03-16T02:45:52.228+0000] {subprocess.py:93} INFO - 26/03/16 02:45:52 INFO ResourceUtils: ==============================================================
[2026-03-16T02:45:52.230+0000] {subprocess.py:93} INFO - 26/03/16 02:45:52 INFO SparkContext: Submitted application: gps_processor
[2026-03-16T02:45:52.767+0000] {subprocess.py:93} INFO - 26/03/16 02:45:52 INFO ResourceProfile: Default ResourceProfile created, executor resources: Map(cores -> name: cores, amount: 1, script: , vendor: , memory -> name: memory, amount: 1024, script: , vendor: , offHeap -> name: offHeap, amount: 0, script: , vendor: ), task resources: Map(cpus -> name: cpus, amount: 1.0)
[2026-03-16T02:45:52.856+0000] {subprocess.py:93} INFO - 26/03/16 02:45:52 INFO ResourceProfile: Limiting resource is cpu
[2026-03-16T02:45:52.863+0000] {subprocess.py:93} INFO - 26/03/16 02:45:52 INFO ResourceProfileManager: Added ResourceProfile id: 0
[2026-03-16T02:45:53.169+0000] {subprocess.py:93} INFO - 26/03/16 02:45:53 INFO SecurityManager: Changing view acls to: airflow
[2026-03-16T02:45:53.179+0000] {subprocess.py:93} INFO - 26/03/16 02:45:53 INFO SecurityManager: Changing modify acls to: airflow
[2026-03-16T02:45:53.182+0000] {subprocess.py:93} INFO - 26/03/16 02:45:53 INFO SecurityManager: Changing view acls groups to:
[2026-03-16T02:45:53.186+0000] {subprocess.py:93} INFO - 26/03/16 02:45:53 INFO SecurityManager: Changing modify acls groups to:
[2026-03-16T02:45:53.191+0000] {subprocess.py:93} INFO - 26/03/16 02:45:53 INFO SecurityManager: SecurityManager: authentication disabled; ui acls disabled; users with view permissions: airflow; groups with view permissions: EMPTY; users with modify permissions: airflow; groups with modify permissions: EMPTY
[2026-03-16T02:45:56.095+0000] {subprocess.py:93} INFO - 26/03/16 02:45:56 INFO Utils: Successfully started service 'sparkDriver' on port 37569.
[2026-03-16T02:45:56.428+0000] {subprocess.py:93} INFO - 26/03/16 02:45:56 INFO SparkEnv: Registering MapOutputTracker
[2026-03-16T02:45:56.663+0000] {subprocess.py:93} INFO - 26/03/16 02:45:56 INFO SparkEnv: Registering BlockManagerMaster
[2026-03-16T02:45:56.847+0000] {subprocess.py:93} INFO - 26/03/16 02:45:56 INFO BlockManagerMasterEndpoint: Using org.apache.spark.storage.DefaultTopologyMapper for getting topology information
[2026-03-16T02:45:56.851+0000] {subprocess.py:93} INFO - 26/03/16 02:45:56 INFO BlockManagerMasterEndpoint: BlockManagerMasterEndpoint up
[2026-03-16T02:45:56.885+0000] {subprocess.py:93} INFO - 26/03/16 02:45:56 INFO SparkEnv: Registering BlockManagerMasterHeartbeat
[2026-03-16T02:45:57.141+0000] {subprocess.py:93} INFO - 26/03/16 02:45:57 INFO DiskBlockManager: Created local directory at /tmp/blockmgr-3385227c-8bba-436a-8b19-ac5e98bac995
[2026-03-16T02:45:57.275+0000] {subprocess.py:93} INFO - 26/03/16 02:45:57 INFO MemoryStore: MemoryStore started with capacity 434.4 MiB
[2026-03-16T02:45:57.469+0000] {subprocess.py:93} INFO - 26/03/16 02:45:57 INFO SparkEnv: Registering OutputCommitCoordinator
[2026-03-16T02:45:58.664+0000] {subprocess.py:93} INFO - 26/03/16 02:45:58 INFO JettyUtils: Start Jetty 0.0.0.0:4040 for SparkUI
[2026-03-16T02:45:59.362+0000] {subprocess.py:93} INFO - 26/03/16 02:45:59 INFO Utils: Successfully started service 'SparkUI' on port 4040.
[2026-03-16T02:45:59.854+0000] {subprocess.py:93} INFO - 26/03/16 02:45:59 ERROR SparkContext: Failed to add spark/jars/postgresql-42.7.3.jar to Spark environment
[2026-03-16T02:45:59.855+0000] {subprocess.py:93} INFO - java.io.FileNotFoundException: Jar /tmp/airflowtmpycosmx2j/spark/jars/postgresql-42.7.3.jar not found
[2026-03-16T02:45:59.855+0000] {subprocess.py:93} INFO - 	at org.apache.spark.SparkContext.addLocalJarFile$1(SparkContext.scala:2095)
[2026-03-16T02:45:59.855+0000] {subprocess.py:93} INFO - 	at org.apache.spark.SparkContext.addJar(SparkContext.scala:2151)
[2026-03-16T02:45:59.856+0000] {subprocess.py:93} INFO - 	at org.apache.spark.SparkContext.$anonfun$new$15(SparkContext.scala:521)
[2026-03-16T02:45:59.856+0000] {subprocess.py:93} INFO - 	at org.apache.spark.SparkContext.$anonfun$new$15$adapted(SparkContext.scala:521)
[2026-03-16T02:45:59.856+0000] {subprocess.py:93} INFO - 	at scala.collection.mutable.ResizableArray.foreach(ResizableArray.scala:62)
[2026-03-16T02:45:59.856+0000] {subprocess.py:93} INFO - 	at scala.collection.mutable.ResizableArray.foreach$(ResizableArray.scala:55)
[2026-03-16T02:45:59.857+0000] {subprocess.py:93} INFO - 	at scala.collection.mutable.ArrayBuffer.foreach(ArrayBuffer.scala:49)
[2026-03-16T02:45:59.857+0000] {subprocess.py:93} INFO - 	at org.apache.spark.SparkContext.<init>(SparkContext.scala:521)
[2026-03-16T02:45:59.857+0000] {subprocess.py:93} INFO - 	at org.apache.spark.api.java.JavaSparkContext.<init>(JavaSparkContext.scala:58)
[2026-03-16T02:45:59.858+0000] {subprocess.py:93} INFO - 	at java.base/jdk.internal.reflect.NativeConstructorAccessorImpl.newInstance0(Native Method)
[2026-03-16T02:45:59.858+0000] {subprocess.py:93} INFO - 	at java.base/jdk.internal.reflect.NativeConstructorAccessorImpl.newInstance(NativeConstructorAccessorImpl.java:77)
[2026-03-16T02:45:59.858+0000] {subprocess.py:93} INFO - 	at java.base/jdk.internal.reflect.DelegatingConstructorAccessorImpl.newInstance(DelegatingConstructorAccessorImpl.java:45)
[2026-03-16T02:45:59.859+0000] {subprocess.py:93} INFO - 	at java.base/java.lang.reflect.Constructor.newInstanceWithCaller(Constructor.java:500)
[2026-03-16T02:45:59.863+0000] {subprocess.py:93} INFO - 	at java.base/java.lang.reflect.Constructor.newInstance(Constructor.java:481)
[2026-03-16T02:45:59.868+0000] {subprocess.py:93} INFO - 	at py4j.reflection.MethodInvoker.invoke(MethodInvoker.java:247)
[2026-03-16T02:45:59.868+0000] {subprocess.py:93} INFO - 	at py4j.reflection.ReflectionEngine.invoke(ReflectionEngine.java:374)
[2026-03-16T02:45:59.869+0000] {subprocess.py:93} INFO - 	at py4j.Gateway.invoke(Gateway.java:238)
[2026-03-16T02:45:59.869+0000] {subprocess.py:93} INFO - 	at py4j.commands.ConstructorCommand.invokeConstructor(ConstructorCommand.java:80)
[2026-03-16T02:45:59.869+0000] {subprocess.py:93} INFO - 	at py4j.commands.ConstructorCommand.execute(ConstructorCommand.java:69)
[2026-03-16T02:45:59.870+0000] {subprocess.py:93} INFO - 	at py4j.ClientServerConnection.waitForCommands(ClientServerConnection.java:182)
[2026-03-16T02:45:59.870+0000] {subprocess.py:93} INFO - 	at py4j.ClientServerConnection.run(ClientServerConnection.java:106)
[2026-03-16T02:45:59.871+0000] {subprocess.py:93} INFO - 	at java.base/java.lang.Thread.run(Thread.java:840)
[2026-03-16T02:46:00.546+0000] {subprocess.py:93} INFO - 26/03/16 02:46:00 INFO Executor: Starting executor ID driver on host e3430f617ad9
[2026-03-16T02:46:00.562+0000] {subprocess.py:93} INFO - 26/03/16 02:46:00 INFO Executor: OS info Linux, 5.15.167.4-microsoft-standard-WSL2, amd64
[2026-03-16T02:46:00.563+0000] {subprocess.py:93} INFO - 26/03/16 02:46:00 INFO Executor: Java version 17.0.18
[2026-03-16T02:46:00.616+0000] {subprocess.py:93} INFO - 26/03/16 02:46:00 INFO Executor: Starting executor with user classpath (userClassPathFirst = false): ''
[2026-03-16T02:46:00.628+0000] {subprocess.py:93} INFO - 26/03/16 02:46:00 INFO Executor: Created or updated repl class loader org.apache.spark.util.MutableURLClassLoader@46182880 for default.
[2026-03-16T02:46:01.009+0000] {subprocess.py:93} INFO - 26/03/16 02:46:01 INFO Utils: Successfully started service 'org.apache.spark.network.netty.NettyBlockTransferService' on port 45599.
[2026-03-16T02:46:01.009+0000] {subprocess.py:93} INFO - 26/03/16 02:46:01 INFO NettyBlockTransferService: Server created on e3430f617ad9:45599
[2026-03-16T02:46:01.022+0000] {subprocess.py:93} INFO - 26/03/16 02:46:01 INFO BlockManager: Using org.apache.spark.storage.RandomBlockReplicationPolicy for block replication policy
[2026-03-16T02:46:01.115+0000] {subprocess.py:93} INFO - 26/03/16 02:46:01 INFO BlockManagerMaster: Registering BlockManager BlockManagerId(driver, e3430f617ad9, 45599, None)
[2026-03-16T02:46:01.132+0000] {subprocess.py:93} INFO - 26/03/16 02:46:01 INFO BlockManagerMasterEndpoint: Registering block manager e3430f617ad9:45599 with 434.4 MiB RAM, BlockManagerId(driver, e3430f617ad9, 45599, None)
[2026-03-16T02:46:01.194+0000] {subprocess.py:93} INFO - 26/03/16 02:46:01 INFO BlockManagerMaster: Registered BlockManager BlockManagerId(driver, e3430f617ad9, 45599, None)
[2026-03-16T02:46:01.234+0000] {subprocess.py:93} INFO - 26/03/16 02:46:01 INFO BlockManager: Initialized BlockManager: BlockManagerId(driver, e3430f617ad9, 45599, None)
[2026-03-16T02:46:07.687+0000] {subprocess.py:93} INFO - 26/03/16 02:46:07 INFO SharedState: Setting hive.metastore.warehouse.dir ('null') to the value of spark.sql.warehouse.dir.
[2026-03-16T02:46:07.706+0000] {subprocess.py:93} INFO - 26/03/16 02:46:07 INFO SharedState: Warehouse path is 'file:/tmp/airflowtmpycosmx2j/spark-warehouse'.
[2026-03-16T02:46:18.604+0000] {subprocess.py:93} INFO - Traceback (most recent call last):
[2026-03-16T02:46:18.605+0000] {subprocess.py:93} INFO -   File "/opt/airflow/spark/spark_processor.py", line 21, in <module>
[2026-03-16T02:46:18.605+0000] {subprocess.py:93} INFO -     df = spark.read \
[2026-03-16T02:46:18.606+0000] {subprocess.py:93} INFO -   File "/home/airflow/.local/lib/python3.8/site-packages/pyspark/sql/readwriter.py", line 314, in load
[2026-03-16T02:46:18.606+0000] {subprocess.py:93} INFO -     return self._df(self._jreader.load())
[2026-03-16T02:46:18.606+0000] {subprocess.py:93} INFO -   File "/home/airflow/.local/lib/python3.8/site-packages/py4j/java_gateway.py", line 1362, in __call__
[2026-03-16T02:46:18.607+0000] {subprocess.py:93} INFO -     return_value = get_return_value(
[2026-03-16T02:46:18.607+0000] {subprocess.py:93} INFO -   File "/home/airflow/.local/lib/python3.8/site-packages/pyspark/errors/exceptions/captured.py", line 179, in deco
[2026-03-16T02:46:18.608+0000] {subprocess.py:93} INFO -     return f(*a, **kw)
[2026-03-16T02:46:18.608+0000] {subprocess.py:93} INFO -   File "/home/airflow/.local/lib/python3.8/site-packages/py4j/protocol.py", line 327, in get_return_value
[2026-03-16T02:46:18.608+0000] {subprocess.py:93} INFO -     raise Py4JJavaError(
[2026-03-16T02:46:18.611+0000] {subprocess.py:93} INFO - py4j.protocol.Py4JJavaError: An error occurred while calling o34.load.
[2026-03-16T02:46:18.612+0000] {subprocess.py:93} INFO - : java.lang.ClassNotFoundException: org.postgresql.Driver
[2026-03-16T02:46:18.613+0000] {subprocess.py:93} INFO - 	at java.base/java.net.URLClassLoader.findClass(URLClassLoader.java:445)
[2026-03-16T02:46:18.613+0000] {subprocess.py:93} INFO - 	at java.base/java.lang.ClassLoader.loadClass(ClassLoader.java:592)
[2026-03-16T02:46:18.613+0000] {subprocess.py:93} INFO - 	at java.base/java.lang.ClassLoader.loadClass(ClassLoader.java:525)
[2026-03-16T02:46:18.618+0000] {subprocess.py:93} INFO - 	at org.apache.spark.sql.execution.datasources.jdbc.DriverRegistry$.register(DriverRegistry.scala:46)
[2026-03-16T02:46:18.619+0000] {subprocess.py:93} INFO - 	at org.apache.spark.sql.execution.datasources.jdbc.JDBCOptions.$anonfun$driverClass$1(JDBCOptions.scala:103)
[2026-03-16T02:46:18.625+0000] {subprocess.py:93} INFO - 	at org.apache.spark.sql.execution.datasources.jdbc.JDBCOptions.$anonfun$driverClass$1$adapted(JDBCOptions.scala:103)
[2026-03-16T02:46:18.626+0000] {subprocess.py:93} INFO - 	at scala.Option.foreach(Option.scala:407)
[2026-03-16T02:46:18.626+0000] {subprocess.py:93} INFO - 	at org.apache.spark.sql.execution.datasources.jdbc.JDBCOptions.<init>(JDBCOptions.scala:103)
[2026-03-16T02:46:18.627+0000] {subprocess.py:93} INFO - 	at org.apache.spark.sql.execution.datasources.jdbc.JDBCOptions.<init>(JDBCOptions.scala:41)
[2026-03-16T02:46:18.627+0000] {subprocess.py:93} INFO - 	at org.apache.spark.sql.execution.datasources.jdbc.JdbcRelationProvider.createRelation(JdbcRelationProvider.scala:34)
[2026-03-16T02:46:18.627+0000] {subprocess.py:93} INFO - 	at org.apache.spark.sql.execution.datasources.DataSource.resolveRelation(DataSource.scala:346)
[2026-03-16T02:46:18.628+0000] {subprocess.py:93} INFO - 	at org.apache.spark.sql.DataFrameReader.loadV1Source(DataFrameReader.scala:229)
[2026-03-16T02:46:18.628+0000] {subprocess.py:93} INFO - 	at org.apache.spark.sql.DataFrameReader.$anonfun$load$2(DataFrameReader.scala:211)
[2026-03-16T02:46:18.629+0000] {subprocess.py:93} INFO - 	at scala.Option.getOrElse(Option.scala:189)
[2026-03-16T02:46:18.629+0000] {subprocess.py:93} INFO - 	at org.apache.spark.sql.DataFrameReader.load(DataFrameReader.scala:211)
[2026-03-16T02:46:18.629+0000] {subprocess.py:93} INFO - 	at org.apache.spark.sql.DataFrameReader.load(DataFrameReader.scala:172)
[2026-03-16T02:46:18.630+0000] {subprocess.py:93} INFO - 	at java.base/jdk.internal.reflect.NativeMethodAccessorImpl.invoke0(Native Method)
[2026-03-16T02:46:18.630+0000] {subprocess.py:93} INFO - 	at java.base/jdk.internal.reflect.NativeMethodAccessorImpl.invoke(NativeMethodAccessorImpl.java:77)
[2026-03-16T02:46:18.632+0000] {subprocess.py:93} INFO - 	at java.base/jdk.internal.reflect.DelegatingMethodAccessorImpl.invoke(DelegatingMethodAccessorImpl.java:43)
[2026-03-16T02:46:18.632+0000] {subprocess.py:93} INFO - 	at java.base/java.lang.reflect.Method.invoke(Method.java:569)
[2026-03-16T02:46:18.632+0000] {subprocess.py:93} INFO - 	at py4j.reflection.MethodInvoker.invoke(MethodInvoker.java:244)
[2026-03-16T02:46:18.633+0000] {subprocess.py:93} INFO - 	at py4j.reflection.ReflectionEngine.invoke(ReflectionEngine.java:374)
[2026-03-16T02:46:18.633+0000] {subprocess.py:93} INFO - 	at py4j.Gateway.invoke(Gateway.java:282)
[2026-03-16T02:46:18.633+0000] {subprocess.py:93} INFO - 	at py4j.commands.AbstractCommand.invokeMethod(AbstractCommand.java:132)
[2026-03-16T02:46:18.633+0000] {subprocess.py:93} INFO - 	at py4j.commands.CallCommand.execute(CallCommand.java:79)
[2026-03-16T02:46:18.634+0000] {subprocess.py:93} INFO - 	at py4j.ClientServerConnection.waitForCommands(ClientServerConnection.java:182)
[2026-03-16T02:46:18.634+0000] {subprocess.py:93} INFO - 	at py4j.ClientServerConnection.run(ClientServerConnection.java:106)
[2026-03-16T02:46:18.634+0000] {subprocess.py:93} INFO - 	at java.base/java.lang.Thread.run(Thread.java:840)
[2026-03-16T02:46:18.634+0000] {subprocess.py:93} INFO - 
[2026-03-16T02:46:18.958+0000] {subprocess.py:93} INFO - 26/03/16 02:46:18 INFO SparkContext: Invoking stop() from shutdown hook
[2026-03-16T02:46:18.960+0000] {subprocess.py:93} INFO - 26/03/16 02:46:18 INFO SparkContext: SparkContext is stopping with exitCode 0.
[2026-03-16T02:46:19.172+0000] {subprocess.py:93} INFO - 26/03/16 02:46:19 INFO SparkUI: Stopped Spark web UI at http://e3430f617ad9:4040
[2026-03-16T02:46:19.462+0000] {subprocess.py:93} INFO - 26/03/16 02:46:19 INFO MapOutputTrackerMasterEndpoint: MapOutputTrackerMasterEndpoint stopped!
[2026-03-16T02:46:19.593+0000] {subprocess.py:93} INFO - 26/03/16 02:46:19 INFO MemoryStore: MemoryStore cleared
[2026-03-16T02:46:19.616+0000] {subprocess.py:93} INFO - 26/03/16 02:46:19 INFO BlockManager: BlockManager stopped
[2026-03-16T02:46:19.681+0000] {subprocess.py:93} INFO - 26/03/16 02:46:19 INFO BlockManagerMaster: BlockManagerMaster stopped
[2026-03-16T02:46:19.729+0000] {subprocess.py:93} INFO - 26/03/16 02:46:19 INFO OutputCommitCoordinator$OutputCommitCoordinatorEndpoint: OutputCommitCoordinator stopped!
[2026-03-16T02:46:19.830+0000] {subprocess.py:93} INFO - 26/03/16 02:46:19 INFO SparkContext: Successfully stopped SparkContext
[2026-03-16T02:46:19.832+0000] {subprocess.py:93} INFO - 26/03/16 02:46:19 INFO ShutdownHookManager: Shutdown hook called
[2026-03-16T02:46:19.833+0000] {subprocess.py:93} INFO - 26/03/16 02:46:19 INFO ShutdownHookManager: Deleting directory /tmp/spark-c6cb5bda-75fe-4851-aa56-2e02cb1ac5dc
[2026-03-16T02:46:19.877+0000] {subprocess.py:93} INFO - 26/03/16 02:46:19 INFO ShutdownHookManager: Deleting directory /tmp/spark-199a75bd-9f45-4260-9e7e-d51effb0afc6
[2026-03-16T02:46:19.889+0000] {subprocess.py:93} INFO - 26/03/16 02:46:19 INFO ShutdownHookManager: Deleting directory /tmp/spark-199a75bd-9f45-4260-9e7e-d51effb0afc6/pyspark-ed8b2e6f-abdd-4ccb-9dd0-027fc42ba718
[2026-03-16T02:46:20.535+0000] {subprocess.py:97} INFO - Command exited with return code 1
[2026-03-16T02:46:20.607+0000] {taskinstance.py:2698} ERROR - Task failed with exception
Traceback (most recent call last):
  File "/home/airflow/.local/lib/python3.8/site-packages/airflow/models/taskinstance.py", line 433, in _execute_task
    result = execute_callable(context=context, **execute_callable_kwargs)
  File "/home/airflow/.local/lib/python3.8/site-packages/airflow/operators/bash.py", line 212, in execute
    raise AirflowException(
airflow.exceptions.AirflowException: Bash command failed. The command returned a non-zero exit code 1.
[2026-03-16T02:46:20.678+0000] {taskinstance.py:1138} INFO - Marking task as FAILED. dag_id=pipeline_gps, task_id=task_process, execution_date=20260316T024000, start_date=20260316T024527, end_date=20260316T024620
[2026-03-16T02:46:21.116+0000] {standard_task_runner.py:107} ERROR - Failed to execute job 572 for task task_process (Bash command failed. The command returned a non-zero exit code 1.; 196)
[2026-03-16T02:46:21.215+0000] {local_task_job_runner.py:234} INFO - Task exited with return code 1
[2026-03-16T02:46:21.536+0000] {taskinstance.py:3280} INFO - 0 downstream tasks scheduled from follow-on schedule check
