[2026-03-15T16:50:22.551+0000] {taskinstance.py:1956} INFO - Dependencies all met for dep_context=non-requeueable deps ti=<TaskInstance: pipeline_gps.task1_ingest scheduled__2026-03-15T16:49:00+00:00 [queued]>
[2026-03-15T16:50:22.576+0000] {taskinstance.py:1956} INFO - Dependencies all met for dep_context=requeueable deps ti=<TaskInstance: pipeline_gps.task1_ingest scheduled__2026-03-15T16:49:00+00:00 [queued]>
[2026-03-15T16:50:22.576+0000] {taskinstance.py:2170} INFO - Starting attempt 1 of 1
[2026-03-15T16:50:22.615+0000] {taskinstance.py:2191} INFO - Executing <Task(BashOperator): task1_ingest> on 2026-03-15 16:49:00+00:00
[2026-03-15T16:50:22.645+0000] {standard_task_runner.py:60} INFO - Started process 47 to run task
[2026-03-15T16:50:22.697+0000] {standard_task_runner.py:87} INFO - Running: ['airflow', 'tasks', 'run', 'pipeline_gps', 'task1_ingest', 'scheduled__2026-03-15T16:49:00+00:00', '--job-id', '414', '--raw', '--subdir', 'DAGS_FOLDER/pipeline_gps.py', '--cfg-path', '/tmp/tmpcs196xie']
[2026-03-15T16:50:22.727+0000] {standard_task_runner.py:88} INFO - Job 414: Subtask task1_ingest
[2026-03-15T16:50:23.085+0000] {task_command.py:423} INFO - Running <TaskInstance: pipeline_gps.task1_ingest scheduled__2026-03-15T16:49:00+00:00 [running]> on host 693df5566a25
[2026-03-15T16:50:23.773+0000] {taskinstance.py:2480} INFO - Exporting env vars: AIRFLOW_CTX_DAG_OWNER='airflow' AIRFLOW_CTX_DAG_ID='pipeline_gps' AIRFLOW_CTX_TASK_ID='task1_ingest' AIRFLOW_CTX_EXECUTION_DATE='2026-03-15T16:49:00+00:00' AIRFLOW_CTX_TRY_NUMBER='1' AIRFLOW_CTX_DAG_RUN_ID='scheduled__2026-03-15T16:49:00+00:00'
[2026-03-15T16:50:23.778+0000] {subprocess.py:63} INFO - Tmp dir root location: /tmp
[2026-03-15T16:50:23.782+0000] {subprocess.py:75} INFO - Running command: ['/usr/bin/bash', '-c', 'python /opt/airflow/ingestion/mqtt_ingestor.py']
[2026-03-15T16:50:23.835+0000] {subprocess.py:86} INFO - Output:
[2026-03-15T16:50:24.710+0000] {subprocess.py:93} INFO - Traceback (most recent call last):
[2026-03-15T16:50:24.712+0000] {subprocess.py:93} INFO -   File "/opt/airflow/ingestion/mqtt_ingestor.py", line 6, in <module>
[2026-03-15T16:50:24.712+0000] {subprocess.py:93} INFO -     conn = psycopg2.connect(
[2026-03-15T16:50:24.713+0000] {subprocess.py:93} INFO -   File "/home/airflow/.local/lib/python3.8/site-packages/psycopg2/__init__.py", line 122, in connect
[2026-03-15T16:50:24.714+0000] {subprocess.py:93} INFO -     conn = _connect(dsn, connection_factory=connection_factory, **kwasync)
[2026-03-15T16:50:24.715+0000] {subprocess.py:93} INFO - psycopg2.OperationalError: connection to server at "localhost" (::1), port 5432 failed: Connection refused
[2026-03-15T16:50:24.715+0000] {subprocess.py:93} INFO - 	Is the server running on that host and accepting TCP/IP connections?
[2026-03-15T16:50:24.716+0000] {subprocess.py:93} INFO - connection to server at "localhost" (127.0.0.1), port 5432 failed: Connection refused
[2026-03-15T16:50:24.717+0000] {subprocess.py:93} INFO - 	Is the server running on that host and accepting TCP/IP connections?
[2026-03-15T16:50:24.717+0000] {subprocess.py:93} INFO - 
[2026-03-15T16:50:24.751+0000] {subprocess.py:97} INFO - Command exited with return code 1
[2026-03-15T16:50:24.768+0000] {taskinstance.py:2698} ERROR - Task failed with exception
Traceback (most recent call last):
  File "/home/airflow/.local/lib/python3.8/site-packages/airflow/models/taskinstance.py", line 433, in _execute_task
    result = execute_callable(context=context, **execute_callable_kwargs)
  File "/home/airflow/.local/lib/python3.8/site-packages/airflow/operators/bash.py", line 212, in execute
    raise AirflowException(
airflow.exceptions.AirflowException: Bash command failed. The command returned a non-zero exit code 1.
[2026-03-15T16:50:24.774+0000] {taskinstance.py:1138} INFO - Marking task as FAILED. dag_id=pipeline_gps, task_id=task1_ingest, execution_date=20260315T164900, start_date=20260315T165022, end_date=20260315T165024
[2026-03-15T16:50:24.802+0000] {standard_task_runner.py:107} ERROR - Failed to execute job 414 for task task1_ingest (Bash command failed. The command returned a non-zero exit code 1.; 47)
[2026-03-15T16:50:24.856+0000] {local_task_job_runner.py:234} INFO - Task exited with return code 1
[2026-03-15T16:50:24.900+0000] {taskinstance.py:3280} INFO - 0 downstream tasks scheduled from follow-on schedule check
