[2026-03-16T03:05:21.011+0000] {taskinstance.py:1956} INFO - Dependencies all met for dep_context=non-requeueable deps ti=<TaskInstance: pipeline_gps.task_process scheduled__2026-03-16T03:00:00+00:00 [queued]>
[2026-03-16T03:05:21.035+0000] {taskinstance.py:1956} INFO - Dependencies all met for dep_context=requeueable deps ti=<TaskInstance: pipeline_gps.task_process scheduled__2026-03-16T03:00:00+00:00 [queued]>
[2026-03-16T03:05:21.035+0000] {taskinstance.py:2170} INFO - Starting attempt 1 of 1
[2026-03-16T03:05:21.086+0000] {taskinstance.py:2191} INFO - Executing <Task(BashOperator): task_process> on 2026-03-16 03:00:00+00:00
[2026-03-16T03:05:21.114+0000] {standard_task_runner.py:60} INFO - Started process 767 to run task
[2026-03-16T03:05:21.170+0000] {standard_task_runner.py:87} INFO - Running: ['airflow', 'tasks', 'run', 'pipeline_gps', 'task_process', 'scheduled__2026-03-16T03:00:00+00:00', '--job-id', '576', '--raw', '--subdir', 'DAGS_FOLDER/pipeline_gps.py', '--cfg-path', '/tmp/tmpxown681h']
[2026-03-16T03:05:21.195+0000] {standard_task_runner.py:88} INFO - Job 576: Subtask task_process
[2026-03-16T03:05:21.675+0000] {task_command.py:423} INFO - Running <TaskInstance: pipeline_gps.task_process scheduled__2026-03-16T03:00:00+00:00 [running]> on host e3430f617ad9
[2026-03-16T03:05:22.143+0000] {taskinstance.py:2480} INFO - Exporting env vars: AIRFLOW_CTX_DAG_OWNER='airflow' AIRFLOW_CTX_DAG_ID='pipeline_gps' AIRFLOW_CTX_TASK_ID='task_process' AIRFLOW_CTX_EXECUTION_DATE='2026-03-16T03:00:00+00:00' AIRFLOW_CTX_TRY_NUMBER='1' AIRFLOW_CTX_DAG_RUN_ID='scheduled__2026-03-16T03:00:00+00:00'
[2026-03-16T03:05:22.149+0000] {subprocess.py:63} INFO - Tmp dir root location: /tmp
[2026-03-16T03:05:22.159+0000] {subprocess.py:75} INFO - Running command: ['/usr/bin/bash', '-c', 'python /opt/airflow/spark/spark_processor.py']
[2026-03-16T03:05:22.299+0000] {subprocess.py:86} INFO - Output:
[2026-03-16T03:05:33.330+0000] {subprocess.py:93} INFO - 26/03/16 03:05:33 WARN NativeCodeLoader: Unable to load native-hadoop library for your platform... using builtin-java classes where applicable
[2026-03-16T03:05:33.933+0000] {subprocess.py:93} INFO - 26/03/16 03:05:33 WARN DependencyUtils: Local jar /tmp/airflowtmpfihybnp8/spark/jars/postgresql-42.7.3.jar does not exist, skipping.
[2026-03-16T03:05:34.476+0000] {subprocess.py:93} INFO - 26/03/16 03:05:34 INFO SparkContext: Running Spark version 3.5.8
[2026-03-16T03:05:34.477+0000] {subprocess.py:93} INFO - 26/03/16 03:05:34 INFO SparkContext: OS info Linux, 5.15.167.4-microsoft-standard-WSL2, amd64
[2026-03-16T03:05:34.478+0000] {subprocess.py:93} INFO - 26/03/16 03:05:34 INFO SparkContext: Java version 17.0.18
[2026-03-16T03:05:34.604+0000] {subprocess.py:93} INFO - 26/03/16 03:05:34 INFO ResourceUtils: ==============================================================
[2026-03-16T03:05:34.605+0000] {subprocess.py:93} INFO - 26/03/16 03:05:34 INFO ResourceUtils: No custom resources configured for spark.driver.
[2026-03-16T03:05:34.606+0000] {subprocess.py:93} INFO - 26/03/16 03:05:34 INFO ResourceUtils: ==============================================================
[2026-03-16T03:05:34.607+0000] {subprocess.py:93} INFO - 26/03/16 03:05:34 INFO SparkContext: Submitted application: gps_processor
[2026-03-16T03:05:34.705+0000] {subprocess.py:93} INFO - 26/03/16 03:05:34 INFO ResourceProfile: Default ResourceProfile created, executor resources: Map(cores -> name: cores, amount: 1, script: , vendor: , memory -> name: memory, amount: 1024, script: , vendor: , offHeap -> name: offHeap, amount: 0, script: , vendor: ), task resources: Map(cpus -> name: cpus, amount: 1.0)
[2026-03-16T03:05:34.736+0000] {subprocess.py:93} INFO - 26/03/16 03:05:34 INFO ResourceProfile: Limiting resource is cpu
[2026-03-16T03:05:34.739+0000] {subprocess.py:93} INFO - 26/03/16 03:05:34 INFO ResourceProfileManager: Added ResourceProfile id: 0
[2026-03-16T03:05:35.108+0000] {subprocess.py:93} INFO - 26/03/16 03:05:35 INFO SecurityManager: Changing view acls to: airflow
[2026-03-16T03:05:35.110+0000] {subprocess.py:93} INFO - 26/03/16 03:05:35 INFO SecurityManager: Changing modify acls to: airflow
[2026-03-16T03:05:35.114+0000] {subprocess.py:93} INFO - 26/03/16 03:05:35 INFO SecurityManager: Changing view acls groups to:
[2026-03-16T03:05:35.124+0000] {subprocess.py:93} INFO - 26/03/16 03:05:35 INFO SecurityManager: Changing modify acls groups to:
[2026-03-16T03:05:35.126+0000] {subprocess.py:93} INFO - 26/03/16 03:05:35 INFO SecurityManager: SecurityManager: authentication disabled; ui acls disabled; users with view permissions: airflow; groups with view permissions: EMPTY; users with modify permissions: airflow; groups with modify permissions: EMPTY
[2026-03-16T03:05:36.575+0000] {subprocess.py:93} INFO - 26/03/16 03:05:36 INFO Utils: Successfully started service 'sparkDriver' on port 41177.
[2026-03-16T03:05:36.919+0000] {subprocess.py:93} INFO - 26/03/16 03:05:36 INFO SparkEnv: Registering MapOutputTracker
[2026-03-16T03:05:37.038+0000] {subprocess.py:93} INFO - 26/03/16 03:05:37 INFO SparkEnv: Registering BlockManagerMaster
[2026-03-16T03:05:37.187+0000] {subprocess.py:93} INFO - 26/03/16 03:05:37 INFO BlockManagerMasterEndpoint: Using org.apache.spark.storage.DefaultTopologyMapper for getting topology information
[2026-03-16T03:05:37.190+0000] {subprocess.py:93} INFO - 26/03/16 03:05:37 INFO BlockManagerMasterEndpoint: BlockManagerMasterEndpoint up
[2026-03-16T03:05:37.217+0000] {subprocess.py:93} INFO - 26/03/16 03:05:37 INFO SparkEnv: Registering BlockManagerMasterHeartbeat
[2026-03-16T03:05:37.414+0000] {subprocess.py:93} INFO - 26/03/16 03:05:37 INFO DiskBlockManager: Created local directory at /tmp/blockmgr-c102013a-2ed7-460f-b7df-b067c5a9c780
[2026-03-16T03:05:37.482+0000] {subprocess.py:93} INFO - 26/03/16 03:05:37 INFO MemoryStore: MemoryStore started with capacity 434.4 MiB
[2026-03-16T03:05:37.530+0000] {subprocess.py:93} INFO - 26/03/16 03:05:37 INFO SparkEnv: Registering OutputCommitCoordinator
[2026-03-16T03:05:37.992+0000] {subprocess.py:93} INFO - 26/03/16 03:05:37 INFO JettyUtils: Start Jetty 0.0.0.0:4040 for SparkUI
[2026-03-16T03:05:38.266+0000] {subprocess.py:93} INFO - 26/03/16 03:05:38 INFO Utils: Successfully started service 'SparkUI' on port 4040.
[2026-03-16T03:05:38.365+0000] {subprocess.py:93} INFO - 26/03/16 03:05:38 ERROR SparkContext: Failed to add spark/jars/postgresql-42.7.3.jar to Spark environment
[2026-03-16T03:05:38.365+0000] {subprocess.py:93} INFO - java.io.FileNotFoundException: Jar /tmp/airflowtmpfihybnp8/spark/jars/postgresql-42.7.3.jar not found
[2026-03-16T03:05:38.366+0000] {subprocess.py:93} INFO - 	at org.apache.spark.SparkContext.addLocalJarFile$1(SparkContext.scala:2095)
[2026-03-16T03:05:38.366+0000] {subprocess.py:93} INFO - 	at org.apache.spark.SparkContext.addJar(SparkContext.scala:2151)
[2026-03-16T03:05:38.367+0000] {subprocess.py:93} INFO - 	at org.apache.spark.SparkContext.$anonfun$new$15(SparkContext.scala:521)
[2026-03-16T03:05:38.367+0000] {subprocess.py:93} INFO - 	at org.apache.spark.SparkContext.$anonfun$new$15$adapted(SparkContext.scala:521)
[2026-03-16T03:05:38.368+0000] {subprocess.py:93} INFO - 	at scala.collection.mutable.ResizableArray.foreach(ResizableArray.scala:62)
[2026-03-16T03:05:38.369+0000] {subprocess.py:93} INFO - 	at scala.collection.mutable.ResizableArray.foreach$(ResizableArray.scala:55)
[2026-03-16T03:05:38.369+0000] {subprocess.py:93} INFO - 	at scala.collection.mutable.ArrayBuffer.foreach(ArrayBuffer.scala:49)
[2026-03-16T03:05:38.370+0000] {subprocess.py:93} INFO - 	at org.apache.spark.SparkContext.<init>(SparkContext.scala:521)
[2026-03-16T03:05:38.370+0000] {subprocess.py:93} INFO - 	at org.apache.spark.api.java.JavaSparkContext.<init>(JavaSparkContext.scala:58)
[2026-03-16T03:05:38.371+0000] {subprocess.py:93} INFO - 	at java.base/jdk.internal.reflect.NativeConstructorAccessorImpl.newInstance0(Native Method)
[2026-03-16T03:05:38.371+0000] {subprocess.py:93} INFO - 	at java.base/jdk.internal.reflect.NativeConstructorAccessorImpl.newInstance(NativeConstructorAccessorImpl.java:77)
[2026-03-16T03:05:38.371+0000] {subprocess.py:93} INFO - 	at java.base/jdk.internal.reflect.DelegatingConstructorAccessorImpl.newInstance(DelegatingConstructorAccessorImpl.java:45)
[2026-03-16T03:05:38.372+0000] {subprocess.py:93} INFO - 	at java.base/java.lang.reflect.Constructor.newInstanceWithCaller(Constructor.java:500)
[2026-03-16T03:05:38.372+0000] {subprocess.py:93} INFO - 	at java.base/java.lang.reflect.Constructor.newInstance(Constructor.java:481)
[2026-03-16T03:05:38.373+0000] {subprocess.py:93} INFO - 	at py4j.reflection.MethodInvoker.invoke(MethodInvoker.java:247)
[2026-03-16T03:05:38.373+0000] {subprocess.py:93} INFO - 	at py4j.reflection.ReflectionEngine.invoke(ReflectionEngine.java:374)
[2026-03-16T03:05:38.374+0000] {subprocess.py:93} INFO - 	at py4j.Gateway.invoke(Gateway.java:238)
[2026-03-16T03:05:38.374+0000] {subprocess.py:93} INFO - 	at py4j.commands.ConstructorCommand.invokeConstructor(ConstructorCommand.java:80)
[2026-03-16T03:05:38.375+0000] {subprocess.py:93} INFO - 	at py4j.commands.ConstructorCommand.execute(ConstructorCommand.java:69)
[2026-03-16T03:05:38.375+0000] {subprocess.py:93} INFO - 	at py4j.ClientServerConnection.waitForCommands(ClientServerConnection.java:182)
[2026-03-16T03:05:38.376+0000] {subprocess.py:93} INFO - 	at py4j.ClientServerConnection.run(ClientServerConnection.java:106)
[2026-03-16T03:05:38.376+0000] {subprocess.py:93} INFO - 	at java.base/java.lang.Thread.run(Thread.java:840)
[2026-03-16T03:05:38.604+0000] {subprocess.py:93} INFO - 26/03/16 03:05:38 INFO Executor: Starting executor ID driver on host e3430f617ad9
[2026-03-16T03:05:38.606+0000] {subprocess.py:93} INFO - 26/03/16 03:05:38 INFO Executor: OS info Linux, 5.15.167.4-microsoft-standard-WSL2, amd64
[2026-03-16T03:05:38.609+0000] {subprocess.py:93} INFO - 26/03/16 03:05:38 INFO Executor: Java version 17.0.18
[2026-03-16T03:05:38.639+0000] {subprocess.py:93} INFO - 26/03/16 03:05:38 INFO Executor: Starting executor with user classpath (userClassPathFirst = false): ''
[2026-03-16T03:05:38.641+0000] {subprocess.py:93} INFO - 26/03/16 03:05:38 INFO Executor: Created or updated repl class loader org.apache.spark.util.MutableURLClassLoader@51092a96 for default.
[2026-03-16T03:05:38.737+0000] {subprocess.py:93} INFO - 26/03/16 03:05:38 INFO Utils: Successfully started service 'org.apache.spark.network.netty.NettyBlockTransferService' on port 45717.
[2026-03-16T03:05:38.739+0000] {subprocess.py:93} INFO - 26/03/16 03:05:38 INFO NettyBlockTransferService: Server created on e3430f617ad9:45717
[2026-03-16T03:05:38.774+0000] {subprocess.py:93} INFO - 26/03/16 03:05:38 INFO BlockManager: Using org.apache.spark.storage.RandomBlockReplicationPolicy for block replication policy
[2026-03-16T03:05:38.927+0000] {subprocess.py:93} INFO - 26/03/16 03:05:38 INFO BlockManagerMaster: Registering BlockManager BlockManagerId(driver, e3430f617ad9, 45717, None)
[2026-03-16T03:05:38.947+0000] {subprocess.py:93} INFO - 26/03/16 03:05:38 INFO BlockManagerMasterEndpoint: Registering block manager e3430f617ad9:45717 with 434.4 MiB RAM, BlockManagerId(driver, e3430f617ad9, 45717, None)
[2026-03-16T03:05:38.961+0000] {subprocess.py:93} INFO - 26/03/16 03:05:38 INFO BlockManagerMaster: Registered BlockManager BlockManagerId(driver, e3430f617ad9, 45717, None)
[2026-03-16T03:05:38.972+0000] {subprocess.py:93} INFO - 26/03/16 03:05:38 INFO BlockManager: Initialized BlockManager: BlockManagerId(driver, e3430f617ad9, 45717, None)
[2026-03-16T03:05:43.620+0000] {subprocess.py:93} INFO - Traceback (most recent call last):
[2026-03-16T03:05:43.620+0000] {subprocess.py:93} INFO -   File "/opt/airflow/spark/spark_processor.py", line 10, in <module>
[2026-03-16T03:05:43.621+0000] {subprocess.py:93} INFO -     conn = psycopg2.connect(
[2026-03-16T03:05:43.621+0000] {subprocess.py:93} INFO -   File "/home/airflow/.local/lib/python3.8/site-packages/psycopg2/__init__.py", line 122, in connect
[2026-03-16T03:05:43.622+0000] {subprocess.py:93} INFO -     conn = _connect(dsn, connection_factory=connection_factory, **kwasync)
[2026-03-16T03:05:43.622+0000] {subprocess.py:93} INFO - psycopg2.OperationalError: could not translate host name "postgres-postgis" to address: Name or service not known
[2026-03-16T03:05:43.623+0000] {subprocess.py:93} INFO - 
[2026-03-16T03:05:43.814+0000] {subprocess.py:93} INFO - 26/03/16 03:05:43 INFO SparkContext: Invoking stop() from shutdown hook
[2026-03-16T03:05:43.815+0000] {subprocess.py:93} INFO - 26/03/16 03:05:43 INFO SparkContext: SparkContext is stopping with exitCode 0.
[2026-03-16T03:05:43.884+0000] {subprocess.py:93} INFO - 26/03/16 03:05:43 INFO SparkUI: Stopped Spark web UI at http://e3430f617ad9:4040
[2026-03-16T03:05:43.965+0000] {subprocess.py:93} INFO - 26/03/16 03:05:43 INFO MapOutputTrackerMasterEndpoint: MapOutputTrackerMasterEndpoint stopped!
[2026-03-16T03:05:44.830+0000] {subprocess.py:93} INFO - 26/03/16 03:05:44 INFO MemoryStore: MemoryStore cleared
[2026-03-16T03:05:44.831+0000] {subprocess.py:93} INFO - 26/03/16 03:05:44 INFO BlockManager: BlockManager stopped
[2026-03-16T03:05:44.850+0000] {subprocess.py:93} INFO - 26/03/16 03:05:44 INFO BlockManagerMaster: BlockManagerMaster stopped
[2026-03-16T03:05:44.860+0000] {subprocess.py:93} INFO - 26/03/16 03:05:44 INFO OutputCommitCoordinator$OutputCommitCoordinatorEndpoint: OutputCommitCoordinator stopped!
[2026-03-16T03:05:44.883+0000] {subprocess.py:93} INFO - 26/03/16 03:05:44 INFO SparkContext: Successfully stopped SparkContext
[2026-03-16T03:05:44.884+0000] {subprocess.py:93} INFO - 26/03/16 03:05:44 INFO ShutdownHookManager: Shutdown hook called
[2026-03-16T03:05:44.886+0000] {subprocess.py:93} INFO - 26/03/16 03:05:44 INFO ShutdownHookManager: Deleting directory /tmp/spark-6e80be9a-cc65-445a-8c04-f4aec7cd99af
[2026-03-16T03:05:44.896+0000] {subprocess.py:93} INFO - 26/03/16 03:05:44 INFO ShutdownHookManager: Deleting directory /tmp/spark-6e80be9a-cc65-445a-8c04-f4aec7cd99af/pyspark-20891fb7-0bf9-4b96-99fd-d7a102862b13
[2026-03-16T03:05:44.906+0000] {subprocess.py:93} INFO - 26/03/16 03:05:44 INFO ShutdownHookManager: Deleting directory /tmp/spark-8c80e204-68df-4a6c-a437-09239df361e5
[2026-03-16T03:05:46.392+0000] {subprocess.py:97} INFO - Command exited with return code 1
[2026-03-16T03:05:46.431+0000] {taskinstance.py:2698} ERROR - Task failed with exception
Traceback (most recent call last):
  File "/home/airflow/.local/lib/python3.8/site-packages/airflow/models/taskinstance.py", line 433, in _execute_task
    result = execute_callable(context=context, **execute_callable_kwargs)
  File "/home/airflow/.local/lib/python3.8/site-packages/airflow/operators/bash.py", line 212, in execute
    raise AirflowException(
airflow.exceptions.AirflowException: Bash command failed. The command returned a non-zero exit code 1.
[2026-03-16T03:05:46.441+0000] {taskinstance.py:1138} INFO - Marking task as FAILED. dag_id=pipeline_gps, task_id=task_process, execution_date=20260316T030000, start_date=20260316T030521, end_date=20260316T030546
[2026-03-16T03:05:46.599+0000] {standard_task_runner.py:107} ERROR - Failed to execute job 576 for task task_process (Bash command failed. The command returned a non-zero exit code 1.; 767)
[2026-03-16T03:05:46.644+0000] {local_task_job_runner.py:234} INFO - Task exited with return code 1
[2026-03-16T03:05:46.692+0000] {taskinstance.py:3280} INFO - 0 downstream tasks scheduled from follow-on schedule check
