[2026-03-15T01:40:19.029+0000] {taskinstance.py:1956} INFO - Dependencies all met for dep_context=non-requeueable deps ti=<TaskInstance: pipeline_gps.task1_ingest scheduled__2026-03-15T01:39:00+00:00 [queued]>
[2026-03-15T01:40:19.069+0000] {taskinstance.py:1956} INFO - Dependencies all met for dep_context=requeueable deps ti=<TaskInstance: pipeline_gps.task1_ingest scheduled__2026-03-15T01:39:00+00:00 [queued]>
[2026-03-15T01:40:19.070+0000] {taskinstance.py:2170} INFO - Starting attempt 1 of 1
[2026-03-15T01:40:19.151+0000] {taskinstance.py:2191} INFO - Executing <Task(BashOperator): task1_ingest> on 2026-03-15 01:39:00+00:00
[2026-03-15T01:40:19.176+0000] {standard_task_runner.py:60} INFO - Started process 593 to run task
[2026-03-15T01:40:19.200+0000] {standard_task_runner.py:87} INFO - Running: ['airflow', 'tasks', 'run', 'pipeline_gps', 'task1_ingest', 'scheduled__2026-03-15T01:39:00+00:00', '--job-id', '125', '--raw', '--subdir', 'DAGS_FOLDER/pipeline_gps.py', '--cfg-path', '/tmp/tmp0rmejny0']
[2026-03-15T01:40:19.204+0000] {standard_task_runner.py:88} INFO - Job 125: Subtask task1_ingest
[2026-03-15T01:40:19.909+0000] {task_command.py:423} INFO - Running <TaskInstance: pipeline_gps.task1_ingest scheduled__2026-03-15T01:39:00+00:00 [running]> on host 693df5566a25
[2026-03-15T01:40:22.013+0000] {taskinstance.py:2480} INFO - Exporting env vars: AIRFLOW_CTX_DAG_OWNER='airflow' AIRFLOW_CTX_DAG_ID='pipeline_gps' AIRFLOW_CTX_TASK_ID='task1_ingest' AIRFLOW_CTX_EXECUTION_DATE='2026-03-15T01:39:00+00:00' AIRFLOW_CTX_TRY_NUMBER='1' AIRFLOW_CTX_DAG_RUN_ID='scheduled__2026-03-15T01:39:00+00:00'
[2026-03-15T01:40:23.001+0000] {subprocess.py:63} INFO - Tmp dir root location: /tmp
[2026-03-15T01:40:23.369+0000] {subprocess.py:75} INFO - Running command: ['/usr/bin/bash', '-c', 'python /opt/airflow/ingestion/mqtt_ingestor.py']
[2026-03-15T01:40:25.389+0000] {subprocess.py:86} INFO - Output:
[2026-03-15T01:41:19.698+0000] {subprocess.py:93} INFO - Traceback (most recent call last):
[2026-03-15T01:41:19.745+0000] {subprocess.py:93} INFO -   File "/opt/airflow/ingestion/mqtt_ingestor.py", line 1, in <module>
[2026-03-15T01:41:19.746+0000] {subprocess.py:93} INFO -     import paho.mqtt.client as mqtt
[2026-03-15T01:41:19.746+0000] {subprocess.py:93} INFO - ModuleNotFoundError: No module named 'paho'
[2026-03-15T01:41:19.755+0000] {subprocess.py:97} INFO - Command exited with return code 1
[2026-03-15T01:41:19.953+0000] {taskinstance.py:2698} ERROR - Task failed with exception
Traceback (most recent call last):
  File "/home/airflow/.local/lib/python3.8/site-packages/airflow/models/taskinstance.py", line 433, in _execute_task
    result = execute_callable(context=context, **execute_callable_kwargs)
  File "/home/airflow/.local/lib/python3.8/site-packages/airflow/operators/bash.py", line 212, in execute
    raise AirflowException(
airflow.exceptions.AirflowException: Bash command failed. The command returned a non-zero exit code 1.
[2026-03-15T01:41:20.242+0000] {taskinstance.py:1138} INFO - Marking task as FAILED. dag_id=pipeline_gps, task_id=task1_ingest, execution_date=20260315T013900, start_date=20260315T014019, end_date=20260315T014120
[2026-03-15T01:41:20.456+0000] {standard_task_runner.py:107} ERROR - Failed to execute job 125 for task task1_ingest (Bash command failed. The command returned a non-zero exit code 1.; 593)
[2026-03-15T01:41:20.559+0000] {local_task_job_runner.py:234} INFO - Task exited with return code 1
[2026-03-15T01:41:20.757+0000] {taskinstance.py:3280} INFO - 0 downstream tasks scheduled from follow-on schedule check
