[2026-03-16T02:20:10.654+0000] {taskinstance.py:1956} INFO - Dependencies all met for dep_context=non-requeueable deps ti=<TaskInstance: pipeline_gps.task_process scheduled__2026-03-16T02:15:00+00:00 [queued]>
[2026-03-16T02:20:10.667+0000] {taskinstance.py:1956} INFO - Dependencies all met for dep_context=requeueable deps ti=<TaskInstance: pipeline_gps.task_process scheduled__2026-03-16T02:15:00+00:00 [queued]>
[2026-03-16T02:20:10.668+0000] {taskinstance.py:2170} INFO - Starting attempt 1 of 1
[2026-03-16T02:20:10.696+0000] {taskinstance.py:2191} INFO - Executing <Task(BashOperator): task_process> on 2026-03-16 02:15:00+00:00
[2026-03-16T02:20:10.703+0000] {standard_task_runner.py:60} INFO - Started process 443 to run task
[2026-03-16T02:20:10.710+0000] {standard_task_runner.py:87} INFO - Running: ['airflow', 'tasks', 'run', 'pipeline_gps', 'task_process', 'scheduled__2026-03-16T02:15:00+00:00', '--job-id', '564', '--raw', '--subdir', 'DAGS_FOLDER/pipeline_gps.py', '--cfg-path', '/tmp/tmpjuso8ypy']
[2026-03-16T02:20:10.715+0000] {standard_task_runner.py:88} INFO - Job 564: Subtask task_process
[2026-03-16T02:20:10.795+0000] {task_command.py:423} INFO - Running <TaskInstance: pipeline_gps.task_process scheduled__2026-03-16T02:15:00+00:00 [running]> on host 7a4ac054b34c
[2026-03-16T02:20:11.033+0000] {taskinstance.py:2480} INFO - Exporting env vars: AIRFLOW_CTX_DAG_OWNER='airflow' AIRFLOW_CTX_DAG_ID='pipeline_gps' AIRFLOW_CTX_TASK_ID='task_process' AIRFLOW_CTX_EXECUTION_DATE='2026-03-16T02:15:00+00:00' AIRFLOW_CTX_TRY_NUMBER='1' AIRFLOW_CTX_DAG_RUN_ID='scheduled__2026-03-16T02:15:00+00:00'
[2026-03-16T02:20:11.035+0000] {subprocess.py:63} INFO - Tmp dir root location: /tmp
[2026-03-16T02:20:11.037+0000] {subprocess.py:75} INFO - Running command: ['/usr/bin/bash', '-c', 'python /opt/airflow/spark/spark_processor.py']
[2026-03-16T02:20:11.103+0000] {subprocess.py:86} INFO - Output:
[2026-03-16T02:20:17.709+0000] {subprocess.py:93} INFO - 26/03/16 02:20:17 WARN NativeCodeLoader: Unable to load native-hadoop library for your platform... using builtin-java classes where applicable
[2026-03-16T02:20:18.413+0000] {subprocess.py:93} INFO - 26/03/16 02:20:18 WARN DependencyUtils: Local jar /tmp/airflowtmpc1zb_gx4/spark/jars/postgresql-42.7.3.jar does not exist, skipping.
[2026-03-16T02:20:18.654+0000] {subprocess.py:93} INFO - 26/03/16 02:20:18 INFO SparkContext: Running Spark version 3.5.8
[2026-03-16T02:20:18.656+0000] {subprocess.py:93} INFO - 26/03/16 02:20:18 INFO SparkContext: OS info Linux, 5.15.167.4-microsoft-standard-WSL2, amd64
[2026-03-16T02:20:18.657+0000] {subprocess.py:93} INFO - 26/03/16 02:20:18 INFO SparkContext: Java version 17.0.18
[2026-03-16T02:20:18.726+0000] {subprocess.py:93} INFO - 26/03/16 02:20:18 INFO ResourceUtils: ==============================================================
[2026-03-16T02:20:18.727+0000] {subprocess.py:93} INFO - 26/03/16 02:20:18 INFO ResourceUtils: No custom resources configured for spark.driver.
[2026-03-16T02:20:18.728+0000] {subprocess.py:93} INFO - 26/03/16 02:20:18 INFO ResourceUtils: ==============================================================
[2026-03-16T02:20:18.729+0000] {subprocess.py:93} INFO - 26/03/16 02:20:18 INFO SparkContext: Submitted application: gps_processor
[2026-03-16T02:20:18.788+0000] {subprocess.py:93} INFO - 26/03/16 02:20:18 INFO ResourceProfile: Default ResourceProfile created, executor resources: Map(cores -> name: cores, amount: 1, script: , vendor: , memory -> name: memory, amount: 1024, script: , vendor: , offHeap -> name: offHeap, amount: 0, script: , vendor: ), task resources: Map(cpus -> name: cpus, amount: 1.0)
[2026-03-16T02:20:18.802+0000] {subprocess.py:93} INFO - 26/03/16 02:20:18 INFO ResourceProfile: Limiting resource is cpu
[2026-03-16T02:20:18.804+0000] {subprocess.py:93} INFO - 26/03/16 02:20:18 INFO ResourceProfileManager: Added ResourceProfile id: 0
[2026-03-16T02:20:18.947+0000] {subprocess.py:93} INFO - 26/03/16 02:20:18 INFO SecurityManager: Changing view acls to: airflow
[2026-03-16T02:20:18.948+0000] {subprocess.py:93} INFO - 26/03/16 02:20:18 INFO SecurityManager: Changing modify acls to: airflow
[2026-03-16T02:20:18.950+0000] {subprocess.py:93} INFO - 26/03/16 02:20:18 INFO SecurityManager: Changing view acls groups to:
[2026-03-16T02:20:18.951+0000] {subprocess.py:93} INFO - 26/03/16 02:20:18 INFO SecurityManager: Changing modify acls groups to:
[2026-03-16T02:20:18.952+0000] {subprocess.py:93} INFO - 26/03/16 02:20:18 INFO SecurityManager: SecurityManager: authentication disabled; ui acls disabled; users with view permissions: airflow; groups with view permissions: EMPTY; users with modify permissions: airflow; groups with modify permissions: EMPTY
[2026-03-16T02:20:19.531+0000] {subprocess.py:93} INFO - 26/03/16 02:20:19 INFO Utils: Successfully started service 'sparkDriver' on port 40189.
[2026-03-16T02:20:19.640+0000] {subprocess.py:93} INFO - 26/03/16 02:20:19 INFO SparkEnv: Registering MapOutputTracker
[2026-03-16T02:20:19.785+0000] {subprocess.py:93} INFO - 26/03/16 02:20:19 INFO SparkEnv: Registering BlockManagerMaster
[2026-03-16T02:20:19.886+0000] {subprocess.py:93} INFO - 26/03/16 02:20:19 INFO BlockManagerMasterEndpoint: Using org.apache.spark.storage.DefaultTopologyMapper for getting topology information
[2026-03-16T02:20:19.891+0000] {subprocess.py:93} INFO - 26/03/16 02:20:19 INFO BlockManagerMasterEndpoint: BlockManagerMasterEndpoint up
[2026-03-16T02:20:19.904+0000] {subprocess.py:93} INFO - 26/03/16 02:20:19 INFO SparkEnv: Registering BlockManagerMasterHeartbeat
[2026-03-16T02:20:20.014+0000] {subprocess.py:93} INFO - 26/03/16 02:20:20 INFO DiskBlockManager: Created local directory at /tmp/blockmgr-5cb698a5-5454-420b-8672-9a2bd524ed62
[2026-03-16T02:20:20.075+0000] {subprocess.py:93} INFO - 26/03/16 02:20:20 INFO MemoryStore: MemoryStore started with capacity 434.4 MiB
[2026-03-16T02:20:20.124+0000] {subprocess.py:93} INFO - 26/03/16 02:20:20 INFO SparkEnv: Registering OutputCommitCoordinator
[2026-03-16T02:20:21.598+0000] {subprocess.py:93} INFO - 26/03/16 02:20:21 INFO JettyUtils: Start Jetty 0.0.0.0:4040 for SparkUI
[2026-03-16T02:20:22.477+0000] {subprocess.py:93} INFO - 26/03/16 02:20:22 INFO Utils: Successfully started service 'SparkUI' on port 4040.
[2026-03-16T02:20:22.948+0000] {subprocess.py:93} INFO - 26/03/16 02:20:22 ERROR SparkContext: Failed to add spark/jars/postgresql-42.7.3.jar to Spark environment
[2026-03-16T02:20:22.948+0000] {subprocess.py:93} INFO - java.io.FileNotFoundException: Jar /tmp/airflowtmpc1zb_gx4/spark/jars/postgresql-42.7.3.jar not found
[2026-03-16T02:20:22.949+0000] {subprocess.py:93} INFO - 	at org.apache.spark.SparkContext.addLocalJarFile$1(SparkContext.scala:2095)
[2026-03-16T02:20:22.949+0000] {subprocess.py:93} INFO - 	at org.apache.spark.SparkContext.addJar(SparkContext.scala:2151)
[2026-03-16T02:20:22.949+0000] {subprocess.py:93} INFO - 	at org.apache.spark.SparkContext.$anonfun$new$15(SparkContext.scala:521)
[2026-03-16T02:20:22.949+0000] {subprocess.py:93} INFO - 	at org.apache.spark.SparkContext.$anonfun$new$15$adapted(SparkContext.scala:521)
[2026-03-16T02:20:22.950+0000] {subprocess.py:93} INFO - 	at scala.collection.mutable.ResizableArray.foreach(ResizableArray.scala:62)
[2026-03-16T02:20:22.950+0000] {subprocess.py:93} INFO - 	at scala.collection.mutable.ResizableArray.foreach$(ResizableArray.scala:55)
[2026-03-16T02:20:22.950+0000] {subprocess.py:93} INFO - 	at scala.collection.mutable.ArrayBuffer.foreach(ArrayBuffer.scala:49)
[2026-03-16T02:20:22.950+0000] {subprocess.py:93} INFO - 	at org.apache.spark.SparkContext.<init>(SparkContext.scala:521)
[2026-03-16T02:20:22.951+0000] {subprocess.py:93} INFO - 	at org.apache.spark.api.java.JavaSparkContext.<init>(JavaSparkContext.scala:58)
[2026-03-16T02:20:22.951+0000] {subprocess.py:93} INFO - 	at java.base/jdk.internal.reflect.NativeConstructorAccessorImpl.newInstance0(Native Method)
[2026-03-16T02:20:22.951+0000] {subprocess.py:93} INFO - 	at java.base/jdk.internal.reflect.NativeConstructorAccessorImpl.newInstance(NativeConstructorAccessorImpl.java:77)
[2026-03-16T02:20:22.952+0000] {subprocess.py:93} INFO - 	at java.base/jdk.internal.reflect.DelegatingConstructorAccessorImpl.newInstance(DelegatingConstructorAccessorImpl.java:45)
[2026-03-16T02:20:22.952+0000] {subprocess.py:93} INFO - 	at java.base/java.lang.reflect.Constructor.newInstanceWithCaller(Constructor.java:500)
[2026-03-16T02:20:22.952+0000] {subprocess.py:93} INFO - 	at java.base/java.lang.reflect.Constructor.newInstance(Constructor.java:481)
[2026-03-16T02:20:22.952+0000] {subprocess.py:93} INFO - 	at py4j.reflection.MethodInvoker.invoke(MethodInvoker.java:247)
[2026-03-16T02:20:22.953+0000] {subprocess.py:93} INFO - 	at py4j.reflection.ReflectionEngine.invoke(ReflectionEngine.java:374)
[2026-03-16T02:20:22.958+0000] {subprocess.py:93} INFO - 	at py4j.Gateway.invoke(Gateway.java:238)
[2026-03-16T02:20:22.960+0000] {subprocess.py:93} INFO - 	at py4j.commands.ConstructorCommand.invokeConstructor(ConstructorCommand.java:80)
[2026-03-16T02:20:22.963+0000] {subprocess.py:93} INFO - 	at py4j.commands.ConstructorCommand.execute(ConstructorCommand.java:69)
[2026-03-16T02:20:22.964+0000] {subprocess.py:93} INFO - 	at py4j.ClientServerConnection.waitForCommands(ClientServerConnection.java:182)
[2026-03-16T02:20:22.964+0000] {subprocess.py:93} INFO - 	at py4j.ClientServerConnection.run(ClientServerConnection.java:106)
[2026-03-16T02:20:22.965+0000] {subprocess.py:93} INFO - 	at java.base/java.lang.Thread.run(Thread.java:840)
[2026-03-16T02:20:23.426+0000] {subprocess.py:93} INFO - 26/03/16 02:20:23 INFO Executor: Starting executor ID driver on host 7a4ac054b34c
[2026-03-16T02:20:23.439+0000] {subprocess.py:93} INFO - 26/03/16 02:20:23 INFO Executor: OS info Linux, 5.15.167.4-microsoft-standard-WSL2, amd64
[2026-03-16T02:20:23.441+0000] {subprocess.py:93} INFO - 26/03/16 02:20:23 INFO Executor: Java version 17.0.18
[2026-03-16T02:20:23.522+0000] {subprocess.py:93} INFO - 26/03/16 02:20:23 INFO Executor: Starting executor with user classpath (userClassPathFirst = false): ''
[2026-03-16T02:20:23.528+0000] {subprocess.py:93} INFO - 26/03/16 02:20:23 INFO Executor: Created or updated repl class loader org.apache.spark.util.MutableURLClassLoader@aae43b for default.
[2026-03-16T02:20:23.714+0000] {subprocess.py:93} INFO - 26/03/16 02:20:23 INFO Utils: Successfully started service 'org.apache.spark.network.netty.NettyBlockTransferService' on port 40823.
[2026-03-16T02:20:23.727+0000] {subprocess.py:93} INFO - 26/03/16 02:20:23 INFO NettyBlockTransferService: Server created on 7a4ac054b34c:40823
[2026-03-16T02:20:23.746+0000] {subprocess.py:93} INFO - 26/03/16 02:20:23 INFO BlockManager: Using org.apache.spark.storage.RandomBlockReplicationPolicy for block replication policy
[2026-03-16T02:20:23.838+0000] {subprocess.py:93} INFO - 26/03/16 02:20:23 INFO BlockManagerMaster: Registering BlockManager BlockManagerId(driver, 7a4ac054b34c, 40823, None)
[2026-03-16T02:20:23.872+0000] {subprocess.py:93} INFO - 26/03/16 02:20:23 INFO BlockManagerMasterEndpoint: Registering block manager 7a4ac054b34c:40823 with 434.4 MiB RAM, BlockManagerId(driver, 7a4ac054b34c, 40823, None)
[2026-03-16T02:20:23.875+0000] {subprocess.py:93} INFO - 26/03/16 02:20:23 INFO BlockManagerMaster: Registered BlockManager BlockManagerId(driver, 7a4ac054b34c, 40823, None)
[2026-03-16T02:20:23.905+0000] {subprocess.py:93} INFO - 26/03/16 02:20:23 INFO BlockManager: Initialized BlockManager: BlockManagerId(driver, 7a4ac054b34c, 40823, None)
[2026-03-16T02:20:26.292+0000] {subprocess.py:93} INFO - 26/03/16 02:20:26 INFO SharedState: Setting hive.metastore.warehouse.dir ('null') to the value of spark.sql.warehouse.dir.
[2026-03-16T02:20:26.299+0000] {subprocess.py:93} INFO - 26/03/16 02:20:26 INFO SharedState: Warehouse path is 'file:/tmp/airflowtmpc1zb_gx4/spark-warehouse'.
[2026-03-16T02:20:28.516+0000] {subprocess.py:93} INFO - Traceback (most recent call last):
[2026-03-16T02:20:28.517+0000] {subprocess.py:93} INFO -   File "/opt/airflow/spark/spark_processor.py", line 21, in <module>
[2026-03-16T02:20:28.518+0000] {subprocess.py:93} INFO -     df = spark.read \
[2026-03-16T02:20:28.518+0000] {subprocess.py:93} INFO -   File "/home/airflow/.local/lib/python3.8/site-packages/pyspark/sql/readwriter.py", line 314, in load
[2026-03-16T02:20:28.518+0000] {subprocess.py:93} INFO -     return self._df(self._jreader.load())
[2026-03-16T02:20:28.518+0000] {subprocess.py:93} INFO -   File "/home/airflow/.local/lib/python3.8/site-packages/py4j/java_gateway.py", line 1362, in __call__
[2026-03-16T02:20:28.518+0000] {subprocess.py:93} INFO -     return_value = get_return_value(
[2026-03-16T02:20:28.519+0000] {subprocess.py:93} INFO -   File "/home/airflow/.local/lib/python3.8/site-packages/pyspark/errors/exceptions/captured.py", line 179, in deco
[2026-03-16T02:20:28.520+0000] {subprocess.py:93} INFO -     return f(*a, **kw)
[2026-03-16T02:20:28.521+0000] {subprocess.py:93} INFO -   File "/home/airflow/.local/lib/python3.8/site-packages/py4j/protocol.py", line 327, in get_return_value
[2026-03-16T02:20:28.521+0000] {subprocess.py:93} INFO -     raise Py4JJavaError(
[2026-03-16T02:20:28.522+0000] {subprocess.py:93} INFO - py4j.protocol.Py4JJavaError: An error occurred while calling o34.load.
[2026-03-16T02:20:28.522+0000] {subprocess.py:93} INFO - : java.lang.ClassNotFoundException: org.postgresql.Driver
[2026-03-16T02:20:28.522+0000] {subprocess.py:93} INFO - 	at java.base/java.net.URLClassLoader.findClass(URLClassLoader.java:445)
[2026-03-16T02:20:28.522+0000] {subprocess.py:93} INFO - 	at java.base/java.lang.ClassLoader.loadClass(ClassLoader.java:592)
[2026-03-16T02:20:28.523+0000] {subprocess.py:93} INFO - 	at java.base/java.lang.ClassLoader.loadClass(ClassLoader.java:525)
[2026-03-16T02:20:28.523+0000] {subprocess.py:93} INFO - 	at org.apache.spark.sql.execution.datasources.jdbc.DriverRegistry$.register(DriverRegistry.scala:46)
[2026-03-16T02:20:28.523+0000] {subprocess.py:93} INFO - 	at org.apache.spark.sql.execution.datasources.jdbc.JDBCOptions.$anonfun$driverClass$1(JDBCOptions.scala:103)
[2026-03-16T02:20:28.523+0000] {subprocess.py:93} INFO - 	at org.apache.spark.sql.execution.datasources.jdbc.JDBCOptions.$anonfun$driverClass$1$adapted(JDBCOptions.scala:103)
[2026-03-16T02:20:28.524+0000] {subprocess.py:93} INFO - 	at scala.Option.foreach(Option.scala:407)
[2026-03-16T02:20:28.524+0000] {subprocess.py:93} INFO - 	at org.apache.spark.sql.execution.datasources.jdbc.JDBCOptions.<init>(JDBCOptions.scala:103)
[2026-03-16T02:20:28.524+0000] {subprocess.py:93} INFO - 	at org.apache.spark.sql.execution.datasources.jdbc.JDBCOptions.<init>(JDBCOptions.scala:41)
[2026-03-16T02:20:28.524+0000] {subprocess.py:93} INFO - 	at org.apache.spark.sql.execution.datasources.jdbc.JdbcRelationProvider.createRelation(JdbcRelationProvider.scala:34)
[2026-03-16T02:20:28.525+0000] {subprocess.py:93} INFO - 	at org.apache.spark.sql.execution.datasources.DataSource.resolveRelation(DataSource.scala:346)
[2026-03-16T02:20:28.525+0000] {subprocess.py:93} INFO - 	at org.apache.spark.sql.DataFrameReader.loadV1Source(DataFrameReader.scala:229)
[2026-03-16T02:20:28.525+0000] {subprocess.py:93} INFO - 	at org.apache.spark.sql.DataFrameReader.$anonfun$load$2(DataFrameReader.scala:211)
[2026-03-16T02:20:28.525+0000] {subprocess.py:93} INFO - 	at scala.Option.getOrElse(Option.scala:189)
[2026-03-16T02:20:28.526+0000] {subprocess.py:93} INFO - 	at org.apache.spark.sql.DataFrameReader.load(DataFrameReader.scala:211)
[2026-03-16T02:20:28.526+0000] {subprocess.py:93} INFO - 	at org.apache.spark.sql.DataFrameReader.load(DataFrameReader.scala:172)
[2026-03-16T02:20:28.526+0000] {subprocess.py:93} INFO - 	at java.base/jdk.internal.reflect.NativeMethodAccessorImpl.invoke0(Native Method)
[2026-03-16T02:20:28.526+0000] {subprocess.py:93} INFO - 	at java.base/jdk.internal.reflect.NativeMethodAccessorImpl.invoke(NativeMethodAccessorImpl.java:77)
[2026-03-16T02:20:28.526+0000] {subprocess.py:93} INFO - 	at java.base/jdk.internal.reflect.DelegatingMethodAccessorImpl.invoke(DelegatingMethodAccessorImpl.java:43)
[2026-03-16T02:20:28.527+0000] {subprocess.py:93} INFO - 	at java.base/java.lang.reflect.Method.invoke(Method.java:569)
[2026-03-16T02:20:28.527+0000] {subprocess.py:93} INFO - 	at py4j.reflection.MethodInvoker.invoke(MethodInvoker.java:244)
[2026-03-16T02:20:28.527+0000] {subprocess.py:93} INFO - 	at py4j.reflection.ReflectionEngine.invoke(ReflectionEngine.java:374)
[2026-03-16T02:20:28.527+0000] {subprocess.py:93} INFO - 	at py4j.Gateway.invoke(Gateway.java:282)
[2026-03-16T02:20:28.528+0000] {subprocess.py:93} INFO - 	at py4j.commands.AbstractCommand.invokeMethod(AbstractCommand.java:132)
[2026-03-16T02:20:28.528+0000] {subprocess.py:93} INFO - 	at py4j.commands.CallCommand.execute(CallCommand.java:79)
[2026-03-16T02:20:28.528+0000] {subprocess.py:93} INFO - 	at py4j.ClientServerConnection.waitForCommands(ClientServerConnection.java:182)
[2026-03-16T02:20:28.528+0000] {subprocess.py:93} INFO - 	at py4j.ClientServerConnection.run(ClientServerConnection.java:106)
[2026-03-16T02:20:28.529+0000] {subprocess.py:93} INFO - 	at java.base/java.lang.Thread.run(Thread.java:840)
[2026-03-16T02:20:28.529+0000] {subprocess.py:93} INFO - 
[2026-03-16T02:20:28.701+0000] {subprocess.py:93} INFO - 26/03/16 02:20:28 INFO SparkContext: Invoking stop() from shutdown hook
[2026-03-16T02:20:28.702+0000] {subprocess.py:93} INFO - 26/03/16 02:20:28 INFO SparkContext: SparkContext is stopping with exitCode 0.
[2026-03-16T02:20:28.733+0000] {subprocess.py:93} INFO - 26/03/16 02:20:28 INFO SparkUI: Stopped Spark web UI at http://7a4ac054b34c:4040
[2026-03-16T02:20:28.764+0000] {subprocess.py:93} INFO - 26/03/16 02:20:28 INFO MapOutputTrackerMasterEndpoint: MapOutputTrackerMasterEndpoint stopped!
[2026-03-16T02:20:28.820+0000] {subprocess.py:93} INFO - 26/03/16 02:20:28 INFO MemoryStore: MemoryStore cleared
[2026-03-16T02:20:28.821+0000] {subprocess.py:93} INFO - 26/03/16 02:20:28 INFO BlockManager: BlockManager stopped
[2026-03-16T02:20:28.847+0000] {subprocess.py:93} INFO - 26/03/16 02:20:28 INFO BlockManagerMaster: BlockManagerMaster stopped
[2026-03-16T02:20:28.855+0000] {subprocess.py:93} INFO - 26/03/16 02:20:28 INFO OutputCommitCoordinator$OutputCommitCoordinatorEndpoint: OutputCommitCoordinator stopped!
[2026-03-16T02:20:28.871+0000] {subprocess.py:93} INFO - 26/03/16 02:20:28 INFO SparkContext: Successfully stopped SparkContext
[2026-03-16T02:20:28.871+0000] {subprocess.py:93} INFO - 26/03/16 02:20:28 INFO ShutdownHookManager: Shutdown hook called
[2026-03-16T02:20:28.872+0000] {subprocess.py:93} INFO - 26/03/16 02:20:28 INFO ShutdownHookManager: Deleting directory /tmp/spark-a11611af-3361-4af7-8405-7c69d59186a4
[2026-03-16T02:20:28.879+0000] {subprocess.py:93} INFO - 26/03/16 02:20:28 INFO ShutdownHookManager: Deleting directory /tmp/spark-a11611af-3361-4af7-8405-7c69d59186a4/pyspark-b1748f70-9b27-4758-925e-fa848b827585
[2026-03-16T02:20:28.889+0000] {subprocess.py:93} INFO - 26/03/16 02:20:28 INFO ShutdownHookManager: Deleting directory /tmp/spark-d2ed49ac-4754-4ec6-a9ca-2d6fa266e4b0
[2026-03-16T02:20:29.264+0000] {subprocess.py:97} INFO - Command exited with return code 1
[2026-03-16T02:20:29.282+0000] {taskinstance.py:2698} ERROR - Task failed with exception
Traceback (most recent call last):
  File "/home/airflow/.local/lib/python3.8/site-packages/airflow/models/taskinstance.py", line 433, in _execute_task
    result = execute_callable(context=context, **execute_callable_kwargs)
  File "/home/airflow/.local/lib/python3.8/site-packages/airflow/operators/bash.py", line 212, in execute
    raise AirflowException(
airflow.exceptions.AirflowException: Bash command failed. The command returned a non-zero exit code 1.
[2026-03-16T02:20:29.290+0000] {taskinstance.py:1138} INFO - Marking task as FAILED. dag_id=pipeline_gps, task_id=task_process, execution_date=20260316T021500, start_date=20260316T022010, end_date=20260316T022029
[2026-03-16T02:20:29.341+0000] {standard_task_runner.py:107} ERROR - Failed to execute job 564 for task task_process (Bash command failed. The command returned a non-zero exit code 1.; 443)
[2026-03-16T02:20:29.390+0000] {local_task_job_runner.py:234} INFO - Task exited with return code 1
[2026-03-16T02:20:29.430+0000] {taskinstance.py:3280} INFO - 0 downstream tasks scheduled from follow-on schedule check
