[2026-03-16T03:16:43.082+0000] {taskinstance.py:1956} INFO - Dependencies all met for dep_context=non-requeueable deps ti=<TaskInstance: pipeline_gps.task_process manual__2026-03-16T03:14:35.516010+00:00 [queued]>
[2026-03-16T03:16:43.156+0000] {taskinstance.py:1956} INFO - Dependencies all met for dep_context=requeueable deps ti=<TaskInstance: pipeline_gps.task_process manual__2026-03-16T03:14:35.516010+00:00 [queued]>
[2026-03-16T03:16:43.158+0000] {taskinstance.py:2170} INFO - Starting attempt 1 of 1
[2026-03-16T03:16:43.309+0000] {taskinstance.py:2191} INFO - Executing <Task(BashOperator): task_process> on 2026-03-16 03:14:35.516010+00:00
[2026-03-16T03:16:43.337+0000] {standard_task_runner.py:60} INFO - Started process 439 to run task
[2026-03-16T03:16:43.397+0000] {standard_task_runner.py:87} INFO - Running: ['airflow', 'tasks', 'run', 'pipeline_gps', 'task_process', 'manual__2026-03-16T03:14:35.516010+00:00', '--job-id', '581', '--raw', '--subdir', 'DAGS_FOLDER/pipeline_gps.py', '--cfg-path', '/tmp/tmpb_0bjnz4']
[2026-03-16T03:16:43.412+0000] {standard_task_runner.py:88} INFO - Job 581: Subtask task_process
[2026-03-16T03:16:43.706+0000] {task_command.py:423} INFO - Running <TaskInstance: pipeline_gps.task_process manual__2026-03-16T03:14:35.516010+00:00 [running]> on host e3430f617ad9
[2026-03-16T03:16:44.089+0000] {taskinstance.py:2480} INFO - Exporting env vars: AIRFLOW_CTX_DAG_OWNER='airflow' AIRFLOW_CTX_DAG_ID='pipeline_gps' AIRFLOW_CTX_TASK_ID='task_process' AIRFLOW_CTX_EXECUTION_DATE='2026-03-16T03:14:35.516010+00:00' AIRFLOW_CTX_TRY_NUMBER='1' AIRFLOW_CTX_DAG_RUN_ID='manual__2026-03-16T03:14:35.516010+00:00'
[2026-03-16T03:16:44.096+0000] {subprocess.py:63} INFO - Tmp dir root location: /tmp
[2026-03-16T03:16:44.099+0000] {subprocess.py:75} INFO - Running command: ['/usr/bin/bash', '-c', 'python /opt/airflow/spark/spark_processor.py']
[2026-03-16T03:16:44.152+0000] {subprocess.py:86} INFO - Output:
[2026-03-16T03:17:00.354+0000] {subprocess.py:93} INFO - 26/03/16 03:17:00 WARN NativeCodeLoader: Unable to load native-hadoop library for your platform... using builtin-java classes where applicable
[2026-03-16T03:17:00.950+0000] {subprocess.py:93} INFO - 26/03/16 03:17:00 WARN DependencyUtils: Local jar /tmp/airflowtmpex386z0t/spark/jars/postgresql-42.7.3.jar does not exist, skipping.
[2026-03-16T03:17:01.447+0000] {subprocess.py:93} INFO - 26/03/16 03:17:01 INFO SparkContext: Running Spark version 3.5.8
[2026-03-16T03:17:01.449+0000] {subprocess.py:93} INFO - 26/03/16 03:17:01 INFO SparkContext: OS info Linux, 5.15.167.4-microsoft-standard-WSL2, amd64
[2026-03-16T03:17:01.450+0000] {subprocess.py:93} INFO - 26/03/16 03:17:01 INFO SparkContext: Java version 17.0.18
[2026-03-16T03:17:01.593+0000] {subprocess.py:93} INFO - 26/03/16 03:17:01 INFO ResourceUtils: ==============================================================
[2026-03-16T03:17:01.595+0000] {subprocess.py:93} INFO - 26/03/16 03:17:01 INFO ResourceUtils: No custom resources configured for spark.driver.
[2026-03-16T03:17:01.596+0000] {subprocess.py:93} INFO - 26/03/16 03:17:01 INFO ResourceUtils: ==============================================================
[2026-03-16T03:17:01.597+0000] {subprocess.py:93} INFO - 26/03/16 03:17:01 INFO SparkContext: Submitted application: gps_processor
[2026-03-16T03:17:01.685+0000] {subprocess.py:93} INFO - 26/03/16 03:17:01 INFO ResourceProfile: Default ResourceProfile created, executor resources: Map(cores -> name: cores, amount: 1, script: , vendor: , memory -> name: memory, amount: 1024, script: , vendor: , offHeap -> name: offHeap, amount: 0, script: , vendor: ), task resources: Map(cpus -> name: cpus, amount: 1.0)
[2026-03-16T03:17:01.710+0000] {subprocess.py:93} INFO - 26/03/16 03:17:01 INFO ResourceProfile: Limiting resource is cpu
[2026-03-16T03:17:01.712+0000] {subprocess.py:93} INFO - 26/03/16 03:17:01 INFO ResourceProfileManager: Added ResourceProfile id: 0
[2026-03-16T03:17:01.984+0000] {subprocess.py:93} INFO - 26/03/16 03:17:01 INFO SecurityManager: Changing view acls to: airflow
[2026-03-16T03:17:01.995+0000] {subprocess.py:93} INFO - 26/03/16 03:17:01 INFO SecurityManager: Changing modify acls to: airflow
[2026-03-16T03:17:01.996+0000] {subprocess.py:93} INFO - 26/03/16 03:17:01 INFO SecurityManager: Changing view acls groups to:
[2026-03-16T03:17:01.997+0000] {subprocess.py:93} INFO - 26/03/16 03:17:01 INFO SecurityManager: Changing modify acls groups to:
[2026-03-16T03:17:01.997+0000] {subprocess.py:93} INFO - 26/03/16 03:17:01 INFO SecurityManager: SecurityManager: authentication disabled; ui acls disabled; users with view permissions: airflow; groups with view permissions: EMPTY; users with modify permissions: airflow; groups with modify permissions: EMPTY
[2026-03-16T03:17:03.200+0000] {subprocess.py:93} INFO - 26/03/16 03:17:03 INFO Utils: Successfully started service 'sparkDriver' on port 36939.
[2026-03-16T03:17:03.553+0000] {subprocess.py:93} INFO - 26/03/16 03:17:03 INFO SparkEnv: Registering MapOutputTracker
[2026-03-16T03:17:03.909+0000] {subprocess.py:93} INFO - 26/03/16 03:17:03 INFO SparkEnv: Registering BlockManagerMaster
[2026-03-16T03:17:04.063+0000] {subprocess.py:93} INFO - 26/03/16 03:17:04 INFO BlockManagerMasterEndpoint: Using org.apache.spark.storage.DefaultTopologyMapper for getting topology information
[2026-03-16T03:17:04.071+0000] {subprocess.py:93} INFO - 26/03/16 03:17:04 INFO BlockManagerMasterEndpoint: BlockManagerMasterEndpoint up
[2026-03-16T03:17:04.102+0000] {subprocess.py:93} INFO - 26/03/16 03:17:04 INFO SparkEnv: Registering BlockManagerMasterHeartbeat
[2026-03-16T03:17:04.198+0000] {subprocess.py:93} INFO - 26/03/16 03:17:04 INFO DiskBlockManager: Created local directory at /tmp/blockmgr-200efdeb-435c-4e95-b8b5-c9cca94ab88c
[2026-03-16T03:17:04.301+0000] {subprocess.py:93} INFO - 26/03/16 03:17:04 INFO MemoryStore: MemoryStore started with capacity 434.4 MiB
[2026-03-16T03:17:04.392+0000] {subprocess.py:93} INFO - 26/03/16 03:17:04 INFO SparkEnv: Registering OutputCommitCoordinator
[2026-03-16T03:17:04.851+0000] {subprocess.py:93} INFO - 26/03/16 03:17:04 INFO JettyUtils: Start Jetty 0.0.0.0:4040 for SparkUI
[2026-03-16T03:17:05.186+0000] {subprocess.py:93} INFO - 26/03/16 03:17:05 INFO Utils: Successfully started service 'SparkUI' on port 4040.
[2026-03-16T03:17:05.374+0000] {subprocess.py:93} INFO - 26/03/16 03:17:05 ERROR SparkContext: Failed to add spark/jars/postgresql-42.7.3.jar to Spark environment
[2026-03-16T03:17:05.375+0000] {subprocess.py:93} INFO - java.io.FileNotFoundException: Jar /tmp/airflowtmpex386z0t/spark/jars/postgresql-42.7.3.jar not found
[2026-03-16T03:17:05.375+0000] {subprocess.py:93} INFO - 	at org.apache.spark.SparkContext.addLocalJarFile$1(SparkContext.scala:2095)
[2026-03-16T03:17:05.376+0000] {subprocess.py:93} INFO - 	at org.apache.spark.SparkContext.addJar(SparkContext.scala:2151)
[2026-03-16T03:17:05.376+0000] {subprocess.py:93} INFO - 	at org.apache.spark.SparkContext.$anonfun$new$15(SparkContext.scala:521)
[2026-03-16T03:17:05.377+0000] {subprocess.py:93} INFO - 	at org.apache.spark.SparkContext.$anonfun$new$15$adapted(SparkContext.scala:521)
[2026-03-16T03:17:05.378+0000] {subprocess.py:93} INFO - 	at scala.collection.mutable.ResizableArray.foreach(ResizableArray.scala:62)
[2026-03-16T03:17:05.379+0000] {subprocess.py:93} INFO - 	at scala.collection.mutable.ResizableArray.foreach$(ResizableArray.scala:55)
[2026-03-16T03:17:05.379+0000] {subprocess.py:93} INFO - 	at scala.collection.mutable.ArrayBuffer.foreach(ArrayBuffer.scala:49)
[2026-03-16T03:17:05.381+0000] {subprocess.py:93} INFO - 	at org.apache.spark.SparkContext.<init>(SparkContext.scala:521)
[2026-03-16T03:17:05.381+0000] {subprocess.py:93} INFO - 	at org.apache.spark.api.java.JavaSparkContext.<init>(JavaSparkContext.scala:58)
[2026-03-16T03:17:05.383+0000] {subprocess.py:93} INFO - 	at java.base/jdk.internal.reflect.NativeConstructorAccessorImpl.newInstance0(Native Method)
[2026-03-16T03:17:05.384+0000] {subprocess.py:93} INFO - 	at java.base/jdk.internal.reflect.NativeConstructorAccessorImpl.newInstance(NativeConstructorAccessorImpl.java:77)
[2026-03-16T03:17:05.395+0000] {subprocess.py:93} INFO - 	at java.base/jdk.internal.reflect.DelegatingConstructorAccessorImpl.newInstance(DelegatingConstructorAccessorImpl.java:45)
[2026-03-16T03:17:05.395+0000] {subprocess.py:93} INFO - 	at java.base/java.lang.reflect.Constructor.newInstanceWithCaller(Constructor.java:500)
[2026-03-16T03:17:05.396+0000] {subprocess.py:93} INFO - 	at java.base/java.lang.reflect.Constructor.newInstance(Constructor.java:481)
[2026-03-16T03:17:05.396+0000] {subprocess.py:93} INFO - 	at py4j.reflection.MethodInvoker.invoke(MethodInvoker.java:247)
[2026-03-16T03:17:05.397+0000] {subprocess.py:93} INFO - 	at py4j.reflection.ReflectionEngine.invoke(ReflectionEngine.java:374)
[2026-03-16T03:17:05.397+0000] {subprocess.py:93} INFO - 	at py4j.Gateway.invoke(Gateway.java:238)
[2026-03-16T03:17:05.398+0000] {subprocess.py:93} INFO - 	at py4j.commands.ConstructorCommand.invokeConstructor(ConstructorCommand.java:80)
[2026-03-16T03:17:05.398+0000] {subprocess.py:93} INFO - 	at py4j.commands.ConstructorCommand.execute(ConstructorCommand.java:69)
[2026-03-16T03:17:05.398+0000] {subprocess.py:93} INFO - 	at py4j.ClientServerConnection.waitForCommands(ClientServerConnection.java:182)
[2026-03-16T03:17:05.399+0000] {subprocess.py:93} INFO - 	at py4j.ClientServerConnection.run(ClientServerConnection.java:106)
[2026-03-16T03:17:05.399+0000] {subprocess.py:93} INFO - 	at java.base/java.lang.Thread.run(Thread.java:840)
[2026-03-16T03:17:05.800+0000] {subprocess.py:93} INFO - 26/03/16 03:17:05 INFO Executor: Starting executor ID driver on host e3430f617ad9
[2026-03-16T03:17:05.802+0000] {subprocess.py:93} INFO - 26/03/16 03:17:05 INFO Executor: OS info Linux, 5.15.167.4-microsoft-standard-WSL2, amd64
[2026-03-16T03:17:05.813+0000] {subprocess.py:93} INFO - 26/03/16 03:17:05 INFO Executor: Java version 17.0.18
[2026-03-16T03:17:05.863+0000] {subprocess.py:93} INFO - 26/03/16 03:17:05 INFO Executor: Starting executor with user classpath (userClassPathFirst = false): ''
[2026-03-16T03:17:05.875+0000] {subprocess.py:93} INFO - 26/03/16 03:17:05 INFO Executor: Created or updated repl class loader org.apache.spark.util.MutableURLClassLoader@51092a96 for default.
[2026-03-16T03:17:06.041+0000] {subprocess.py:93} INFO - 26/03/16 03:17:06 INFO Utils: Successfully started service 'org.apache.spark.network.netty.NettyBlockTransferService' on port 43721.
[2026-03-16T03:17:06.043+0000] {subprocess.py:93} INFO - 26/03/16 03:17:06 INFO NettyBlockTransferService: Server created on e3430f617ad9:43721
[2026-03-16T03:17:06.069+0000] {subprocess.py:93} INFO - 26/03/16 03:17:06 INFO BlockManager: Using org.apache.spark.storage.RandomBlockReplicationPolicy for block replication policy
[2026-03-16T03:17:06.104+0000] {subprocess.py:93} INFO - 26/03/16 03:17:06 INFO BlockManagerMaster: Registering BlockManager BlockManagerId(driver, e3430f617ad9, 43721, None)
[2026-03-16T03:17:06.123+0000] {subprocess.py:93} INFO - 26/03/16 03:17:06 INFO BlockManagerMasterEndpoint: Registering block manager e3430f617ad9:43721 with 434.4 MiB RAM, BlockManagerId(driver, e3430f617ad9, 43721, None)
[2026-03-16T03:17:06.132+0000] {subprocess.py:93} INFO - 26/03/16 03:17:06 INFO BlockManagerMaster: Registered BlockManager BlockManagerId(driver, e3430f617ad9, 43721, None)
[2026-03-16T03:17:06.135+0000] {subprocess.py:93} INFO - 26/03/16 03:17:06 INFO BlockManager: Initialized BlockManager: BlockManagerId(driver, e3430f617ad9, 43721, None)
[2026-03-16T03:17:07.493+0000] {subprocess.py:93} INFO - 26/03/16 03:17:07 INFO SharedState: Setting hive.metastore.warehouse.dir ('null') to the value of spark.sql.warehouse.dir.
[2026-03-16T03:17:07.499+0000] {subprocess.py:93} INFO - 26/03/16 03:17:07 INFO SharedState: Warehouse path is 'file:/tmp/airflowtmpex386z0t/spark-warehouse'.
[2026-03-16T03:17:10.894+0000] {subprocess.py:93} INFO - Traceback (most recent call last):
[2026-03-16T03:17:10.895+0000] {subprocess.py:93} INFO -   File "/opt/airflow/spark/spark_processor.py", line 21, in <module>
[2026-03-16T03:17:10.896+0000] {subprocess.py:93} INFO -     df = spark.read \
[2026-03-16T03:17:10.896+0000] {subprocess.py:93} INFO -   File "/home/airflow/.local/lib/python3.8/site-packages/pyspark/sql/readwriter.py", line 314, in load
[2026-03-16T03:17:10.897+0000] {subprocess.py:93} INFO -     return self._df(self._jreader.load())
[2026-03-16T03:17:10.897+0000] {subprocess.py:93} INFO -   File "/home/airflow/.local/lib/python3.8/site-packages/py4j/java_gateway.py", line 1362, in __call__
[2026-03-16T03:17:10.898+0000] {subprocess.py:93} INFO -     return_value = get_return_value(
[2026-03-16T03:17:10.898+0000] {subprocess.py:93} INFO -   File "/home/airflow/.local/lib/python3.8/site-packages/pyspark/errors/exceptions/captured.py", line 179, in deco
[2026-03-16T03:17:10.898+0000] {subprocess.py:93} INFO -     return f(*a, **kw)
[2026-03-16T03:17:10.899+0000] {subprocess.py:93} INFO -   File "/home/airflow/.local/lib/python3.8/site-packages/py4j/protocol.py", line 327, in get_return_value
[2026-03-16T03:17:10.899+0000] {subprocess.py:93} INFO -     raise Py4JJavaError(
[2026-03-16T03:17:10.899+0000] {subprocess.py:93} INFO - py4j.protocol.Py4JJavaError: An error occurred while calling o34.load.
[2026-03-16T03:17:10.900+0000] {subprocess.py:93} INFO - : java.lang.ClassNotFoundException: org.postgresql.Driver
[2026-03-16T03:17:10.900+0000] {subprocess.py:93} INFO - 	at java.base/java.net.URLClassLoader.findClass(URLClassLoader.java:445)
[2026-03-16T03:17:10.900+0000] {subprocess.py:93} INFO - 	at java.base/java.lang.ClassLoader.loadClass(ClassLoader.java:592)
[2026-03-16T03:17:10.901+0000] {subprocess.py:93} INFO - 	at java.base/java.lang.ClassLoader.loadClass(ClassLoader.java:525)
[2026-03-16T03:17:10.901+0000] {subprocess.py:93} INFO - 	at org.apache.spark.sql.execution.datasources.jdbc.DriverRegistry$.register(DriverRegistry.scala:46)
[2026-03-16T03:17:10.901+0000] {subprocess.py:93} INFO - 	at org.apache.spark.sql.execution.datasources.jdbc.JDBCOptions.$anonfun$driverClass$1(JDBCOptions.scala:103)
[2026-03-16T03:17:10.901+0000] {subprocess.py:93} INFO - 	at org.apache.spark.sql.execution.datasources.jdbc.JDBCOptions.$anonfun$driverClass$1$adapted(JDBCOptions.scala:103)
[2026-03-16T03:17:10.902+0000] {subprocess.py:93} INFO - 	at scala.Option.foreach(Option.scala:407)
[2026-03-16T03:17:10.902+0000] {subprocess.py:93} INFO - 	at org.apache.spark.sql.execution.datasources.jdbc.JDBCOptions.<init>(JDBCOptions.scala:103)
[2026-03-16T03:17:10.903+0000] {subprocess.py:93} INFO - 	at org.apache.spark.sql.execution.datasources.jdbc.JDBCOptions.<init>(JDBCOptions.scala:41)
[2026-03-16T03:17:10.903+0000] {subprocess.py:93} INFO - 	at org.apache.spark.sql.execution.datasources.jdbc.JdbcRelationProvider.createRelation(JdbcRelationProvider.scala:34)
[2026-03-16T03:17:10.904+0000] {subprocess.py:93} INFO - 	at org.apache.spark.sql.execution.datasources.DataSource.resolveRelation(DataSource.scala:346)
[2026-03-16T03:17:10.908+0000] {subprocess.py:93} INFO - 	at org.apache.spark.sql.DataFrameReader.loadV1Source(DataFrameReader.scala:229)
[2026-03-16T03:17:10.913+0000] {subprocess.py:93} INFO - 	at org.apache.spark.sql.DataFrameReader.$anonfun$load$2(DataFrameReader.scala:211)
[2026-03-16T03:17:10.914+0000] {subprocess.py:93} INFO - 	at scala.Option.getOrElse(Option.scala:189)
[2026-03-16T03:17:10.914+0000] {subprocess.py:93} INFO - 	at org.apache.spark.sql.DataFrameReader.load(DataFrameReader.scala:211)
[2026-03-16T03:17:10.915+0000] {subprocess.py:93} INFO - 	at org.apache.spark.sql.DataFrameReader.load(DataFrameReader.scala:172)
[2026-03-16T03:17:10.915+0000] {subprocess.py:93} INFO - 	at java.base/jdk.internal.reflect.NativeMethodAccessorImpl.invoke0(Native Method)
[2026-03-16T03:17:10.915+0000] {subprocess.py:93} INFO - 	at java.base/jdk.internal.reflect.NativeMethodAccessorImpl.invoke(NativeMethodAccessorImpl.java:77)
[2026-03-16T03:17:10.916+0000] {subprocess.py:93} INFO - 	at java.base/jdk.internal.reflect.DelegatingMethodAccessorImpl.invoke(DelegatingMethodAccessorImpl.java:43)
[2026-03-16T03:17:10.916+0000] {subprocess.py:93} INFO - 	at java.base/java.lang.reflect.Method.invoke(Method.java:569)
[2026-03-16T03:17:10.917+0000] {subprocess.py:93} INFO - 	at py4j.reflection.MethodInvoker.invoke(MethodInvoker.java:244)
[2026-03-16T03:17:10.917+0000] {subprocess.py:93} INFO - 	at py4j.reflection.ReflectionEngine.invoke(ReflectionEngine.java:374)
[2026-03-16T03:17:10.918+0000] {subprocess.py:93} INFO - 	at py4j.Gateway.invoke(Gateway.java:282)
[2026-03-16T03:17:10.918+0000] {subprocess.py:93} INFO - 	at py4j.commands.AbstractCommand.invokeMethod(AbstractCommand.java:132)
[2026-03-16T03:17:10.919+0000] {subprocess.py:93} INFO - 	at py4j.commands.CallCommand.execute(CallCommand.java:79)
[2026-03-16T03:17:10.919+0000] {subprocess.py:93} INFO - 	at py4j.ClientServerConnection.waitForCommands(ClientServerConnection.java:182)
[2026-03-16T03:17:10.919+0000] {subprocess.py:93} INFO - 	at py4j.ClientServerConnection.run(ClientServerConnection.java:106)
[2026-03-16T03:17:10.920+0000] {subprocess.py:93} INFO - 	at java.base/java.lang.Thread.run(Thread.java:840)
[2026-03-16T03:17:10.920+0000] {subprocess.py:93} INFO - 
[2026-03-16T03:17:11.089+0000] {subprocess.py:93} INFO - 26/03/16 03:17:11 INFO SparkContext: Invoking stop() from shutdown hook
[2026-03-16T03:17:11.090+0000] {subprocess.py:93} INFO - 26/03/16 03:17:11 INFO SparkContext: SparkContext is stopping with exitCode 0.
[2026-03-16T03:17:11.137+0000] {subprocess.py:93} INFO - 26/03/16 03:17:11 INFO SparkUI: Stopped Spark web UI at http://e3430f617ad9:4040
[2026-03-16T03:17:11.183+0000] {subprocess.py:93} INFO - 26/03/16 03:17:11 INFO MapOutputTrackerMasterEndpoint: MapOutputTrackerMasterEndpoint stopped!
[2026-03-16T03:17:11.225+0000] {subprocess.py:93} INFO - 26/03/16 03:17:11 INFO MemoryStore: MemoryStore cleared
[2026-03-16T03:17:11.227+0000] {subprocess.py:93} INFO - 26/03/16 03:17:11 INFO BlockManager: BlockManager stopped
[2026-03-16T03:17:11.250+0000] {subprocess.py:93} INFO - 26/03/16 03:17:11 INFO BlockManagerMaster: BlockManagerMaster stopped
[2026-03-16T03:17:11.260+0000] {subprocess.py:93} INFO - 26/03/16 03:17:11 INFO OutputCommitCoordinator$OutputCommitCoordinatorEndpoint: OutputCommitCoordinator stopped!
[2026-03-16T03:17:11.292+0000] {subprocess.py:93} INFO - 26/03/16 03:17:11 INFO SparkContext: Successfully stopped SparkContext
[2026-03-16T03:17:11.293+0000] {subprocess.py:93} INFO - 26/03/16 03:17:11 INFO ShutdownHookManager: Shutdown hook called
[2026-03-16T03:17:11.294+0000] {subprocess.py:93} INFO - 26/03/16 03:17:11 INFO ShutdownHookManager: Deleting directory /tmp/spark-6f87815c-8292-4931-8704-5ba6d584f0a0
[2026-03-16T03:17:11.300+0000] {subprocess.py:93} INFO - 26/03/16 03:17:11 INFO ShutdownHookManager: Deleting directory /tmp/spark-282b6629-8ece-43ce-a636-025272e37034
[2026-03-16T03:17:11.314+0000] {subprocess.py:93} INFO - 26/03/16 03:17:11 INFO ShutdownHookManager: Deleting directory /tmp/spark-6f87815c-8292-4931-8704-5ba6d584f0a0/pyspark-3b3159b2-c71a-41c8-acf3-642389c6283d
[2026-03-16T03:17:11.714+0000] {subprocess.py:97} INFO - Command exited with return code 1
[2026-03-16T03:17:11.736+0000] {taskinstance.py:2698} ERROR - Task failed with exception
Traceback (most recent call last):
  File "/home/airflow/.local/lib/python3.8/site-packages/airflow/models/taskinstance.py", line 433, in _execute_task
    result = execute_callable(context=context, **execute_callable_kwargs)
  File "/home/airflow/.local/lib/python3.8/site-packages/airflow/operators/bash.py", line 212, in execute
    raise AirflowException(
airflow.exceptions.AirflowException: Bash command failed. The command returned a non-zero exit code 1.
[2026-03-16T03:17:11.744+0000] {taskinstance.py:1138} INFO - Marking task as FAILED. dag_id=pipeline_gps, task_id=task_process, execution_date=20260316T031435, start_date=20260316T031643, end_date=20260316T031711
[2026-03-16T03:17:11.794+0000] {standard_task_runner.py:107} ERROR - Failed to execute job 581 for task task_process (Bash command failed. The command returned a non-zero exit code 1.; 439)
[2026-03-16T03:17:11.808+0000] {local_task_job_runner.py:234} INFO - Task exited with return code 1
[2026-03-16T03:17:11.851+0000] {taskinstance.py:3280} INFO - 0 downstream tasks scheduled from follow-on schedule check
