[2026-03-16T16:48:50.040+0000] {taskinstance.py:1956} INFO - Dependencies all met for dep_context=non-requeueable deps ti=<TaskInstance: pipeline_gps.task_process scheduled__2026-03-16T15:45:00+00:00 [queued]>
[2026-03-16T16:48:50.060+0000] {taskinstance.py:1956} INFO - Dependencies all met for dep_context=requeueable deps ti=<TaskInstance: pipeline_gps.task_process scheduled__2026-03-16T15:45:00+00:00 [queued]>
[2026-03-16T16:48:50.061+0000] {taskinstance.py:2170} INFO - Starting attempt 1 of 1
[2026-03-16T16:48:50.098+0000] {taskinstance.py:2191} INFO - Executing <Task(BashOperator): task_process> on 2026-03-16 15:45:00+00:00
[2026-03-16T16:48:50.105+0000] {standard_task_runner.py:60} INFO - Started process 283 to run task
[2026-03-16T16:48:50.115+0000] {standard_task_runner.py:87} INFO - Running: ['airflow', 'tasks', 'run', 'pipeline_gps', 'task_process', 'scheduled__2026-03-16T15:45:00+00:00', '--job-id', '615', '--raw', '--subdir', 'DAGS_FOLDER/pipeline_gps.py', '--cfg-path', '/tmp/tmpwa8r5o28']
[2026-03-16T16:48:50.122+0000] {standard_task_runner.py:88} INFO - Job 615: Subtask task_process
[2026-03-16T16:48:50.232+0000] {task_command.py:423} INFO - Running <TaskInstance: pipeline_gps.task_process scheduled__2026-03-16T15:45:00+00:00 [running]> on host e3430f617ad9
[2026-03-16T16:48:50.642+0000] {taskinstance.py:2480} INFO - Exporting env vars: AIRFLOW_CTX_DAG_OWNER='airflow' AIRFLOW_CTX_DAG_ID='pipeline_gps' AIRFLOW_CTX_TASK_ID='task_process' AIRFLOW_CTX_EXECUTION_DATE='2026-03-16T15:45:00+00:00' AIRFLOW_CTX_TRY_NUMBER='1' AIRFLOW_CTX_DAG_RUN_ID='scheduled__2026-03-16T15:45:00+00:00'
[2026-03-16T16:48:50.645+0000] {subprocess.py:63} INFO - Tmp dir root location: /tmp
[2026-03-16T16:48:50.649+0000] {subprocess.py:75} INFO - Running command: ['/usr/bin/bash', '-c', 'python /opt/airflow/spark/spark_processor.py']
[2026-03-16T16:48:50.678+0000] {subprocess.py:86} INFO - Output:
[2026-03-16T16:48:57.635+0000] {subprocess.py:93} INFO - 26/03/16 16:48:57 WARN NativeCodeLoader: Unable to load native-hadoop library for your platform... using builtin-java classes where applicable
[2026-03-16T16:48:58.131+0000] {subprocess.py:93} INFO - Setting default log level to "WARN".
[2026-03-16T16:48:58.131+0000] {subprocess.py:93} INFO - To adjust logging level use sc.setLogLevel(newLevel). For SparkR, use setLogLevel(newLevel).
[2026-03-16T16:50:41.629+0000] {local_task_job_runner.py:121} ERROR - Received SIGTERM. Terminating subprocesses
[2026-03-16T16:50:41.641+0000] {process_utils.py:131} INFO - Sending Signals.SIGTERM to group 283. PIDs of all processes in the group: [284, 289, 283]
[2026-03-16T16:50:41.645+0000] {process_utils.py:86} INFO - Sending the signal Signals.SIGTERM to group 283
[2026-03-16T16:50:41.649+0000] {taskinstance.py:2450} ERROR - Received SIGTERM. Terminating subprocesses.
[2026-03-16T16:50:41.651+0000] {subprocess.py:104} INFO - Sending SIGTERM signal to process group
[2026-03-16T16:50:41.726+0000] {taskinstance.py:2698} ERROR - Task failed with exception
Traceback (most recent call last):
  File "/home/airflow/.local/lib/python3.8/site-packages/airflow/models/taskinstance.py", line 433, in _execute_task
    result = execute_callable(context=context, **execute_callable_kwargs)
  File "/home/airflow/.local/lib/python3.8/site-packages/airflow/operators/bash.py", line 203, in execute
    result = self.subprocess_hook.run_command(
  File "/home/airflow/.local/lib/python3.8/site-packages/airflow/hooks/subprocess.py", line 91, in run_command
    for raw_line in iter(self.sub_process.stdout.readline, b""):
  File "/home/airflow/.local/lib/python3.8/site-packages/airflow/models/taskinstance.py", line 2452, in signal_handler
    raise AirflowException("Task received SIGTERM signal")
airflow.exceptions.AirflowException: Task received SIGTERM signal
[2026-03-16T16:50:41.754+0000] {taskinstance.py:1138} INFO - Marking task as FAILED. dag_id=pipeline_gps, task_id=task_process, execution_date=20260316T154500, start_date=20260316T164850, end_date=20260316T165041
[2026-03-16T16:50:41.892+0000] {standard_task_runner.py:107} ERROR - Failed to execute job 615 for task task_process (Task received SIGTERM signal; 283)
[2026-03-16T16:50:41.960+0000] {process_utils.py:79} INFO - Process psutil.Process(pid=283, status='terminated', exitcode=1, started='16:48:50') (283) terminated with exit code 1
[2026-03-16T16:50:42.337+0000] {process_utils.py:79} INFO - Process psutil.Process(pid=284, status='terminated', started='16:48:50') (284) terminated with exit code None
