[2026-03-16T20:40:01.260+0000] {taskinstance.py:1956} INFO - Dependencies all met for dep_context=non-requeueable deps ti=<TaskInstance: pipeline_gps.process_gps_data scheduled__2026-03-16T20:35:00+00:00 [queued]>
[2026-03-16T20:40:01.276+0000] {taskinstance.py:1956} INFO - Dependencies all met for dep_context=requeueable deps ti=<TaskInstance: pipeline_gps.process_gps_data scheduled__2026-03-16T20:35:00+00:00 [queued]>
[2026-03-16T20:40:01.277+0000] {taskinstance.py:2170} INFO - Starting attempt 1 of 2
[2026-03-16T20:40:01.304+0000] {taskinstance.py:2191} INFO - Executing <Task(BashOperator): process_gps_data> on 2026-03-16 20:35:00+00:00
[2026-03-16T20:40:01.314+0000] {standard_task_runner.py:60} INFO - Started process 2752 to run task
[2026-03-16T20:40:01.321+0000] {standard_task_runner.py:87} INFO - Running: ['airflow', 'tasks', 'run', 'pipeline_gps', 'process_gps_data', 'scheduled__2026-03-16T20:35:00+00:00', '--job-id', '63', '--raw', '--subdir', 'DAGS_FOLDER/pipeline_gps.py', '--cfg-path', '/tmp/tmpyxc__09r']
[2026-03-16T20:40:01.325+0000] {standard_task_runner.py:88} INFO - Job 63: Subtask process_gps_data
[2026-03-16T20:40:01.441+0000] {task_command.py:423} INFO - Running <TaskInstance: pipeline_gps.process_gps_data scheduled__2026-03-16T20:35:00+00:00 [running]> on host 95dbc7519d7f
[2026-03-16T20:40:01.660+0000] {taskinstance.py:2480} INFO - Exporting env vars: AIRFLOW_CTX_DAG_OWNER='airflow' AIRFLOW_CTX_DAG_ID='pipeline_gps' AIRFLOW_CTX_TASK_ID='process_gps_data' AIRFLOW_CTX_EXECUTION_DATE='2026-03-16T20:35:00+00:00' AIRFLOW_CTX_TRY_NUMBER='1' AIRFLOW_CTX_DAG_RUN_ID='scheduled__2026-03-16T20:35:00+00:00'
[2026-03-16T20:40:01.662+0000] {subprocess.py:63} INFO - Tmp dir root location: /tmp
[2026-03-16T20:40:01.665+0000] {subprocess.py:75} INFO - Running command: ['/usr/bin/bash', '-c', 'python /opt/airflow/spark/spark_processor.py']
[2026-03-16T20:40:01.686+0000] {subprocess.py:86} INFO - Output:
[2026-03-16T20:40:10.897+0000] {subprocess.py:93} INFO - 26/03/16 20:40:10 WARN NativeCodeLoader: Unable to load native-hadoop library for your platform... using builtin-java classes where applicable
[2026-03-16T20:40:11.362+0000] {subprocess.py:93} INFO - Setting default log level to "WARN".
[2026-03-16T20:40:11.363+0000] {subprocess.py:93} INFO - To adjust logging level use sc.setLogLevel(newLevel). For SparkR, use setLogLevel(newLevel).
[2026-03-16T20:40:28.213+0000] {subprocess.py:93} INFO - [Stage 0:>                                                          (0 + 0) / 1][Stage 0:>                                                          (0 + 1) / 1]                                                                                ✅ Procesados 3 dispositivos correctamente
[2026-03-16T20:40:28.864+0000] {subprocess.py:97} INFO - Command exited with return code 0
[2026-03-16T20:40:28.949+0000] {taskinstance.py:1138} INFO - Marking task as SUCCESS. dag_id=pipeline_gps, task_id=process_gps_data, execution_date=20260316T203500, start_date=20260316T204001, end_date=20260316T204028
[2026-03-16T20:40:28.996+0000] {local_task_job_runner.py:234} INFO - Task exited with return code 0
[2026-03-16T20:40:29.061+0000] {taskinstance.py:3280} INFO - 1 downstream tasks scheduled from follow-on schedule check
