[2026-03-16T15:15:16.631+0000] {taskinstance.py:1956} INFO - Dependencies all met for dep_context=non-requeueable deps ti=<TaskInstance: pipeline_gps.task_process scheduled__2026-03-16T15:10:00+00:00 [queued]>
[2026-03-16T15:15:16.662+0000] {taskinstance.py:1956} INFO - Dependencies all met for dep_context=requeueable deps ti=<TaskInstance: pipeline_gps.task_process scheduled__2026-03-16T15:10:00+00:00 [queued]>
[2026-03-16T15:15:16.662+0000] {taskinstance.py:2170} INFO - Starting attempt 1 of 1
[2026-03-16T15:15:16.758+0000] {taskinstance.py:2191} INFO - Executing <Task(BashOperator): task_process> on 2026-03-16 15:10:00+00:00
[2026-03-16T15:15:16.770+0000] {standard_task_runner.py:60} INFO - Started process 452 to run task
[2026-03-16T15:15:16.793+0000] {standard_task_runner.py:87} INFO - Running: ['airflow', 'tasks', 'run', 'pipeline_gps', 'task_process', 'scheduled__2026-03-16T15:10:00+00:00', '--job-id', '608', '--raw', '--subdir', 'DAGS_FOLDER/pipeline_gps.py', '--cfg-path', '/tmp/tmpwhcv_fah']
[2026-03-16T15:15:16.802+0000] {standard_task_runner.py:88} INFO - Job 608: Subtask task_process
[2026-03-16T15:15:16.959+0000] {task_command.py:423} INFO - Running <TaskInstance: pipeline_gps.task_process scheduled__2026-03-16T15:10:00+00:00 [running]> on host e3430f617ad9
[2026-03-16T15:15:17.171+0000] {taskinstance.py:2480} INFO - Exporting env vars: AIRFLOW_CTX_DAG_OWNER='airflow' AIRFLOW_CTX_DAG_ID='pipeline_gps' AIRFLOW_CTX_TASK_ID='task_process' AIRFLOW_CTX_EXECUTION_DATE='2026-03-16T15:10:00+00:00' AIRFLOW_CTX_TRY_NUMBER='1' AIRFLOW_CTX_DAG_RUN_ID='scheduled__2026-03-16T15:10:00+00:00'
[2026-03-16T15:15:17.174+0000] {subprocess.py:63} INFO - Tmp dir root location: /tmp
[2026-03-16T15:15:17.176+0000] {subprocess.py:75} INFO - Running command: ['/usr/bin/bash', '-c', 'python /opt/airflow/spark/spark_processor.py']
[2026-03-16T15:15:17.200+0000] {subprocess.py:86} INFO - Output:
[2026-03-16T15:15:26.681+0000] {subprocess.py:93} INFO - 26/03/16 15:15:26 WARN NativeCodeLoader: Unable to load native-hadoop library for your platform... using builtin-java classes where applicable
[2026-03-16T15:15:27.748+0000] {subprocess.py:93} INFO - Setting default log level to "WARN".
[2026-03-16T15:15:27.749+0000] {subprocess.py:93} INFO - To adjust logging level use sc.setLogLevel(newLevel). For SparkR, use setLogLevel(newLevel).
[2026-03-16T15:19:19.331+0000] {local_task_job_runner.py:121} ERROR - Received SIGTERM. Terminating subprocesses
[2026-03-16T15:19:19.477+0000] {process_utils.py:131} INFO - Sending Signals.SIGTERM to group 452. PIDs of all processes in the group: [453, 458, 452]
[2026-03-16T15:19:19.479+0000] {process_utils.py:86} INFO - Sending the signal Signals.SIGTERM to group 452
[2026-03-16T15:19:19.507+0000] {taskinstance.py:2450} ERROR - Received SIGTERM. Terminating subprocesses.
[2026-03-16T15:19:19.509+0000] {subprocess.py:104} INFO - Sending SIGTERM signal to process group
[2026-03-16T15:19:19.573+0000] {taskinstance.py:2698} ERROR - Task failed with exception
Traceback (most recent call last):
  File "/home/airflow/.local/lib/python3.8/site-packages/airflow/models/taskinstance.py", line 433, in _execute_task
    result = execute_callable(context=context, **execute_callable_kwargs)
  File "/home/airflow/.local/lib/python3.8/site-packages/airflow/operators/bash.py", line 203, in execute
    result = self.subprocess_hook.run_command(
  File "/home/airflow/.local/lib/python3.8/site-packages/airflow/hooks/subprocess.py", line 91, in run_command
    for raw_line in iter(self.sub_process.stdout.readline, b""):
  File "/home/airflow/.local/lib/python3.8/site-packages/airflow/models/taskinstance.py", line 2452, in signal_handler
    raise AirflowException("Task received SIGTERM signal")
airflow.exceptions.AirflowException: Task received SIGTERM signal
[2026-03-16T15:19:20.086+0000] {taskinstance.py:1138} INFO - Marking task as FAILED. dag_id=pipeline_gps, task_id=task_process, execution_date=20260316T151000, start_date=20260316T151516, end_date=20260316T151919
