[2026-03-15T22:00:08.366+0000] {taskinstance.py:1956} INFO - Dependencies all met for dep_context=non-requeueable deps ti=<TaskInstance: pipeline_gps.task_process scheduled__2026-03-15T21:55:00+00:00 [queued]>
[2026-03-15T22:00:08.383+0000] {taskinstance.py:1956} INFO - Dependencies all met for dep_context=requeueable deps ti=<TaskInstance: pipeline_gps.task_process scheduled__2026-03-15T21:55:00+00:00 [queued]>
[2026-03-15T22:00:08.384+0000] {taskinstance.py:2170} INFO - Starting attempt 1 of 1
[2026-03-15T22:00:08.418+0000] {taskinstance.py:2191} INFO - Executing <Task(BashOperator): task_process> on 2026-03-15 21:55:00+00:00
[2026-03-15T22:00:08.427+0000] {standard_task_runner.py:60} INFO - Started process 49 to run task
[2026-03-15T22:00:08.475+0000] {standard_task_runner.py:87} INFO - Running: ['airflow', 'tasks', 'run', 'pipeline_gps', 'task_process', 'scheduled__2026-03-15T21:55:00+00:00', '--job-id', '532', '--raw', '--subdir', 'DAGS_FOLDER/pipeline_gps.py', '--cfg-path', '/tmp/tmpskvoo91t']
[2026-03-15T22:00:08.487+0000] {standard_task_runner.py:88} INFO - Job 532: Subtask task_process
[2026-03-15T22:00:08.720+0000] {task_command.py:423} INFO - Running <TaskInstance: pipeline_gps.task_process scheduled__2026-03-15T21:55:00+00:00 [running]> on host 378bba7f43f7
[2026-03-15T22:00:09.640+0000] {taskinstance.py:2480} INFO - Exporting env vars: AIRFLOW_CTX_DAG_OWNER='airflow' AIRFLOW_CTX_DAG_ID='pipeline_gps' AIRFLOW_CTX_TASK_ID='task_process' AIRFLOW_CTX_EXECUTION_DATE='2026-03-15T21:55:00+00:00' AIRFLOW_CTX_TRY_NUMBER='1' AIRFLOW_CTX_DAG_RUN_ID='scheduled__2026-03-15T21:55:00+00:00'
[2026-03-15T22:00:09.647+0000] {subprocess.py:63} INFO - Tmp dir root location: /tmp
[2026-03-15T22:00:09.649+0000] {subprocess.py:75} INFO - Running command: ['/usr/bin/bash', '-c', 'python /opt/airflow/spark/spark_processor.py']
[2026-03-15T22:00:09.673+0000] {subprocess.py:86} INFO - Output:
[2026-03-15T22:00:09.888+0000] {subprocess.py:93} INFO - Traceback (most recent call last):
[2026-03-15T22:00:09.889+0000] {subprocess.py:93} INFO -   File "/opt/airflow/spark/spark_processor.py", line 1, in <module>
[2026-03-15T22:00:09.890+0000] {subprocess.py:93} INFO -     from pyspark.sql import SparkSession
[2026-03-15T22:00:09.890+0000] {subprocess.py:93} INFO - ModuleNotFoundError: No module named 'pyspark'
[2026-03-15T22:00:09.894+0000] {subprocess.py:97} INFO - Command exited with return code 1
[2026-03-15T22:00:09.912+0000] {taskinstance.py:2698} ERROR - Task failed with exception
Traceback (most recent call last):
  File "/home/airflow/.local/lib/python3.8/site-packages/airflow/models/taskinstance.py", line 433, in _execute_task
    result = execute_callable(context=context, **execute_callable_kwargs)
  File "/home/airflow/.local/lib/python3.8/site-packages/airflow/operators/bash.py", line 212, in execute
    raise AirflowException(
airflow.exceptions.AirflowException: Bash command failed. The command returned a non-zero exit code 1.
[2026-03-15T22:00:09.928+0000] {taskinstance.py:1138} INFO - Marking task as FAILED. dag_id=pipeline_gps, task_id=task_process, execution_date=20260315T215500, start_date=20260315T220008, end_date=20260315T220009
[2026-03-15T22:00:09.971+0000] {standard_task_runner.py:107} ERROR - Failed to execute job 532 for task task_process (Bash command failed. The command returned a non-zero exit code 1.; 49)
[2026-03-15T22:00:10.016+0000] {local_task_job_runner.py:234} INFO - Task exited with return code 1
[2026-03-15T22:00:10.074+0000] {taskinstance.py:3280} INFO - 0 downstream tasks scheduled from follow-on schedule check
