[2026-03-15T21:35:06.490+0000] {taskinstance.py:1956} INFO - Dependencies all met for dep_context=non-requeueable deps ti=<TaskInstance: pipeline_gps.task_process scheduled__2026-03-15T21:30:00+00:00 [queued]>
[2026-03-15T21:35:06.504+0000] {taskinstance.py:1956} INFO - Dependencies all met for dep_context=requeueable deps ti=<TaskInstance: pipeline_gps.task_process scheduled__2026-03-15T21:30:00+00:00 [queued]>
[2026-03-15T21:35:06.505+0000] {taskinstance.py:2170} INFO - Starting attempt 1 of 1
[2026-03-15T21:35:06.531+0000] {taskinstance.py:2191} INFO - Executing <Task(BashOperator): task_process> on 2026-03-15 21:30:00+00:00
[2026-03-15T21:35:06.539+0000] {standard_task_runner.py:60} INFO - Started process 3668 to run task
[2026-03-15T21:35:06.547+0000] {standard_task_runner.py:87} INFO - Running: ['airflow', 'tasks', 'run', 'pipeline_gps', 'task_process', 'scheduled__2026-03-15T21:30:00+00:00', '--job-id', '524', '--raw', '--subdir', 'DAGS_FOLDER/pipeline_gps.py', '--cfg-path', '/tmp/tmp_a72s2fd']
[2026-03-15T21:35:06.551+0000] {standard_task_runner.py:88} INFO - Job 524: Subtask task_process
[2026-03-15T21:35:06.628+0000] {task_command.py:423} INFO - Running <TaskInstance: pipeline_gps.task_process scheduled__2026-03-15T21:30:00+00:00 [running]> on host 693df5566a25
[2026-03-15T21:35:06.758+0000] {taskinstance.py:2480} INFO - Exporting env vars: AIRFLOW_CTX_DAG_OWNER='airflow' AIRFLOW_CTX_DAG_ID='pipeline_gps' AIRFLOW_CTX_TASK_ID='task_process' AIRFLOW_CTX_EXECUTION_DATE='2026-03-15T21:30:00+00:00' AIRFLOW_CTX_TRY_NUMBER='1' AIRFLOW_CTX_DAG_RUN_ID='scheduled__2026-03-15T21:30:00+00:00'
[2026-03-15T21:35:06.760+0000] {subprocess.py:63} INFO - Tmp dir root location: /tmp
[2026-03-15T21:35:06.763+0000] {subprocess.py:75} INFO - Running command: ['/usr/bin/bash', '-c', 'python /opt/airflow/spark/spark_processor.py']
[2026-03-15T21:35:06.782+0000] {subprocess.py:86} INFO - Output:
[2026-03-15T21:35:10.555+0000] {subprocess.py:93} INFO - 26/03/15 21:35:10 WARN NativeCodeLoader: Unable to load native-hadoop library for your platform... using builtin-java classes where applicable
[2026-03-15T21:35:10.854+0000] {subprocess.py:93} INFO - 26/03/15 21:35:10 WARN DependencyUtils: Local jar /tmp/airflowtmpdrtjj325/spark/jars/postgresql-42.7.3.jar does not exist, skipping.
[2026-03-15T21:35:11.104+0000] {subprocess.py:93} INFO - 26/03/15 21:35:11 INFO SparkContext: Running Spark version 3.5.8
[2026-03-15T21:35:11.106+0000] {subprocess.py:93} INFO - 26/03/15 21:35:11 INFO SparkContext: OS info Linux, 5.15.167.4-microsoft-standard-WSL2, amd64
[2026-03-15T21:35:11.107+0000] {subprocess.py:93} INFO - 26/03/15 21:35:11 INFO SparkContext: Java version 17.0.18
[2026-03-15T21:35:11.169+0000] {subprocess.py:93} INFO - 26/03/15 21:35:11 INFO ResourceUtils: ==============================================================
[2026-03-15T21:35:11.170+0000] {subprocess.py:93} INFO - 26/03/15 21:35:11 INFO ResourceUtils: No custom resources configured for spark.driver.
[2026-03-15T21:35:11.171+0000] {subprocess.py:93} INFO - 26/03/15 21:35:11 INFO ResourceUtils: ==============================================================
[2026-03-15T21:35:11.172+0000] {subprocess.py:93} INFO - 26/03/15 21:35:11 INFO SparkContext: Submitted application: gps_processor
[2026-03-15T21:35:11.218+0000] {subprocess.py:93} INFO - 26/03/15 21:35:11 INFO ResourceProfile: Default ResourceProfile created, executor resources: Map(cores -> name: cores, amount: 1, script: , vendor: , memory -> name: memory, amount: 1024, script: , vendor: , offHeap -> name: offHeap, amount: 0, script: , vendor: ), task resources: Map(cpus -> name: cpus, amount: 1.0)
[2026-03-15T21:35:11.232+0000] {subprocess.py:93} INFO - 26/03/15 21:35:11 INFO ResourceProfile: Limiting resource is cpu
[2026-03-15T21:35:11.233+0000] {subprocess.py:93} INFO - 26/03/15 21:35:11 INFO ResourceProfileManager: Added ResourceProfile id: 0
[2026-03-15T21:35:11.321+0000] {subprocess.py:93} INFO - 26/03/15 21:35:11 INFO SecurityManager: Changing view acls to: airflow
[2026-03-15T21:35:11.323+0000] {subprocess.py:93} INFO - 26/03/15 21:35:11 INFO SecurityManager: Changing modify acls to: airflow
[2026-03-15T21:35:11.324+0000] {subprocess.py:93} INFO - 26/03/15 21:35:11 INFO SecurityManager: Changing view acls groups to:
[2026-03-15T21:35:11.326+0000] {subprocess.py:93} INFO - 26/03/15 21:35:11 INFO SecurityManager: Changing modify acls groups to:
[2026-03-15T21:35:11.327+0000] {subprocess.py:93} INFO - 26/03/15 21:35:11 INFO SecurityManager: SecurityManager: authentication disabled; ui acls disabled; users with view permissions: airflow; groups with view permissions: EMPTY; users with modify permissions: airflow; groups with modify permissions: EMPTY
[2026-03-15T21:35:11.687+0000] {subprocess.py:93} INFO - 26/03/15 21:35:11 INFO Utils: Successfully started service 'sparkDriver' on port 33081.
[2026-03-15T21:35:11.763+0000] {subprocess.py:93} INFO - 26/03/15 21:35:11 INFO SparkEnv: Registering MapOutputTracker
[2026-03-15T21:35:11.865+0000] {subprocess.py:93} INFO - 26/03/15 21:35:11 INFO SparkEnv: Registering BlockManagerMaster
[2026-03-15T21:35:11.904+0000] {subprocess.py:93} INFO - 26/03/15 21:35:11 INFO BlockManagerMasterEndpoint: Using org.apache.spark.storage.DefaultTopologyMapper for getting topology information
[2026-03-15T21:35:11.907+0000] {subprocess.py:93} INFO - 26/03/15 21:35:11 INFO BlockManagerMasterEndpoint: BlockManagerMasterEndpoint up
[2026-03-15T21:35:11.915+0000] {subprocess.py:93} INFO - 26/03/15 21:35:11 INFO SparkEnv: Registering BlockManagerMasterHeartbeat
[2026-03-15T21:35:11.954+0000] {subprocess.py:93} INFO - 26/03/15 21:35:11 INFO DiskBlockManager: Created local directory at /tmp/blockmgr-1f2ec288-5e53-4e97-99b8-8dc6f911c296
[2026-03-15T21:35:11.986+0000] {subprocess.py:93} INFO - 26/03/15 21:35:11 INFO MemoryStore: MemoryStore started with capacity 434.4 MiB
[2026-03-15T21:35:12.015+0000] {subprocess.py:93} INFO - 26/03/15 21:35:12 INFO SparkEnv: Registering OutputCommitCoordinator
[2026-03-15T21:35:12.261+0000] {subprocess.py:93} INFO - 26/03/15 21:35:12 INFO JettyUtils: Start Jetty 0.0.0.0:4040 for SparkUI
[2026-03-15T21:35:12.385+0000] {subprocess.py:93} INFO - 26/03/15 21:35:12 INFO Utils: Successfully started service 'SparkUI' on port 4040.
[2026-03-15T21:35:12.485+0000] {subprocess.py:93} INFO - 26/03/15 21:35:12 ERROR SparkContext: Failed to add spark/jars/postgresql-42.7.3.jar to Spark environment
[2026-03-15T21:35:12.486+0000] {subprocess.py:93} INFO - java.io.FileNotFoundException: Jar /tmp/airflowtmpdrtjj325/spark/jars/postgresql-42.7.3.jar not found
[2026-03-15T21:35:12.486+0000] {subprocess.py:93} INFO - 	at org.apache.spark.SparkContext.addLocalJarFile$1(SparkContext.scala:2095)
[2026-03-15T21:35:12.487+0000] {subprocess.py:93} INFO - 	at org.apache.spark.SparkContext.addJar(SparkContext.scala:2151)
[2026-03-15T21:35:12.488+0000] {subprocess.py:93} INFO - 	at org.apache.spark.SparkContext.$anonfun$new$15(SparkContext.scala:521)
[2026-03-15T21:35:12.489+0000] {subprocess.py:93} INFO - 	at org.apache.spark.SparkContext.$anonfun$new$15$adapted(SparkContext.scala:521)
[2026-03-15T21:35:12.490+0000] {subprocess.py:93} INFO - 	at scala.collection.mutable.ResizableArray.foreach(ResizableArray.scala:62)
[2026-03-15T21:35:12.491+0000] {subprocess.py:93} INFO - 	at scala.collection.mutable.ResizableArray.foreach$(ResizableArray.scala:55)
[2026-03-15T21:35:12.491+0000] {subprocess.py:93} INFO - 	at scala.collection.mutable.ArrayBuffer.foreach(ArrayBuffer.scala:49)
[2026-03-15T21:35:12.492+0000] {subprocess.py:93} INFO - 	at org.apache.spark.SparkContext.<init>(SparkContext.scala:521)
[2026-03-15T21:35:12.495+0000] {subprocess.py:93} INFO - 	at org.apache.spark.api.java.JavaSparkContext.<init>(JavaSparkContext.scala:58)
[2026-03-15T21:35:12.495+0000] {subprocess.py:93} INFO - 	at java.base/jdk.internal.reflect.NativeConstructorAccessorImpl.newInstance0(Native Method)
[2026-03-15T21:35:12.499+0000] {subprocess.py:93} INFO - 	at java.base/jdk.internal.reflect.NativeConstructorAccessorImpl.newInstance(NativeConstructorAccessorImpl.java:77)
[2026-03-15T21:35:12.500+0000] {subprocess.py:93} INFO - 	at java.base/jdk.internal.reflect.DelegatingConstructorAccessorImpl.newInstance(DelegatingConstructorAccessorImpl.java:45)
[2026-03-15T21:35:12.501+0000] {subprocess.py:93} INFO - 	at java.base/java.lang.reflect.Constructor.newInstanceWithCaller(Constructor.java:500)
[2026-03-15T21:35:12.501+0000] {subprocess.py:93} INFO - 	at java.base/java.lang.reflect.Constructor.newInstance(Constructor.java:481)
[2026-03-15T21:35:12.502+0000] {subprocess.py:93} INFO - 	at py4j.reflection.MethodInvoker.invoke(MethodInvoker.java:247)
[2026-03-15T21:35:12.503+0000] {subprocess.py:93} INFO - 	at py4j.reflection.ReflectionEngine.invoke(ReflectionEngine.java:374)
[2026-03-15T21:35:12.504+0000] {subprocess.py:93} INFO - 	at py4j.Gateway.invoke(Gateway.java:238)
[2026-03-15T21:35:12.505+0000] {subprocess.py:93} INFO - 	at py4j.commands.ConstructorCommand.invokeConstructor(ConstructorCommand.java:80)
[2026-03-15T21:35:12.511+0000] {subprocess.py:93} INFO - 	at py4j.commands.ConstructorCommand.execute(ConstructorCommand.java:69)
[2026-03-15T21:35:12.513+0000] {subprocess.py:93} INFO - 	at py4j.ClientServerConnection.waitForCommands(ClientServerConnection.java:182)
[2026-03-15T21:35:12.517+0000] {subprocess.py:93} INFO - 	at py4j.ClientServerConnection.run(ClientServerConnection.java:106)
[2026-03-15T21:35:12.519+0000] {subprocess.py:93} INFO - 	at java.base/java.lang.Thread.run(Thread.java:840)
[2026-03-15T21:35:12.722+0000] {subprocess.py:93} INFO - 26/03/15 21:35:12 INFO Executor: Starting executor ID driver on host 693df5566a25
[2026-03-15T21:35:12.729+0000] {subprocess.py:93} INFO - 26/03/15 21:35:12 INFO Executor: OS info Linux, 5.15.167.4-microsoft-standard-WSL2, amd64
[2026-03-15T21:35:12.731+0000] {subprocess.py:93} INFO - 26/03/15 21:35:12 INFO Executor: Java version 17.0.18
[2026-03-15T21:35:12.770+0000] {subprocess.py:93} INFO - 26/03/15 21:35:12 INFO Executor: Starting executor with user classpath (userClassPathFirst = false): ''
[2026-03-15T21:35:12.774+0000] {subprocess.py:93} INFO - 26/03/15 21:35:12 INFO Executor: Created or updated repl class loader org.apache.spark.util.MutableURLClassLoader@1d7409c3 for default.
[2026-03-15T21:35:12.847+0000] {subprocess.py:93} INFO - 26/03/15 21:35:12 INFO Utils: Successfully started service 'org.apache.spark.network.netty.NettyBlockTransferService' on port 37329.
[2026-03-15T21:35:12.848+0000] {subprocess.py:93} INFO - 26/03/15 21:35:12 INFO NettyBlockTransferService: Server created on 693df5566a25:37329
[2026-03-15T21:35:12.854+0000] {subprocess.py:93} INFO - 26/03/15 21:35:12 INFO BlockManager: Using org.apache.spark.storage.RandomBlockReplicationPolicy for block replication policy
[2026-03-15T21:35:12.876+0000] {subprocess.py:93} INFO - 26/03/15 21:35:12 INFO BlockManagerMaster: Registering BlockManager BlockManagerId(driver, 693df5566a25, 37329, None)
[2026-03-15T21:35:12.891+0000] {subprocess.py:93} INFO - 26/03/15 21:35:12 INFO BlockManagerMasterEndpoint: Registering block manager 693df5566a25:37329 with 434.4 MiB RAM, BlockManagerId(driver, 693df5566a25, 37329, None)
[2026-03-15T21:35:12.911+0000] {subprocess.py:93} INFO - 26/03/15 21:35:12 INFO BlockManagerMaster: Registered BlockManager BlockManagerId(driver, 693df5566a25, 37329, None)
[2026-03-15T21:35:12.914+0000] {subprocess.py:93} INFO - 26/03/15 21:35:12 INFO BlockManager: Initialized BlockManager: BlockManagerId(driver, 693df5566a25, 37329, None)
[2026-03-15T21:35:14.159+0000] {subprocess.py:93} INFO - Traceback (most recent call last):
[2026-03-15T21:35:14.160+0000] {subprocess.py:93} INFO -   File "/opt/airflow/spark/spark_processor.py", line 10, in <module>
[2026-03-15T21:35:14.160+0000] {subprocess.py:93} INFO -     conn = psycopg2.connect(
[2026-03-15T21:35:14.161+0000] {subprocess.py:93} INFO -   File "/home/airflow/.local/lib/python3.8/site-packages/psycopg2/__init__.py", line 122, in connect
[2026-03-15T21:35:14.161+0000] {subprocess.py:93} INFO -     conn = _connect(dsn, connection_factory=connection_factory, **kwasync)
[2026-03-15T21:35:14.162+0000] {subprocess.py:93} INFO - psycopg2.OperationalError: connection to server at "localhost" (::1), port 5432 failed: Connection refused
[2026-03-15T21:35:14.162+0000] {subprocess.py:93} INFO - 	Is the server running on that host and accepting TCP/IP connections?
[2026-03-15T21:35:14.162+0000] {subprocess.py:93} INFO - connection to server at "localhost" (127.0.0.1), port 5432 failed: Connection refused
[2026-03-15T21:35:14.163+0000] {subprocess.py:93} INFO - 	Is the server running on that host and accepting TCP/IP connections?
[2026-03-15T21:35:14.163+0000] {subprocess.py:93} INFO - 
[2026-03-15T21:35:14.261+0000] {subprocess.py:93} INFO - 26/03/15 21:35:14 INFO SparkContext: Invoking stop() from shutdown hook
[2026-03-15T21:35:14.262+0000] {subprocess.py:93} INFO - 26/03/15 21:35:14 INFO SparkContext: SparkContext is stopping with exitCode 0.
[2026-03-15T21:35:14.290+0000] {subprocess.py:93} INFO - 26/03/15 21:35:14 INFO SparkUI: Stopped Spark web UI at http://693df5566a25:4040
[2026-03-15T21:35:14.324+0000] {subprocess.py:93} INFO - 26/03/15 21:35:14 INFO MapOutputTrackerMasterEndpoint: MapOutputTrackerMasterEndpoint stopped!
[2026-03-15T21:35:14.348+0000] {subprocess.py:93} INFO - 26/03/15 21:35:14 INFO MemoryStore: MemoryStore cleared
[2026-03-15T21:35:14.349+0000] {subprocess.py:93} INFO - 26/03/15 21:35:14 INFO BlockManager: BlockManager stopped
[2026-03-15T21:35:14.359+0000] {subprocess.py:93} INFO - 26/03/15 21:35:14 INFO BlockManagerMaster: BlockManagerMaster stopped
[2026-03-15T21:35:14.365+0000] {subprocess.py:93} INFO - 26/03/15 21:35:14 INFO OutputCommitCoordinator$OutputCommitCoordinatorEndpoint: OutputCommitCoordinator stopped!
[2026-03-15T21:35:14.381+0000] {subprocess.py:93} INFO - 26/03/15 21:35:14 INFO SparkContext: Successfully stopped SparkContext
[2026-03-15T21:35:14.382+0000] {subprocess.py:93} INFO - 26/03/15 21:35:14 INFO ShutdownHookManager: Shutdown hook called
[2026-03-15T21:35:14.383+0000] {subprocess.py:93} INFO - 26/03/15 21:35:14 INFO ShutdownHookManager: Deleting directory /tmp/spark-48d672c7-4c36-41ad-9818-7e8f17251811
[2026-03-15T21:35:14.397+0000] {subprocess.py:93} INFO - 26/03/15 21:35:14 INFO ShutdownHookManager: Deleting directory /tmp/spark-286bcd03-1d8d-490d-9dcd-668c37671c6e/pyspark-9d4eb784-47e4-4085-b39a-00b2ad833c4b
[2026-03-15T21:35:14.405+0000] {subprocess.py:93} INFO - 26/03/15 21:35:14 INFO ShutdownHookManager: Deleting directory /tmp/spark-286bcd03-1d8d-490d-9dcd-668c37671c6e
[2026-03-15T21:35:14.806+0000] {subprocess.py:97} INFO - Command exited with return code 1
[2026-03-15T21:35:14.846+0000] {taskinstance.py:2698} ERROR - Task failed with exception
Traceback (most recent call last):
  File "/home/airflow/.local/lib/python3.8/site-packages/airflow/models/taskinstance.py", line 433, in _execute_task
    result = execute_callable(context=context, **execute_callable_kwargs)
  File "/home/airflow/.local/lib/python3.8/site-packages/airflow/operators/bash.py", line 212, in execute
    raise AirflowException(
airflow.exceptions.AirflowException: Bash command failed. The command returned a non-zero exit code 1.
[2026-03-15T21:35:14.865+0000] {taskinstance.py:1138} INFO - Marking task as FAILED. dag_id=pipeline_gps, task_id=task_process, execution_date=20260315T213000, start_date=20260315T213506, end_date=20260315T213514
[2026-03-15T21:35:14.950+0000] {standard_task_runner.py:107} ERROR - Failed to execute job 524 for task task_process (Bash command failed. The command returned a non-zero exit code 1.; 3668)
[2026-03-15T21:35:14.985+0000] {local_task_job_runner.py:234} INFO - Task exited with return code 1
[2026-03-15T21:35:15.023+0000] {taskinstance.py:3280} INFO - 0 downstream tasks scheduled from follow-on schedule check
