[2026-03-16T15:07:51.055+0000] {taskinstance.py:1956} INFO - Dependencies all met for dep_context=non-requeueable deps ti=<TaskInstance: pipeline_gps.task_process scheduled__2026-03-16T14:40:00+00:00 [queued]>
[2026-03-16T15:07:51.071+0000] {taskinstance.py:1956} INFO - Dependencies all met for dep_context=requeueable deps ti=<TaskInstance: pipeline_gps.task_process scheduled__2026-03-16T14:40:00+00:00 [queued]>
[2026-03-16T15:07:51.072+0000] {taskinstance.py:2170} INFO - Starting attempt 2 of 1
[2026-03-16T15:07:51.170+0000] {taskinstance.py:2191} INFO - Executing <Task(BashOperator): task_process> on 2026-03-16 14:40:00+00:00
[2026-03-16T15:07:51.186+0000] {standard_task_runner.py:60} INFO - Started process 29 to run task
[2026-03-16T15:07:51.197+0000] {standard_task_runner.py:87} INFO - Running: ['airflow', 'tasks', 'run', 'pipeline_gps', 'task_process', 'scheduled__2026-03-16T14:40:00+00:00', '--job-id', '605', '--raw', '--subdir', 'DAGS_FOLDER/pipeline_gps.py', '--cfg-path', '/tmp/tmppcapm4_0']
[2026-03-16T15:07:51.201+0000] {standard_task_runner.py:88} INFO - Job 605: Subtask task_process
[2026-03-16T15:07:51.395+0000] {task_command.py:423} INFO - Running <TaskInstance: pipeline_gps.task_process scheduled__2026-03-16T14:40:00+00:00 [running]> on host e3430f617ad9
[2026-03-16T15:07:51.622+0000] {taskinstance.py:2480} INFO - Exporting env vars: AIRFLOW_CTX_DAG_OWNER='airflow' AIRFLOW_CTX_DAG_ID='pipeline_gps' AIRFLOW_CTX_TASK_ID='task_process' AIRFLOW_CTX_EXECUTION_DATE='2026-03-16T14:40:00+00:00' AIRFLOW_CTX_TRY_NUMBER='2' AIRFLOW_CTX_DAG_RUN_ID='scheduled__2026-03-16T14:40:00+00:00'
[2026-03-16T15:07:51.630+0000] {subprocess.py:63} INFO - Tmp dir root location: /tmp
[2026-03-16T15:07:51.633+0000] {subprocess.py:75} INFO - Running command: ['/usr/bin/bash', '-c', 'python /opt/airflow/spark/spark_processor.py']
[2026-03-16T15:07:51.655+0000] {subprocess.py:86} INFO - Output:
[2026-03-16T15:08:02.600+0000] {subprocess.py:93} INFO - 26/03/16 15:08:02 WARN NativeCodeLoader: Unable to load native-hadoop library for your platform... using builtin-java classes where applicable
[2026-03-16T15:08:03.414+0000] {subprocess.py:93} INFO - Setting default log level to "WARN".
[2026-03-16T15:08:03.415+0000] {subprocess.py:93} INFO - To adjust logging level use sc.setLogLevel(newLevel). For SparkR, use setLogLevel(newLevel).
[2026-03-16T15:08:22.896+0000] {subprocess.py:93} INFO - Traceback (most recent call last):
[2026-03-16T15:08:22.897+0000] {subprocess.py:93} INFO -   File "/opt/airflow/spark/spark_processor.py", line 10, in <module>
[2026-03-16T15:08:22.897+0000] {subprocess.py:93} INFO -     conn = psycopg2.connect(
[2026-03-16T15:08:22.898+0000] {subprocess.py:93} INFO -   File "/home/airflow/.local/lib/python3.8/site-packages/psycopg2/__init__.py", line 122, in connect
[2026-03-16T15:08:22.898+0000] {subprocess.py:93} INFO -     conn = _connect(dsn, connection_factory=connection_factory, **kwasync)
[2026-03-16T15:08:22.898+0000] {subprocess.py:93} INFO - psycopg2.OperationalError: could not translate host name "postgres-postgis" to address: Name or service not known
[2026-03-16T15:08:22.899+0000] {subprocess.py:93} INFO - 
[2026-03-16T15:08:24.183+0000] {subprocess.py:97} INFO - Command exited with return code 1
[2026-03-16T15:08:24.236+0000] {taskinstance.py:2698} ERROR - Task failed with exception
Traceback (most recent call last):
  File "/home/airflow/.local/lib/python3.8/site-packages/airflow/models/taskinstance.py", line 433, in _execute_task
    result = execute_callable(context=context, **execute_callable_kwargs)
  File "/home/airflow/.local/lib/python3.8/site-packages/airflow/operators/bash.py", line 212, in execute
    raise AirflowException(
airflow.exceptions.AirflowException: Bash command failed. The command returned a non-zero exit code 1.
[2026-03-16T15:08:24.254+0000] {taskinstance.py:1138} INFO - Marking task as FAILED. dag_id=pipeline_gps, task_id=task_process, execution_date=20260316T144000, start_date=20260316T150751, end_date=20260316T150824
[2026-03-16T15:08:24.350+0000] {standard_task_runner.py:107} ERROR - Failed to execute job 605 for task task_process (Bash command failed. The command returned a non-zero exit code 1.; 29)
[2026-03-16T15:08:24.388+0000] {local_task_job_runner.py:234} INFO - Task exited with return code 1
[2026-03-16T15:08:24.511+0000] {taskinstance.py:3280} INFO - 0 downstream tasks scheduled from follow-on schedule check
