[2026-03-16T02:25:11.185+0000] {taskinstance.py:1956} INFO - Dependencies all met for dep_context=non-requeueable deps ti=<TaskInstance: pipeline_gps.task_process scheduled__2026-03-16T02:20:00+00:00 [queued]>
[2026-03-16T02:25:11.202+0000] {taskinstance.py:1956} INFO - Dependencies all met for dep_context=requeueable deps ti=<TaskInstance: pipeline_gps.task_process scheduled__2026-03-16T02:20:00+00:00 [queued]>
[2026-03-16T02:25:11.203+0000] {taskinstance.py:2170} INFO - Starting attempt 1 of 1
[2026-03-16T02:25:11.231+0000] {taskinstance.py:2191} INFO - Executing <Task(BashOperator): task_process> on 2026-03-16 02:20:00+00:00
[2026-03-16T02:25:11.238+0000] {standard_task_runner.py:60} INFO - Started process 585 to run task
[2026-03-16T02:25:11.247+0000] {standard_task_runner.py:87} INFO - Running: ['airflow', 'tasks', 'run', 'pipeline_gps', 'task_process', 'scheduled__2026-03-16T02:20:00+00:00', '--job-id', '565', '--raw', '--subdir', 'DAGS_FOLDER/pipeline_gps.py', '--cfg-path', '/tmp/tmpqt65cl0q']
[2026-03-16T02:25:11.251+0000] {standard_task_runner.py:88} INFO - Job 565: Subtask task_process
[2026-03-16T02:25:11.353+0000] {task_command.py:423} INFO - Running <TaskInstance: pipeline_gps.task_process scheduled__2026-03-16T02:20:00+00:00 [running]> on host 7a4ac054b34c
[2026-03-16T02:25:11.506+0000] {taskinstance.py:2480} INFO - Exporting env vars: AIRFLOW_CTX_DAG_OWNER='airflow' AIRFLOW_CTX_DAG_ID='pipeline_gps' AIRFLOW_CTX_TASK_ID='task_process' AIRFLOW_CTX_EXECUTION_DATE='2026-03-16T02:20:00+00:00' AIRFLOW_CTX_TRY_NUMBER='1' AIRFLOW_CTX_DAG_RUN_ID='scheduled__2026-03-16T02:20:00+00:00'
[2026-03-16T02:25:11.508+0000] {subprocess.py:63} INFO - Tmp dir root location: /tmp
[2026-03-16T02:25:11.510+0000] {subprocess.py:75} INFO - Running command: ['/usr/bin/bash', '-c', 'python /opt/airflow/spark/spark_processor.py']
[2026-03-16T02:25:11.537+0000] {subprocess.py:86} INFO - Output:
[2026-03-16T02:25:18.523+0000] {subprocess.py:93} INFO - 26/03/16 02:25:18 WARN NativeCodeLoader: Unable to load native-hadoop library for your platform... using builtin-java classes where applicable
[2026-03-16T02:25:18.968+0000] {subprocess.py:93} INFO - 26/03/16 02:25:18 WARN DependencyUtils: Local jar /tmp/airflowtmpch_8udi4/spark/jars/postgresql-42.7.3.jar does not exist, skipping.
[2026-03-16T02:25:19.260+0000] {subprocess.py:93} INFO - 26/03/16 02:25:19 INFO SparkContext: Running Spark version 3.5.8
[2026-03-16T02:25:19.261+0000] {subprocess.py:93} INFO - 26/03/16 02:25:19 INFO SparkContext: OS info Linux, 5.15.167.4-microsoft-standard-WSL2, amd64
[2026-03-16T02:25:19.263+0000] {subprocess.py:93} INFO - 26/03/16 02:25:19 INFO SparkContext: Java version 17.0.18
[2026-03-16T02:25:19.345+0000] {subprocess.py:93} INFO - 26/03/16 02:25:19 INFO ResourceUtils: ==============================================================
[2026-03-16T02:25:19.347+0000] {subprocess.py:93} INFO - 26/03/16 02:25:19 INFO ResourceUtils: No custom resources configured for spark.driver.
[2026-03-16T02:25:19.349+0000] {subprocess.py:93} INFO - 26/03/16 02:25:19 INFO ResourceUtils: ==============================================================
[2026-03-16T02:25:19.350+0000] {subprocess.py:93} INFO - 26/03/16 02:25:19 INFO SparkContext: Submitted application: gps_processor
[2026-03-16T02:25:19.414+0000] {subprocess.py:93} INFO - 26/03/16 02:25:19 INFO ResourceProfile: Default ResourceProfile created, executor resources: Map(cores -> name: cores, amount: 1, script: , vendor: , memory -> name: memory, amount: 1024, script: , vendor: , offHeap -> name: offHeap, amount: 0, script: , vendor: ), task resources: Map(cpus -> name: cpus, amount: 1.0)
[2026-03-16T02:25:19.428+0000] {subprocess.py:93} INFO - 26/03/16 02:25:19 INFO ResourceProfile: Limiting resource is cpu
[2026-03-16T02:25:19.429+0000] {subprocess.py:93} INFO - 26/03/16 02:25:19 INFO ResourceProfileManager: Added ResourceProfile id: 0
[2026-03-16T02:25:19.575+0000] {subprocess.py:93} INFO - 26/03/16 02:25:19 INFO SecurityManager: Changing view acls to: airflow
[2026-03-16T02:25:19.576+0000] {subprocess.py:93} INFO - 26/03/16 02:25:19 INFO SecurityManager: Changing modify acls to: airflow
[2026-03-16T02:25:19.577+0000] {subprocess.py:93} INFO - 26/03/16 02:25:19 INFO SecurityManager: Changing view acls groups to:
[2026-03-16T02:25:19.579+0000] {subprocess.py:93} INFO - 26/03/16 02:25:19 INFO SecurityManager: Changing modify acls groups to:
[2026-03-16T02:25:19.580+0000] {subprocess.py:93} INFO - 26/03/16 02:25:19 INFO SecurityManager: SecurityManager: authentication disabled; ui acls disabled; users with view permissions: airflow; groups with view permissions: EMPTY; users with modify permissions: airflow; groups with modify permissions: EMPTY
[2026-03-16T02:25:20.171+0000] {subprocess.py:93} INFO - 26/03/16 02:25:20 INFO Utils: Successfully started service 'sparkDriver' on port 46541.
[2026-03-16T02:25:20.261+0000] {subprocess.py:93} INFO - 26/03/16 02:25:20 INFO SparkEnv: Registering MapOutputTracker
[2026-03-16T02:25:20.350+0000] {subprocess.py:93} INFO - 26/03/16 02:25:20 INFO SparkEnv: Registering BlockManagerMaster
[2026-03-16T02:25:20.404+0000] {subprocess.py:93} INFO - 26/03/16 02:25:20 INFO BlockManagerMasterEndpoint: Using org.apache.spark.storage.DefaultTopologyMapper for getting topology information
[2026-03-16T02:25:20.406+0000] {subprocess.py:93} INFO - 26/03/16 02:25:20 INFO BlockManagerMasterEndpoint: BlockManagerMasterEndpoint up
[2026-03-16T02:25:20.417+0000] {subprocess.py:93} INFO - 26/03/16 02:25:20 INFO SparkEnv: Registering BlockManagerMasterHeartbeat
[2026-03-16T02:25:20.492+0000] {subprocess.py:93} INFO - 26/03/16 02:25:20 INFO DiskBlockManager: Created local directory at /tmp/blockmgr-caf4327b-0950-4608-8e93-25a9df076a43
[2026-03-16T02:25:20.528+0000] {subprocess.py:93} INFO - 26/03/16 02:25:20 INFO MemoryStore: MemoryStore started with capacity 434.4 MiB
[2026-03-16T02:25:20.570+0000] {subprocess.py:93} INFO - 26/03/16 02:25:20 INFO SparkEnv: Registering OutputCommitCoordinator
[2026-03-16T02:25:20.869+0000] {subprocess.py:93} INFO - 26/03/16 02:25:20 INFO JettyUtils: Start Jetty 0.0.0.0:4040 for SparkUI
[2026-03-16T02:25:21.015+0000] {subprocess.py:93} INFO - 26/03/16 02:25:21 INFO Utils: Successfully started service 'SparkUI' on port 4040.
[2026-03-16T02:25:21.097+0000] {subprocess.py:93} INFO - 26/03/16 02:25:21 ERROR SparkContext: Failed to add spark/jars/postgresql-42.7.3.jar to Spark environment
[2026-03-16T02:25:21.098+0000] {subprocess.py:93} INFO - java.io.FileNotFoundException: Jar /tmp/airflowtmpch_8udi4/spark/jars/postgresql-42.7.3.jar not found
[2026-03-16T02:25:21.099+0000] {subprocess.py:93} INFO - 	at org.apache.spark.SparkContext.addLocalJarFile$1(SparkContext.scala:2095)
[2026-03-16T02:25:21.099+0000] {subprocess.py:93} INFO - 	at org.apache.spark.SparkContext.addJar(SparkContext.scala:2151)
[2026-03-16T02:25:21.100+0000] {subprocess.py:93} INFO - 	at org.apache.spark.SparkContext.$anonfun$new$15(SparkContext.scala:521)
[2026-03-16T02:25:21.101+0000] {subprocess.py:93} INFO - 	at org.apache.spark.SparkContext.$anonfun$new$15$adapted(SparkContext.scala:521)
[2026-03-16T02:25:21.102+0000] {subprocess.py:93} INFO - 	at scala.collection.mutable.ResizableArray.foreach(ResizableArray.scala:62)
[2026-03-16T02:25:21.102+0000] {subprocess.py:93} INFO - 	at scala.collection.mutable.ResizableArray.foreach$(ResizableArray.scala:55)
[2026-03-16T02:25:21.103+0000] {subprocess.py:93} INFO - 	at scala.collection.mutable.ArrayBuffer.foreach(ArrayBuffer.scala:49)
[2026-03-16T02:25:21.103+0000] {subprocess.py:93} INFO - 	at org.apache.spark.SparkContext.<init>(SparkContext.scala:521)
[2026-03-16T02:25:21.104+0000] {subprocess.py:93} INFO - 	at org.apache.spark.api.java.JavaSparkContext.<init>(JavaSparkContext.scala:58)
[2026-03-16T02:25:21.104+0000] {subprocess.py:93} INFO - 	at java.base/jdk.internal.reflect.NativeConstructorAccessorImpl.newInstance0(Native Method)
[2026-03-16T02:25:21.105+0000] {subprocess.py:93} INFO - 	at java.base/jdk.internal.reflect.NativeConstructorAccessorImpl.newInstance(NativeConstructorAccessorImpl.java:77)
[2026-03-16T02:25:21.105+0000] {subprocess.py:93} INFO - 	at java.base/jdk.internal.reflect.DelegatingConstructorAccessorImpl.newInstance(DelegatingConstructorAccessorImpl.java:45)
[2026-03-16T02:25:21.106+0000] {subprocess.py:93} INFO - 	at java.base/java.lang.reflect.Constructor.newInstanceWithCaller(Constructor.java:500)
[2026-03-16T02:25:21.106+0000] {subprocess.py:93} INFO - 	at java.base/java.lang.reflect.Constructor.newInstance(Constructor.java:481)
[2026-03-16T02:25:21.107+0000] {subprocess.py:93} INFO - 	at py4j.reflection.MethodInvoker.invoke(MethodInvoker.java:247)
[2026-03-16T02:25:21.107+0000] {subprocess.py:93} INFO - 	at py4j.reflection.ReflectionEngine.invoke(ReflectionEngine.java:374)
[2026-03-16T02:25:21.107+0000] {subprocess.py:93} INFO - 	at py4j.Gateway.invoke(Gateway.java:238)
[2026-03-16T02:25:21.108+0000] {subprocess.py:93} INFO - 	at py4j.commands.ConstructorCommand.invokeConstructor(ConstructorCommand.java:80)
[2026-03-16T02:25:21.108+0000] {subprocess.py:93} INFO - 	at py4j.commands.ConstructorCommand.execute(ConstructorCommand.java:69)
[2026-03-16T02:25:21.108+0000] {subprocess.py:93} INFO - 	at py4j.ClientServerConnection.waitForCommands(ClientServerConnection.java:182)
[2026-03-16T02:25:21.109+0000] {subprocess.py:93} INFO - 	at py4j.ClientServerConnection.run(ClientServerConnection.java:106)
[2026-03-16T02:25:21.109+0000] {subprocess.py:93} INFO - 	at java.base/java.lang.Thread.run(Thread.java:840)
[2026-03-16T02:25:21.247+0000] {subprocess.py:93} INFO - 26/03/16 02:25:21 INFO Executor: Starting executor ID driver on host 7a4ac054b34c
[2026-03-16T02:25:21.249+0000] {subprocess.py:93} INFO - 26/03/16 02:25:21 INFO Executor: OS info Linux, 5.15.167.4-microsoft-standard-WSL2, amd64
[2026-03-16T02:25:21.249+0000] {subprocess.py:93} INFO - 26/03/16 02:25:21 INFO Executor: Java version 17.0.18
[2026-03-16T02:25:21.264+0000] {subprocess.py:93} INFO - 26/03/16 02:25:21 INFO Executor: Starting executor with user classpath (userClassPathFirst = false): ''
[2026-03-16T02:25:21.266+0000] {subprocess.py:93} INFO - 26/03/16 02:25:21 INFO Executor: Created or updated repl class loader org.apache.spark.util.MutableURLClassLoader@58079d3e for default.
[2026-03-16T02:25:21.331+0000] {subprocess.py:93} INFO - 26/03/16 02:25:21 INFO Utils: Successfully started service 'org.apache.spark.network.netty.NettyBlockTransferService' on port 43419.
[2026-03-16T02:25:21.332+0000] {subprocess.py:93} INFO - 26/03/16 02:25:21 INFO NettyBlockTransferService: Server created on 7a4ac054b34c:43419
[2026-03-16T02:25:21.336+0000] {subprocess.py:93} INFO - 26/03/16 02:25:21 INFO BlockManager: Using org.apache.spark.storage.RandomBlockReplicationPolicy for block replication policy
[2026-03-16T02:25:21.366+0000] {subprocess.py:93} INFO - 26/03/16 02:25:21 INFO BlockManagerMaster: Registering BlockManager BlockManagerId(driver, 7a4ac054b34c, 43419, None)
[2026-03-16T02:25:21.377+0000] {subprocess.py:93} INFO - 26/03/16 02:25:21 INFO BlockManagerMasterEndpoint: Registering block manager 7a4ac054b34c:43419 with 434.4 MiB RAM, BlockManagerId(driver, 7a4ac054b34c, 43419, None)
[2026-03-16T02:25:21.384+0000] {subprocess.py:93} INFO - 26/03/16 02:25:21 INFO BlockManagerMaster: Registered BlockManager BlockManagerId(driver, 7a4ac054b34c, 43419, None)
[2026-03-16T02:25:21.387+0000] {subprocess.py:93} INFO - 26/03/16 02:25:21 INFO BlockManager: Initialized BlockManager: BlockManagerId(driver, 7a4ac054b34c, 43419, None)
[2026-03-16T02:25:23.433+0000] {subprocess.py:93} INFO - 26/03/16 02:25:23 INFO SharedState: Setting hive.metastore.warehouse.dir ('null') to the value of spark.sql.warehouse.dir.
[2026-03-16T02:25:23.438+0000] {subprocess.py:93} INFO - 26/03/16 02:25:23 INFO SharedState: Warehouse path is 'file:/tmp/airflowtmpch_8udi4/spark-warehouse'.
[2026-03-16T02:25:25.712+0000] {subprocess.py:93} INFO - Traceback (most recent call last):
[2026-03-16T02:25:25.713+0000] {subprocess.py:93} INFO -   File "/opt/airflow/spark/spark_processor.py", line 21, in <module>
[2026-03-16T02:25:25.714+0000] {subprocess.py:93} INFO -     df = spark.read \
[2026-03-16T02:25:25.714+0000] {subprocess.py:93} INFO -   File "/home/airflow/.local/lib/python3.8/site-packages/pyspark/sql/readwriter.py", line 314, in load
[2026-03-16T02:25:25.714+0000] {subprocess.py:93} INFO -     return self._df(self._jreader.load())
[2026-03-16T02:25:25.715+0000] {subprocess.py:93} INFO -   File "/home/airflow/.local/lib/python3.8/site-packages/py4j/java_gateway.py", line 1362, in __call__
[2026-03-16T02:25:25.715+0000] {subprocess.py:93} INFO -     return_value = get_return_value(
[2026-03-16T02:25:25.715+0000] {subprocess.py:93} INFO -   File "/home/airflow/.local/lib/python3.8/site-packages/pyspark/errors/exceptions/captured.py", line 179, in deco
[2026-03-16T02:25:25.715+0000] {subprocess.py:93} INFO -     return f(*a, **kw)
[2026-03-16T02:25:25.716+0000] {subprocess.py:93} INFO -   File "/home/airflow/.local/lib/python3.8/site-packages/py4j/protocol.py", line 327, in get_return_value
[2026-03-16T02:25:25.716+0000] {subprocess.py:93} INFO -     raise Py4JJavaError(
[2026-03-16T02:25:25.716+0000] {subprocess.py:93} INFO - py4j.protocol.Py4JJavaError: An error occurred while calling o34.load.
[2026-03-16T02:25:25.716+0000] {subprocess.py:93} INFO - : java.lang.ClassNotFoundException: org.postgresql.Driver
[2026-03-16T02:25:25.716+0000] {subprocess.py:93} INFO - 	at java.base/java.net.URLClassLoader.findClass(URLClassLoader.java:445)
[2026-03-16T02:25:25.717+0000] {subprocess.py:93} INFO - 	at java.base/java.lang.ClassLoader.loadClass(ClassLoader.java:592)
[2026-03-16T02:25:25.717+0000] {subprocess.py:93} INFO - 	at java.base/java.lang.ClassLoader.loadClass(ClassLoader.java:525)
[2026-03-16T02:25:25.717+0000] {subprocess.py:93} INFO - 	at org.apache.spark.sql.execution.datasources.jdbc.DriverRegistry$.register(DriverRegistry.scala:46)
[2026-03-16T02:25:25.718+0000] {subprocess.py:93} INFO - 	at org.apache.spark.sql.execution.datasources.jdbc.JDBCOptions.$anonfun$driverClass$1(JDBCOptions.scala:103)
[2026-03-16T02:25:25.718+0000] {subprocess.py:93} INFO - 	at org.apache.spark.sql.execution.datasources.jdbc.JDBCOptions.$anonfun$driverClass$1$adapted(JDBCOptions.scala:103)
[2026-03-16T02:25:25.718+0000] {subprocess.py:93} INFO - 	at scala.Option.foreach(Option.scala:407)
[2026-03-16T02:25:25.718+0000] {subprocess.py:93} INFO - 	at org.apache.spark.sql.execution.datasources.jdbc.JDBCOptions.<init>(JDBCOptions.scala:103)
[2026-03-16T02:25:25.719+0000] {subprocess.py:93} INFO - 	at org.apache.spark.sql.execution.datasources.jdbc.JDBCOptions.<init>(JDBCOptions.scala:41)
[2026-03-16T02:25:25.719+0000] {subprocess.py:93} INFO - 	at org.apache.spark.sql.execution.datasources.jdbc.JdbcRelationProvider.createRelation(JdbcRelationProvider.scala:34)
[2026-03-16T02:25:25.719+0000] {subprocess.py:93} INFO - 	at org.apache.spark.sql.execution.datasources.DataSource.resolveRelation(DataSource.scala:346)
[2026-03-16T02:25:25.719+0000] {subprocess.py:93} INFO - 	at org.apache.spark.sql.DataFrameReader.loadV1Source(DataFrameReader.scala:229)
[2026-03-16T02:25:25.720+0000] {subprocess.py:93} INFO - 	at org.apache.spark.sql.DataFrameReader.$anonfun$load$2(DataFrameReader.scala:211)
[2026-03-16T02:25:25.720+0000] {subprocess.py:93} INFO - 	at scala.Option.getOrElse(Option.scala:189)
[2026-03-16T02:25:25.720+0000] {subprocess.py:93} INFO - 	at org.apache.spark.sql.DataFrameReader.load(DataFrameReader.scala:211)
[2026-03-16T02:25:25.720+0000] {subprocess.py:93} INFO - 	at org.apache.spark.sql.DataFrameReader.load(DataFrameReader.scala:172)
[2026-03-16T02:25:25.721+0000] {subprocess.py:93} INFO - 	at java.base/jdk.internal.reflect.NativeMethodAccessorImpl.invoke0(Native Method)
[2026-03-16T02:25:25.721+0000] {subprocess.py:93} INFO - 	at java.base/jdk.internal.reflect.NativeMethodAccessorImpl.invoke(NativeMethodAccessorImpl.java:77)
[2026-03-16T02:25:25.722+0000] {subprocess.py:93} INFO - 	at java.base/jdk.internal.reflect.DelegatingMethodAccessorImpl.invoke(DelegatingMethodAccessorImpl.java:43)
[2026-03-16T02:25:25.722+0000] {subprocess.py:93} INFO - 	at java.base/java.lang.reflect.Method.invoke(Method.java:569)
[2026-03-16T02:25:25.722+0000] {subprocess.py:93} INFO - 	at py4j.reflection.MethodInvoker.invoke(MethodInvoker.java:244)
[2026-03-16T02:25:25.722+0000] {subprocess.py:93} INFO - 	at py4j.reflection.ReflectionEngine.invoke(ReflectionEngine.java:374)
[2026-03-16T02:25:25.723+0000] {subprocess.py:93} INFO - 	at py4j.Gateway.invoke(Gateway.java:282)
[2026-03-16T02:25:25.723+0000] {subprocess.py:93} INFO - 	at py4j.commands.AbstractCommand.invokeMethod(AbstractCommand.java:132)
[2026-03-16T02:25:25.723+0000] {subprocess.py:93} INFO - 	at py4j.commands.CallCommand.execute(CallCommand.java:79)
[2026-03-16T02:25:25.724+0000] {subprocess.py:93} INFO - 	at py4j.ClientServerConnection.waitForCommands(ClientServerConnection.java:182)
[2026-03-16T02:25:25.724+0000] {subprocess.py:93} INFO - 	at py4j.ClientServerConnection.run(ClientServerConnection.java:106)
[2026-03-16T02:25:25.724+0000] {subprocess.py:93} INFO - 	at java.base/java.lang.Thread.run(Thread.java:840)
[2026-03-16T02:25:25.725+0000] {subprocess.py:93} INFO - 
[2026-03-16T02:25:25.918+0000] {subprocess.py:93} INFO - 26/03/16 02:25:25 INFO SparkContext: Invoking stop() from shutdown hook
[2026-03-16T02:25:25.919+0000] {subprocess.py:93} INFO - 26/03/16 02:25:25 INFO SparkContext: SparkContext is stopping with exitCode 0.
[2026-03-16T02:25:25.951+0000] {subprocess.py:93} INFO - 26/03/16 02:25:25 INFO SparkUI: Stopped Spark web UI at http://7a4ac054b34c:4040
[2026-03-16T02:25:25.981+0000] {subprocess.py:93} INFO - 26/03/16 02:25:25 INFO MapOutputTrackerMasterEndpoint: MapOutputTrackerMasterEndpoint stopped!
[2026-03-16T02:25:26.027+0000] {subprocess.py:93} INFO - 26/03/16 02:25:26 INFO MemoryStore: MemoryStore cleared
[2026-03-16T02:25:26.028+0000] {subprocess.py:93} INFO - 26/03/16 02:25:26 INFO BlockManager: BlockManager stopped
[2026-03-16T02:25:26.050+0000] {subprocess.py:93} INFO - 26/03/16 02:25:26 INFO BlockManagerMaster: BlockManagerMaster stopped
[2026-03-16T02:25:26.059+0000] {subprocess.py:93} INFO - 26/03/16 02:25:26 INFO OutputCommitCoordinator$OutputCommitCoordinatorEndpoint: OutputCommitCoordinator stopped!
[2026-03-16T02:25:26.072+0000] {subprocess.py:93} INFO - 26/03/16 02:25:26 INFO SparkContext: Successfully stopped SparkContext
[2026-03-16T02:25:26.072+0000] {subprocess.py:93} INFO - 26/03/16 02:25:26 INFO ShutdownHookManager: Shutdown hook called
[2026-03-16T02:25:26.074+0000] {subprocess.py:93} INFO - 26/03/16 02:25:26 INFO ShutdownHookManager: Deleting directory /tmp/spark-0a18b6ac-52af-4a07-89ca-54597c34538f
[2026-03-16T02:25:26.080+0000] {subprocess.py:93} INFO - 26/03/16 02:25:26 INFO ShutdownHookManager: Deleting directory /tmp/spark-d5a04675-d0d6-454c-904c-10f44b6bece8
[2026-03-16T02:25:26.090+0000] {subprocess.py:93} INFO - 26/03/16 02:25:26 INFO ShutdownHookManager: Deleting directory /tmp/spark-0a18b6ac-52af-4a07-89ca-54597c34538f/pyspark-c92a05bb-f424-4abd-8fbb-689a91af6a4d
[2026-03-16T02:25:26.472+0000] {subprocess.py:97} INFO - Command exited with return code 1
[2026-03-16T02:25:26.490+0000] {taskinstance.py:2698} ERROR - Task failed with exception
Traceback (most recent call last):
  File "/home/airflow/.local/lib/python3.8/site-packages/airflow/models/taskinstance.py", line 433, in _execute_task
    result = execute_callable(context=context, **execute_callable_kwargs)
  File "/home/airflow/.local/lib/python3.8/site-packages/airflow/operators/bash.py", line 212, in execute
    raise AirflowException(
airflow.exceptions.AirflowException: Bash command failed. The command returned a non-zero exit code 1.
[2026-03-16T02:25:26.497+0000] {taskinstance.py:1138} INFO - Marking task as FAILED. dag_id=pipeline_gps, task_id=task_process, execution_date=20260316T022000, start_date=20260316T022511, end_date=20260316T022526
[2026-03-16T02:25:26.548+0000] {standard_task_runner.py:107} ERROR - Failed to execute job 565 for task task_process (Bash command failed. The command returned a non-zero exit code 1.; 585)
[2026-03-16T02:25:26.592+0000] {local_task_job_runner.py:234} INFO - Task exited with return code 1
[2026-03-16T02:25:26.631+0000] {taskinstance.py:3280} INFO - 0 downstream tasks scheduled from follow-on schedule check
