[2026-03-15T21:58:07.296+0000] {taskinstance.py:1956} INFO - Dependencies all met for dep_context=non-requeueable deps ti=<TaskInstance: pipeline_gps.task_process manual__2026-03-15T21:57:44.435144+00:00 [queued]>
[2026-03-15T21:58:07.307+0000] {taskinstance.py:1956} INFO - Dependencies all met for dep_context=requeueable deps ti=<TaskInstance: pipeline_gps.task_process manual__2026-03-15T21:57:44.435144+00:00 [queued]>
[2026-03-15T21:58:07.307+0000] {taskinstance.py:2170} INFO - Starting attempt 1 of 1
[2026-03-15T21:58:07.337+0000] {taskinstance.py:2191} INFO - Executing <Task(BashOperator): task_process> on 2026-03-15 21:57:44.435144+00:00
[2026-03-15T21:58:07.344+0000] {standard_task_runner.py:60} INFO - Started process 38 to run task
[2026-03-15T21:58:07.352+0000] {standard_task_runner.py:87} INFO - Running: ['airflow', 'tasks', 'run', 'pipeline_gps', 'task_process', 'manual__2026-03-15T21:57:44.435144+00:00', '--job-id', '531', '--raw', '--subdir', 'DAGS_FOLDER/pipeline_gps.py', '--cfg-path', '/tmp/tmp51el_hia']
[2026-03-15T21:58:07.356+0000] {standard_task_runner.py:88} INFO - Job 531: Subtask task_process
[2026-03-15T21:58:07.536+0000] {task_command.py:423} INFO - Running <TaskInstance: pipeline_gps.task_process manual__2026-03-15T21:57:44.435144+00:00 [running]> on host 378bba7f43f7
[2026-03-15T21:58:07.709+0000] {taskinstance.py:2480} INFO - Exporting env vars: AIRFLOW_CTX_DAG_OWNER='airflow' AIRFLOW_CTX_DAG_ID='pipeline_gps' AIRFLOW_CTX_TASK_ID='task_process' AIRFLOW_CTX_EXECUTION_DATE='2026-03-15T21:57:44.435144+00:00' AIRFLOW_CTX_TRY_NUMBER='1' AIRFLOW_CTX_DAG_RUN_ID='manual__2026-03-15T21:57:44.435144+00:00'
[2026-03-15T21:58:07.716+0000] {subprocess.py:63} INFO - Tmp dir root location: /tmp
[2026-03-15T21:58:07.722+0000] {subprocess.py:75} INFO - Running command: ['/usr/bin/bash', '-c', 'python /opt/airflow/spark/spark_processor.py']
[2026-03-15T21:58:07.755+0000] {subprocess.py:86} INFO - Output:
[2026-03-15T21:58:07.827+0000] {subprocess.py:93} INFO - Traceback (most recent call last):
[2026-03-15T21:58:07.828+0000] {subprocess.py:93} INFO -   File "/opt/airflow/spark/spark_processor.py", line 1, in <module>
[2026-03-15T21:58:07.828+0000] {subprocess.py:93} INFO -     from pyspark.sql import SparkSession
[2026-03-15T21:58:07.829+0000] {subprocess.py:93} INFO - ModuleNotFoundError: No module named 'pyspark'
[2026-03-15T21:58:07.832+0000] {subprocess.py:97} INFO - Command exited with return code 1
[2026-03-15T21:58:07.849+0000] {taskinstance.py:2698} ERROR - Task failed with exception
Traceback (most recent call last):
  File "/home/airflow/.local/lib/python3.8/site-packages/airflow/models/taskinstance.py", line 433, in _execute_task
    result = execute_callable(context=context, **execute_callable_kwargs)
  File "/home/airflow/.local/lib/python3.8/site-packages/airflow/operators/bash.py", line 212, in execute
    raise AirflowException(
airflow.exceptions.AirflowException: Bash command failed. The command returned a non-zero exit code 1.
[2026-03-15T21:58:07.856+0000] {taskinstance.py:1138} INFO - Marking task as FAILED. dag_id=pipeline_gps, task_id=task_process, execution_date=20260315T215744, start_date=20260315T215807, end_date=20260315T215807
[2026-03-15T21:58:07.886+0000] {standard_task_runner.py:107} ERROR - Failed to execute job 531 for task task_process (Bash command failed. The command returned a non-zero exit code 1.; 38)
[2026-03-15T21:58:07.928+0000] {local_task_job_runner.py:234} INFO - Task exited with return code 1
[2026-03-15T21:58:07.972+0000] {taskinstance.py:3280} INFO - 0 downstream tasks scheduled from follow-on schedule check
