[2026-03-16T01:16:22.839+0000] {taskinstance.py:1956} INFO - Dependencies all met for dep_context=non-requeueable deps ti=<TaskInstance: pipeline_gps.task_process scheduled__2026-03-16T01:10:00+00:00 [queued]>
[2026-03-16T01:16:22.849+0000] {taskinstance.py:1956} INFO - Dependencies all met for dep_context=requeueable deps ti=<TaskInstance: pipeline_gps.task_process scheduled__2026-03-16T01:10:00+00:00 [queued]>
[2026-03-16T01:16:22.849+0000] {taskinstance.py:2170} INFO - Starting attempt 2 of 2
[2026-03-16T01:16:22.877+0000] {taskinstance.py:2191} INFO - Executing <Task(BashOperator): task_process> on 2026-03-16 01:10:00+00:00
[2026-03-16T01:16:22.886+0000] {standard_task_runner.py:60} INFO - Started process 444 to run task
[2026-03-16T01:16:22.893+0000] {standard_task_runner.py:87} INFO - Running: ['airflow', 'tasks', 'run', 'pipeline_gps', 'task_process', 'scheduled__2026-03-16T01:10:00+00:00', '--job-id', '547', '--raw', '--subdir', 'DAGS_FOLDER/pipeline_gps.py', '--cfg-path', '/tmp/tmpz06kbnhl']
[2026-03-16T01:16:22.896+0000] {standard_task_runner.py:88} INFO - Job 547: Subtask task_process
[2026-03-16T01:16:24.900+0000] {task_command.py:423} INFO - Running <TaskInstance: pipeline_gps.task_process scheduled__2026-03-16T01:10:00+00:00 [running]> on host 45f99552e120
[2026-03-16T01:16:25.075+0000] {taskinstance.py:2480} INFO - Exporting env vars: AIRFLOW_CTX_DAG_OWNER='airflow' AIRFLOW_CTX_DAG_ID='pipeline_gps' AIRFLOW_CTX_TASK_ID='task_process' AIRFLOW_CTX_EXECUTION_DATE='2026-03-16T01:10:00+00:00' AIRFLOW_CTX_TRY_NUMBER='2' AIRFLOW_CTX_DAG_RUN_ID='scheduled__2026-03-16T01:10:00+00:00'
[2026-03-16T01:16:25.077+0000] {subprocess.py:63} INFO - Tmp dir root location: /tmp
[2026-03-16T01:16:25.079+0000] {subprocess.py:75} INFO - Running command: ['/usr/bin/bash', '-c', 'python /opt/airflow/spark/spark_processor.py']
[2026-03-16T01:16:25.101+0000] {subprocess.py:86} INFO - Output:
[2026-03-16T01:16:31.697+0000] {subprocess.py:93} INFO - 26/03/16 01:16:31 WARN NativeCodeLoader: Unable to load native-hadoop library for your platform... using builtin-java classes where applicable
[2026-03-16T01:16:32.574+0000] {subprocess.py:93} INFO - 26/03/16 01:16:32 WARN DependencyUtils: Local jar /tmp/airflowtmpfdlyiifi/spark/jars/postgresql-42.7.3.jar does not exist, skipping.
[2026-03-16T01:16:32.833+0000] {subprocess.py:93} INFO - 26/03/16 01:16:32 INFO SparkContext: Running Spark version 3.5.8
[2026-03-16T01:16:32.838+0000] {subprocess.py:93} INFO - 26/03/16 01:16:32 INFO SparkContext: OS info Linux, 5.15.167.4-microsoft-standard-WSL2, amd64
[2026-03-16T01:16:32.839+0000] {subprocess.py:93} INFO - 26/03/16 01:16:32 INFO SparkContext: Java version 17.0.18
[2026-03-16T01:16:32.949+0000] {subprocess.py:93} INFO - 26/03/16 01:16:32 INFO ResourceUtils: ==============================================================
[2026-03-16T01:16:32.950+0000] {subprocess.py:93} INFO - 26/03/16 01:16:32 INFO ResourceUtils: No custom resources configured for spark.driver.
[2026-03-16T01:16:32.952+0000] {subprocess.py:93} INFO - 26/03/16 01:16:32 INFO ResourceUtils: ==============================================================
[2026-03-16T01:16:32.953+0000] {subprocess.py:93} INFO - 26/03/16 01:16:32 INFO SparkContext: Submitted application: gps_processor
[2026-03-16T01:16:33.012+0000] {subprocess.py:93} INFO - 26/03/16 01:16:33 INFO ResourceProfile: Default ResourceProfile created, executor resources: Map(cores -> name: cores, amount: 1, script: , vendor: , memory -> name: memory, amount: 1024, script: , vendor: , offHeap -> name: offHeap, amount: 0, script: , vendor: ), task resources: Map(cpus -> name: cpus, amount: 1.0)
[2026-03-16T01:16:33.030+0000] {subprocess.py:93} INFO - 26/03/16 01:16:33 INFO ResourceProfile: Limiting resource is cpu
[2026-03-16T01:16:33.033+0000] {subprocess.py:93} INFO - 26/03/16 01:16:33 INFO ResourceProfileManager: Added ResourceProfile id: 0
[2026-03-16T01:16:33.176+0000] {subprocess.py:93} INFO - 26/03/16 01:16:33 INFO SecurityManager: Changing view acls to: airflow
[2026-03-16T01:16:33.178+0000] {subprocess.py:93} INFO - 26/03/16 01:16:33 INFO SecurityManager: Changing modify acls to: airflow
[2026-03-16T01:16:33.180+0000] {subprocess.py:93} INFO - 26/03/16 01:16:33 INFO SecurityManager: Changing view acls groups to:
[2026-03-16T01:16:33.183+0000] {subprocess.py:93} INFO - 26/03/16 01:16:33 INFO SecurityManager: Changing modify acls groups to:
[2026-03-16T01:16:33.184+0000] {subprocess.py:93} INFO - 26/03/16 01:16:33 INFO SecurityManager: SecurityManager: authentication disabled; ui acls disabled; users with view permissions: airflow; groups with view permissions: EMPTY; users with modify permissions: airflow; groups with modify permissions: EMPTY
[2026-03-16T01:16:33.697+0000] {subprocess.py:93} INFO - 26/03/16 01:16:33 INFO Utils: Successfully started service 'sparkDriver' on port 39117.
[2026-03-16T01:16:33.759+0000] {subprocess.py:93} INFO - 26/03/16 01:16:33 INFO SparkEnv: Registering MapOutputTracker
[2026-03-16T01:16:33.879+0000] {subprocess.py:93} INFO - 26/03/16 01:16:33 INFO SparkEnv: Registering BlockManagerMaster
[2026-03-16T01:16:33.918+0000] {subprocess.py:93} INFO - 26/03/16 01:16:33 INFO BlockManagerMasterEndpoint: Using org.apache.spark.storage.DefaultTopologyMapper for getting topology information
[2026-03-16T01:16:33.919+0000] {subprocess.py:93} INFO - 26/03/16 01:16:33 INFO BlockManagerMasterEndpoint: BlockManagerMasterEndpoint up
[2026-03-16T01:16:33.928+0000] {subprocess.py:93} INFO - 26/03/16 01:16:33 INFO SparkEnv: Registering BlockManagerMasterHeartbeat
[2026-03-16T01:16:33.965+0000] {subprocess.py:93} INFO - 26/03/16 01:16:33 INFO DiskBlockManager: Created local directory at /tmp/blockmgr-3c0bc1c4-30f0-4d3c-ab15-d8ce0ca6d9b1
[2026-03-16T01:16:34.027+0000] {subprocess.py:93} INFO - 26/03/16 01:16:34 INFO MemoryStore: MemoryStore started with capacity 434.4 MiB
[2026-03-16T01:16:34.073+0000] {subprocess.py:93} INFO - 26/03/16 01:16:34 INFO SparkEnv: Registering OutputCommitCoordinator
[2026-03-16T01:16:34.375+0000] {subprocess.py:93} INFO - 26/03/16 01:16:34 INFO JettyUtils: Start Jetty 0.0.0.0:4040 for SparkUI
[2026-03-16T01:16:34.518+0000] {subprocess.py:93} INFO - 26/03/16 01:16:34 INFO Utils: Successfully started service 'SparkUI' on port 4040.
[2026-03-16T01:16:34.621+0000] {subprocess.py:93} INFO - 26/03/16 01:16:34 ERROR SparkContext: Failed to add spark/jars/postgresql-42.7.3.jar to Spark environment
[2026-03-16T01:16:34.621+0000] {subprocess.py:93} INFO - java.io.FileNotFoundException: Jar /tmp/airflowtmpfdlyiifi/spark/jars/postgresql-42.7.3.jar not found
[2026-03-16T01:16:34.622+0000] {subprocess.py:93} INFO - 	at org.apache.spark.SparkContext.addLocalJarFile$1(SparkContext.scala:2095)
[2026-03-16T01:16:34.622+0000] {subprocess.py:93} INFO - 	at org.apache.spark.SparkContext.addJar(SparkContext.scala:2151)
[2026-03-16T01:16:34.622+0000] {subprocess.py:93} INFO - 	at org.apache.spark.SparkContext.$anonfun$new$15(SparkContext.scala:521)
[2026-03-16T01:16:34.623+0000] {subprocess.py:93} INFO - 	at org.apache.spark.SparkContext.$anonfun$new$15$adapted(SparkContext.scala:521)
[2026-03-16T01:16:34.623+0000] {subprocess.py:93} INFO - 	at scala.collection.mutable.ResizableArray.foreach(ResizableArray.scala:62)
[2026-03-16T01:16:34.623+0000] {subprocess.py:93} INFO - 	at scala.collection.mutable.ResizableArray.foreach$(ResizableArray.scala:55)
[2026-03-16T01:16:34.623+0000] {subprocess.py:93} INFO - 	at scala.collection.mutable.ArrayBuffer.foreach(ArrayBuffer.scala:49)
[2026-03-16T01:16:34.624+0000] {subprocess.py:93} INFO - 	at org.apache.spark.SparkContext.<init>(SparkContext.scala:521)
[2026-03-16T01:16:34.624+0000] {subprocess.py:93} INFO - 	at org.apache.spark.api.java.JavaSparkContext.<init>(JavaSparkContext.scala:58)
[2026-03-16T01:16:34.624+0000] {subprocess.py:93} INFO - 	at java.base/jdk.internal.reflect.NativeConstructorAccessorImpl.newInstance0(Native Method)
[2026-03-16T01:16:34.624+0000] {subprocess.py:93} INFO - 	at java.base/jdk.internal.reflect.NativeConstructorAccessorImpl.newInstance(NativeConstructorAccessorImpl.java:77)
[2026-03-16T01:16:34.625+0000] {subprocess.py:93} INFO - 	at java.base/jdk.internal.reflect.DelegatingConstructorAccessorImpl.newInstance(DelegatingConstructorAccessorImpl.java:45)
[2026-03-16T01:16:34.625+0000] {subprocess.py:93} INFO - 	at java.base/java.lang.reflect.Constructor.newInstanceWithCaller(Constructor.java:500)
[2026-03-16T01:16:34.625+0000] {subprocess.py:93} INFO - 	at java.base/java.lang.reflect.Constructor.newInstance(Constructor.java:481)
[2026-03-16T01:16:34.626+0000] {subprocess.py:93} INFO - 	at py4j.reflection.MethodInvoker.invoke(MethodInvoker.java:247)
[2026-03-16T01:16:34.626+0000] {subprocess.py:93} INFO - 	at py4j.reflection.ReflectionEngine.invoke(ReflectionEngine.java:374)
[2026-03-16T01:16:34.626+0000] {subprocess.py:93} INFO - 	at py4j.Gateway.invoke(Gateway.java:238)
[2026-03-16T01:16:34.627+0000] {subprocess.py:93} INFO - 	at py4j.commands.ConstructorCommand.invokeConstructor(ConstructorCommand.java:80)
[2026-03-16T01:16:34.627+0000] {subprocess.py:93} INFO - 	at py4j.commands.ConstructorCommand.execute(ConstructorCommand.java:69)
[2026-03-16T01:16:34.627+0000] {subprocess.py:93} INFO - 	at py4j.ClientServerConnection.waitForCommands(ClientServerConnection.java:182)
[2026-03-16T01:16:34.628+0000] {subprocess.py:93} INFO - 	at py4j.ClientServerConnection.run(ClientServerConnection.java:106)
[2026-03-16T01:16:34.628+0000] {subprocess.py:93} INFO - 	at java.base/java.lang.Thread.run(Thread.java:840)
[2026-03-16T01:16:34.793+0000] {subprocess.py:93} INFO - 26/03/16 01:16:34 INFO Executor: Starting executor ID driver on host 45f99552e120
[2026-03-16T01:16:34.794+0000] {subprocess.py:93} INFO - 26/03/16 01:16:34 INFO Executor: OS info Linux, 5.15.167.4-microsoft-standard-WSL2, amd64
[2026-03-16T01:16:34.796+0000] {subprocess.py:93} INFO - 26/03/16 01:16:34 INFO Executor: Java version 17.0.18
[2026-03-16T01:16:34.814+0000] {subprocess.py:93} INFO - 26/03/16 01:16:34 INFO Executor: Starting executor with user classpath (userClassPathFirst = false): ''
[2026-03-16T01:16:34.817+0000] {subprocess.py:93} INFO - 26/03/16 01:16:34 INFO Executor: Created or updated repl class loader org.apache.spark.util.MutableURLClassLoader@33eafa80 for default.
[2026-03-16T01:16:34.880+0000] {subprocess.py:93} INFO - 26/03/16 01:16:34 INFO Utils: Successfully started service 'org.apache.spark.network.netty.NettyBlockTransferService' on port 35183.
[2026-03-16T01:16:34.881+0000] {subprocess.py:93} INFO - 26/03/16 01:16:34 INFO NettyBlockTransferService: Server created on 45f99552e120:35183
[2026-03-16T01:16:34.886+0000] {subprocess.py:93} INFO - 26/03/16 01:16:34 INFO BlockManager: Using org.apache.spark.storage.RandomBlockReplicationPolicy for block replication policy
[2026-03-16T01:16:34.901+0000] {subprocess.py:93} INFO - 26/03/16 01:16:34 INFO BlockManagerMaster: Registering BlockManager BlockManagerId(driver, 45f99552e120, 35183, None)
[2026-03-16T01:16:34.912+0000] {subprocess.py:93} INFO - 26/03/16 01:16:34 INFO BlockManagerMasterEndpoint: Registering block manager 45f99552e120:35183 with 434.4 MiB RAM, BlockManagerId(driver, 45f99552e120, 35183, None)
[2026-03-16T01:16:34.919+0000] {subprocess.py:93} INFO - 26/03/16 01:16:34 INFO BlockManagerMaster: Registered BlockManager BlockManagerId(driver, 45f99552e120, 35183, None)
[2026-03-16T01:16:34.922+0000] {subprocess.py:93} INFO - 26/03/16 01:16:34 INFO BlockManager: Initialized BlockManager: BlockManagerId(driver, 45f99552e120, 35183, None)
[2026-03-16T01:16:35.972+0000] {subprocess.py:93} INFO - Traceback (most recent call last):
[2026-03-16T01:16:35.972+0000] {subprocess.py:93} INFO -   File "/opt/airflow/spark/spark_processor.py", line 10, in <module>
[2026-03-16T01:16:35.972+0000] {subprocess.py:93} INFO -     conn = psycopg2.connect(
[2026-03-16T01:16:35.972+0000] {subprocess.py:93} INFO -   File "/home/airflow/.local/lib/python3.8/site-packages/psycopg2/__init__.py", line 122, in connect
[2026-03-16T01:16:35.973+0000] {subprocess.py:93} INFO -     conn = _connect(dsn, connection_factory=connection_factory, **kwasync)
[2026-03-16T01:16:35.973+0000] {subprocess.py:93} INFO - psycopg2.OperationalError: connection to server at "localhost" (::1), port 5432 failed: Connection refused
[2026-03-16T01:16:35.973+0000] {subprocess.py:93} INFO - 	Is the server running on that host and accepting TCP/IP connections?
[2026-03-16T01:16:35.974+0000] {subprocess.py:93} INFO - connection to server at "localhost" (127.0.0.1), port 5432 failed: Connection refused
[2026-03-16T01:16:35.974+0000] {subprocess.py:93} INFO - 	Is the server running on that host and accepting TCP/IP connections?
[2026-03-16T01:16:35.974+0000] {subprocess.py:93} INFO - 
[2026-03-16T01:16:36.060+0000] {subprocess.py:93} INFO - 26/03/16 01:16:36 INFO SparkContext: Invoking stop() from shutdown hook
[2026-03-16T01:16:36.061+0000] {subprocess.py:93} INFO - 26/03/16 01:16:36 INFO SparkContext: SparkContext is stopping with exitCode 0.
[2026-03-16T01:16:36.089+0000] {subprocess.py:93} INFO - 26/03/16 01:16:36 INFO SparkUI: Stopped Spark web UI at http://45f99552e120:4040
[2026-03-16T01:16:36.120+0000] {subprocess.py:93} INFO - 26/03/16 01:16:36 INFO MapOutputTrackerMasterEndpoint: MapOutputTrackerMasterEndpoint stopped!
[2026-03-16T01:16:36.149+0000] {subprocess.py:93} INFO - 26/03/16 01:16:36 INFO MemoryStore: MemoryStore cleared
[2026-03-16T01:16:36.151+0000] {subprocess.py:93} INFO - 26/03/16 01:16:36 INFO BlockManager: BlockManager stopped
[2026-03-16T01:16:36.162+0000] {subprocess.py:93} INFO - 26/03/16 01:16:36 INFO BlockManagerMaster: BlockManagerMaster stopped
[2026-03-16T01:16:36.169+0000] {subprocess.py:93} INFO - 26/03/16 01:16:36 INFO OutputCommitCoordinator$OutputCommitCoordinatorEndpoint: OutputCommitCoordinator stopped!
[2026-03-16T01:16:36.186+0000] {subprocess.py:93} INFO - 26/03/16 01:16:36 INFO SparkContext: Successfully stopped SparkContext
[2026-03-16T01:16:36.186+0000] {subprocess.py:93} INFO - 26/03/16 01:16:36 INFO ShutdownHookManager: Shutdown hook called
[2026-03-16T01:16:36.187+0000] {subprocess.py:93} INFO - 26/03/16 01:16:36 INFO ShutdownHookManager: Deleting directory /tmp/spark-6473a9f7-7915-4b58-91b1-9d2c83586e6b/pyspark-e8b212ed-9770-43cb-9f0c-92597d68b89e
[2026-03-16T01:16:36.196+0000] {subprocess.py:93} INFO - 26/03/16 01:16:36 INFO ShutdownHookManager: Deleting directory /tmp/spark-52802c8f-b2bf-4d45-b10e-51887efdcc44
[2026-03-16T01:16:36.205+0000] {subprocess.py:93} INFO - 26/03/16 01:16:36 INFO ShutdownHookManager: Deleting directory /tmp/spark-6473a9f7-7915-4b58-91b1-9d2c83586e6b
[2026-03-16T01:16:36.596+0000] {subprocess.py:97} INFO - Command exited with return code 1
[2026-03-16T01:16:36.614+0000] {taskinstance.py:2698} ERROR - Task failed with exception
Traceback (most recent call last):
  File "/home/airflow/.local/lib/python3.8/site-packages/airflow/models/taskinstance.py", line 433, in _execute_task
    result = execute_callable(context=context, **execute_callable_kwargs)
  File "/home/airflow/.local/lib/python3.8/site-packages/airflow/operators/bash.py", line 212, in execute
    raise AirflowException(
airflow.exceptions.AirflowException: Bash command failed. The command returned a non-zero exit code 1.
[2026-03-16T01:16:36.619+0000] {taskinstance.py:1138} INFO - Marking task as FAILED. dag_id=pipeline_gps, task_id=task_process, execution_date=20260316T011000, start_date=20260316T011622, end_date=20260316T011636
[2026-03-16T01:16:36.647+0000] {standard_task_runner.py:107} ERROR - Failed to execute job 547 for task task_process (Bash command failed. The command returned a non-zero exit code 1.; 444)
[2026-03-16T01:16:36.676+0000] {local_task_job_runner.py:234} INFO - Task exited with return code 1
[2026-03-16T01:16:36.709+0000] {taskinstance.py:3280} INFO - 0 downstream tasks scheduled from follow-on schedule check
