[2026-03-12T06:17:14.288+0000] {taskinstance.py:1956} INFO - Dependencies all met for dep_context=non-requeueable deps ti=<TaskInstance: pipeline_gps.task1_ingest scheduled__2026-03-12T06:16:00+00:00 [queued]>
[2026-03-12T06:17:14.324+0000] {taskinstance.py:1956} INFO - Dependencies all met for dep_context=requeueable deps ti=<TaskInstance: pipeline_gps.task1_ingest scheduled__2026-03-12T06:16:00+00:00 [queued]>
[2026-03-12T06:17:14.325+0000] {taskinstance.py:2170} INFO - Starting attempt 1 of 1
[2026-03-12T06:17:14.414+0000] {taskinstance.py:2191} INFO - Executing <Task(BashOperator): task1_ingest> on 2026-03-12 06:16:00+00:00
[2026-03-12T06:17:14.423+0000] {standard_task_runner.py:60} INFO - Started process 503 to run task
[2026-03-12T06:17:14.439+0000] {standard_task_runner.py:87} INFO - Running: ['airflow', 'tasks', 'run', 'pipeline_gps', 'task1_ingest', 'scheduled__2026-03-12T06:16:00+00:00', '--job-id', '55', '--raw', '--subdir', 'DAGS_FOLDER/pipeline_gps.py', '--cfg-path', '/tmp/tmprx1q1e3q']
[2026-03-12T06:17:14.456+0000] {standard_task_runner.py:88} INFO - Job 55: Subtask task1_ingest
[2026-03-12T06:17:14.565+0000] {task_command.py:423} INFO - Running <TaskInstance: pipeline_gps.task1_ingest scheduled__2026-03-12T06:16:00+00:00 [running]> on host d8c8b9145f7b
[2026-03-12T06:17:14.709+0000] {taskinstance.py:2480} INFO - Exporting env vars: AIRFLOW_CTX_DAG_OWNER='airflow' AIRFLOW_CTX_DAG_ID='pipeline_gps' AIRFLOW_CTX_TASK_ID='task1_ingest' AIRFLOW_CTX_EXECUTION_DATE='2026-03-12T06:16:00+00:00' AIRFLOW_CTX_TRY_NUMBER='1' AIRFLOW_CTX_DAG_RUN_ID='scheduled__2026-03-12T06:16:00+00:00'
[2026-03-12T06:17:14.727+0000] {subprocess.py:63} INFO - Tmp dir root location: /tmp
[2026-03-12T06:17:14.730+0000] {subprocess.py:75} INFO - Running command: ['/usr/bin/bash', '-c', 'python /app/ingestion/mqtt_ingest.py']
[2026-03-12T06:17:14.759+0000] {subprocess.py:86} INFO - Output:
[2026-03-12T06:17:14.941+0000] {subprocess.py:93} INFO - python: can't open file '/app/ingestion/mqtt_ingest.py': [Errno 2] No such file or directory
[2026-03-12T06:17:14.952+0000] {subprocess.py:97} INFO - Command exited with return code 2
[2026-03-12T06:17:14.980+0000] {taskinstance.py:2698} ERROR - Task failed with exception
Traceback (most recent call last):
  File "/home/airflow/.local/lib/python3.8/site-packages/airflow/models/taskinstance.py", line 433, in _execute_task
    result = execute_callable(context=context, **execute_callable_kwargs)
  File "/home/airflow/.local/lib/python3.8/site-packages/airflow/operators/bash.py", line 212, in execute
    raise AirflowException(
airflow.exceptions.AirflowException: Bash command failed. The command returned a non-zero exit code 2.
[2026-03-12T06:17:14.989+0000] {taskinstance.py:1138} INFO - Marking task as FAILED. dag_id=pipeline_gps, task_id=task1_ingest, execution_date=20260312T061600, start_date=20260312T061714, end_date=20260312T061714
[2026-03-12T06:17:15.034+0000] {standard_task_runner.py:107} ERROR - Failed to execute job 55 for task task1_ingest (Bash command failed. The command returned a non-zero exit code 2.; 503)
[2026-03-12T06:17:15.064+0000] {local_task_job_runner.py:234} INFO - Task exited with return code 1
[2026-03-12T06:17:15.126+0000] {taskinstance.py:3280} INFO - 0 downstream tasks scheduled from follow-on schedule check
