[2026-03-15T20:29:14.884+0000] {taskinstance.py:1956} INFO - Dependencies all met for dep_context=non-requeueable deps ti=<TaskInstance: pipeline_gps.task_process scheduled__2026-03-15T19:13:00+00:00 [queued]>
[2026-03-15T20:29:14.895+0000] {taskinstance.py:1956} INFO - Dependencies all met for dep_context=requeueable deps ti=<TaskInstance: pipeline_gps.task_process scheduled__2026-03-15T19:13:00+00:00 [queued]>
[2026-03-15T20:29:14.895+0000] {taskinstance.py:2170} INFO - Starting attempt 1 of 1
[2026-03-15T20:29:15.174+0000] {taskinstance.py:2191} INFO - Executing <Task(BashOperator): task_process> on 2026-03-15 19:13:00+00:00
[2026-03-15T20:29:15.184+0000] {standard_task_runner.py:60} INFO - Started process 70 to run task
[2026-03-15T20:29:15.192+0000] {standard_task_runner.py:87} INFO - Running: ['airflow', 'tasks', 'run', 'pipeline_gps', 'task_process', 'scheduled__2026-03-15T19:13:00+00:00', '--job-id', '503', '--raw', '--subdir', 'DAGS_FOLDER/pipeline_gps.py', '--cfg-path', '/tmp/tmpiahitazc']
[2026-03-15T20:29:15.196+0000] {standard_task_runner.py:88} INFO - Job 503: Subtask task_process
[2026-03-15T20:29:15.285+0000] {task_command.py:423} INFO - Running <TaskInstance: pipeline_gps.task_process scheduled__2026-03-15T19:13:00+00:00 [running]> on host 693df5566a25
[2026-03-15T20:29:15.597+0000] {taskinstance.py:2480} INFO - Exporting env vars: AIRFLOW_CTX_DAG_OWNER='airflow' AIRFLOW_CTX_DAG_ID='pipeline_gps' AIRFLOW_CTX_TASK_ID='task_process' AIRFLOW_CTX_EXECUTION_DATE='2026-03-15T19:13:00+00:00' AIRFLOW_CTX_TRY_NUMBER='1' AIRFLOW_CTX_DAG_RUN_ID='scheduled__2026-03-15T19:13:00+00:00'
[2026-03-15T20:29:15.610+0000] {subprocess.py:63} INFO - Tmp dir root location: /tmp
[2026-03-15T20:29:15.613+0000] {subprocess.py:75} INFO - Running command: ['/usr/bin/bash', '-c', 'python /opt/airflow/spark/spark_processor.py']
[2026-03-15T20:29:15.638+0000] {subprocess.py:86} INFO - Output:
[2026-03-15T20:29:16.242+0000] {subprocess.py:93} INFO - JAVA_HOME is not set
[2026-03-15T20:29:16.312+0000] {subprocess.py:93} INFO - Traceback (most recent call last):
[2026-03-15T20:29:16.312+0000] {subprocess.py:93} INFO -   File "/opt/airflow/spark/spark_processor.py", line 5, in <module>
[2026-03-15T20:29:16.313+0000] {subprocess.py:93} INFO -     spark = SparkSession.builder \
[2026-03-15T20:29:16.313+0000] {subprocess.py:93} INFO -   File "/home/airflow/.local/lib/python3.8/site-packages/pyspark/sql/session.py", line 497, in getOrCreate
[2026-03-15T20:29:16.314+0000] {subprocess.py:93} INFO -     sc = SparkContext.getOrCreate(sparkConf)
[2026-03-15T20:29:16.314+0000] {subprocess.py:93} INFO -   File "/home/airflow/.local/lib/python3.8/site-packages/pyspark/context.py", line 515, in getOrCreate
[2026-03-15T20:29:16.314+0000] {subprocess.py:93} INFO -     SparkContext(conf=conf or SparkConf())
[2026-03-15T20:29:16.315+0000] {subprocess.py:93} INFO -   File "/home/airflow/.local/lib/python3.8/site-packages/pyspark/context.py", line 201, in __init__
[2026-03-15T20:29:16.315+0000] {subprocess.py:93} INFO -     SparkContext._ensure_initialized(self, gateway=gateway, conf=conf)
[2026-03-15T20:29:16.315+0000] {subprocess.py:93} INFO -   File "/home/airflow/.local/lib/python3.8/site-packages/pyspark/context.py", line 436, in _ensure_initialized
[2026-03-15T20:29:16.315+0000] {subprocess.py:93} INFO -     SparkContext._gateway = gateway or launch_gateway(conf)
[2026-03-15T20:29:16.316+0000] {subprocess.py:93} INFO -   File "/home/airflow/.local/lib/python3.8/site-packages/pyspark/java_gateway.py", line 107, in launch_gateway
[2026-03-15T20:29:16.316+0000] {subprocess.py:93} INFO -     raise PySparkRuntimeError(
[2026-03-15T20:29:16.316+0000] {subprocess.py:93} INFO - pyspark.errors.exceptions.base.PySparkRuntimeError: [JAVA_GATEWAY_EXITED] Java gateway process exited before sending its port number.
[2026-03-15T20:29:16.416+0000] {subprocess.py:97} INFO - Command exited with return code 1
[2026-03-15T20:29:16.430+0000] {taskinstance.py:2698} ERROR - Task failed with exception
Traceback (most recent call last):
  File "/home/airflow/.local/lib/python3.8/site-packages/airflow/models/taskinstance.py", line 433, in _execute_task
    result = execute_callable(context=context, **execute_callable_kwargs)
  File "/home/airflow/.local/lib/python3.8/site-packages/airflow/operators/bash.py", line 212, in execute
    raise AirflowException(
airflow.exceptions.AirflowException: Bash command failed. The command returned a non-zero exit code 1.
[2026-03-15T20:29:16.436+0000] {taskinstance.py:1138} INFO - Marking task as FAILED. dag_id=pipeline_gps, task_id=task_process, execution_date=20260315T191300, start_date=20260315T202914, end_date=20260315T202916
[2026-03-15T20:29:16.638+0000] {standard_task_runner.py:107} ERROR - Failed to execute job 503 for task task_process (Bash command failed. The command returned a non-zero exit code 1.; 70)
[2026-03-15T20:29:16.693+0000] {local_task_job_runner.py:234} INFO - Task exited with return code 1
[2026-03-15T20:29:16.794+0000] {taskinstance.py:3280} INFO - 0 downstream tasks scheduled from follow-on schedule check
