[2026-03-16T03:36:00.155+0000] {taskinstance.py:1956} INFO - Dependencies all met for dep_context=non-requeueable deps ti=<TaskInstance: pipeline_gps.task_process scheduled__2026-03-16T03:30:00+00:00 [queued]>
[2026-03-16T03:36:00.176+0000] {taskinstance.py:1956} INFO - Dependencies all met for dep_context=requeueable deps ti=<TaskInstance: pipeline_gps.task_process scheduled__2026-03-16T03:30:00+00:00 [queued]>
[2026-03-16T03:36:00.177+0000] {taskinstance.py:2170} INFO - Starting attempt 1 of 1
[2026-03-16T03:36:00.212+0000] {taskinstance.py:2191} INFO - Executing <Task(BashOperator): task_process> on 2026-03-16 03:30:00+00:00
[2026-03-16T03:36:00.223+0000] {standard_task_runner.py:60} INFO - Started process 29 to run task
[2026-03-16T03:36:00.291+0000] {standard_task_runner.py:87} INFO - Running: ['airflow', 'tasks', 'run', 'pipeline_gps', 'task_process', 'scheduled__2026-03-16T03:30:00+00:00', '--job-id', '586', '--raw', '--subdir', 'DAGS_FOLDER/pipeline_gps.py', '--cfg-path', '/tmp/tmp7da6yuy5']
[2026-03-16T03:36:00.321+0000] {standard_task_runner.py:88} INFO - Job 586: Subtask task_process
[2026-03-16T03:36:00.765+0000] {task_command.py:423} INFO - Running <TaskInstance: pipeline_gps.task_process scheduled__2026-03-16T03:30:00+00:00 [running]> on host e3430f617ad9
[2026-03-16T03:36:01.174+0000] {taskinstance.py:2480} INFO - Exporting env vars: AIRFLOW_CTX_DAG_OWNER='airflow' AIRFLOW_CTX_DAG_ID='pipeline_gps' AIRFLOW_CTX_TASK_ID='task_process' AIRFLOW_CTX_EXECUTION_DATE='2026-03-16T03:30:00+00:00' AIRFLOW_CTX_TRY_NUMBER='1' AIRFLOW_CTX_DAG_RUN_ID='scheduled__2026-03-16T03:30:00+00:00'
[2026-03-16T03:36:01.177+0000] {subprocess.py:63} INFO - Tmp dir root location: /tmp
[2026-03-16T03:36:01.179+0000] {subprocess.py:75} INFO - Running command: ['/usr/bin/bash', '-c', 'python /opt/airflow/spark/spark_processor.py']
[2026-03-16T03:36:01.216+0000] {subprocess.py:86} INFO - Output:
[2026-03-16T03:36:22.581+0000] {subprocess.py:93} INFO - 26/03/16 03:36:22 WARN NativeCodeLoader: Unable to load native-hadoop library for your platform... using builtin-java classes where applicable
[2026-03-16T03:36:24.155+0000] {subprocess.py:93} INFO - 26/03/16 03:36:24 WARN DependencyUtils: Local jar /tmp/airflowtmpi78_x_ke/spark/jars/postgresql-42.7.3.jar does not exist, skipping.
[2026-03-16T03:36:25.532+0000] {subprocess.py:93} INFO - 26/03/16 03:36:25 INFO SparkContext: Running Spark version 3.5.8
[2026-03-16T03:36:25.539+0000] {subprocess.py:93} INFO - 26/03/16 03:36:25 INFO SparkContext: OS info Linux, 5.15.167.4-microsoft-standard-WSL2, amd64
[2026-03-16T03:36:25.541+0000] {subprocess.py:93} INFO - 26/03/16 03:36:25 INFO SparkContext: Java version 17.0.18
[2026-03-16T03:36:25.704+0000] {subprocess.py:93} INFO - 26/03/16 03:36:25 INFO ResourceUtils: ==============================================================
[2026-03-16T03:36:25.706+0000] {subprocess.py:93} INFO - 26/03/16 03:36:25 INFO ResourceUtils: No custom resources configured for spark.driver.
[2026-03-16T03:36:25.708+0000] {subprocess.py:93} INFO - 26/03/16 03:36:25 INFO ResourceUtils: ==============================================================
[2026-03-16T03:36:25.710+0000] {subprocess.py:93} INFO - 26/03/16 03:36:25 INFO SparkContext: Submitted application: gps_processor
[2026-03-16T03:36:25.888+0000] {subprocess.py:93} INFO - 26/03/16 03:36:25 INFO ResourceProfile: Default ResourceProfile created, executor resources: Map(cores -> name: cores, amount: 1, script: , vendor: , memory -> name: memory, amount: 1024, script: , vendor: , offHeap -> name: offHeap, amount: 0, script: , vendor: ), task resources: Map(cpus -> name: cpus, amount: 1.0)
[2026-03-16T03:36:25.928+0000] {subprocess.py:93} INFO - 26/03/16 03:36:25 INFO ResourceProfile: Limiting resource is cpu
[2026-03-16T03:36:25.930+0000] {subprocess.py:93} INFO - 26/03/16 03:36:25 INFO ResourceProfileManager: Added ResourceProfile id: 0
[2026-03-16T03:36:26.372+0000] {subprocess.py:93} INFO - 26/03/16 03:36:26 INFO SecurityManager: Changing view acls to: airflow
[2026-03-16T03:36:26.376+0000] {subprocess.py:93} INFO - 26/03/16 03:36:26 INFO SecurityManager: Changing modify acls to: airflow
[2026-03-16T03:36:26.383+0000] {subprocess.py:93} INFO - 26/03/16 03:36:26 INFO SecurityManager: Changing view acls groups to:
[2026-03-16T03:36:26.388+0000] {subprocess.py:93} INFO - 26/03/16 03:36:26 INFO SecurityManager: Changing modify acls groups to:
[2026-03-16T03:36:26.391+0000] {subprocess.py:93} INFO - 26/03/16 03:36:26 INFO SecurityManager: SecurityManager: authentication disabled; ui acls disabled; users with view permissions: airflow; groups with view permissions: EMPTY; users with modify permissions: airflow; groups with modify permissions: EMPTY
[2026-03-16T03:36:28.769+0000] {subprocess.py:93} INFO - 26/03/16 03:36:28 INFO Utils: Successfully started service 'sparkDriver' on port 43389.
[2026-03-16T03:36:28.998+0000] {subprocess.py:93} INFO - 26/03/16 03:36:28 INFO SparkEnv: Registering MapOutputTracker
[2026-03-16T03:36:29.159+0000] {subprocess.py:93} INFO - 26/03/16 03:36:29 INFO SparkEnv: Registering BlockManagerMaster
[2026-03-16T03:36:29.283+0000] {subprocess.py:93} INFO - 26/03/16 03:36:29 INFO BlockManagerMasterEndpoint: Using org.apache.spark.storage.DefaultTopologyMapper for getting topology information
[2026-03-16T03:36:29.286+0000] {subprocess.py:93} INFO - 26/03/16 03:36:29 INFO BlockManagerMasterEndpoint: BlockManagerMasterEndpoint up
[2026-03-16T03:36:29.312+0000] {subprocess.py:93} INFO - 26/03/16 03:36:29 INFO SparkEnv: Registering BlockManagerMasterHeartbeat
[2026-03-16T03:36:29.490+0000] {subprocess.py:93} INFO - 26/03/16 03:36:29 INFO DiskBlockManager: Created local directory at /tmp/blockmgr-ce06c9d1-e232-4961-a941-195ba24e8dc1
[2026-03-16T03:36:29.594+0000] {subprocess.py:93} INFO - 26/03/16 03:36:29 INFO MemoryStore: MemoryStore started with capacity 434.4 MiB
[2026-03-16T03:36:29.678+0000] {subprocess.py:93} INFO - 26/03/16 03:36:29 INFO SparkEnv: Registering OutputCommitCoordinator
[2026-03-16T03:36:30.496+0000] {subprocess.py:93} INFO - 26/03/16 03:36:30 INFO JettyUtils: Start Jetty 0.0.0.0:4040 for SparkUI
[2026-03-16T03:36:30.976+0000] {subprocess.py:93} INFO - 26/03/16 03:36:30 INFO Utils: Successfully started service 'SparkUI' on port 4040.
[2026-03-16T03:36:31.275+0000] {subprocess.py:93} INFO - 26/03/16 03:36:31 ERROR SparkContext: Failed to add spark/jars/postgresql-42.7.3.jar to Spark environment
[2026-03-16T03:36:31.286+0000] {subprocess.py:93} INFO - java.io.FileNotFoundException: Jar /tmp/airflowtmpi78_x_ke/spark/jars/postgresql-42.7.3.jar not found
[2026-03-16T03:36:31.287+0000] {subprocess.py:93} INFO - 	at org.apache.spark.SparkContext.addLocalJarFile$1(SparkContext.scala:2095)
[2026-03-16T03:36:31.287+0000] {subprocess.py:93} INFO - 	at org.apache.spark.SparkContext.addJar(SparkContext.scala:2151)
[2026-03-16T03:36:31.288+0000] {subprocess.py:93} INFO - 	at org.apache.spark.SparkContext.$anonfun$new$15(SparkContext.scala:521)
[2026-03-16T03:36:31.288+0000] {subprocess.py:93} INFO - 	at org.apache.spark.SparkContext.$anonfun$new$15$adapted(SparkContext.scala:521)
[2026-03-16T03:36:31.289+0000] {subprocess.py:93} INFO - 	at scala.collection.mutable.ResizableArray.foreach(ResizableArray.scala:62)
[2026-03-16T03:36:31.289+0000] {subprocess.py:93} INFO - 	at scala.collection.mutable.ResizableArray.foreach$(ResizableArray.scala:55)
[2026-03-16T03:36:31.289+0000] {subprocess.py:93} INFO - 	at scala.collection.mutable.ArrayBuffer.foreach(ArrayBuffer.scala:49)
[2026-03-16T03:36:31.290+0000] {subprocess.py:93} INFO - 	at org.apache.spark.SparkContext.<init>(SparkContext.scala:521)
[2026-03-16T03:36:31.290+0000] {subprocess.py:93} INFO - 	at org.apache.spark.api.java.JavaSparkContext.<init>(JavaSparkContext.scala:58)
[2026-03-16T03:36:31.290+0000] {subprocess.py:93} INFO - 	at java.base/jdk.internal.reflect.NativeConstructorAccessorImpl.newInstance0(Native Method)
[2026-03-16T03:36:31.291+0000] {subprocess.py:93} INFO - 	at java.base/jdk.internal.reflect.NativeConstructorAccessorImpl.newInstance(NativeConstructorAccessorImpl.java:77)
[2026-03-16T03:36:31.291+0000] {subprocess.py:93} INFO - 	at java.base/jdk.internal.reflect.DelegatingConstructorAccessorImpl.newInstance(DelegatingConstructorAccessorImpl.java:45)
[2026-03-16T03:36:31.301+0000] {subprocess.py:93} INFO - 	at java.base/java.lang.reflect.Constructor.newInstanceWithCaller(Constructor.java:500)
[2026-03-16T03:36:31.302+0000] {subprocess.py:93} INFO - 	at java.base/java.lang.reflect.Constructor.newInstance(Constructor.java:481)
[2026-03-16T03:36:31.302+0000] {subprocess.py:93} INFO - 	at py4j.reflection.MethodInvoker.invoke(MethodInvoker.java:247)
[2026-03-16T03:36:31.303+0000] {subprocess.py:93} INFO - 	at py4j.reflection.ReflectionEngine.invoke(ReflectionEngine.java:374)
[2026-03-16T03:36:31.304+0000] {subprocess.py:93} INFO - 	at py4j.Gateway.invoke(Gateway.java:238)
[2026-03-16T03:36:31.304+0000] {subprocess.py:93} INFO - 	at py4j.commands.ConstructorCommand.invokeConstructor(ConstructorCommand.java:80)
[2026-03-16T03:36:31.305+0000] {subprocess.py:93} INFO - 	at py4j.commands.ConstructorCommand.execute(ConstructorCommand.java:69)
[2026-03-16T03:36:31.305+0000] {subprocess.py:93} INFO - 	at py4j.ClientServerConnection.waitForCommands(ClientServerConnection.java:182)
[2026-03-16T03:36:31.305+0000] {subprocess.py:93} INFO - 	at py4j.ClientServerConnection.run(ClientServerConnection.java:106)
[2026-03-16T03:36:31.306+0000] {subprocess.py:93} INFO - 	at java.base/java.lang.Thread.run(Thread.java:840)
[2026-03-16T03:36:31.734+0000] {subprocess.py:93} INFO - 26/03/16 03:36:31 INFO Executor: Starting executor ID driver on host e3430f617ad9
[2026-03-16T03:36:31.735+0000] {subprocess.py:93} INFO - 26/03/16 03:36:31 INFO Executor: OS info Linux, 5.15.167.4-microsoft-standard-WSL2, amd64
[2026-03-16T03:36:31.737+0000] {subprocess.py:93} INFO - 26/03/16 03:36:31 INFO Executor: Java version 17.0.18
[2026-03-16T03:36:31.785+0000] {subprocess.py:93} INFO - 26/03/16 03:36:31 INFO Executor: Starting executor with user classpath (userClassPathFirst = false): ''
[2026-03-16T03:36:31.788+0000] {subprocess.py:93} INFO - 26/03/16 03:36:31 INFO Executor: Created or updated repl class loader org.apache.spark.util.MutableURLClassLoader@3e5eff2d for default.
[2026-03-16T03:36:31.914+0000] {subprocess.py:93} INFO - 26/03/16 03:36:31 INFO Utils: Successfully started service 'org.apache.spark.network.netty.NettyBlockTransferService' on port 46591.
[2026-03-16T03:36:31.914+0000] {subprocess.py:93} INFO - 26/03/16 03:36:31 INFO NettyBlockTransferService: Server created on e3430f617ad9:46591
[2026-03-16T03:36:31.920+0000] {subprocess.py:93} INFO - 26/03/16 03:36:31 INFO BlockManager: Using org.apache.spark.storage.RandomBlockReplicationPolicy for block replication policy
[2026-03-16T03:36:31.955+0000] {subprocess.py:93} INFO - 26/03/16 03:36:31 INFO BlockManagerMaster: Registering BlockManager BlockManagerId(driver, e3430f617ad9, 46591, None)
[2026-03-16T03:36:31.970+0000] {subprocess.py:93} INFO - 26/03/16 03:36:31 INFO BlockManagerMasterEndpoint: Registering block manager e3430f617ad9:46591 with 434.4 MiB RAM, BlockManagerId(driver, e3430f617ad9, 46591, None)
[2026-03-16T03:36:31.989+0000] {subprocess.py:93} INFO - 26/03/16 03:36:31 INFO BlockManagerMaster: Registered BlockManager BlockManagerId(driver, e3430f617ad9, 46591, None)
[2026-03-16T03:36:31.995+0000] {subprocess.py:93} INFO - 26/03/16 03:36:31 INFO BlockManager: Initialized BlockManager: BlockManagerId(driver, e3430f617ad9, 46591, None)
[2026-03-16T03:36:37.649+0000] {subprocess.py:93} INFO - 26/03/16 03:36:37 INFO SharedState: Setting hive.metastore.warehouse.dir ('null') to the value of spark.sql.warehouse.dir.
[2026-03-16T03:36:37.657+0000] {subprocess.py:93} INFO - 26/03/16 03:36:37 INFO SharedState: Warehouse path is 'file:/tmp/airflowtmpi78_x_ke/spark-warehouse'.
[2026-03-16T03:36:42.235+0000] {subprocess.py:93} INFO - Traceback (most recent call last):
[2026-03-16T03:36:42.236+0000] {subprocess.py:93} INFO -   File "/opt/airflow/spark/spark_processor.py", line 21, in <module>
[2026-03-16T03:36:42.236+0000] {subprocess.py:93} INFO -     df = spark.read \
[2026-03-16T03:36:42.236+0000] {subprocess.py:93} INFO -   File "/home/airflow/.local/lib/python3.8/site-packages/pyspark/sql/readwriter.py", line 314, in load
[2026-03-16T03:36:42.237+0000] {subprocess.py:93} INFO -     return self._df(self._jreader.load())
[2026-03-16T03:36:42.237+0000] {subprocess.py:93} INFO -   File "/home/airflow/.local/lib/python3.8/site-packages/py4j/java_gateway.py", line 1362, in __call__
[2026-03-16T03:36:42.238+0000] {subprocess.py:93} INFO -     return_value = get_return_value(
[2026-03-16T03:36:42.238+0000] {subprocess.py:93} INFO -   File "/home/airflow/.local/lib/python3.8/site-packages/pyspark/errors/exceptions/captured.py", line 179, in deco
[2026-03-16T03:36:42.238+0000] {subprocess.py:93} INFO -     return f(*a, **kw)
[2026-03-16T03:36:42.240+0000] {subprocess.py:93} INFO -   File "/home/airflow/.local/lib/python3.8/site-packages/py4j/protocol.py", line 327, in get_return_value
[2026-03-16T03:36:42.241+0000] {subprocess.py:93} INFO -     raise Py4JJavaError(
[2026-03-16T03:36:42.242+0000] {subprocess.py:93} INFO - py4j.protocol.Py4JJavaError: An error occurred while calling o34.load.
[2026-03-16T03:36:42.242+0000] {subprocess.py:93} INFO - : java.lang.ClassNotFoundException: org.postgresql.Driver
[2026-03-16T03:36:42.242+0000] {subprocess.py:93} INFO - 	at java.base/java.net.URLClassLoader.findClass(URLClassLoader.java:445)
[2026-03-16T03:36:42.243+0000] {subprocess.py:93} INFO - 	at java.base/java.lang.ClassLoader.loadClass(ClassLoader.java:592)
[2026-03-16T03:36:42.243+0000] {subprocess.py:93} INFO - 	at java.base/java.lang.ClassLoader.loadClass(ClassLoader.java:525)
[2026-03-16T03:36:42.243+0000] {subprocess.py:93} INFO - 	at org.apache.spark.sql.execution.datasources.jdbc.DriverRegistry$.register(DriverRegistry.scala:46)
[2026-03-16T03:36:42.244+0000] {subprocess.py:93} INFO - 	at org.apache.spark.sql.execution.datasources.jdbc.JDBCOptions.$anonfun$driverClass$1(JDBCOptions.scala:103)
[2026-03-16T03:36:42.244+0000] {subprocess.py:93} INFO - 	at org.apache.spark.sql.execution.datasources.jdbc.JDBCOptions.$anonfun$driverClass$1$adapted(JDBCOptions.scala:103)
[2026-03-16T03:36:42.254+0000] {subprocess.py:93} INFO - 	at scala.Option.foreach(Option.scala:407)
[2026-03-16T03:36:42.255+0000] {subprocess.py:93} INFO - 	at org.apache.spark.sql.execution.datasources.jdbc.JDBCOptions.<init>(JDBCOptions.scala:103)
[2026-03-16T03:36:42.255+0000] {subprocess.py:93} INFO - 	at org.apache.spark.sql.execution.datasources.jdbc.JDBCOptions.<init>(JDBCOptions.scala:41)
[2026-03-16T03:36:42.257+0000] {subprocess.py:93} INFO - 	at org.apache.spark.sql.execution.datasources.jdbc.JdbcRelationProvider.createRelation(JdbcRelationProvider.scala:34)
[2026-03-16T03:36:42.258+0000] {subprocess.py:93} INFO - 	at org.apache.spark.sql.execution.datasources.DataSource.resolveRelation(DataSource.scala:346)
[2026-03-16T03:36:42.258+0000] {subprocess.py:93} INFO - 	at org.apache.spark.sql.DataFrameReader.loadV1Source(DataFrameReader.scala:229)
[2026-03-16T03:36:42.258+0000] {subprocess.py:93} INFO - 	at org.apache.spark.sql.DataFrameReader.$anonfun$load$2(DataFrameReader.scala:211)
[2026-03-16T03:36:42.258+0000] {subprocess.py:93} INFO - 	at scala.Option.getOrElse(Option.scala:189)
[2026-03-16T03:36:42.259+0000] {subprocess.py:93} INFO - 	at org.apache.spark.sql.DataFrameReader.load(DataFrameReader.scala:211)
[2026-03-16T03:36:42.259+0000] {subprocess.py:93} INFO - 	at org.apache.spark.sql.DataFrameReader.load(DataFrameReader.scala:172)
[2026-03-16T03:36:42.259+0000] {subprocess.py:93} INFO - 	at java.base/jdk.internal.reflect.NativeMethodAccessorImpl.invoke0(Native Method)
[2026-03-16T03:36:42.260+0000] {subprocess.py:93} INFO - 	at java.base/jdk.internal.reflect.NativeMethodAccessorImpl.invoke(NativeMethodAccessorImpl.java:77)
[2026-03-16T03:36:42.260+0000] {subprocess.py:93} INFO - 	at java.base/jdk.internal.reflect.DelegatingMethodAccessorImpl.invoke(DelegatingMethodAccessorImpl.java:43)
[2026-03-16T03:36:42.260+0000] {subprocess.py:93} INFO - 	at java.base/java.lang.reflect.Method.invoke(Method.java:569)
[2026-03-16T03:36:42.260+0000] {subprocess.py:93} INFO - 	at py4j.reflection.MethodInvoker.invoke(MethodInvoker.java:244)
[2026-03-16T03:36:42.261+0000] {subprocess.py:93} INFO - 	at py4j.reflection.ReflectionEngine.invoke(ReflectionEngine.java:374)
[2026-03-16T03:36:42.261+0000] {subprocess.py:93} INFO - 	at py4j.Gateway.invoke(Gateway.java:282)
[2026-03-16T03:36:42.261+0000] {subprocess.py:93} INFO - 	at py4j.commands.AbstractCommand.invokeMethod(AbstractCommand.java:132)
[2026-03-16T03:36:42.262+0000] {subprocess.py:93} INFO - 	at py4j.commands.CallCommand.execute(CallCommand.java:79)
[2026-03-16T03:36:42.263+0000] {subprocess.py:93} INFO - 	at py4j.ClientServerConnection.waitForCommands(ClientServerConnection.java:182)
[2026-03-16T03:36:42.263+0000] {subprocess.py:93} INFO - 	at py4j.ClientServerConnection.run(ClientServerConnection.java:106)
[2026-03-16T03:36:42.263+0000] {subprocess.py:93} INFO - 	at java.base/java.lang.Thread.run(Thread.java:840)
[2026-03-16T03:36:42.263+0000] {subprocess.py:93} INFO - 
[2026-03-16T03:36:42.718+0000] {subprocess.py:93} INFO - 26/03/16 03:36:42 INFO SparkContext: Invoking stop() from shutdown hook
[2026-03-16T03:36:42.725+0000] {subprocess.py:93} INFO - 26/03/16 03:36:42 INFO SparkContext: SparkContext is stopping with exitCode 0.
[2026-03-16T03:36:42.778+0000] {subprocess.py:93} INFO - 26/03/16 03:36:42 INFO SparkUI: Stopped Spark web UI at http://e3430f617ad9:4040
[2026-03-16T03:36:42.838+0000] {subprocess.py:93} INFO - 26/03/16 03:36:42 INFO MapOutputTrackerMasterEndpoint: MapOutputTrackerMasterEndpoint stopped!
[2026-03-16T03:36:42.895+0000] {subprocess.py:93} INFO - 26/03/16 03:36:42 INFO MemoryStore: MemoryStore cleared
[2026-03-16T03:36:42.902+0000] {subprocess.py:93} INFO - 26/03/16 03:36:42 INFO BlockManager: BlockManager stopped
[2026-03-16T03:36:42.933+0000] {subprocess.py:93} INFO - 26/03/16 03:36:42 INFO BlockManagerMaster: BlockManagerMaster stopped
[2026-03-16T03:36:42.942+0000] {subprocess.py:93} INFO - 26/03/16 03:36:42 INFO OutputCommitCoordinator$OutputCommitCoordinatorEndpoint: OutputCommitCoordinator stopped!
[2026-03-16T03:36:42.991+0000] {subprocess.py:93} INFO - 26/03/16 03:36:42 INFO SparkContext: Successfully stopped SparkContext
[2026-03-16T03:36:42.993+0000] {subprocess.py:93} INFO - 26/03/16 03:36:42 INFO ShutdownHookManager: Shutdown hook called
[2026-03-16T03:36:42.995+0000] {subprocess.py:93} INFO - 26/03/16 03:36:42 INFO ShutdownHookManager: Deleting directory /tmp/spark-bb7f83cc-61e3-4e01-b90b-1d1d23ae16bb
[2026-03-16T03:36:43.015+0000] {subprocess.py:93} INFO - 26/03/16 03:36:43 INFO ShutdownHookManager: Deleting directory /tmp/spark-d01edfb0-f395-4c48-ac53-af75420181d2
[2026-03-16T03:36:43.035+0000] {subprocess.py:93} INFO - 26/03/16 03:36:43 INFO ShutdownHookManager: Deleting directory /tmp/spark-d01edfb0-f395-4c48-ac53-af75420181d2/pyspark-e92b0747-6eb2-48c5-9201-314f043dd840
[2026-03-16T03:36:43.500+0000] {subprocess.py:97} INFO - Command exited with return code 1
[2026-03-16T03:36:43.780+0000] {taskinstance.py:2698} ERROR - Task failed with exception
Traceback (most recent call last):
  File "/home/airflow/.local/lib/python3.8/site-packages/airflow/models/taskinstance.py", line 433, in _execute_task
    result = execute_callable(context=context, **execute_callable_kwargs)
  File "/home/airflow/.local/lib/python3.8/site-packages/airflow/operators/bash.py", line 212, in execute
    raise AirflowException(
airflow.exceptions.AirflowException: Bash command failed. The command returned a non-zero exit code 1.
[2026-03-16T03:36:43.822+0000] {taskinstance.py:1138} INFO - Marking task as FAILED. dag_id=pipeline_gps, task_id=task_process, execution_date=20260316T033000, start_date=20260316T033600, end_date=20260316T033643
[2026-03-16T03:36:43.970+0000] {standard_task_runner.py:107} ERROR - Failed to execute job 586 for task task_process (Bash command failed. The command returned a non-zero exit code 1.; 29)
[2026-03-16T03:36:44.214+0000] {local_task_job_runner.py:234} INFO - Task exited with return code 1
[2026-03-16T03:36:45.466+0000] {taskinstance.py:3280} INFO - 0 downstream tasks scheduled from follow-on schedule check
