[2026-03-16T03:40:09.949+0000] {taskinstance.py:1956} INFO - Dependencies all met for dep_context=non-requeueable deps ti=<TaskInstance: pipeline_gps.task_process scheduled__2026-03-16T03:35:00+00:00 [queued]>
[2026-03-16T03:40:09.962+0000] {taskinstance.py:1956} INFO - Dependencies all met for dep_context=requeueable deps ti=<TaskInstance: pipeline_gps.task_process scheduled__2026-03-16T03:35:00+00:00 [queued]>
[2026-03-16T03:40:09.962+0000] {taskinstance.py:2170} INFO - Starting attempt 1 of 1
[2026-03-16T03:40:09.989+0000] {taskinstance.py:2191} INFO - Executing <Task(BashOperator): task_process> on 2026-03-16 03:35:00+00:00
[2026-03-16T03:40:09.996+0000] {standard_task_runner.py:60} INFO - Started process 170 to run task
[2026-03-16T03:40:10.020+0000] {standard_task_runner.py:87} INFO - Running: ['airflow', 'tasks', 'run', 'pipeline_gps', 'task_process', 'scheduled__2026-03-16T03:35:00+00:00', '--job-id', '587', '--raw', '--subdir', 'DAGS_FOLDER/pipeline_gps.py', '--cfg-path', '/tmp/tmp5eka7w3j']
[2026-03-16T03:40:10.030+0000] {standard_task_runner.py:88} INFO - Job 587: Subtask task_process
[2026-03-16T03:40:10.206+0000] {task_command.py:423} INFO - Running <TaskInstance: pipeline_gps.task_process scheduled__2026-03-16T03:35:00+00:00 [running]> on host e3430f617ad9
[2026-03-16T03:40:10.404+0000] {taskinstance.py:2480} INFO - Exporting env vars: AIRFLOW_CTX_DAG_OWNER='airflow' AIRFLOW_CTX_DAG_ID='pipeline_gps' AIRFLOW_CTX_TASK_ID='task_process' AIRFLOW_CTX_EXECUTION_DATE='2026-03-16T03:35:00+00:00' AIRFLOW_CTX_TRY_NUMBER='1' AIRFLOW_CTX_DAG_RUN_ID='scheduled__2026-03-16T03:35:00+00:00'
[2026-03-16T03:40:10.406+0000] {subprocess.py:63} INFO - Tmp dir root location: /tmp
[2026-03-16T03:40:10.409+0000] {subprocess.py:75} INFO - Running command: ['/usr/bin/bash', '-c', 'python /opt/airflow/spark/spark_processor.py']
[2026-03-16T03:40:10.432+0000] {subprocess.py:86} INFO - Output:
[2026-03-16T03:40:16.840+0000] {subprocess.py:93} INFO - 26/03/16 03:40:16 WARN NativeCodeLoader: Unable to load native-hadoop library for your platform... using builtin-java classes where applicable
[2026-03-16T03:40:19.201+0000] {subprocess.py:93} INFO - 26/03/16 03:40:19 WARN DependencyUtils: Local jar /tmp/airflowtmpr8698r7c/spark/jars/postgresql-42.7.3.jar does not exist, skipping.
[2026-03-16T03:40:19.450+0000] {subprocess.py:93} INFO - 26/03/16 03:40:19 INFO SparkContext: Running Spark version 3.5.8
[2026-03-16T03:40:19.452+0000] {subprocess.py:93} INFO - 26/03/16 03:40:19 INFO SparkContext: OS info Linux, 5.15.167.4-microsoft-standard-WSL2, amd64
[2026-03-16T03:40:19.453+0000] {subprocess.py:93} INFO - 26/03/16 03:40:19 INFO SparkContext: Java version 17.0.18
[2026-03-16T03:40:19.514+0000] {subprocess.py:93} INFO - 26/03/16 03:40:19 INFO ResourceUtils: ==============================================================
[2026-03-16T03:40:19.516+0000] {subprocess.py:93} INFO - 26/03/16 03:40:19 INFO ResourceUtils: No custom resources configured for spark.driver.
[2026-03-16T03:40:19.517+0000] {subprocess.py:93} INFO - 26/03/16 03:40:19 INFO ResourceUtils: ==============================================================
[2026-03-16T03:40:19.518+0000] {subprocess.py:93} INFO - 26/03/16 03:40:19 INFO SparkContext: Submitted application: gps_processor
[2026-03-16T03:40:19.559+0000] {subprocess.py:93} INFO - 26/03/16 03:40:19 INFO ResourceProfile: Default ResourceProfile created, executor resources: Map(cores -> name: cores, amount: 1, script: , vendor: , memory -> name: memory, amount: 1024, script: , vendor: , offHeap -> name: offHeap, amount: 0, script: , vendor: ), task resources: Map(cpus -> name: cpus, amount: 1.0)
[2026-03-16T03:40:19.577+0000] {subprocess.py:93} INFO - 26/03/16 03:40:19 INFO ResourceProfile: Limiting resource is cpu
[2026-03-16T03:40:19.578+0000] {subprocess.py:93} INFO - 26/03/16 03:40:19 INFO ResourceProfileManager: Added ResourceProfile id: 0
[2026-03-16T03:40:19.704+0000] {subprocess.py:93} INFO - 26/03/16 03:40:19 INFO SecurityManager: Changing view acls to: airflow
[2026-03-16T03:40:19.706+0000] {subprocess.py:93} INFO - 26/03/16 03:40:19 INFO SecurityManager: Changing modify acls to: airflow
[2026-03-16T03:40:19.709+0000] {subprocess.py:93} INFO - 26/03/16 03:40:19 INFO SecurityManager: Changing view acls groups to:
[2026-03-16T03:40:19.713+0000] {subprocess.py:93} INFO - 26/03/16 03:40:19 INFO SecurityManager: Changing modify acls groups to:
[2026-03-16T03:40:19.714+0000] {subprocess.py:93} INFO - 26/03/16 03:40:19 INFO SecurityManager: SecurityManager: authentication disabled; ui acls disabled; users with view permissions: airflow; groups with view permissions: EMPTY; users with modify permissions: airflow; groups with modify permissions: EMPTY
[2026-03-16T03:40:20.912+0000] {subprocess.py:93} INFO - 26/03/16 03:40:20 INFO Utils: Successfully started service 'sparkDriver' on port 38567.
[2026-03-16T03:40:21.026+0000] {subprocess.py:93} INFO - 26/03/16 03:40:21 INFO SparkEnv: Registering MapOutputTracker
[2026-03-16T03:40:21.137+0000] {subprocess.py:93} INFO - 26/03/16 03:40:21 INFO SparkEnv: Registering BlockManagerMaster
[2026-03-16T03:40:21.191+0000] {subprocess.py:93} INFO - 26/03/16 03:40:21 INFO BlockManagerMasterEndpoint: Using org.apache.spark.storage.DefaultTopologyMapper for getting topology information
[2026-03-16T03:40:21.193+0000] {subprocess.py:93} INFO - 26/03/16 03:40:21 INFO BlockManagerMasterEndpoint: BlockManagerMasterEndpoint up
[2026-03-16T03:40:21.201+0000] {subprocess.py:93} INFO - 26/03/16 03:40:21 INFO SparkEnv: Registering BlockManagerMasterHeartbeat
[2026-03-16T03:40:21.266+0000] {subprocess.py:93} INFO - 26/03/16 03:40:21 INFO DiskBlockManager: Created local directory at /tmp/blockmgr-e343ceaa-5837-4111-9f8d-e4aa30824e5c
[2026-03-16T03:40:21.299+0000] {subprocess.py:93} INFO - 26/03/16 03:40:21 INFO MemoryStore: MemoryStore started with capacity 434.4 MiB
[2026-03-16T03:40:21.331+0000] {subprocess.py:93} INFO - 26/03/16 03:40:21 INFO SparkEnv: Registering OutputCommitCoordinator
[2026-03-16T03:40:21.605+0000] {subprocess.py:93} INFO - 26/03/16 03:40:21 INFO JettyUtils: Start Jetty 0.0.0.0:4040 for SparkUI
[2026-03-16T03:40:21.813+0000] {subprocess.py:93} INFO - 26/03/16 03:40:21 INFO Utils: Successfully started service 'SparkUI' on port 4040.
[2026-03-16T03:40:21.920+0000] {subprocess.py:93} INFO - 26/03/16 03:40:21 ERROR SparkContext: Failed to add spark/jars/postgresql-42.7.3.jar to Spark environment
[2026-03-16T03:40:21.920+0000] {subprocess.py:93} INFO - java.io.FileNotFoundException: Jar /tmp/airflowtmpr8698r7c/spark/jars/postgresql-42.7.3.jar not found
[2026-03-16T03:40:21.921+0000] {subprocess.py:93} INFO - 	at org.apache.spark.SparkContext.addLocalJarFile$1(SparkContext.scala:2095)
[2026-03-16T03:40:21.922+0000] {subprocess.py:93} INFO - 	at org.apache.spark.SparkContext.addJar(SparkContext.scala:2151)
[2026-03-16T03:40:21.922+0000] {subprocess.py:93} INFO - 	at org.apache.spark.SparkContext.$anonfun$new$15(SparkContext.scala:521)
[2026-03-16T03:40:21.923+0000] {subprocess.py:93} INFO - 	at org.apache.spark.SparkContext.$anonfun$new$15$adapted(SparkContext.scala:521)
[2026-03-16T03:40:21.924+0000] {subprocess.py:93} INFO - 	at scala.collection.mutable.ResizableArray.foreach(ResizableArray.scala:62)
[2026-03-16T03:40:21.924+0000] {subprocess.py:93} INFO - 	at scala.collection.mutable.ResizableArray.foreach$(ResizableArray.scala:55)
[2026-03-16T03:40:21.925+0000] {subprocess.py:93} INFO - 	at scala.collection.mutable.ArrayBuffer.foreach(ArrayBuffer.scala:49)
[2026-03-16T03:40:21.926+0000] {subprocess.py:93} INFO - 	at org.apache.spark.SparkContext.<init>(SparkContext.scala:521)
[2026-03-16T03:40:21.926+0000] {subprocess.py:93} INFO - 	at org.apache.spark.api.java.JavaSparkContext.<init>(JavaSparkContext.scala:58)
[2026-03-16T03:40:21.927+0000] {subprocess.py:93} INFO - 	at java.base/jdk.internal.reflect.NativeConstructorAccessorImpl.newInstance0(Native Method)
[2026-03-16T03:40:21.928+0000] {subprocess.py:93} INFO - 	at java.base/jdk.internal.reflect.NativeConstructorAccessorImpl.newInstance(NativeConstructorAccessorImpl.java:77)
[2026-03-16T03:40:21.928+0000] {subprocess.py:93} INFO - 	at java.base/jdk.internal.reflect.DelegatingConstructorAccessorImpl.newInstance(DelegatingConstructorAccessorImpl.java:45)
[2026-03-16T03:40:21.929+0000] {subprocess.py:93} INFO - 	at java.base/java.lang.reflect.Constructor.newInstanceWithCaller(Constructor.java:500)
[2026-03-16T03:40:21.930+0000] {subprocess.py:93} INFO - 	at java.base/java.lang.reflect.Constructor.newInstance(Constructor.java:481)
[2026-03-16T03:40:21.930+0000] {subprocess.py:93} INFO - 	at py4j.reflection.MethodInvoker.invoke(MethodInvoker.java:247)
[2026-03-16T03:40:21.931+0000] {subprocess.py:93} INFO - 	at py4j.reflection.ReflectionEngine.invoke(ReflectionEngine.java:374)
[2026-03-16T03:40:21.932+0000] {subprocess.py:93} INFO - 	at py4j.Gateway.invoke(Gateway.java:238)
[2026-03-16T03:40:21.932+0000] {subprocess.py:93} INFO - 	at py4j.commands.ConstructorCommand.invokeConstructor(ConstructorCommand.java:80)
[2026-03-16T03:40:21.933+0000] {subprocess.py:93} INFO - 	at py4j.commands.ConstructorCommand.execute(ConstructorCommand.java:69)
[2026-03-16T03:40:21.934+0000] {subprocess.py:93} INFO - 	at py4j.ClientServerConnection.waitForCommands(ClientServerConnection.java:182)
[2026-03-16T03:40:21.934+0000] {subprocess.py:93} INFO - 	at py4j.ClientServerConnection.run(ClientServerConnection.java:106)
[2026-03-16T03:40:21.935+0000] {subprocess.py:93} INFO - 	at java.base/java.lang.Thread.run(Thread.java:840)
[2026-03-16T03:40:22.139+0000] {subprocess.py:93} INFO - 26/03/16 03:40:22 INFO Executor: Starting executor ID driver on host e3430f617ad9
[2026-03-16T03:40:22.141+0000] {subprocess.py:93} INFO - 26/03/16 03:40:22 INFO Executor: OS info Linux, 5.15.167.4-microsoft-standard-WSL2, amd64
[2026-03-16T03:40:22.142+0000] {subprocess.py:93} INFO - 26/03/16 03:40:22 INFO Executor: Java version 17.0.18
[2026-03-16T03:40:22.157+0000] {subprocess.py:93} INFO - 26/03/16 03:40:22 INFO Executor: Starting executor with user classpath (userClassPathFirst = false): ''
[2026-03-16T03:40:22.159+0000] {subprocess.py:93} INFO - 26/03/16 03:40:22 INFO Executor: Created or updated repl class loader org.apache.spark.util.MutableURLClassLoader@3e5eff2d for default.
[2026-03-16T03:40:22.243+0000] {subprocess.py:93} INFO - 26/03/16 03:40:22 INFO Utils: Successfully started service 'org.apache.spark.network.netty.NettyBlockTransferService' on port 46623.
[2026-03-16T03:40:22.244+0000] {subprocess.py:93} INFO - 26/03/16 03:40:22 INFO NettyBlockTransferService: Server created on e3430f617ad9:46623
[2026-03-16T03:40:22.248+0000] {subprocess.py:93} INFO - 26/03/16 03:40:22 INFO BlockManager: Using org.apache.spark.storage.RandomBlockReplicationPolicy for block replication policy
[2026-03-16T03:40:22.268+0000] {subprocess.py:93} INFO - 26/03/16 03:40:22 INFO BlockManagerMaster: Registering BlockManager BlockManagerId(driver, e3430f617ad9, 46623, None)
[2026-03-16T03:40:22.291+0000] {subprocess.py:93} INFO - 26/03/16 03:40:22 INFO BlockManagerMasterEndpoint: Registering block manager e3430f617ad9:46623 with 434.4 MiB RAM, BlockManagerId(driver, e3430f617ad9, 46623, None)
[2026-03-16T03:40:22.294+0000] {subprocess.py:93} INFO - 26/03/16 03:40:22 INFO BlockManagerMaster: Registered BlockManager BlockManagerId(driver, e3430f617ad9, 46623, None)
[2026-03-16T03:40:22.304+0000] {subprocess.py:93} INFO - 26/03/16 03:40:22 INFO BlockManager: Initialized BlockManager: BlockManagerId(driver, e3430f617ad9, 46623, None)
[2026-03-16T03:40:23.786+0000] {subprocess.py:93} INFO - 26/03/16 03:40:23 INFO SharedState: Setting hive.metastore.warehouse.dir ('null') to the value of spark.sql.warehouse.dir.
[2026-03-16T03:40:23.790+0000] {subprocess.py:93} INFO - 26/03/16 03:40:23 INFO SharedState: Warehouse path is 'file:/tmp/airflowtmpr8698r7c/spark-warehouse'.
[2026-03-16T03:40:25.940+0000] {subprocess.py:93} INFO - Traceback (most recent call last):
[2026-03-16T03:40:25.940+0000] {subprocess.py:93} INFO -   File "/opt/airflow/spark/spark_processor.py", line 21, in <module>
[2026-03-16T03:40:25.941+0000] {subprocess.py:93} INFO -     df = spark.read \
[2026-03-16T03:40:25.941+0000] {subprocess.py:93} INFO -   File "/home/airflow/.local/lib/python3.8/site-packages/pyspark/sql/readwriter.py", line 314, in load
[2026-03-16T03:40:25.941+0000] {subprocess.py:93} INFO -     return self._df(self._jreader.load())
[2026-03-16T03:40:25.942+0000] {subprocess.py:93} INFO -   File "/home/airflow/.local/lib/python3.8/site-packages/py4j/java_gateway.py", line 1362, in __call__
[2026-03-16T03:40:25.942+0000] {subprocess.py:93} INFO -     return_value = get_return_value(
[2026-03-16T03:40:25.943+0000] {subprocess.py:93} INFO -   File "/home/airflow/.local/lib/python3.8/site-packages/pyspark/errors/exceptions/captured.py", line 179, in deco
[2026-03-16T03:40:25.943+0000] {subprocess.py:93} INFO -     return f(*a, **kw)
[2026-03-16T03:40:25.943+0000] {subprocess.py:93} INFO -   File "/home/airflow/.local/lib/python3.8/site-packages/py4j/protocol.py", line 327, in get_return_value
[2026-03-16T03:40:25.943+0000] {subprocess.py:93} INFO -     raise Py4JJavaError(
[2026-03-16T03:40:25.944+0000] {subprocess.py:93} INFO - py4j.protocol.Py4JJavaError: An error occurred while calling o34.load.
[2026-03-16T03:40:25.944+0000] {subprocess.py:93} INFO - : java.lang.ClassNotFoundException: org.postgresql.Driver
[2026-03-16T03:40:25.944+0000] {subprocess.py:93} INFO - 	at java.base/java.net.URLClassLoader.findClass(URLClassLoader.java:445)
[2026-03-16T03:40:25.945+0000] {subprocess.py:93} INFO - 	at java.base/java.lang.ClassLoader.loadClass(ClassLoader.java:592)
[2026-03-16T03:40:25.945+0000] {subprocess.py:93} INFO - 	at java.base/java.lang.ClassLoader.loadClass(ClassLoader.java:525)
[2026-03-16T03:40:25.945+0000] {subprocess.py:93} INFO - 	at org.apache.spark.sql.execution.datasources.jdbc.DriverRegistry$.register(DriverRegistry.scala:46)
[2026-03-16T03:40:25.945+0000] {subprocess.py:93} INFO - 	at org.apache.spark.sql.execution.datasources.jdbc.JDBCOptions.$anonfun$driverClass$1(JDBCOptions.scala:103)
[2026-03-16T03:40:25.946+0000] {subprocess.py:93} INFO - 	at org.apache.spark.sql.execution.datasources.jdbc.JDBCOptions.$anonfun$driverClass$1$adapted(JDBCOptions.scala:103)
[2026-03-16T03:40:25.946+0000] {subprocess.py:93} INFO - 	at scala.Option.foreach(Option.scala:407)
[2026-03-16T03:40:25.946+0000] {subprocess.py:93} INFO - 	at org.apache.spark.sql.execution.datasources.jdbc.JDBCOptions.<init>(JDBCOptions.scala:103)
[2026-03-16T03:40:25.947+0000] {subprocess.py:93} INFO - 	at org.apache.spark.sql.execution.datasources.jdbc.JDBCOptions.<init>(JDBCOptions.scala:41)
[2026-03-16T03:40:25.947+0000] {subprocess.py:93} INFO - 	at org.apache.spark.sql.execution.datasources.jdbc.JdbcRelationProvider.createRelation(JdbcRelationProvider.scala:34)
[2026-03-16T03:40:25.948+0000] {subprocess.py:93} INFO - 	at org.apache.spark.sql.execution.datasources.DataSource.resolveRelation(DataSource.scala:346)
[2026-03-16T03:40:25.948+0000] {subprocess.py:93} INFO - 	at org.apache.spark.sql.DataFrameReader.loadV1Source(DataFrameReader.scala:229)
[2026-03-16T03:40:25.948+0000] {subprocess.py:93} INFO - 	at org.apache.spark.sql.DataFrameReader.$anonfun$load$2(DataFrameReader.scala:211)
[2026-03-16T03:40:25.948+0000] {subprocess.py:93} INFO - 	at scala.Option.getOrElse(Option.scala:189)
[2026-03-16T03:40:25.949+0000] {subprocess.py:93} INFO - 	at org.apache.spark.sql.DataFrameReader.load(DataFrameReader.scala:211)
[2026-03-16T03:40:25.949+0000] {subprocess.py:93} INFO - 	at org.apache.spark.sql.DataFrameReader.load(DataFrameReader.scala:172)
[2026-03-16T03:40:25.949+0000] {subprocess.py:93} INFO - 	at java.base/jdk.internal.reflect.NativeMethodAccessorImpl.invoke0(Native Method)
[2026-03-16T03:40:25.950+0000] {subprocess.py:93} INFO - 	at java.base/jdk.internal.reflect.NativeMethodAccessorImpl.invoke(NativeMethodAccessorImpl.java:77)
[2026-03-16T03:40:25.951+0000] {subprocess.py:93} INFO - 	at java.base/jdk.internal.reflect.DelegatingMethodAccessorImpl.invoke(DelegatingMethodAccessorImpl.java:43)
[2026-03-16T03:40:25.952+0000] {subprocess.py:93} INFO - 	at java.base/java.lang.reflect.Method.invoke(Method.java:569)
[2026-03-16T03:40:25.952+0000] {subprocess.py:93} INFO - 	at py4j.reflection.MethodInvoker.invoke(MethodInvoker.java:244)
[2026-03-16T03:40:25.953+0000] {subprocess.py:93} INFO - 	at py4j.reflection.ReflectionEngine.invoke(ReflectionEngine.java:374)
[2026-03-16T03:40:25.953+0000] {subprocess.py:93} INFO - 	at py4j.Gateway.invoke(Gateway.java:282)
[2026-03-16T03:40:25.954+0000] {subprocess.py:93} INFO - 	at py4j.commands.AbstractCommand.invokeMethod(AbstractCommand.java:132)
[2026-03-16T03:40:25.954+0000] {subprocess.py:93} INFO - 	at py4j.commands.CallCommand.execute(CallCommand.java:79)
[2026-03-16T03:40:25.954+0000] {subprocess.py:93} INFO - 	at py4j.ClientServerConnection.waitForCommands(ClientServerConnection.java:182)
[2026-03-16T03:40:25.955+0000] {subprocess.py:93} INFO - 	at py4j.ClientServerConnection.run(ClientServerConnection.java:106)
[2026-03-16T03:40:25.955+0000] {subprocess.py:93} INFO - 	at java.base/java.lang.Thread.run(Thread.java:840)
[2026-03-16T03:40:25.956+0000] {subprocess.py:93} INFO - 
[2026-03-16T03:40:26.057+0000] {subprocess.py:93} INFO - 26/03/16 03:40:26 INFO SparkContext: Invoking stop() from shutdown hook
[2026-03-16T03:40:26.058+0000] {subprocess.py:93} INFO - 26/03/16 03:40:26 INFO SparkContext: SparkContext is stopping with exitCode 0.
[2026-03-16T03:40:26.079+0000] {subprocess.py:93} INFO - 26/03/16 03:40:26 INFO SparkUI: Stopped Spark web UI at http://e3430f617ad9:4040
[2026-03-16T03:40:26.105+0000] {subprocess.py:93} INFO - 26/03/16 03:40:26 INFO MapOutputTrackerMasterEndpoint: MapOutputTrackerMasterEndpoint stopped!
[2026-03-16T03:40:26.132+0000] {subprocess.py:93} INFO - 26/03/16 03:40:26 INFO MemoryStore: MemoryStore cleared
[2026-03-16T03:40:26.133+0000] {subprocess.py:93} INFO - 26/03/16 03:40:26 INFO BlockManager: BlockManager stopped
[2026-03-16T03:40:26.147+0000] {subprocess.py:93} INFO - 26/03/16 03:40:26 INFO BlockManagerMaster: BlockManagerMaster stopped
[2026-03-16T03:40:26.153+0000] {subprocess.py:93} INFO - 26/03/16 03:40:26 INFO OutputCommitCoordinator$OutputCommitCoordinatorEndpoint: OutputCommitCoordinator stopped!
[2026-03-16T03:40:26.166+0000] {subprocess.py:93} INFO - 26/03/16 03:40:26 INFO SparkContext: Successfully stopped SparkContext
[2026-03-16T03:40:26.166+0000] {subprocess.py:93} INFO - 26/03/16 03:40:26 INFO ShutdownHookManager: Shutdown hook called
[2026-03-16T03:40:26.168+0000] {subprocess.py:93} INFO - 26/03/16 03:40:26 INFO ShutdownHookManager: Deleting directory /tmp/spark-43a1c5b0-9919-4ce3-8f43-4fa86d40e77d/pyspark-87db8294-86b2-4ce2-b0c0-297c768d314b
[2026-03-16T03:40:26.175+0000] {subprocess.py:93} INFO - 26/03/16 03:40:26 INFO ShutdownHookManager: Deleting directory /tmp/spark-43a1c5b0-9919-4ce3-8f43-4fa86d40e77d
[2026-03-16T03:40:26.184+0000] {subprocess.py:93} INFO - 26/03/16 03:40:26 INFO ShutdownHookManager: Deleting directory /tmp/spark-b9972dce-bdd3-40d4-9507-b38471e8819f
[2026-03-16T03:40:26.559+0000] {subprocess.py:97} INFO - Command exited with return code 1
[2026-03-16T03:40:26.577+0000] {taskinstance.py:2698} ERROR - Task failed with exception
Traceback (most recent call last):
  File "/home/airflow/.local/lib/python3.8/site-packages/airflow/models/taskinstance.py", line 433, in _execute_task
    result = execute_callable(context=context, **execute_callable_kwargs)
  File "/home/airflow/.local/lib/python3.8/site-packages/airflow/operators/bash.py", line 212, in execute
    raise AirflowException(
airflow.exceptions.AirflowException: Bash command failed. The command returned a non-zero exit code 1.
[2026-03-16T03:40:26.584+0000] {taskinstance.py:1138} INFO - Marking task as FAILED. dag_id=pipeline_gps, task_id=task_process, execution_date=20260316T033500, start_date=20260316T034009, end_date=20260316T034026
[2026-03-16T03:40:26.612+0000] {standard_task_runner.py:107} ERROR - Failed to execute job 587 for task task_process (Bash command failed. The command returned a non-zero exit code 1.; 170)
[2026-03-16T03:40:26.631+0000] {local_task_job_runner.py:234} INFO - Task exited with return code 1
[2026-03-16T03:40:26.657+0000] {taskinstance.py:3280} INFO - 0 downstream tasks scheduled from follow-on schedule check
