[2026-03-16T03:42:44.573+0000] {taskinstance.py:1956} INFO - Dependencies all met for dep_context=non-requeueable deps ti=<TaskInstance: pipeline_gps.task_process scheduled__2026-03-16T03:35:00+00:00 [queued]>
[2026-03-16T03:42:44.594+0000] {taskinstance.py:1956} INFO - Dependencies all met for dep_context=requeueable deps ti=<TaskInstance: pipeline_gps.task_process scheduled__2026-03-16T03:35:00+00:00 [queued]>
[2026-03-16T03:42:44.595+0000] {taskinstance.py:2170} INFO - Starting attempt 2 of 2
[2026-03-16T03:42:44.636+0000] {taskinstance.py:2191} INFO - Executing <Task(BashOperator): task_process> on 2026-03-16 03:35:00+00:00
[2026-03-16T03:42:44.666+0000] {standard_task_runner.py:60} INFO - Started process 307 to run task
[2026-03-16T03:42:44.778+0000] {standard_task_runner.py:87} INFO - Running: ['airflow', 'tasks', 'run', 'pipeline_gps', 'task_process', 'scheduled__2026-03-16T03:35:00+00:00', '--job-id', '588', '--raw', '--subdir', 'DAGS_FOLDER/pipeline_gps.py', '--cfg-path', '/tmp/tmp6jlo_e4j']
[2026-03-16T03:42:44.810+0000] {standard_task_runner.py:88} INFO - Job 588: Subtask task_process
[2026-03-16T03:42:45.341+0000] {task_command.py:423} INFO - Running <TaskInstance: pipeline_gps.task_process scheduled__2026-03-16T03:35:00+00:00 [running]> on host e3430f617ad9
[2026-03-16T03:42:45.592+0000] {taskinstance.py:2480} INFO - Exporting env vars: AIRFLOW_CTX_DAG_OWNER='airflow' AIRFLOW_CTX_DAG_ID='pipeline_gps' AIRFLOW_CTX_TASK_ID='task_process' AIRFLOW_CTX_EXECUTION_DATE='2026-03-16T03:35:00+00:00' AIRFLOW_CTX_TRY_NUMBER='2' AIRFLOW_CTX_DAG_RUN_ID='scheduled__2026-03-16T03:35:00+00:00'
[2026-03-16T03:42:45.606+0000] {subprocess.py:63} INFO - Tmp dir root location: /tmp
[2026-03-16T03:42:45.612+0000] {subprocess.py:75} INFO - Running command: ['/usr/bin/bash', '-c', 'python /opt/airflow/spark/spark_processor.py']
[2026-03-16T03:42:45.662+0000] {subprocess.py:86} INFO - Output:
[2026-03-16T03:42:59.497+0000] {subprocess.py:93} INFO - 26/03/16 03:42:59 WARN NativeCodeLoader: Unable to load native-hadoop library for your platform... using builtin-java classes where applicable
[2026-03-16T03:43:01.917+0000] {subprocess.py:93} INFO - 26/03/16 03:43:01 WARN DependencyUtils: Local jar /tmp/airflowtmp_ds4v39z/spark/jars/postgresql-42.7.3.jar does not exist, skipping.
[2026-03-16T03:43:03.354+0000] {subprocess.py:93} INFO - 26/03/16 03:43:03 INFO SparkContext: Running Spark version 3.5.8
[2026-03-16T03:43:03.355+0000] {subprocess.py:93} INFO - 26/03/16 03:43:03 INFO SparkContext: OS info Linux, 5.15.167.4-microsoft-standard-WSL2, amd64
[2026-03-16T03:43:03.358+0000] {subprocess.py:93} INFO - 26/03/16 03:43:03 INFO SparkContext: Java version 17.0.18
[2026-03-16T03:43:03.581+0000] {subprocess.py:93} INFO - 26/03/16 03:43:03 INFO ResourceUtils: ==============================================================
[2026-03-16T03:43:03.582+0000] {subprocess.py:93} INFO - 26/03/16 03:43:03 INFO ResourceUtils: No custom resources configured for spark.driver.
[2026-03-16T03:43:03.584+0000] {subprocess.py:93} INFO - 26/03/16 03:43:03 INFO ResourceUtils: ==============================================================
[2026-03-16T03:43:03.587+0000] {subprocess.py:93} INFO - 26/03/16 03:43:03 INFO SparkContext: Submitted application: gps_processor
[2026-03-16T03:43:03.743+0000] {subprocess.py:93} INFO - 26/03/16 03:43:03 INFO ResourceProfile: Default ResourceProfile created, executor resources: Map(cores -> name: cores, amount: 1, script: , vendor: , memory -> name: memory, amount: 1024, script: , vendor: , offHeap -> name: offHeap, amount: 0, script: , vendor: ), task resources: Map(cpus -> name: cpus, amount: 1.0)
[2026-03-16T03:43:03.785+0000] {subprocess.py:93} INFO - 26/03/16 03:43:03 INFO ResourceProfile: Limiting resource is cpu
[2026-03-16T03:43:03.790+0000] {subprocess.py:93} INFO - 26/03/16 03:43:03 INFO ResourceProfileManager: Added ResourceProfile id: 0
[2026-03-16T03:43:04.052+0000] {subprocess.py:93} INFO - 26/03/16 03:43:04 INFO SecurityManager: Changing view acls to: airflow
[2026-03-16T03:43:04.053+0000] {subprocess.py:93} INFO - 26/03/16 03:43:04 INFO SecurityManager: Changing modify acls to: airflow
[2026-03-16T03:43:04.055+0000] {subprocess.py:93} INFO - 26/03/16 03:43:04 INFO SecurityManager: Changing view acls groups to:
[2026-03-16T03:43:04.057+0000] {subprocess.py:93} INFO - 26/03/16 03:43:04 INFO SecurityManager: Changing modify acls groups to:
[2026-03-16T03:43:04.059+0000] {subprocess.py:93} INFO - 26/03/16 03:43:04 INFO SecurityManager: SecurityManager: authentication disabled; ui acls disabled; users with view permissions: airflow; groups with view permissions: EMPTY; users with modify permissions: airflow; groups with modify permissions: EMPTY
[2026-03-16T03:43:05.511+0000] {subprocess.py:93} INFO - 26/03/16 03:43:05 INFO Utils: Successfully started service 'sparkDriver' on port 39201.
[2026-03-16T03:43:05.667+0000] {subprocess.py:93} INFO - 26/03/16 03:43:05 INFO SparkEnv: Registering MapOutputTracker
[2026-03-16T03:43:05.847+0000] {subprocess.py:93} INFO - 26/03/16 03:43:05 INFO SparkEnv: Registering BlockManagerMaster
[2026-03-16T03:43:05.996+0000] {subprocess.py:93} INFO - 26/03/16 03:43:05 INFO BlockManagerMasterEndpoint: Using org.apache.spark.storage.DefaultTopologyMapper for getting topology information
[2026-03-16T03:43:06.000+0000] {subprocess.py:93} INFO - 26/03/16 03:43:06 INFO BlockManagerMasterEndpoint: BlockManagerMasterEndpoint up
[2026-03-16T03:43:06.063+0000] {subprocess.py:93} INFO - 26/03/16 03:43:06 INFO SparkEnv: Registering BlockManagerMasterHeartbeat
[2026-03-16T03:43:06.443+0000] {subprocess.py:93} INFO - 26/03/16 03:43:06 INFO DiskBlockManager: Created local directory at /tmp/blockmgr-6e1e2515-185f-4766-ae64-e74fdd15dc11
[2026-03-16T03:43:06.602+0000] {subprocess.py:93} INFO - 26/03/16 03:43:06 INFO MemoryStore: MemoryStore started with capacity 434.4 MiB
[2026-03-16T03:43:06.755+0000] {subprocess.py:93} INFO - 26/03/16 03:43:06 INFO SparkEnv: Registering OutputCommitCoordinator
[2026-03-16T03:43:07.667+0000] {subprocess.py:93} INFO - 26/03/16 03:43:07 INFO JettyUtils: Start Jetty 0.0.0.0:4040 for SparkUI
[2026-03-16T03:43:08.018+0000] {subprocess.py:93} INFO - 26/03/16 03:43:08 INFO Utils: Successfully started service 'SparkUI' on port 4040.
[2026-03-16T03:43:08.171+0000] {subprocess.py:93} INFO - 26/03/16 03:43:08 ERROR SparkContext: Failed to add spark/jars/postgresql-42.7.3.jar to Spark environment
[2026-03-16T03:43:08.171+0000] {subprocess.py:93} INFO - java.io.FileNotFoundException: Jar /tmp/airflowtmp_ds4v39z/spark/jars/postgresql-42.7.3.jar not found
[2026-03-16T03:43:08.172+0000] {subprocess.py:93} INFO - 	at org.apache.spark.SparkContext.addLocalJarFile$1(SparkContext.scala:2095)
[2026-03-16T03:43:08.172+0000] {subprocess.py:93} INFO - 	at org.apache.spark.SparkContext.addJar(SparkContext.scala:2151)
[2026-03-16T03:43:08.173+0000] {subprocess.py:93} INFO - 	at org.apache.spark.SparkContext.$anonfun$new$15(SparkContext.scala:521)
[2026-03-16T03:43:08.173+0000] {subprocess.py:93} INFO - 	at org.apache.spark.SparkContext.$anonfun$new$15$adapted(SparkContext.scala:521)
[2026-03-16T03:43:08.174+0000] {subprocess.py:93} INFO - 	at scala.collection.mutable.ResizableArray.foreach(ResizableArray.scala:62)
[2026-03-16T03:43:08.174+0000] {subprocess.py:93} INFO - 	at scala.collection.mutable.ResizableArray.foreach$(ResizableArray.scala:55)
[2026-03-16T03:43:08.175+0000] {subprocess.py:93} INFO - 	at scala.collection.mutable.ArrayBuffer.foreach(ArrayBuffer.scala:49)
[2026-03-16T03:43:08.175+0000] {subprocess.py:93} INFO - 	at org.apache.spark.SparkContext.<init>(SparkContext.scala:521)
[2026-03-16T03:43:08.176+0000] {subprocess.py:93} INFO - 	at org.apache.spark.api.java.JavaSparkContext.<init>(JavaSparkContext.scala:58)
[2026-03-16T03:43:08.177+0000] {subprocess.py:93} INFO - 	at java.base/jdk.internal.reflect.NativeConstructorAccessorImpl.newInstance0(Native Method)
[2026-03-16T03:43:08.179+0000] {subprocess.py:93} INFO - 	at java.base/jdk.internal.reflect.NativeConstructorAccessorImpl.newInstance(NativeConstructorAccessorImpl.java:77)
[2026-03-16T03:43:08.181+0000] {subprocess.py:93} INFO - 	at java.base/jdk.internal.reflect.DelegatingConstructorAccessorImpl.newInstance(DelegatingConstructorAccessorImpl.java:45)
[2026-03-16T03:43:08.183+0000] {subprocess.py:93} INFO - 	at java.base/java.lang.reflect.Constructor.newInstanceWithCaller(Constructor.java:500)
[2026-03-16T03:43:08.184+0000] {subprocess.py:93} INFO - 	at java.base/java.lang.reflect.Constructor.newInstance(Constructor.java:481)
[2026-03-16T03:43:08.187+0000] {subprocess.py:93} INFO - 	at py4j.reflection.MethodInvoker.invoke(MethodInvoker.java:247)
[2026-03-16T03:43:08.188+0000] {subprocess.py:93} INFO - 	at py4j.reflection.ReflectionEngine.invoke(ReflectionEngine.java:374)
[2026-03-16T03:43:08.189+0000] {subprocess.py:93} INFO - 	at py4j.Gateway.invoke(Gateway.java:238)
[2026-03-16T03:43:08.190+0000] {subprocess.py:93} INFO - 	at py4j.commands.ConstructorCommand.invokeConstructor(ConstructorCommand.java:80)
[2026-03-16T03:43:08.191+0000] {subprocess.py:93} INFO - 	at py4j.commands.ConstructorCommand.execute(ConstructorCommand.java:69)
[2026-03-16T03:43:08.191+0000] {subprocess.py:93} INFO - 	at py4j.ClientServerConnection.waitForCommands(ClientServerConnection.java:182)
[2026-03-16T03:43:08.192+0000] {subprocess.py:93} INFO - 	at py4j.ClientServerConnection.run(ClientServerConnection.java:106)
[2026-03-16T03:43:08.192+0000] {subprocess.py:93} INFO - 	at java.base/java.lang.Thread.run(Thread.java:840)
[2026-03-16T03:43:08.422+0000] {subprocess.py:93} INFO - 26/03/16 03:43:08 INFO Executor: Starting executor ID driver on host e3430f617ad9
[2026-03-16T03:43:08.424+0000] {subprocess.py:93} INFO - 26/03/16 03:43:08 INFO Executor: OS info Linux, 5.15.167.4-microsoft-standard-WSL2, amd64
[2026-03-16T03:43:08.426+0000] {subprocess.py:93} INFO - 26/03/16 03:43:08 INFO Executor: Java version 17.0.18
[2026-03-16T03:43:08.455+0000] {subprocess.py:93} INFO - 26/03/16 03:43:08 INFO Executor: Starting executor with user classpath (userClassPathFirst = false): ''
[2026-03-16T03:43:08.457+0000] {subprocess.py:93} INFO - 26/03/16 03:43:08 INFO Executor: Created or updated repl class loader org.apache.spark.util.MutableURLClassLoader@4bd977cb for default.
[2026-03-16T03:43:08.531+0000] {subprocess.py:93} INFO - 26/03/16 03:43:08 INFO Utils: Successfully started service 'org.apache.spark.network.netty.NettyBlockTransferService' on port 39305.
[2026-03-16T03:43:08.531+0000] {subprocess.py:93} INFO - 26/03/16 03:43:08 INFO NettyBlockTransferService: Server created on e3430f617ad9:39305
[2026-03-16T03:43:08.537+0000] {subprocess.py:93} INFO - 26/03/16 03:43:08 INFO BlockManager: Using org.apache.spark.storage.RandomBlockReplicationPolicy for block replication policy
[2026-03-16T03:43:08.566+0000] {subprocess.py:93} INFO - 26/03/16 03:43:08 INFO BlockManagerMaster: Registering BlockManager BlockManagerId(driver, e3430f617ad9, 39305, None)
[2026-03-16T03:43:08.576+0000] {subprocess.py:93} INFO - 26/03/16 03:43:08 INFO BlockManagerMasterEndpoint: Registering block manager e3430f617ad9:39305 with 434.4 MiB RAM, BlockManagerId(driver, e3430f617ad9, 39305, None)
[2026-03-16T03:43:08.582+0000] {subprocess.py:93} INFO - 26/03/16 03:43:08 INFO BlockManagerMaster: Registered BlockManager BlockManagerId(driver, e3430f617ad9, 39305, None)
[2026-03-16T03:43:08.586+0000] {subprocess.py:93} INFO - 26/03/16 03:43:08 INFO BlockManager: Initialized BlockManager: BlockManagerId(driver, e3430f617ad9, 39305, None)
[2026-03-16T03:43:10.949+0000] {subprocess.py:93} INFO - 26/03/16 03:43:10 INFO SharedState: Setting hive.metastore.warehouse.dir ('null') to the value of spark.sql.warehouse.dir.
[2026-03-16T03:43:10.982+0000] {subprocess.py:93} INFO - 26/03/16 03:43:10 INFO SharedState: Warehouse path is 'file:/tmp/airflowtmp_ds4v39z/spark-warehouse'.
[2026-03-16T03:43:15.155+0000] {subprocess.py:93} INFO - Traceback (most recent call last):
[2026-03-16T03:43:15.156+0000] {subprocess.py:93} INFO -   File "/opt/airflow/spark/spark_processor.py", line 21, in <module>
[2026-03-16T03:43:15.156+0000] {subprocess.py:93} INFO -     df = spark.read \
[2026-03-16T03:43:15.157+0000] {subprocess.py:93} INFO -   File "/home/airflow/.local/lib/python3.8/site-packages/pyspark/sql/readwriter.py", line 314, in load
[2026-03-16T03:43:15.158+0000] {subprocess.py:93} INFO -     return self._df(self._jreader.load())
[2026-03-16T03:43:15.158+0000] {subprocess.py:93} INFO -   File "/home/airflow/.local/lib/python3.8/site-packages/py4j/java_gateway.py", line 1362, in __call__
[2026-03-16T03:43:15.158+0000] {subprocess.py:93} INFO -     return_value = get_return_value(
[2026-03-16T03:43:15.159+0000] {subprocess.py:93} INFO -   File "/home/airflow/.local/lib/python3.8/site-packages/pyspark/errors/exceptions/captured.py", line 179, in deco
[2026-03-16T03:43:15.159+0000] {subprocess.py:93} INFO -     return f(*a, **kw)
[2026-03-16T03:43:15.159+0000] {subprocess.py:93} INFO -   File "/home/airflow/.local/lib/python3.8/site-packages/py4j/protocol.py", line 327, in get_return_value
[2026-03-16T03:43:15.160+0000] {subprocess.py:93} INFO -     raise Py4JJavaError(
[2026-03-16T03:43:15.160+0000] {subprocess.py:93} INFO - py4j.protocol.Py4JJavaError: An error occurred while calling o34.load.
[2026-03-16T03:43:15.160+0000] {subprocess.py:93} INFO - : java.lang.ClassNotFoundException: org.postgresql.Driver
[2026-03-16T03:43:15.161+0000] {subprocess.py:93} INFO - 	at java.base/java.net.URLClassLoader.findClass(URLClassLoader.java:445)
[2026-03-16T03:43:15.161+0000] {subprocess.py:93} INFO - 	at java.base/java.lang.ClassLoader.loadClass(ClassLoader.java:592)
[2026-03-16T03:43:15.162+0000] {subprocess.py:93} INFO - 	at java.base/java.lang.ClassLoader.loadClass(ClassLoader.java:525)
[2026-03-16T03:43:15.162+0000] {subprocess.py:93} INFO - 	at org.apache.spark.sql.execution.datasources.jdbc.DriverRegistry$.register(DriverRegistry.scala:46)
[2026-03-16T03:43:15.163+0000] {subprocess.py:93} INFO - 	at org.apache.spark.sql.execution.datasources.jdbc.JDBCOptions.$anonfun$driverClass$1(JDBCOptions.scala:103)
[2026-03-16T03:43:15.164+0000] {subprocess.py:93} INFO - 	at org.apache.spark.sql.execution.datasources.jdbc.JDBCOptions.$anonfun$driverClass$1$adapted(JDBCOptions.scala:103)
[2026-03-16T03:43:15.164+0000] {subprocess.py:93} INFO - 	at scala.Option.foreach(Option.scala:407)
[2026-03-16T03:43:15.165+0000] {subprocess.py:93} INFO - 	at org.apache.spark.sql.execution.datasources.jdbc.JDBCOptions.<init>(JDBCOptions.scala:103)
[2026-03-16T03:43:15.165+0000] {subprocess.py:93} INFO - 	at org.apache.spark.sql.execution.datasources.jdbc.JDBCOptions.<init>(JDBCOptions.scala:41)
[2026-03-16T03:43:15.165+0000] {subprocess.py:93} INFO - 	at org.apache.spark.sql.execution.datasources.jdbc.JdbcRelationProvider.createRelation(JdbcRelationProvider.scala:34)
[2026-03-16T03:43:15.166+0000] {subprocess.py:93} INFO - 	at org.apache.spark.sql.execution.datasources.DataSource.resolveRelation(DataSource.scala:346)
[2026-03-16T03:43:15.167+0000] {subprocess.py:93} INFO - 	at org.apache.spark.sql.DataFrameReader.loadV1Source(DataFrameReader.scala:229)
[2026-03-16T03:43:15.171+0000] {subprocess.py:93} INFO - 	at org.apache.spark.sql.DataFrameReader.$anonfun$load$2(DataFrameReader.scala:211)
[2026-03-16T03:43:15.171+0000] {subprocess.py:93} INFO - 	at scala.Option.getOrElse(Option.scala:189)
[2026-03-16T03:43:15.172+0000] {subprocess.py:93} INFO - 	at org.apache.spark.sql.DataFrameReader.load(DataFrameReader.scala:211)
[2026-03-16T03:43:15.172+0000] {subprocess.py:93} INFO - 	at org.apache.spark.sql.DataFrameReader.load(DataFrameReader.scala:172)
[2026-03-16T03:43:15.172+0000] {subprocess.py:93} INFO - 	at java.base/jdk.internal.reflect.NativeMethodAccessorImpl.invoke0(Native Method)
[2026-03-16T03:43:15.172+0000] {subprocess.py:93} INFO - 	at java.base/jdk.internal.reflect.NativeMethodAccessorImpl.invoke(NativeMethodAccessorImpl.java:77)
[2026-03-16T03:43:15.173+0000] {subprocess.py:93} INFO - 	at java.base/jdk.internal.reflect.DelegatingMethodAccessorImpl.invoke(DelegatingMethodAccessorImpl.java:43)
[2026-03-16T03:43:15.173+0000] {subprocess.py:93} INFO - 	at java.base/java.lang.reflect.Method.invoke(Method.java:569)
[2026-03-16T03:43:15.174+0000] {subprocess.py:93} INFO - 	at py4j.reflection.MethodInvoker.invoke(MethodInvoker.java:244)
[2026-03-16T03:43:15.174+0000] {subprocess.py:93} INFO - 	at py4j.reflection.ReflectionEngine.invoke(ReflectionEngine.java:374)
[2026-03-16T03:43:15.174+0000] {subprocess.py:93} INFO - 	at py4j.Gateway.invoke(Gateway.java:282)
[2026-03-16T03:43:15.174+0000] {subprocess.py:93} INFO - 	at py4j.commands.AbstractCommand.invokeMethod(AbstractCommand.java:132)
[2026-03-16T03:43:15.175+0000] {subprocess.py:93} INFO - 	at py4j.commands.CallCommand.execute(CallCommand.java:79)
[2026-03-16T03:43:15.175+0000] {subprocess.py:93} INFO - 	at py4j.ClientServerConnection.waitForCommands(ClientServerConnection.java:182)
[2026-03-16T03:43:15.175+0000] {subprocess.py:93} INFO - 	at py4j.ClientServerConnection.run(ClientServerConnection.java:106)
[2026-03-16T03:43:15.176+0000] {subprocess.py:93} INFO - 	at java.base/java.lang.Thread.run(Thread.java:840)
[2026-03-16T03:43:15.176+0000] {subprocess.py:93} INFO - 
[2026-03-16T03:43:15.631+0000] {subprocess.py:93} INFO - 26/03/16 03:43:15 INFO SparkContext: Invoking stop() from shutdown hook
[2026-03-16T03:43:15.632+0000] {subprocess.py:93} INFO - 26/03/16 03:43:15 INFO SparkContext: SparkContext is stopping with exitCode 0.
[2026-03-16T03:43:15.662+0000] {subprocess.py:93} INFO - 26/03/16 03:43:15 INFO SparkUI: Stopped Spark web UI at http://e3430f617ad9:4040
[2026-03-16T03:43:15.695+0000] {subprocess.py:93} INFO - 26/03/16 03:43:15 INFO MapOutputTrackerMasterEndpoint: MapOutputTrackerMasterEndpoint stopped!
[2026-03-16T03:43:15.750+0000] {subprocess.py:93} INFO - 26/03/16 03:43:15 INFO MemoryStore: MemoryStore cleared
[2026-03-16T03:43:15.751+0000] {subprocess.py:93} INFO - 26/03/16 03:43:15 INFO BlockManager: BlockManager stopped
[2026-03-16T03:43:15.777+0000] {subprocess.py:93} INFO - 26/03/16 03:43:15 INFO BlockManagerMaster: BlockManagerMaster stopped
[2026-03-16T03:43:15.786+0000] {subprocess.py:93} INFO - 26/03/16 03:43:15 INFO OutputCommitCoordinator$OutputCommitCoordinatorEndpoint: OutputCommitCoordinator stopped!
[2026-03-16T03:43:15.820+0000] {subprocess.py:93} INFO - 26/03/16 03:43:15 INFO SparkContext: Successfully stopped SparkContext
[2026-03-16T03:43:15.821+0000] {subprocess.py:93} INFO - 26/03/16 03:43:15 INFO ShutdownHookManager: Shutdown hook called
[2026-03-16T03:43:15.823+0000] {subprocess.py:93} INFO - 26/03/16 03:43:15 INFO ShutdownHookManager: Deleting directory /tmp/spark-74d9ce40-2a26-4cf7-8c86-6b41753cb2f5
[2026-03-16T03:43:15.839+0000] {subprocess.py:93} INFO - 26/03/16 03:43:15 INFO ShutdownHookManager: Deleting directory /tmp/spark-ba1cc209-e1da-44af-b0fd-81322602fa56/pyspark-f21d87cd-481a-479d-8376-4914504bba4e
[2026-03-16T03:43:15.853+0000] {subprocess.py:93} INFO - 26/03/16 03:43:15 INFO ShutdownHookManager: Deleting directory /tmp/spark-ba1cc209-e1da-44af-b0fd-81322602fa56
[2026-03-16T03:43:16.258+0000] {subprocess.py:97} INFO - Command exited with return code 1
[2026-03-16T03:43:16.297+0000] {taskinstance.py:2698} ERROR - Task failed with exception
Traceback (most recent call last):
  File "/home/airflow/.local/lib/python3.8/site-packages/airflow/models/taskinstance.py", line 433, in _execute_task
    result = execute_callable(context=context, **execute_callable_kwargs)
  File "/home/airflow/.local/lib/python3.8/site-packages/airflow/operators/bash.py", line 212, in execute
    raise AirflowException(
airflow.exceptions.AirflowException: Bash command failed. The command returned a non-zero exit code 1.
[2026-03-16T03:43:16.308+0000] {taskinstance.py:1138} INFO - Marking task as FAILED. dag_id=pipeline_gps, task_id=task_process, execution_date=20260316T033500, start_date=20260316T034244, end_date=20260316T034316
[2026-03-16T03:43:16.369+0000] {standard_task_runner.py:107} ERROR - Failed to execute job 588 for task task_process (Bash command failed. The command returned a non-zero exit code 1.; 307)
[2026-03-16T03:43:16.410+0000] {local_task_job_runner.py:234} INFO - Task exited with return code 1
[2026-03-16T03:43:16.453+0000] {taskinstance.py:3280} INFO - 0 downstream tasks scheduled from follow-on schedule check
