[2026-03-16T20:05:10.647+0000] {taskinstance.py:1956} INFO - Dependencies all met for dep_context=non-requeueable deps ti=<TaskInstance: pipeline_gps.process_gps_data scheduled__2026-03-16T19:55:00+00:00 [queued]>
[2026-03-16T20:05:10.714+0000] {taskinstance.py:1956} INFO - Dependencies all met for dep_context=requeueable deps ti=<TaskInstance: pipeline_gps.process_gps_data scheduled__2026-03-16T19:55:00+00:00 [queued]>
[2026-03-16T20:05:10.715+0000] {taskinstance.py:2170} INFO - Starting attempt 2 of 2
[2026-03-16T20:05:10.779+0000] {taskinstance.py:2191} INFO - Executing <Task(BashOperator): process_gps_data> on 2026-03-16 19:55:00+00:00
[2026-03-16T20:05:10.796+0000] {standard_task_runner.py:60} INFO - Started process 279 to run task
[2026-03-16T20:05:10.817+0000] {standard_task_runner.py:87} INFO - Running: ['airflow', 'tasks', 'run', 'pipeline_gps', 'process_gps_data', 'scheduled__2026-03-16T19:55:00+00:00', '--job-id', '37', '--raw', '--subdir', 'DAGS_FOLDER/pipeline_gps.py', '--cfg-path', '/tmp/tmpiv1hkr4j']
[2026-03-16T20:05:10.834+0000] {standard_task_runner.py:88} INFO - Job 37: Subtask process_gps_data
[2026-03-16T20:05:11.729+0000] {task_command.py:423} INFO - Running <TaskInstance: pipeline_gps.process_gps_data scheduled__2026-03-16T19:55:00+00:00 [running]> on host 95dbc7519d7f
[2026-03-16T20:05:12.129+0000] {taskinstance.py:2480} INFO - Exporting env vars: AIRFLOW_CTX_DAG_OWNER='airflow' AIRFLOW_CTX_DAG_ID='pipeline_gps' AIRFLOW_CTX_TASK_ID='process_gps_data' AIRFLOW_CTX_EXECUTION_DATE='2026-03-16T19:55:00+00:00' AIRFLOW_CTX_TRY_NUMBER='2' AIRFLOW_CTX_DAG_RUN_ID='scheduled__2026-03-16T19:55:00+00:00'
[2026-03-16T20:05:12.132+0000] {subprocess.py:63} INFO - Tmp dir root location: /tmp
[2026-03-16T20:05:12.135+0000] {subprocess.py:75} INFO - Running command: ['/usr/bin/bash', '-c', 'python /opt/airflow/spark/spark_processor.py']
[2026-03-16T20:05:12.183+0000] {subprocess.py:86} INFO - Output:
[2026-03-16T20:05:21.375+0000] {subprocess.py:93} INFO - 26/03/16 20:05:21 WARN NativeCodeLoader: Unable to load native-hadoop library for your platform... using builtin-java classes where applicable
[2026-03-16T20:05:22.852+0000] {subprocess.py:93} INFO - Setting default log level to "WARN".
[2026-03-16T20:05:22.865+0000] {subprocess.py:93} INFO - To adjust logging level use sc.setLogLevel(newLevel). For SparkR, use setLogLevel(newLevel).
[2026-03-16T20:05:31.756+0000] {subprocess.py:93} INFO - 26/03/16 20:05:31 WARN Utils: Service 'SparkUI' could not bind on port 4040. Attempting port 4041.
[2026-03-16T20:05:49.384+0000] {subprocess.py:93} INFO - 26/03/16 20:05:49 ERROR Inbox: Ignoring error
[2026-03-16T20:05:49.399+0000] {subprocess.py:93} INFO - org.apache.spark.SparkException: Exception thrown in awaitResult:
[2026-03-16T20:05:49.402+0000] {subprocess.py:93} INFO - 	at org.apache.spark.util.SparkThreadUtils$.awaitResult(SparkThreadUtils.scala:56)
[2026-03-16T20:05:49.403+0000] {subprocess.py:93} INFO - 	at org.apache.spark.util.ThreadUtils$.awaitResult(ThreadUtils.scala:310)
[2026-03-16T20:05:49.404+0000] {subprocess.py:93} INFO - 	at org.apache.spark.rpc.RpcTimeout.awaitResult(RpcTimeout.scala:75)
[2026-03-16T20:05:49.404+0000] {subprocess.py:93} INFO - 	at org.apache.spark.rpc.RpcEnv.setupEndpointRefByURI(RpcEnv.scala:102)
[2026-03-16T20:05:49.405+0000] {subprocess.py:93} INFO - 	at org.apache.spark.rpc.RpcEnv.setupEndpointRef(RpcEnv.scala:110)
[2026-03-16T20:05:49.406+0000] {subprocess.py:93} INFO - 	at org.apache.spark.util.RpcUtils$.makeDriverRef(RpcUtils.scala:36)
[2026-03-16T20:05:49.406+0000] {subprocess.py:93} INFO - 	at org.apache.spark.storage.BlockManagerMasterEndpoint.driverEndpoint$lzycompute(BlockManagerMasterEndpoint.scala:124)
[2026-03-16T20:05:49.407+0000] {subprocess.py:93} INFO - 	at org.apache.spark.storage.BlockManagerMasterEndpoint.org$apache$spark$storage$BlockManagerMasterEndpoint$$driverEndpoint(BlockManagerMasterEndpoint.scala:123)
[2026-03-16T20:05:49.408+0000] {subprocess.py:93} INFO - 	at org.apache.spark.storage.BlockManagerMasterEndpoint.isExecutorAlive$lzycompute$1(BlockManagerMasterEndpoint.scala:688)
[2026-03-16T20:05:49.408+0000] {subprocess.py:93} INFO - 	at org.apache.spark.storage.BlockManagerMasterEndpoint.isExecutorAlive$1(BlockManagerMasterEndpoint.scala:687)
[2026-03-16T20:05:49.409+0000] {subprocess.py:93} INFO - 	at org.apache.spark.storage.BlockManagerMasterEndpoint.org$apache$spark$storage$BlockManagerMasterEndpoint$$register(BlockManagerMasterEndpoint.scala:725)
[2026-03-16T20:05:49.410+0000] {subprocess.py:93} INFO - 	at org.apache.spark.storage.BlockManagerMasterEndpoint$$anonfun$receiveAndReply$1.applyOrElse(BlockManagerMasterEndpoint.scala:133)
[2026-03-16T20:05:49.410+0000] {subprocess.py:93} INFO - 	at org.apache.spark.rpc.netty.Inbox.$anonfun$process$1(Inbox.scala:103)
[2026-03-16T20:05:49.432+0000] {subprocess.py:93} INFO - 	at org.apache.spark.rpc.netty.Inbox.safelyCall(Inbox.scala:213)
[2026-03-16T20:05:49.433+0000] {subprocess.py:93} INFO - 	at org.apache.spark.rpc.netty.Inbox.process(Inbox.scala:100)
[2026-03-16T20:05:49.435+0000] {subprocess.py:93} INFO - 	at org.apache.spark.rpc.netty.MessageLoop.org$apache$spark$rpc$netty$MessageLoop$$receiveLoop(MessageLoop.scala:75)
[2026-03-16T20:05:49.435+0000] {subprocess.py:93} INFO - 	at org.apache.spark.rpc.netty.MessageLoop$$anon$1.run(MessageLoop.scala:41)
[2026-03-16T20:05:49.436+0000] {subprocess.py:93} INFO - 	at java.base/java.util.concurrent.ThreadPoolExecutor.runWorker(ThreadPoolExecutor.java:1136)
[2026-03-16T20:05:49.437+0000] {subprocess.py:93} INFO - 	at java.base/java.util.concurrent.ThreadPoolExecutor$Worker.run(ThreadPoolExecutor.java:635)
[2026-03-16T20:05:49.438+0000] {subprocess.py:93} INFO - 	at java.base/java.lang.Thread.run(Thread.java:840)
[2026-03-16T20:05:49.450+0000] {subprocess.py:93} INFO - Caused by: org.apache.spark.rpc.RpcEndpointNotFoundException: Cannot find endpoint: spark://CoarseGrainedScheduler@95dbc7519d7f:38133
[2026-03-16T20:05:49.452+0000] {subprocess.py:93} INFO - 	at org.apache.spark.rpc.netty.NettyRpcEnv.$anonfun$asyncSetupEndpointRefByURI$1(NettyRpcEnv.scala:148)
[2026-03-16T20:05:49.454+0000] {subprocess.py:93} INFO - 	at org.apache.spark.rpc.netty.NettyRpcEnv.$anonfun$asyncSetupEndpointRefByURI$1$adapted(NettyRpcEnv.scala:144)
[2026-03-16T20:05:49.473+0000] {subprocess.py:93} INFO - 	at scala.concurrent.Future.$anonfun$flatMap$1(Future.scala:307)
[2026-03-16T20:05:49.486+0000] {subprocess.py:93} INFO - 	at scala.concurrent.impl.Promise.$anonfun$transformWith$1(Promise.scala:41)
[2026-03-16T20:05:49.489+0000] {subprocess.py:93} INFO - 	at scala.concurrent.impl.CallbackRunnable.run(Promise.scala:64)
[2026-03-16T20:05:49.489+0000] {subprocess.py:93} INFO - 	at org.apache.spark.util.ThreadUtils$$anon$1.execute(ThreadUtils.scala:99)
[2026-03-16T20:05:49.490+0000] {subprocess.py:93} INFO - 	at scala.concurrent.impl.ExecutionContextImpl$$anon$4.execute(ExecutionContextImpl.scala:138)
[2026-03-16T20:05:49.490+0000] {subprocess.py:93} INFO - 	at scala.concurrent.impl.CallbackRunnable.executeWithValue(Promise.scala:72)
[2026-03-16T20:05:49.491+0000] {subprocess.py:93} INFO - 	at scala.concurrent.impl.Promise$DefaultPromise.dispatchOrAddCallback(Promise.scala:316)
[2026-03-16T20:05:49.514+0000] {subprocess.py:93} INFO - 	at scala.concurrent.impl.Promise$DefaultPromise.onComplete(Promise.scala:307)
[2026-03-16T20:05:49.515+0000] {subprocess.py:93} INFO - 	at scala.concurrent.impl.Promise.transformWith(Promise.scala:40)
[2026-03-16T20:05:49.519+0000] {subprocess.py:93} INFO - 	at scala.concurrent.impl.Promise.transformWith$(Promise.scala:38)
[2026-03-16T20:05:49.519+0000] {subprocess.py:93} INFO - 	at scala.concurrent.impl.Promise$DefaultPromise.transformWith(Promise.scala:187)
[2026-03-16T20:05:49.520+0000] {subprocess.py:93} INFO - 	at scala.concurrent.Future.flatMap(Future.scala:306)
[2026-03-16T20:05:49.521+0000] {subprocess.py:93} INFO - 	at scala.concurrent.Future.flatMap$(Future.scala:306)
[2026-03-16T20:05:49.522+0000] {subprocess.py:93} INFO - 	at scala.concurrent.impl.Promise$DefaultPromise.flatMap(Promise.scala:187)
[2026-03-16T20:05:49.539+0000] {subprocess.py:93} INFO - 	at org.apache.spark.rpc.netty.NettyRpcEnv.asyncSetupEndpointRefByURI(NettyRpcEnv.scala:150)
[2026-03-16T20:05:49.543+0000] {subprocess.py:93} INFO - 	... 17 more
[2026-03-16T20:05:49.544+0000] {subprocess.py:93} INFO - 26/03/16 20:05:49 WARN Executor: Issue communicating with driver in heartbeater
[2026-03-16T20:05:49.545+0000] {subprocess.py:93} INFO - org.apache.spark.SparkException: Exception thrown in awaitResult:
[2026-03-16T20:05:49.549+0000] {subprocess.py:93} INFO - 	at org.apache.spark.util.SparkThreadUtils$.awaitResult(SparkThreadUtils.scala:56)
[2026-03-16T20:05:49.550+0000] {subprocess.py:93} INFO - 	at org.apache.spark.util.ThreadUtils$.awaitResult(ThreadUtils.scala:310)
[2026-03-16T20:05:49.551+0000] {subprocess.py:93} INFO - 	at org.apache.spark.rpc.RpcTimeout.awaitResult(RpcTimeout.scala:75)
[2026-03-16T20:05:49.557+0000] {subprocess.py:93} INFO - 	at org.apache.spark.rpc.RpcEndpointRef.askSync(RpcEndpointRef.scala:101)
[2026-03-16T20:05:49.563+0000] {subprocess.py:93} INFO - 	at org.apache.spark.rpc.RpcEndpointRef.askSync(RpcEndpointRef.scala:85)
[2026-03-16T20:05:49.564+0000] {subprocess.py:93} INFO - 	at org.apache.spark.storage.BlockManagerMaster.registerBlockManager(BlockManagerMaster.scala:80)
[2026-03-16T20:05:49.565+0000] {subprocess.py:93} INFO - 	at org.apache.spark.storage.BlockManager.reregister(BlockManager.scala:642)
[2026-03-16T20:05:49.566+0000] {subprocess.py:93} INFO - 	at org.apache.spark.executor.Executor.reportHeartBeat(Executor.scala:1240)
[2026-03-16T20:05:49.566+0000] {subprocess.py:93} INFO - 	at org.apache.spark.executor.Executor.$anonfun$heartbeater$1(Executor.scala:296)
[2026-03-16T20:05:49.567+0000] {subprocess.py:93} INFO - 	at scala.runtime.java8.JFunction0$mcV$sp.apply(JFunction0$mcV$sp.java:23)
[2026-03-16T20:05:49.568+0000] {subprocess.py:93} INFO - 	at org.apache.spark.util.Utils$.logUncaughtExceptions(Utils.scala:1928)
[2026-03-16T20:05:49.569+0000] {subprocess.py:93} INFO - 	at org.apache.spark.Heartbeater$$anon$1.run(Heartbeater.scala:46)
[2026-03-16T20:05:49.569+0000] {subprocess.py:93} INFO - 	at java.base/java.util.concurrent.Executors$RunnableAdapter.call(Executors.java:539)
[2026-03-16T20:05:49.570+0000] {subprocess.py:93} INFO - 	at java.base/java.util.concurrent.FutureTask.runAndReset(FutureTask.java:305)
[2026-03-16T20:05:49.570+0000] {subprocess.py:93} INFO - 	at java.base/java.util.concurrent.ScheduledThreadPoolExecutor$ScheduledFutureTask.run(ScheduledThreadPoolExecutor.java:305)
[2026-03-16T20:05:49.571+0000] {subprocess.py:93} INFO - 	at java.base/java.util.concurrent.ThreadPoolExecutor.runWorker(ThreadPoolExecutor.java:1136)
[2026-03-16T20:05:49.572+0000] {subprocess.py:93} INFO - 	at java.base/java.util.concurrent.ThreadPoolExecutor$Worker.run(ThreadPoolExecutor.java:635)
[2026-03-16T20:05:49.574+0000] {subprocess.py:93} INFO - 	at java.base/java.lang.Thread.run(Thread.java:840)
[2026-03-16T20:05:49.578+0000] {subprocess.py:93} INFO - Caused by: org.apache.spark.SparkException: Exception thrown in awaitResult:
[2026-03-16T20:05:49.583+0000] {subprocess.py:93} INFO - 	at org.apache.spark.util.SparkThreadUtils$.awaitResult(SparkThreadUtils.scala:56)
[2026-03-16T20:05:49.585+0000] {subprocess.py:93} INFO - 	at org.apache.spark.util.ThreadUtils$.awaitResult(ThreadUtils.scala:310)
[2026-03-16T20:05:49.585+0000] {subprocess.py:93} INFO - 	at org.apache.spark.rpc.RpcTimeout.awaitResult(RpcTimeout.scala:75)
[2026-03-16T20:05:49.586+0000] {subprocess.py:93} INFO - 	at org.apache.spark.rpc.RpcEnv.setupEndpointRefByURI(RpcEnv.scala:102)
[2026-03-16T20:05:49.587+0000] {subprocess.py:93} INFO - 	at org.apache.spark.rpc.RpcEnv.setupEndpointRef(RpcEnv.scala:110)
[2026-03-16T20:05:49.587+0000] {subprocess.py:93} INFO - 	at org.apache.spark.util.RpcUtils$.makeDriverRef(RpcUtils.scala:36)
[2026-03-16T20:05:49.591+0000] {subprocess.py:93} INFO - 	at org.apache.spark.storage.BlockManagerMasterEndpoint.driverEndpoint$lzycompute(BlockManagerMasterEndpoint.scala:124)
[2026-03-16T20:05:49.594+0000] {subprocess.py:93} INFO - 	at org.apache.spark.storage.BlockManagerMasterEndpoint.org$apache$spark$storage$BlockManagerMasterEndpoint$$driverEndpoint(BlockManagerMasterEndpoint.scala:123)
[2026-03-16T20:05:49.594+0000] {subprocess.py:93} INFO - 	at org.apache.spark.storage.BlockManagerMasterEndpoint.isExecutorAlive$lzycompute$1(BlockManagerMasterEndpoint.scala:688)
[2026-03-16T20:05:49.718+0000] {subprocess.py:93} INFO - 	at org.apache.spark.storage.BlockManagerMasterEndpoint.isExecutorAlive$1(BlockManagerMasterEndpoint.scala:687)
[2026-03-16T20:05:49.719+0000] {subprocess.py:93} INFO - 	at org.apache.spark.storage.BlockManagerMasterEndpoint.org$apache$spark$storage$BlockManagerMasterEndpoint$$register(BlockManagerMasterEndpoint.scala:725)
[2026-03-16T20:05:49.720+0000] {subprocess.py:93} INFO - 	at org.apache.spark.storage.BlockManagerMasterEndpoint$$anonfun$receiveAndReply$1.applyOrElse(BlockManagerMasterEndpoint.scala:133)
[2026-03-16T20:05:49.720+0000] {subprocess.py:93} INFO - 	at org.apache.spark.rpc.netty.Inbox.$anonfun$process$1(Inbox.scala:103)
[2026-03-16T20:05:49.721+0000] {subprocess.py:93} INFO - 	at org.apache.spark.rpc.netty.Inbox.safelyCall(Inbox.scala:213)
[2026-03-16T20:05:49.722+0000] {subprocess.py:93} INFO - 	at org.apache.spark.rpc.netty.Inbox.process(Inbox.scala:100)
[2026-03-16T20:05:49.722+0000] {subprocess.py:93} INFO - 	at org.apache.spark.rpc.netty.MessageLoop.org$apache$spark$rpc$netty$MessageLoop$$receiveLoop(MessageLoop.scala:75)
[2026-03-16T20:05:49.723+0000] {subprocess.py:93} INFO - 	at org.apache.spark.rpc.netty.MessageLoop$$anon$1.run(MessageLoop.scala:41)
[2026-03-16T20:05:49.733+0000] {subprocess.py:93} INFO - 	... 3 more
[2026-03-16T20:05:49.734+0000] {subprocess.py:93} INFO - Caused by: org.apache.spark.rpc.RpcEndpointNotFoundException: Cannot find endpoint: spark://CoarseGrainedScheduler@95dbc7519d7f:38133
[2026-03-16T20:05:49.734+0000] {subprocess.py:93} INFO - 	at org.apache.spark.rpc.netty.NettyRpcEnv.$anonfun$asyncSetupEndpointRefByURI$1(NettyRpcEnv.scala:148)
[2026-03-16T20:05:49.750+0000] {subprocess.py:93} INFO - 	at org.apache.spark.rpc.netty.NettyRpcEnv.$anonfun$asyncSetupEndpointRefByURI$1$adapted(NettyRpcEnv.scala:144)
[2026-03-16T20:05:49.753+0000] {subprocess.py:93} INFO - 	at scala.concurrent.Future.$anonfun$flatMap$1(Future.scala:307)
[2026-03-16T20:05:49.754+0000] {subprocess.py:93} INFO - 	at scala.concurrent.impl.Promise.$anonfun$transformWith$1(Promise.scala:41)
[2026-03-16T20:05:49.755+0000] {subprocess.py:93} INFO - 	at scala.concurrent.impl.CallbackRunnable.run(Promise.scala:64)
[2026-03-16T20:05:49.756+0000] {subprocess.py:93} INFO - 	at org.apache.spark.util.ThreadUtils$$anon$1.execute(ThreadUtils.scala:99)
[2026-03-16T20:05:49.756+0000] {subprocess.py:93} INFO - 	at scala.concurrent.impl.ExecutionContextImpl$$anon$4.execute(ExecutionContextImpl.scala:138)
[2026-03-16T20:05:49.757+0000] {subprocess.py:93} INFO - 	at scala.concurrent.impl.CallbackRunnable.executeWithValue(Promise.scala:72)
[2026-03-16T20:05:49.758+0000] {subprocess.py:93} INFO - 	at scala.concurrent.impl.Promise$DefaultPromise.dispatchOrAddCallback(Promise.scala:316)
[2026-03-16T20:05:49.759+0000] {subprocess.py:93} INFO - 	at scala.concurrent.impl.Promise$DefaultPromise.onComplete(Promise.scala:307)
[2026-03-16T20:05:49.762+0000] {subprocess.py:93} INFO - 	at scala.concurrent.impl.Promise.transformWith(Promise.scala:40)
[2026-03-16T20:05:49.766+0000] {subprocess.py:93} INFO - 	at scala.concurrent.impl.Promise.transformWith$(Promise.scala:38)
[2026-03-16T20:05:49.766+0000] {subprocess.py:93} INFO - 	at scala.concurrent.impl.Promise$DefaultPromise.transformWith(Promise.scala:187)
[2026-03-16T20:05:49.772+0000] {subprocess.py:93} INFO - 	at scala.concurrent.Future.flatMap(Future.scala:306)
[2026-03-16T20:05:49.781+0000] {subprocess.py:93} INFO - 	at scala.concurrent.Future.flatMap$(Future.scala:306)
[2026-03-16T20:05:49.782+0000] {subprocess.py:93} INFO - 	at scala.concurrent.impl.Promise$DefaultPromise.flatMap(Promise.scala:187)
[2026-03-16T20:05:49.784+0000] {subprocess.py:93} INFO - 	at org.apache.spark.rpc.netty.NettyRpcEnv.asyncSetupEndpointRefByURI(NettyRpcEnv.scala:150)
[2026-03-16T20:05:49.797+0000] {subprocess.py:93} INFO - 	... 17 more
[2026-03-16T20:05:53.979+0000] {job.py:213} ERROR - Job heartbeat got an exception
Traceback (most recent call last):
  File "/home/airflow/.local/lib/python3.8/site-packages/sqlalchemy/engine/base.py", line 3371, in _wrap_pool_connect
    return fn()
  File "/home/airflow/.local/lib/python3.8/site-packages/sqlalchemy/pool/base.py", line 327, in connect
    return _ConnectionFairy._checkout(self)
  File "/home/airflow/.local/lib/python3.8/site-packages/sqlalchemy/pool/base.py", line 894, in _checkout
    fairy = _ConnectionRecord.checkout(pool)
  File "/home/airflow/.local/lib/python3.8/site-packages/sqlalchemy/pool/base.py", line 493, in checkout
    rec = pool._do_get()
  File "/home/airflow/.local/lib/python3.8/site-packages/sqlalchemy/pool/impl.py", line 256, in _do_get
    return self._create_connection()
  File "/home/airflow/.local/lib/python3.8/site-packages/sqlalchemy/pool/base.py", line 273, in _create_connection
    return _ConnectionRecord(self)
  File "/home/airflow/.local/lib/python3.8/site-packages/sqlalchemy/pool/base.py", line 388, in __init__
    self.__connect()
  File "/home/airflow/.local/lib/python3.8/site-packages/sqlalchemy/pool/base.py", line 691, in __connect
    pool.logger.debug("Error on connect(): %s", e)
  File "/home/airflow/.local/lib/python3.8/site-packages/sqlalchemy/util/langhelpers.py", line 70, in __exit__
    compat.raise_(
  File "/home/airflow/.local/lib/python3.8/site-packages/sqlalchemy/util/compat.py", line 211, in raise_
    raise exception
  File "/home/airflow/.local/lib/python3.8/site-packages/sqlalchemy/pool/base.py", line 686, in __connect
    self.dbapi_connection = connection = pool._invoke_creator(self)
  File "/home/airflow/.local/lib/python3.8/site-packages/sqlalchemy/engine/create.py", line 574, in connect
    return dialect.connect(*cargs, **cparams)
  File "/home/airflow/.local/lib/python3.8/site-packages/sqlalchemy/engine/default.py", line 598, in connect
    return self.dbapi.connect(*cargs, **cparams)
  File "/home/airflow/.local/lib/python3.8/site-packages/psycopg2/__init__.py", line 122, in connect
    conn = _connect(dsn, connection_factory=connection_factory, **kwasync)
psycopg2.OperationalError: could not translate host name "postgres-postgis" to address: Temporary failure in name resolution


The above exception was the direct cause of the following exception:

Traceback (most recent call last):
  File "/home/airflow/.local/lib/python3.8/site-packages/airflow/jobs/job.py", line 187, in heartbeat
    self._merge_from(Job._fetch_from_db(self, session))
  File "/home/airflow/.local/lib/python3.8/site-packages/airflow/api_internal/internal_api_call.py", line 114, in wrapper
    return func(*args, **kwargs)
  File "/home/airflow/.local/lib/python3.8/site-packages/airflow/utils/session.py", line 76, in wrapper
    return func(*args, **kwargs)
  File "/home/airflow/.local/lib/python3.8/site-packages/airflow/jobs/job.py", line 308, in _fetch_from_db
    session.merge(job)
  File "/home/airflow/.local/lib/python3.8/site-packages/sqlalchemy/orm/session.py", line 3056, in merge
    return self._merge(
  File "/home/airflow/.local/lib/python3.8/site-packages/sqlalchemy/orm/session.py", line 3136, in _merge
    merged = self.get(
  File "/home/airflow/.local/lib/python3.8/site-packages/sqlalchemy/orm/session.py", line 2853, in get
    return self._get_impl(
  File "/home/airflow/.local/lib/python3.8/site-packages/sqlalchemy/orm/session.py", line 2975, in _get_impl
    return db_load_fn(
  File "/home/airflow/.local/lib/python3.8/site-packages/sqlalchemy/orm/loading.py", line 530, in load_on_pk_identity
    session.execute(
  File "/home/airflow/.local/lib/python3.8/site-packages/sqlalchemy/orm/session.py", line 1716, in execute
    conn = self._connection_for_bind(bind)
  File "/home/airflow/.local/lib/python3.8/site-packages/sqlalchemy/orm/session.py", line 1555, in _connection_for_bind
    return self._transaction._connection_for_bind(
  File "/home/airflow/.local/lib/python3.8/site-packages/sqlalchemy/orm/session.py", line 750, in _connection_for_bind
    conn = bind.connect()
  File "/home/airflow/.local/lib/python3.8/site-packages/sqlalchemy/future/engine.py", line 412, in connect
    return super(Engine, self).connect()
  File "/home/airflow/.local/lib/python3.8/site-packages/sqlalchemy/engine/base.py", line 3325, in connect
    return self._connection_cls(self, close_with_result=close_with_result)
  File "/home/airflow/.local/lib/python3.8/site-packages/sqlalchemy/engine/base.py", line 96, in __init__
    else engine.raw_connection()
  File "/home/airflow/.local/lib/python3.8/site-packages/sqlalchemy/engine/base.py", line 3404, in raw_connection
    return self._wrap_pool_connect(self.pool.connect, _connection)
  File "/home/airflow/.local/lib/python3.8/site-packages/sqlalchemy/engine/base.py", line 3374, in _wrap_pool_connect
    Connection._handle_dbapi_exception_noconnection(
  File "/home/airflow/.local/lib/python3.8/site-packages/sqlalchemy/engine/base.py", line 2208, in _handle_dbapi_exception_noconnection
    util.raise_(
  File "/home/airflow/.local/lib/python3.8/site-packages/sqlalchemy/util/compat.py", line 211, in raise_
    raise exception
  File "/home/airflow/.local/lib/python3.8/site-packages/sqlalchemy/engine/base.py", line 3371, in _wrap_pool_connect
    return fn()
  File "/home/airflow/.local/lib/python3.8/site-packages/sqlalchemy/pool/base.py", line 327, in connect
    return _ConnectionFairy._checkout(self)
  File "/home/airflow/.local/lib/python3.8/site-packages/sqlalchemy/pool/base.py", line 894, in _checkout
    fairy = _ConnectionRecord.checkout(pool)
  File "/home/airflow/.local/lib/python3.8/site-packages/sqlalchemy/pool/base.py", line 493, in checkout
    rec = pool._do_get()
  File "/home/airflow/.local/lib/python3.8/site-packages/sqlalchemy/pool/impl.py", line 256, in _do_get
    return self._create_connection()
  File "/home/airflow/.local/lib/python3.8/site-packages/sqlalchemy/pool/base.py", line 273, in _create_connection
    return _ConnectionRecord(self)
  File "/home/airflow/.local/lib/python3.8/site-packages/sqlalchemy/pool/base.py", line 388, in __init__
    self.__connect()
  File "/home/airflow/.local/lib/python3.8/site-packages/sqlalchemy/pool/base.py", line 691, in __connect
    pool.logger.debug("Error on connect(): %s", e)
  File "/home/airflow/.local/lib/python3.8/site-packages/sqlalchemy/util/langhelpers.py", line 70, in __exit__
    compat.raise_(
  File "/home/airflow/.local/lib/python3.8/site-packages/sqlalchemy/util/compat.py", line 211, in raise_
    raise exception
  File "/home/airflow/.local/lib/python3.8/site-packages/sqlalchemy/pool/base.py", line 686, in __connect
    self.dbapi_connection = connection = pool._invoke_creator(self)
  File "/home/airflow/.local/lib/python3.8/site-packages/sqlalchemy/engine/create.py", line 574, in connect
    return dialect.connect(*cargs, **cparams)
  File "/home/airflow/.local/lib/python3.8/site-packages/sqlalchemy/engine/default.py", line 598, in connect
    return self.dbapi.connect(*cargs, **cparams)
  File "/home/airflow/.local/lib/python3.8/site-packages/psycopg2/__init__.py", line 122, in connect
    conn = _connect(dsn, connection_factory=connection_factory, **kwasync)
sqlalchemy.exc.OperationalError: (psycopg2.OperationalError) could not translate host name "postgres-postgis" to address: Temporary failure in name resolution

(Background on this error at: https://sqlalche.me/e/14/e3q8)
[2026-03-16T20:05:54.349+0000] {job.py:221} ERROR - Job heartbeat failed with error. Scheduler is in unhealthy state
[2026-03-16T20:06:33.784+0000] {job.py:221} ERROR - Job heartbeat failed with error. Scheduler is in unhealthy state
[2026-03-16T20:06:52.875+0000] {subprocess.py:93} INFO - [Stage 0:>                                                          (0 + 0) / 1][Stage 0:>                                                          (0 + 1) / 1][Stage 0:===========================================================(1 + 0) / 1][Stage 2:>                                                          (0 + 1) / 1]                                                                                ✅ Procesados 3 dispositivos correctamente
[2026-03-16T20:06:53.527+0000] {subprocess.py:97} INFO - Command exited with return code 0
[2026-03-16T20:06:53.612+0000] {taskinstance.py:1138} INFO - Marking task as SUCCESS. dag_id=pipeline_gps, task_id=process_gps_data, execution_date=20260316T195500, start_date=20260316T200510, end_date=20260316T200653
[2026-03-16T20:06:53.671+0000] {local_task_job_runner.py:234} INFO - Task exited with return code 0
[2026-03-16T20:06:53.743+0000] {taskinstance.py:3280} INFO - 1 downstream tasks scheduled from follow-on schedule check
