[2026-03-16T03:45:20.719+0000] {taskinstance.py:1956} INFO - Dependencies all met for dep_context=non-requeueable deps ti=<TaskInstance: pipeline_gps.task_process scheduled__2026-03-16T03:40:00+00:00 [queued]>
[2026-03-16T03:45:20.750+0000] {taskinstance.py:1956} INFO - Dependencies all met for dep_context=requeueable deps ti=<TaskInstance: pipeline_gps.task_process scheduled__2026-03-16T03:40:00+00:00 [queued]>
[2026-03-16T03:45:20.751+0000] {taskinstance.py:2170} INFO - Starting attempt 1 of 1
[2026-03-16T03:45:20.959+0000] {taskinstance.py:2191} INFO - Executing <Task(BashOperator): task_process> on 2026-03-16 03:40:00+00:00
[2026-03-16T03:45:20.976+0000] {standard_task_runner.py:60} INFO - Started process 577 to run task
[2026-03-16T03:45:20.990+0000] {standard_task_runner.py:87} INFO - Running: ['airflow', 'tasks', 'run', 'pipeline_gps', 'task_process', 'scheduled__2026-03-16T03:40:00+00:00', '--job-id', '590', '--raw', '--subdir', 'DAGS_FOLDER/pipeline_gps.py', '--cfg-path', '/tmp/tmpx8gflg35']
[2026-03-16T03:45:20.995+0000] {standard_task_runner.py:88} INFO - Job 590: Subtask task_process
[2026-03-16T03:45:21.119+0000] {task_command.py:423} INFO - Running <TaskInstance: pipeline_gps.task_process scheduled__2026-03-16T03:40:00+00:00 [running]> on host e3430f617ad9
[2026-03-16T03:45:21.539+0000] {taskinstance.py:2480} INFO - Exporting env vars: AIRFLOW_CTX_DAG_OWNER='airflow' AIRFLOW_CTX_DAG_ID='pipeline_gps' AIRFLOW_CTX_TASK_ID='task_process' AIRFLOW_CTX_EXECUTION_DATE='2026-03-16T03:40:00+00:00' AIRFLOW_CTX_TRY_NUMBER='1' AIRFLOW_CTX_DAG_RUN_ID='scheduled__2026-03-16T03:40:00+00:00'
[2026-03-16T03:45:21.542+0000] {subprocess.py:63} INFO - Tmp dir root location: /tmp
[2026-03-16T03:45:21.546+0000] {subprocess.py:75} INFO - Running command: ['/usr/bin/bash', '-c', 'python /opt/airflow/spark/spark_processor.py']
[2026-03-16T03:45:21.577+0000] {subprocess.py:86} INFO - Output:
[2026-03-16T03:45:35.003+0000] {subprocess.py:93} INFO - 26/03/16 03:45:34 WARN NativeCodeLoader: Unable to load native-hadoop library for your platform... using builtin-java classes where applicable
[2026-03-16T03:45:35.606+0000] {subprocess.py:93} INFO - 26/03/16 03:45:35 WARN DependencyUtils: Local jar /tmp/airflowtmpnmm4r9bc/spark/jars/postgresql-42.7.3.jar does not exist, skipping.
[2026-03-16T03:45:35.967+0000] {subprocess.py:93} INFO - 26/03/16 03:45:35 INFO SparkContext: Running Spark version 3.5.8
[2026-03-16T03:45:35.970+0000] {subprocess.py:93} INFO - 26/03/16 03:45:35 INFO SparkContext: OS info Linux, 5.15.167.4-microsoft-standard-WSL2, amd64
[2026-03-16T03:45:35.972+0000] {subprocess.py:93} INFO - 26/03/16 03:45:35 INFO SparkContext: Java version 17.0.18
[2026-03-16T03:45:36.102+0000] {subprocess.py:93} INFO - 26/03/16 03:45:36 INFO ResourceUtils: ==============================================================
[2026-03-16T03:45:36.103+0000] {subprocess.py:93} INFO - 26/03/16 03:45:36 INFO ResourceUtils: No custom resources configured for spark.driver.
[2026-03-16T03:45:36.104+0000] {subprocess.py:93} INFO - 26/03/16 03:45:36 INFO ResourceUtils: ==============================================================
[2026-03-16T03:45:36.105+0000] {subprocess.py:93} INFO - 26/03/16 03:45:36 INFO SparkContext: Submitted application: gps_processor
[2026-03-16T03:45:36.190+0000] {subprocess.py:93} INFO - 26/03/16 03:45:36 INFO ResourceProfile: Default ResourceProfile created, executor resources: Map(cores -> name: cores, amount: 1, script: , vendor: , memory -> name: memory, amount: 1024, script: , vendor: , offHeap -> name: offHeap, amount: 0, script: , vendor: ), task resources: Map(cpus -> name: cpus, amount: 1.0)
[2026-03-16T03:45:36.217+0000] {subprocess.py:93} INFO - 26/03/16 03:45:36 INFO ResourceProfile: Limiting resource is cpu
[2026-03-16T03:45:36.219+0000] {subprocess.py:93} INFO - 26/03/16 03:45:36 INFO ResourceProfileManager: Added ResourceProfile id: 0
[2026-03-16T03:45:37.241+0000] {subprocess.py:93} INFO - 26/03/16 03:45:37 INFO SecurityManager: Changing view acls to: airflow
[2026-03-16T03:45:37.243+0000] {subprocess.py:93} INFO - 26/03/16 03:45:37 INFO SecurityManager: Changing modify acls to: airflow
[2026-03-16T03:45:37.245+0000] {subprocess.py:93} INFO - 26/03/16 03:45:37 INFO SecurityManager: Changing view acls groups to:
[2026-03-16T03:45:37.246+0000] {subprocess.py:93} INFO - 26/03/16 03:45:37 INFO SecurityManager: Changing modify acls groups to:
[2026-03-16T03:45:37.248+0000] {subprocess.py:93} INFO - 26/03/16 03:45:37 INFO SecurityManager: SecurityManager: authentication disabled; ui acls disabled; users with view permissions: airflow; groups with view permissions: EMPTY; users with modify permissions: airflow; groups with modify permissions: EMPTY
[2026-03-16T03:45:38.690+0000] {subprocess.py:93} INFO - 26/03/16 03:45:38 INFO Utils: Successfully started service 'sparkDriver' on port 37747.
[2026-03-16T03:45:38.803+0000] {subprocess.py:93} INFO - 26/03/16 03:45:38 INFO SparkEnv: Registering MapOutputTracker
[2026-03-16T03:45:38.962+0000] {subprocess.py:93} INFO - 26/03/16 03:45:38 INFO SparkEnv: Registering BlockManagerMaster
[2026-03-16T03:45:39.039+0000] {subprocess.py:93} INFO - 26/03/16 03:45:39 INFO BlockManagerMasterEndpoint: Using org.apache.spark.storage.DefaultTopologyMapper for getting topology information
[2026-03-16T03:45:39.045+0000] {subprocess.py:93} INFO - 26/03/16 03:45:39 INFO BlockManagerMasterEndpoint: BlockManagerMasterEndpoint up
[2026-03-16T03:45:39.054+0000] {subprocess.py:93} INFO - 26/03/16 03:45:39 INFO SparkEnv: Registering BlockManagerMasterHeartbeat
[2026-03-16T03:45:39.138+0000] {subprocess.py:93} INFO - 26/03/16 03:45:39 INFO DiskBlockManager: Created local directory at /tmp/blockmgr-9d1c1a51-433d-46ce-a5df-60f1b77712f0
[2026-03-16T03:45:39.191+0000] {subprocess.py:93} INFO - 26/03/16 03:45:39 INFO MemoryStore: MemoryStore started with capacity 434.4 MiB
[2026-03-16T03:45:39.237+0000] {subprocess.py:93} INFO - 26/03/16 03:45:39 INFO SparkEnv: Registering OutputCommitCoordinator
[2026-03-16T03:45:39.614+0000] {subprocess.py:93} INFO - 26/03/16 03:45:39 INFO JettyUtils: Start Jetty 0.0.0.0:4040 for SparkUI
[2026-03-16T03:45:39.815+0000] {subprocess.py:93} INFO - 26/03/16 03:45:39 INFO Utils: Successfully started service 'SparkUI' on port 4040.
[2026-03-16T03:45:39.905+0000] {subprocess.py:93} INFO - 26/03/16 03:45:39 ERROR SparkContext: Failed to add spark/jars/postgresql-42.7.3.jar to Spark environment
[2026-03-16T03:45:39.906+0000] {subprocess.py:93} INFO - java.io.FileNotFoundException: Jar /tmp/airflowtmpnmm4r9bc/spark/jars/postgresql-42.7.3.jar not found
[2026-03-16T03:45:39.906+0000] {subprocess.py:93} INFO - 	at org.apache.spark.SparkContext.addLocalJarFile$1(SparkContext.scala:2095)
[2026-03-16T03:45:39.906+0000] {subprocess.py:93} INFO - 	at org.apache.spark.SparkContext.addJar(SparkContext.scala:2151)
[2026-03-16T03:45:39.907+0000] {subprocess.py:93} INFO - 	at org.apache.spark.SparkContext.$anonfun$new$15(SparkContext.scala:521)
[2026-03-16T03:45:39.907+0000] {subprocess.py:93} INFO - 	at org.apache.spark.SparkContext.$anonfun$new$15$adapted(SparkContext.scala:521)
[2026-03-16T03:45:39.908+0000] {subprocess.py:93} INFO - 	at scala.collection.mutable.ResizableArray.foreach(ResizableArray.scala:62)
[2026-03-16T03:45:39.908+0000] {subprocess.py:93} INFO - 	at scala.collection.mutable.ResizableArray.foreach$(ResizableArray.scala:55)
[2026-03-16T03:45:39.908+0000] {subprocess.py:93} INFO - 	at scala.collection.mutable.ArrayBuffer.foreach(ArrayBuffer.scala:49)
[2026-03-16T03:45:39.909+0000] {subprocess.py:93} INFO - 	at org.apache.spark.SparkContext.<init>(SparkContext.scala:521)
[2026-03-16T03:45:39.909+0000] {subprocess.py:93} INFO - 	at org.apache.spark.api.java.JavaSparkContext.<init>(JavaSparkContext.scala:58)
[2026-03-16T03:45:39.909+0000] {subprocess.py:93} INFO - 	at java.base/jdk.internal.reflect.NativeConstructorAccessorImpl.newInstance0(Native Method)
[2026-03-16T03:45:39.910+0000] {subprocess.py:93} INFO - 	at java.base/jdk.internal.reflect.NativeConstructorAccessorImpl.newInstance(NativeConstructorAccessorImpl.java:77)
[2026-03-16T03:45:39.910+0000] {subprocess.py:93} INFO - 	at java.base/jdk.internal.reflect.DelegatingConstructorAccessorImpl.newInstance(DelegatingConstructorAccessorImpl.java:45)
[2026-03-16T03:45:39.911+0000] {subprocess.py:93} INFO - 	at java.base/java.lang.reflect.Constructor.newInstanceWithCaller(Constructor.java:500)
[2026-03-16T03:45:39.911+0000] {subprocess.py:93} INFO - 	at java.base/java.lang.reflect.Constructor.newInstance(Constructor.java:481)
[2026-03-16T03:45:39.912+0000] {subprocess.py:93} INFO - 	at py4j.reflection.MethodInvoker.invoke(MethodInvoker.java:247)
[2026-03-16T03:45:39.912+0000] {subprocess.py:93} INFO - 	at py4j.reflection.ReflectionEngine.invoke(ReflectionEngine.java:374)
[2026-03-16T03:45:39.912+0000] {subprocess.py:93} INFO - 	at py4j.Gateway.invoke(Gateway.java:238)
[2026-03-16T03:45:39.913+0000] {subprocess.py:93} INFO - 	at py4j.commands.ConstructorCommand.invokeConstructor(ConstructorCommand.java:80)
[2026-03-16T03:45:39.913+0000] {subprocess.py:93} INFO - 	at py4j.commands.ConstructorCommand.execute(ConstructorCommand.java:69)
[2026-03-16T03:45:39.913+0000] {subprocess.py:93} INFO - 	at py4j.ClientServerConnection.waitForCommands(ClientServerConnection.java:182)
[2026-03-16T03:45:39.914+0000] {subprocess.py:93} INFO - 	at py4j.ClientServerConnection.run(ClientServerConnection.java:106)
[2026-03-16T03:45:39.914+0000] {subprocess.py:93} INFO - 	at java.base/java.lang.Thread.run(Thread.java:840)
[2026-03-16T03:45:40.104+0000] {subprocess.py:93} INFO - 26/03/16 03:45:40 INFO Executor: Starting executor ID driver on host e3430f617ad9
[2026-03-16T03:45:40.105+0000] {subprocess.py:93} INFO - 26/03/16 03:45:40 INFO Executor: OS info Linux, 5.15.167.4-microsoft-standard-WSL2, amd64
[2026-03-16T03:45:40.106+0000] {subprocess.py:93} INFO - 26/03/16 03:45:40 INFO Executor: Java version 17.0.18
[2026-03-16T03:45:40.125+0000] {subprocess.py:93} INFO - 26/03/16 03:45:40 INFO Executor: Starting executor with user classpath (userClassPathFirst = false): ''
[2026-03-16T03:45:40.128+0000] {subprocess.py:93} INFO - 26/03/16 03:45:40 INFO Executor: Created or updated repl class loader org.apache.spark.util.MutableURLClassLoader@3e5eff2d for default.
[2026-03-16T03:45:40.190+0000] {subprocess.py:93} INFO - 26/03/16 03:45:40 INFO Utils: Successfully started service 'org.apache.spark.network.netty.NettyBlockTransferService' on port 41007.
[2026-03-16T03:45:40.191+0000] {subprocess.py:93} INFO - 26/03/16 03:45:40 INFO NettyBlockTransferService: Server created on e3430f617ad9:41007
[2026-03-16T03:45:40.195+0000] {subprocess.py:93} INFO - 26/03/16 03:45:40 INFO BlockManager: Using org.apache.spark.storage.RandomBlockReplicationPolicy for block replication policy
[2026-03-16T03:45:40.216+0000] {subprocess.py:93} INFO - 26/03/16 03:45:40 INFO BlockManagerMaster: Registering BlockManager BlockManagerId(driver, e3430f617ad9, 41007, None)
[2026-03-16T03:45:40.227+0000] {subprocess.py:93} INFO - 26/03/16 03:45:40 INFO BlockManagerMasterEndpoint: Registering block manager e3430f617ad9:41007 with 434.4 MiB RAM, BlockManagerId(driver, e3430f617ad9, 41007, None)
[2026-03-16T03:45:40.231+0000] {subprocess.py:93} INFO - 26/03/16 03:45:40 INFO BlockManagerMaster: Registered BlockManager BlockManagerId(driver, e3430f617ad9, 41007, None)
[2026-03-16T03:45:40.235+0000] {subprocess.py:93} INFO - 26/03/16 03:45:40 INFO BlockManager: Initialized BlockManager: BlockManagerId(driver, e3430f617ad9, 41007, None)
[2026-03-16T03:45:42.093+0000] {subprocess.py:93} INFO - 26/03/16 03:45:42 INFO SharedState: Setting hive.metastore.warehouse.dir ('null') to the value of spark.sql.warehouse.dir.
[2026-03-16T03:45:42.099+0000] {subprocess.py:93} INFO - 26/03/16 03:45:42 INFO SharedState: Warehouse path is 'file:/tmp/airflowtmpnmm4r9bc/spark-warehouse'.
[2026-03-16T03:45:45.942+0000] {subprocess.py:93} INFO - Traceback (most recent call last):
[2026-03-16T03:45:45.943+0000] {subprocess.py:93} INFO -   File "/opt/airflow/spark/spark_processor.py", line 21, in <module>
[2026-03-16T03:45:45.944+0000] {subprocess.py:93} INFO -     df = spark.read \
[2026-03-16T03:45:45.944+0000] {subprocess.py:93} INFO -   File "/home/airflow/.local/lib/python3.8/site-packages/pyspark/sql/readwriter.py", line 314, in load
[2026-03-16T03:45:45.944+0000] {subprocess.py:93} INFO -     return self._df(self._jreader.load())
[2026-03-16T03:45:45.945+0000] {subprocess.py:93} INFO -   File "/home/airflow/.local/lib/python3.8/site-packages/py4j/java_gateway.py", line 1362, in __call__
[2026-03-16T03:45:45.945+0000] {subprocess.py:93} INFO -     return_value = get_return_value(
[2026-03-16T03:45:45.945+0000] {subprocess.py:93} INFO -   File "/home/airflow/.local/lib/python3.8/site-packages/pyspark/errors/exceptions/captured.py", line 179, in deco
[2026-03-16T03:45:45.946+0000] {subprocess.py:93} INFO -     return f(*a, **kw)
[2026-03-16T03:45:45.946+0000] {subprocess.py:93} INFO -   File "/home/airflow/.local/lib/python3.8/site-packages/py4j/protocol.py", line 327, in get_return_value
[2026-03-16T03:45:45.946+0000] {subprocess.py:93} INFO -     raise Py4JJavaError(
[2026-03-16T03:45:45.947+0000] {subprocess.py:93} INFO - py4j.protocol.Py4JJavaError: An error occurred while calling o34.load.
[2026-03-16T03:45:45.947+0000] {subprocess.py:93} INFO - : java.lang.ClassNotFoundException: org.postgresql.Driver
[2026-03-16T03:45:45.952+0000] {subprocess.py:93} INFO - 	at java.base/java.net.URLClassLoader.findClass(URLClassLoader.java:445)
[2026-03-16T03:45:45.953+0000] {subprocess.py:93} INFO - 	at java.base/java.lang.ClassLoader.loadClass(ClassLoader.java:592)
[2026-03-16T03:45:45.954+0000] {subprocess.py:93} INFO - 	at java.base/java.lang.ClassLoader.loadClass(ClassLoader.java:525)
[2026-03-16T03:45:45.954+0000] {subprocess.py:93} INFO - 	at org.apache.spark.sql.execution.datasources.jdbc.DriverRegistry$.register(DriverRegistry.scala:46)
[2026-03-16T03:45:45.954+0000] {subprocess.py:93} INFO - 	at org.apache.spark.sql.execution.datasources.jdbc.JDBCOptions.$anonfun$driverClass$1(JDBCOptions.scala:103)
[2026-03-16T03:45:45.955+0000] {subprocess.py:93} INFO - 	at org.apache.spark.sql.execution.datasources.jdbc.JDBCOptions.$anonfun$driverClass$1$adapted(JDBCOptions.scala:103)
[2026-03-16T03:45:45.955+0000] {subprocess.py:93} INFO - 	at scala.Option.foreach(Option.scala:407)
[2026-03-16T03:45:45.955+0000] {subprocess.py:93} INFO - 	at org.apache.spark.sql.execution.datasources.jdbc.JDBCOptions.<init>(JDBCOptions.scala:103)
[2026-03-16T03:45:45.955+0000] {subprocess.py:93} INFO - 	at org.apache.spark.sql.execution.datasources.jdbc.JDBCOptions.<init>(JDBCOptions.scala:41)
[2026-03-16T03:45:45.956+0000] {subprocess.py:93} INFO - 	at org.apache.spark.sql.execution.datasources.jdbc.JdbcRelationProvider.createRelation(JdbcRelationProvider.scala:34)
[2026-03-16T03:45:45.956+0000] {subprocess.py:93} INFO - 	at org.apache.spark.sql.execution.datasources.DataSource.resolveRelation(DataSource.scala:346)
[2026-03-16T03:45:45.956+0000] {subprocess.py:93} INFO - 	at org.apache.spark.sql.DataFrameReader.loadV1Source(DataFrameReader.scala:229)
[2026-03-16T03:45:45.957+0000] {subprocess.py:93} INFO - 	at org.apache.spark.sql.DataFrameReader.$anonfun$load$2(DataFrameReader.scala:211)
[2026-03-16T03:45:45.957+0000] {subprocess.py:93} INFO - 	at scala.Option.getOrElse(Option.scala:189)
[2026-03-16T03:45:45.958+0000] {subprocess.py:93} INFO - 	at org.apache.spark.sql.DataFrameReader.load(DataFrameReader.scala:211)
[2026-03-16T03:45:45.958+0000] {subprocess.py:93} INFO - 	at org.apache.spark.sql.DataFrameReader.load(DataFrameReader.scala:172)
[2026-03-16T03:45:45.958+0000] {subprocess.py:93} INFO - 	at java.base/jdk.internal.reflect.NativeMethodAccessorImpl.invoke0(Native Method)
[2026-03-16T03:45:45.959+0000] {subprocess.py:93} INFO - 	at java.base/jdk.internal.reflect.NativeMethodAccessorImpl.invoke(NativeMethodAccessorImpl.java:77)
[2026-03-16T03:45:45.959+0000] {subprocess.py:93} INFO - 	at java.base/jdk.internal.reflect.DelegatingMethodAccessorImpl.invoke(DelegatingMethodAccessorImpl.java:43)
[2026-03-16T03:45:45.959+0000] {subprocess.py:93} INFO - 	at java.base/java.lang.reflect.Method.invoke(Method.java:569)
[2026-03-16T03:45:45.960+0000] {subprocess.py:93} INFO - 	at py4j.reflection.MethodInvoker.invoke(MethodInvoker.java:244)
[2026-03-16T03:45:45.960+0000] {subprocess.py:93} INFO - 	at py4j.reflection.ReflectionEngine.invoke(ReflectionEngine.java:374)
[2026-03-16T03:45:45.961+0000] {subprocess.py:93} INFO - 	at py4j.Gateway.invoke(Gateway.java:282)
[2026-03-16T03:45:45.961+0000] {subprocess.py:93} INFO - 	at py4j.commands.AbstractCommand.invokeMethod(AbstractCommand.java:132)
[2026-03-16T03:45:45.961+0000] {subprocess.py:93} INFO - 	at py4j.commands.CallCommand.execute(CallCommand.java:79)
[2026-03-16T03:45:45.961+0000] {subprocess.py:93} INFO - 	at py4j.ClientServerConnection.waitForCommands(ClientServerConnection.java:182)
[2026-03-16T03:45:45.962+0000] {subprocess.py:93} INFO - 	at py4j.ClientServerConnection.run(ClientServerConnection.java:106)
[2026-03-16T03:45:45.962+0000] {subprocess.py:93} INFO - 	at java.base/java.lang.Thread.run(Thread.java:840)
[2026-03-16T03:45:45.963+0000] {subprocess.py:93} INFO - 
[2026-03-16T03:45:46.572+0000] {subprocess.py:93} INFO - 26/03/16 03:45:46 INFO SparkContext: Invoking stop() from shutdown hook
[2026-03-16T03:45:46.574+0000] {subprocess.py:93} INFO - 26/03/16 03:45:46 INFO SparkContext: SparkContext is stopping with exitCode 0.
[2026-03-16T03:45:46.633+0000] {subprocess.py:93} INFO - 26/03/16 03:45:46 INFO SparkUI: Stopped Spark web UI at http://e3430f617ad9:4040
[2026-03-16T03:45:46.697+0000] {subprocess.py:93} INFO - 26/03/16 03:45:46 INFO MapOutputTrackerMasterEndpoint: MapOutputTrackerMasterEndpoint stopped!
[2026-03-16T03:45:46.746+0000] {subprocess.py:93} INFO - 26/03/16 03:45:46 INFO MemoryStore: MemoryStore cleared
[2026-03-16T03:45:46.748+0000] {subprocess.py:93} INFO - 26/03/16 03:45:46 INFO BlockManager: BlockManager stopped
[2026-03-16T03:45:46.934+0000] {subprocess.py:93} INFO - 26/03/16 03:45:46 INFO BlockManagerMaster: BlockManagerMaster stopped
[2026-03-16T03:45:46.943+0000] {subprocess.py:93} INFO - 26/03/16 03:45:46 INFO OutputCommitCoordinator$OutputCommitCoordinatorEndpoint: OutputCommitCoordinator stopped!
[2026-03-16T03:45:46.973+0000] {subprocess.py:93} INFO - 26/03/16 03:45:46 INFO SparkContext: Successfully stopped SparkContext
[2026-03-16T03:45:46.974+0000] {subprocess.py:93} INFO - 26/03/16 03:45:46 INFO ShutdownHookManager: Shutdown hook called
[2026-03-16T03:45:46.977+0000] {subprocess.py:93} INFO - 26/03/16 03:45:46 INFO ShutdownHookManager: Deleting directory /tmp/spark-88ab1faa-7a8c-4c67-b2cb-5e60135f58dc
[2026-03-16T03:45:46.999+0000] {subprocess.py:93} INFO - 26/03/16 03:45:46 INFO ShutdownHookManager: Deleting directory /tmp/spark-88ab1faa-7a8c-4c67-b2cb-5e60135f58dc/pyspark-0f803844-5b78-4ae8-a318-163a4de9cc79
[2026-03-16T03:45:47.015+0000] {subprocess.py:93} INFO - 26/03/16 03:45:47 INFO ShutdownHookManager: Deleting directory /tmp/spark-00983dd8-44f3-4ca2-9b88-b9149a5ffd6d
[2026-03-16T03:45:47.476+0000] {subprocess.py:97} INFO - Command exited with return code 1
[2026-03-16T03:45:47.521+0000] {taskinstance.py:2698} ERROR - Task failed with exception
Traceback (most recent call last):
  File "/home/airflow/.local/lib/python3.8/site-packages/airflow/models/taskinstance.py", line 433, in _execute_task
    result = execute_callable(context=context, **execute_callable_kwargs)
  File "/home/airflow/.local/lib/python3.8/site-packages/airflow/operators/bash.py", line 212, in execute
    raise AirflowException(
airflow.exceptions.AirflowException: Bash command failed. The command returned a non-zero exit code 1.
[2026-03-16T03:45:47.540+0000] {taskinstance.py:1138} INFO - Marking task as FAILED. dag_id=pipeline_gps, task_id=task_process, execution_date=20260316T034000, start_date=20260316T034520, end_date=20260316T034547
[2026-03-16T03:45:47.615+0000] {standard_task_runner.py:107} ERROR - Failed to execute job 590 for task task_process (Bash command failed. The command returned a non-zero exit code 1.; 577)
[2026-03-16T03:45:47.639+0000] {local_task_job_runner.py:234} INFO - Task exited with return code 1
[2026-03-16T03:45:47.720+0000] {taskinstance.py:3280} INFO - 0 downstream tasks scheduled from follow-on schedule check
