[2026-03-16T02:15:12.223+0000] {taskinstance.py:1956} INFO - Dependencies all met for dep_context=non-requeueable deps ti=<TaskInstance: pipeline_gps.task_process scheduled__2026-03-16T02:10:00+00:00 [queued]>
[2026-03-16T02:15:12.246+0000] {taskinstance.py:1956} INFO - Dependencies all met for dep_context=requeueable deps ti=<TaskInstance: pipeline_gps.task_process scheduled__2026-03-16T02:10:00+00:00 [queued]>
[2026-03-16T02:15:12.246+0000] {taskinstance.py:2170} INFO - Starting attempt 1 of 1
[2026-03-16T02:15:12.362+0000] {taskinstance.py:2191} INFO - Executing <Task(BashOperator): task_process> on 2026-03-16 02:10:00+00:00
[2026-03-16T02:15:12.376+0000] {standard_task_runner.py:60} INFO - Started process 35 to run task
[2026-03-16T02:15:12.413+0000] {standard_task_runner.py:87} INFO - Running: ['airflow', 'tasks', 'run', 'pipeline_gps', 'task_process', 'scheduled__2026-03-16T02:10:00+00:00', '--job-id', '561', '--raw', '--subdir', 'DAGS_FOLDER/pipeline_gps.py', '--cfg-path', '/tmp/tmp4zkga_4o']
[2026-03-16T02:15:12.425+0000] {standard_task_runner.py:88} INFO - Job 561: Subtask task_process
[2026-03-16T02:15:12.619+0000] {task_command.py:423} INFO - Running <TaskInstance: pipeline_gps.task_process scheduled__2026-03-16T02:10:00+00:00 [running]> on host 7a4ac054b34c
[2026-03-16T02:15:12.810+0000] {taskinstance.py:2480} INFO - Exporting env vars: AIRFLOW_CTX_DAG_OWNER='airflow' AIRFLOW_CTX_DAG_ID='pipeline_gps' AIRFLOW_CTX_TASK_ID='task_process' AIRFLOW_CTX_EXECUTION_DATE='2026-03-16T02:10:00+00:00' AIRFLOW_CTX_TRY_NUMBER='1' AIRFLOW_CTX_DAG_RUN_ID='scheduled__2026-03-16T02:10:00+00:00'
[2026-03-16T02:15:12.812+0000] {subprocess.py:63} INFO - Tmp dir root location: /tmp
[2026-03-16T02:15:12.815+0000] {subprocess.py:75} INFO - Running command: ['/usr/bin/bash', '-c', 'python /opt/airflow/spark/spark_processor.py']
[2026-03-16T02:15:12.849+0000] {subprocess.py:86} INFO - Output:
[2026-03-16T02:15:24.188+0000] {subprocess.py:93} INFO - 26/03/16 02:15:24 WARN NativeCodeLoader: Unable to load native-hadoop library for your platform... using builtin-java classes where applicable
[2026-03-16T02:15:25.079+0000] {subprocess.py:93} INFO - 26/03/16 02:15:25 WARN DependencyUtils: Local jar /tmp/airflowtmp2_oh2bzd/spark/jars/postgresql-42.7.3.jar does not exist, skipping.
[2026-03-16T02:15:25.425+0000] {subprocess.py:93} INFO - 26/03/16 02:15:25 INFO SparkContext: Running Spark version 3.5.8
[2026-03-16T02:15:25.427+0000] {subprocess.py:93} INFO - 26/03/16 02:15:25 INFO SparkContext: OS info Linux, 5.15.167.4-microsoft-standard-WSL2, amd64
[2026-03-16T02:15:25.428+0000] {subprocess.py:93} INFO - 26/03/16 02:15:25 INFO SparkContext: Java version 17.0.18
[2026-03-16T02:15:25.573+0000] {subprocess.py:93} INFO - 26/03/16 02:15:25 INFO ResourceUtils: ==============================================================
[2026-03-16T02:15:25.575+0000] {subprocess.py:93} INFO - 26/03/16 02:15:25 INFO ResourceUtils: No custom resources configured for spark.driver.
[2026-03-16T02:15:25.577+0000] {subprocess.py:93} INFO - 26/03/16 02:15:25 INFO ResourceUtils: ==============================================================
[2026-03-16T02:15:25.578+0000] {subprocess.py:93} INFO - 26/03/16 02:15:25 INFO SparkContext: Submitted application: gps_processor
[2026-03-16T02:15:25.753+0000] {subprocess.py:93} INFO - 26/03/16 02:15:25 INFO ResourceProfile: Default ResourceProfile created, executor resources: Map(cores -> name: cores, amount: 1, script: , vendor: , memory -> name: memory, amount: 1024, script: , vendor: , offHeap -> name: offHeap, amount: 0, script: , vendor: ), task resources: Map(cpus -> name: cpus, amount: 1.0)
[2026-03-16T02:15:25.805+0000] {subprocess.py:93} INFO - 26/03/16 02:15:25 INFO ResourceProfile: Limiting resource is cpu
[2026-03-16T02:15:25.807+0000] {subprocess.py:93} INFO - 26/03/16 02:15:25 INFO ResourceProfileManager: Added ResourceProfile id: 0
[2026-03-16T02:15:26.180+0000] {subprocess.py:93} INFO - 26/03/16 02:15:26 INFO SecurityManager: Changing view acls to: airflow
[2026-03-16T02:15:26.182+0000] {subprocess.py:93} INFO - 26/03/16 02:15:26 INFO SecurityManager: Changing modify acls to: airflow
[2026-03-16T02:15:26.184+0000] {subprocess.py:93} INFO - 26/03/16 02:15:26 INFO SecurityManager: Changing view acls groups to:
[2026-03-16T02:15:26.196+0000] {subprocess.py:93} INFO - 26/03/16 02:15:26 INFO SecurityManager: Changing modify acls groups to:
[2026-03-16T02:15:26.199+0000] {subprocess.py:93} INFO - 26/03/16 02:15:26 INFO SecurityManager: SecurityManager: authentication disabled; ui acls disabled; users with view permissions: airflow; groups with view permissions: EMPTY; users with modify permissions: airflow; groups with modify permissions: EMPTY
[2026-03-16T02:15:28.378+0000] {subprocess.py:93} INFO - 26/03/16 02:15:28 INFO Utils: Successfully started service 'sparkDriver' on port 33973.
[2026-03-16T02:15:28.746+0000] {subprocess.py:93} INFO - 26/03/16 02:15:28 INFO SparkEnv: Registering MapOutputTracker
[2026-03-16T02:15:29.115+0000] {subprocess.py:93} INFO - 26/03/16 02:15:29 INFO SparkEnv: Registering BlockManagerMaster
[2026-03-16T02:15:29.221+0000] {subprocess.py:93} INFO - 26/03/16 02:15:29 INFO BlockManagerMasterEndpoint: Using org.apache.spark.storage.DefaultTopologyMapper for getting topology information
[2026-03-16T02:15:29.228+0000] {subprocess.py:93} INFO - 26/03/16 02:15:29 INFO BlockManagerMasterEndpoint: BlockManagerMasterEndpoint up
[2026-03-16T02:15:29.265+0000] {subprocess.py:93} INFO - 26/03/16 02:15:29 INFO SparkEnv: Registering BlockManagerMasterHeartbeat
[2026-03-16T02:15:29.366+0000] {subprocess.py:93} INFO - 26/03/16 02:15:29 INFO DiskBlockManager: Created local directory at /tmp/blockmgr-457adfee-2a53-46f8-bc99-c9cd43f18739
[2026-03-16T02:15:29.425+0000] {subprocess.py:93} INFO - 26/03/16 02:15:29 INFO MemoryStore: MemoryStore started with capacity 434.4 MiB
[2026-03-16T02:15:29.756+0000] {subprocess.py:93} INFO - 26/03/16 02:15:29 INFO SparkEnv: Registering OutputCommitCoordinator
[2026-03-16T02:15:30.878+0000] {subprocess.py:93} INFO - 26/03/16 02:15:30 INFO JettyUtils: Start Jetty 0.0.0.0:4040 for SparkUI
[2026-03-16T02:15:31.666+0000] {subprocess.py:93} INFO - 26/03/16 02:15:31 INFO Utils: Successfully started service 'SparkUI' on port 4040.
[2026-03-16T02:15:31.863+0000] {subprocess.py:93} INFO - 26/03/16 02:15:31 ERROR SparkContext: Failed to add spark/jars/postgresql-42.7.3.jar to Spark environment
[2026-03-16T02:15:31.864+0000] {subprocess.py:93} INFO - java.io.FileNotFoundException: Jar /tmp/airflowtmp2_oh2bzd/spark/jars/postgresql-42.7.3.jar not found
[2026-03-16T02:15:31.865+0000] {subprocess.py:93} INFO - 	at org.apache.spark.SparkContext.addLocalJarFile$1(SparkContext.scala:2095)
[2026-03-16T02:15:31.866+0000] {subprocess.py:93} INFO - 	at org.apache.spark.SparkContext.addJar(SparkContext.scala:2151)
[2026-03-16T02:15:31.867+0000] {subprocess.py:93} INFO - 	at org.apache.spark.SparkContext.$anonfun$new$15(SparkContext.scala:521)
[2026-03-16T02:15:31.868+0000] {subprocess.py:93} INFO - 	at org.apache.spark.SparkContext.$anonfun$new$15$adapted(SparkContext.scala:521)
[2026-03-16T02:15:31.869+0000] {subprocess.py:93} INFO - 	at scala.collection.mutable.ResizableArray.foreach(ResizableArray.scala:62)
[2026-03-16T02:15:31.869+0000] {subprocess.py:93} INFO - 	at scala.collection.mutable.ResizableArray.foreach$(ResizableArray.scala:55)
[2026-03-16T02:15:31.870+0000] {subprocess.py:93} INFO - 	at scala.collection.mutable.ArrayBuffer.foreach(ArrayBuffer.scala:49)
[2026-03-16T02:15:31.871+0000] {subprocess.py:93} INFO - 	at org.apache.spark.SparkContext.<init>(SparkContext.scala:521)
[2026-03-16T02:15:31.872+0000] {subprocess.py:93} INFO - 	at org.apache.spark.api.java.JavaSparkContext.<init>(JavaSparkContext.scala:58)
[2026-03-16T02:15:31.872+0000] {subprocess.py:93} INFO - 	at java.base/jdk.internal.reflect.NativeConstructorAccessorImpl.newInstance0(Native Method)
[2026-03-16T02:15:31.873+0000] {subprocess.py:93} INFO - 	at java.base/jdk.internal.reflect.NativeConstructorAccessorImpl.newInstance(NativeConstructorAccessorImpl.java:77)
[2026-03-16T02:15:31.887+0000] {subprocess.py:93} INFO - 	at java.base/jdk.internal.reflect.DelegatingConstructorAccessorImpl.newInstance(DelegatingConstructorAccessorImpl.java:45)
[2026-03-16T02:15:31.888+0000] {subprocess.py:93} INFO - 	at java.base/java.lang.reflect.Constructor.newInstanceWithCaller(Constructor.java:500)
[2026-03-16T02:15:31.889+0000] {subprocess.py:93} INFO - 	at java.base/java.lang.reflect.Constructor.newInstance(Constructor.java:481)
[2026-03-16T02:15:31.891+0000] {subprocess.py:93} INFO - 	at py4j.reflection.MethodInvoker.invoke(MethodInvoker.java:247)
[2026-03-16T02:15:31.892+0000] {subprocess.py:93} INFO - 	at py4j.reflection.ReflectionEngine.invoke(ReflectionEngine.java:374)
[2026-03-16T02:15:31.896+0000] {subprocess.py:93} INFO - 	at py4j.Gateway.invoke(Gateway.java:238)
[2026-03-16T02:15:31.902+0000] {subprocess.py:93} INFO - 	at py4j.commands.ConstructorCommand.invokeConstructor(ConstructorCommand.java:80)
[2026-03-16T02:15:31.903+0000] {subprocess.py:93} INFO - 	at py4j.commands.ConstructorCommand.execute(ConstructorCommand.java:69)
[2026-03-16T02:15:31.904+0000] {subprocess.py:93} INFO - 	at py4j.ClientServerConnection.waitForCommands(ClientServerConnection.java:182)
[2026-03-16T02:15:31.908+0000] {subprocess.py:93} INFO - 	at py4j.ClientServerConnection.run(ClientServerConnection.java:106)
[2026-03-16T02:15:31.908+0000] {subprocess.py:93} INFO - 	at java.base/java.lang.Thread.run(Thread.java:840)
[2026-03-16T02:15:32.107+0000] {subprocess.py:93} INFO - 26/03/16 02:15:32 INFO Executor: Starting executor ID driver on host 7a4ac054b34c
[2026-03-16T02:15:32.108+0000] {subprocess.py:93} INFO - 26/03/16 02:15:32 INFO Executor: OS info Linux, 5.15.167.4-microsoft-standard-WSL2, amd64
[2026-03-16T02:15:32.109+0000] {subprocess.py:93} INFO - 26/03/16 02:15:32 INFO Executor: Java version 17.0.18
[2026-03-16T02:15:32.124+0000] {subprocess.py:93} INFO - 26/03/16 02:15:32 INFO Executor: Starting executor with user classpath (userClassPathFirst = false): ''
[2026-03-16T02:15:32.126+0000] {subprocess.py:93} INFO - 26/03/16 02:15:32 INFO Executor: Created or updated repl class loader org.apache.spark.util.MutableURLClassLoader@aae43b for default.
[2026-03-16T02:15:32.195+0000] {subprocess.py:93} INFO - 26/03/16 02:15:32 INFO Utils: Successfully started service 'org.apache.spark.network.netty.NettyBlockTransferService' on port 37639.
[2026-03-16T02:15:32.195+0000] {subprocess.py:93} INFO - 26/03/16 02:15:32 INFO NettyBlockTransferService: Server created on 7a4ac054b34c:37639
[2026-03-16T02:15:32.199+0000] {subprocess.py:93} INFO - 26/03/16 02:15:32 INFO BlockManager: Using org.apache.spark.storage.RandomBlockReplicationPolicy for block replication policy
[2026-03-16T02:15:32.217+0000] {subprocess.py:93} INFO - 26/03/16 02:15:32 INFO BlockManagerMaster: Registering BlockManager BlockManagerId(driver, 7a4ac054b34c, 37639, None)
[2026-03-16T02:15:32.224+0000] {subprocess.py:93} INFO - 26/03/16 02:15:32 INFO BlockManagerMasterEndpoint: Registering block manager 7a4ac054b34c:37639 with 434.4 MiB RAM, BlockManagerId(driver, 7a4ac054b34c, 37639, None)
[2026-03-16T02:15:32.230+0000] {subprocess.py:93} INFO - 26/03/16 02:15:32 INFO BlockManagerMaster: Registered BlockManager BlockManagerId(driver, 7a4ac054b34c, 37639, None)
[2026-03-16T02:15:32.234+0000] {subprocess.py:93} INFO - 26/03/16 02:15:32 INFO BlockManager: Initialized BlockManager: BlockManagerId(driver, 7a4ac054b34c, 37639, None)
[2026-03-16T02:15:33.538+0000] {subprocess.py:93} INFO - 26/03/16 02:15:33 INFO SharedState: Setting hive.metastore.warehouse.dir ('null') to the value of spark.sql.warehouse.dir.
[2026-03-16T02:15:33.545+0000] {subprocess.py:93} INFO - 26/03/16 02:15:33 INFO SharedState: Warehouse path is 'file:/tmp/airflowtmp2_oh2bzd/spark-warehouse'.
[2026-03-16T02:15:35.900+0000] {subprocess.py:93} INFO - Traceback (most recent call last):
[2026-03-16T02:15:35.900+0000] {subprocess.py:93} INFO -   File "/opt/airflow/spark/spark_processor.py", line 21, in <module>
[2026-03-16T02:15:35.901+0000] {subprocess.py:93} INFO -     df = spark.read \
[2026-03-16T02:15:35.902+0000] {subprocess.py:93} INFO -   File "/home/airflow/.local/lib/python3.8/site-packages/pyspark/sql/readwriter.py", line 314, in load
[2026-03-16T02:15:35.902+0000] {subprocess.py:93} INFO -     return self._df(self._jreader.load())
[2026-03-16T02:15:35.903+0000] {subprocess.py:93} INFO -   File "/home/airflow/.local/lib/python3.8/site-packages/py4j/java_gateway.py", line 1362, in __call__
[2026-03-16T02:15:35.903+0000] {subprocess.py:93} INFO -     return_value = get_return_value(
[2026-03-16T02:15:35.904+0000] {subprocess.py:93} INFO -   File "/home/airflow/.local/lib/python3.8/site-packages/pyspark/errors/exceptions/captured.py", line 179, in deco
[2026-03-16T02:15:35.905+0000] {subprocess.py:93} INFO -     return f(*a, **kw)
[2026-03-16T02:15:35.905+0000] {subprocess.py:93} INFO -   File "/home/airflow/.local/lib/python3.8/site-packages/py4j/protocol.py", line 327, in get_return_value
[2026-03-16T02:15:35.906+0000] {subprocess.py:93} INFO -     raise Py4JJavaError(
[2026-03-16T02:15:35.906+0000] {subprocess.py:93} INFO - py4j.protocol.Py4JJavaError: An error occurred while calling o34.load.
[2026-03-16T02:15:35.907+0000] {subprocess.py:93} INFO - : java.lang.ClassNotFoundException: org.postgresql.Driver
[2026-03-16T02:15:35.907+0000] {subprocess.py:93} INFO - 	at java.base/java.net.URLClassLoader.findClass(URLClassLoader.java:445)
[2026-03-16T02:15:35.908+0000] {subprocess.py:93} INFO - 	at java.base/java.lang.ClassLoader.loadClass(ClassLoader.java:592)
[2026-03-16T02:15:35.908+0000] {subprocess.py:93} INFO - 	at java.base/java.lang.ClassLoader.loadClass(ClassLoader.java:525)
[2026-03-16T02:15:35.909+0000] {subprocess.py:93} INFO - 	at org.apache.spark.sql.execution.datasources.jdbc.DriverRegistry$.register(DriverRegistry.scala:46)
[2026-03-16T02:15:35.910+0000] {subprocess.py:93} INFO - 	at org.apache.spark.sql.execution.datasources.jdbc.JDBCOptions.$anonfun$driverClass$1(JDBCOptions.scala:103)
[2026-03-16T02:15:35.911+0000] {subprocess.py:93} INFO - 	at org.apache.spark.sql.execution.datasources.jdbc.JDBCOptions.$anonfun$driverClass$1$adapted(JDBCOptions.scala:103)
[2026-03-16T02:15:35.912+0000] {subprocess.py:93} INFO - 	at scala.Option.foreach(Option.scala:407)
[2026-03-16T02:15:35.913+0000] {subprocess.py:93} INFO - 	at org.apache.spark.sql.execution.datasources.jdbc.JDBCOptions.<init>(JDBCOptions.scala:103)
[2026-03-16T02:15:35.914+0000] {subprocess.py:93} INFO - 	at org.apache.spark.sql.execution.datasources.jdbc.JDBCOptions.<init>(JDBCOptions.scala:41)
[2026-03-16T02:15:35.914+0000] {subprocess.py:93} INFO - 	at org.apache.spark.sql.execution.datasources.jdbc.JdbcRelationProvider.createRelation(JdbcRelationProvider.scala:34)
[2026-03-16T02:15:35.915+0000] {subprocess.py:93} INFO - 	at org.apache.spark.sql.execution.datasources.DataSource.resolveRelation(DataSource.scala:346)
[2026-03-16T02:15:35.916+0000] {subprocess.py:93} INFO - 	at org.apache.spark.sql.DataFrameReader.loadV1Source(DataFrameReader.scala:229)
[2026-03-16T02:15:35.916+0000] {subprocess.py:93} INFO - 	at org.apache.spark.sql.DataFrameReader.$anonfun$load$2(DataFrameReader.scala:211)
[2026-03-16T02:15:35.917+0000] {subprocess.py:93} INFO - 	at scala.Option.getOrElse(Option.scala:189)
[2026-03-16T02:15:35.917+0000] {subprocess.py:93} INFO - 	at org.apache.spark.sql.DataFrameReader.load(DataFrameReader.scala:211)
[2026-03-16T02:15:35.918+0000] {subprocess.py:93} INFO - 	at org.apache.spark.sql.DataFrameReader.load(DataFrameReader.scala:172)
[2026-03-16T02:15:35.919+0000] {subprocess.py:93} INFO - 	at java.base/jdk.internal.reflect.NativeMethodAccessorImpl.invoke0(Native Method)
[2026-03-16T02:15:35.919+0000] {subprocess.py:93} INFO - 	at java.base/jdk.internal.reflect.NativeMethodAccessorImpl.invoke(NativeMethodAccessorImpl.java:77)
[2026-03-16T02:15:35.920+0000] {subprocess.py:93} INFO - 	at java.base/jdk.internal.reflect.DelegatingMethodAccessorImpl.invoke(DelegatingMethodAccessorImpl.java:43)
[2026-03-16T02:15:35.920+0000] {subprocess.py:93} INFO - 	at java.base/java.lang.reflect.Method.invoke(Method.java:569)
[2026-03-16T02:15:35.921+0000] {subprocess.py:93} INFO - 	at py4j.reflection.MethodInvoker.invoke(MethodInvoker.java:244)
[2026-03-16T02:15:35.922+0000] {subprocess.py:93} INFO - 	at py4j.reflection.ReflectionEngine.invoke(ReflectionEngine.java:374)
[2026-03-16T02:15:35.922+0000] {subprocess.py:93} INFO - 	at py4j.Gateway.invoke(Gateway.java:282)
[2026-03-16T02:15:35.923+0000] {subprocess.py:93} INFO - 	at py4j.commands.AbstractCommand.invokeMethod(AbstractCommand.java:132)
[2026-03-16T02:15:35.923+0000] {subprocess.py:93} INFO - 	at py4j.commands.CallCommand.execute(CallCommand.java:79)
[2026-03-16T02:15:35.924+0000] {subprocess.py:93} INFO - 	at py4j.ClientServerConnection.waitForCommands(ClientServerConnection.java:182)
[2026-03-16T02:15:35.925+0000] {subprocess.py:93} INFO - 	at py4j.ClientServerConnection.run(ClientServerConnection.java:106)
[2026-03-16T02:15:35.925+0000] {subprocess.py:93} INFO - 	at java.base/java.lang.Thread.run(Thread.java:840)
[2026-03-16T02:15:35.926+0000] {subprocess.py:93} INFO - 
[2026-03-16T02:15:36.013+0000] {subprocess.py:93} INFO - 26/03/16 02:15:36 INFO SparkContext: Invoking stop() from shutdown hook
[2026-03-16T02:15:36.014+0000] {subprocess.py:93} INFO - 26/03/16 02:15:36 INFO SparkContext: SparkContext is stopping with exitCode 0.
[2026-03-16T02:15:36.040+0000] {subprocess.py:93} INFO - 26/03/16 02:15:36 INFO SparkUI: Stopped Spark web UI at http://7a4ac054b34c:4040
[2026-03-16T02:15:36.072+0000] {subprocess.py:93} INFO - 26/03/16 02:15:36 INFO MapOutputTrackerMasterEndpoint: MapOutputTrackerMasterEndpoint stopped!
[2026-03-16T02:15:36.099+0000] {subprocess.py:93} INFO - 26/03/16 02:15:36 INFO MemoryStore: MemoryStore cleared
[2026-03-16T02:15:36.100+0000] {subprocess.py:93} INFO - 26/03/16 02:15:36 INFO BlockManager: BlockManager stopped
[2026-03-16T02:15:36.115+0000] {subprocess.py:93} INFO - 26/03/16 02:15:36 INFO BlockManagerMaster: BlockManagerMaster stopped
[2026-03-16T02:15:36.122+0000] {subprocess.py:93} INFO - 26/03/16 02:15:36 INFO OutputCommitCoordinator$OutputCommitCoordinatorEndpoint: OutputCommitCoordinator stopped!
[2026-03-16T02:15:36.135+0000] {subprocess.py:93} INFO - 26/03/16 02:15:36 INFO SparkContext: Successfully stopped SparkContext
[2026-03-16T02:15:36.137+0000] {subprocess.py:93} INFO - 26/03/16 02:15:36 INFO ShutdownHookManager: Shutdown hook called
[2026-03-16T02:15:36.139+0000] {subprocess.py:93} INFO - 26/03/16 02:15:36 INFO ShutdownHookManager: Deleting directory /tmp/spark-88521b23-8d41-41bc-892b-dea3d10dda1a
[2026-03-16T02:15:36.147+0000] {subprocess.py:93} INFO - 26/03/16 02:15:36 INFO ShutdownHookManager: Deleting directory /tmp/spark-45f7e8a5-3fb0-4911-a479-a88416162c96
[2026-03-16T02:15:36.155+0000] {subprocess.py:93} INFO - 26/03/16 02:15:36 INFO ShutdownHookManager: Deleting directory /tmp/spark-45f7e8a5-3fb0-4911-a479-a88416162c96/pyspark-967e4f0a-a74b-4a4e-9ec6-50f955bb85aa
[2026-03-16T02:15:38.076+0000] {subprocess.py:97} INFO - Command exited with return code 1
[2026-03-16T02:15:38.100+0000] {taskinstance.py:2698} ERROR - Task failed with exception
Traceback (most recent call last):
  File "/home/airflow/.local/lib/python3.8/site-packages/airflow/models/taskinstance.py", line 433, in _execute_task
    result = execute_callable(context=context, **execute_callable_kwargs)
  File "/home/airflow/.local/lib/python3.8/site-packages/airflow/operators/bash.py", line 212, in execute
    raise AirflowException(
airflow.exceptions.AirflowException: Bash command failed. The command returned a non-zero exit code 1.
[2026-03-16T02:15:38.111+0000] {taskinstance.py:1138} INFO - Marking task as FAILED. dag_id=pipeline_gps, task_id=task_process, execution_date=20260316T021000, start_date=20260316T021512, end_date=20260316T021538
[2026-03-16T02:15:38.149+0000] {standard_task_runner.py:107} ERROR - Failed to execute job 561 for task task_process (Bash command failed. The command returned a non-zero exit code 1.; 35)
[2026-03-16T02:15:38.195+0000] {local_task_job_runner.py:234} INFO - Task exited with return code 1
[2026-03-16T02:15:38.231+0000] {taskinstance.py:3280} INFO - 0 downstream tasks scheduled from follow-on schedule check
