[2026-03-16T02:18:01.927+0000] {taskinstance.py:1956} INFO - Dependencies all met for dep_context=non-requeueable deps ti=<TaskInstance: pipeline_gps.task_process scheduled__2026-03-16T02:10:00+00:00 [queued]>
[2026-03-16T02:18:01.946+0000] {taskinstance.py:1956} INFO - Dependencies all met for dep_context=requeueable deps ti=<TaskInstance: pipeline_gps.task_process scheduled__2026-03-16T02:10:00+00:00 [queued]>
[2026-03-16T02:18:01.946+0000] {taskinstance.py:2170} INFO - Starting attempt 2 of 2
[2026-03-16T02:18:01.975+0000] {taskinstance.py:2191} INFO - Executing <Task(BashOperator): task_process> on 2026-03-16 02:10:00+00:00
[2026-03-16T02:18:01.988+0000] {standard_task_runner.py:60} INFO - Started process 173 to run task
[2026-03-16T02:18:01.997+0000] {standard_task_runner.py:87} INFO - Running: ['airflow', 'tasks', 'run', 'pipeline_gps', 'task_process', 'scheduled__2026-03-16T02:10:00+00:00', '--job-id', '562', '--raw', '--subdir', 'DAGS_FOLDER/pipeline_gps.py', '--cfg-path', '/tmp/tmpsairab_s']
[2026-03-16T02:18:02.003+0000] {standard_task_runner.py:88} INFO - Job 562: Subtask task_process
[2026-03-16T02:18:02.138+0000] {task_command.py:423} INFO - Running <TaskInstance: pipeline_gps.task_process scheduled__2026-03-16T02:10:00+00:00 [running]> on host 7a4ac054b34c
[2026-03-16T02:18:02.296+0000] {taskinstance.py:2480} INFO - Exporting env vars: AIRFLOW_CTX_DAG_OWNER='airflow' AIRFLOW_CTX_DAG_ID='pipeline_gps' AIRFLOW_CTX_TASK_ID='task_process' AIRFLOW_CTX_EXECUTION_DATE='2026-03-16T02:10:00+00:00' AIRFLOW_CTX_TRY_NUMBER='2' AIRFLOW_CTX_DAG_RUN_ID='scheduled__2026-03-16T02:10:00+00:00'
[2026-03-16T02:18:02.302+0000] {subprocess.py:63} INFO - Tmp dir root location: /tmp
[2026-03-16T02:18:02.304+0000] {subprocess.py:75} INFO - Running command: ['/usr/bin/bash', '-c', 'python /opt/airflow/spark/spark_processor.py']
[2026-03-16T02:18:02.331+0000] {subprocess.py:86} INFO - Output:
[2026-03-16T02:18:10.979+0000] {subprocess.py:93} INFO - 26/03/16 02:18:10 WARN NativeCodeLoader: Unable to load native-hadoop library for your platform... using builtin-java classes where applicable
[2026-03-16T02:18:12.226+0000] {subprocess.py:93} INFO - 26/03/16 02:18:12 WARN DependencyUtils: Local jar /tmp/airflowtmp0rrkhyww/spark/jars/postgresql-42.7.3.jar does not exist, skipping.
[2026-03-16T02:18:12.489+0000] {subprocess.py:93} INFO - 26/03/16 02:18:12 INFO SparkContext: Running Spark version 3.5.8
[2026-03-16T02:18:12.490+0000] {subprocess.py:93} INFO - 26/03/16 02:18:12 INFO SparkContext: OS info Linux, 5.15.167.4-microsoft-standard-WSL2, amd64
[2026-03-16T02:18:12.491+0000] {subprocess.py:93} INFO - 26/03/16 02:18:12 INFO SparkContext: Java version 17.0.18
[2026-03-16T02:18:12.575+0000] {subprocess.py:93} INFO - 26/03/16 02:18:12 INFO ResourceUtils: ==============================================================
[2026-03-16T02:18:12.576+0000] {subprocess.py:93} INFO - 26/03/16 02:18:12 INFO ResourceUtils: No custom resources configured for spark.driver.
[2026-03-16T02:18:12.577+0000] {subprocess.py:93} INFO - 26/03/16 02:18:12 INFO ResourceUtils: ==============================================================
[2026-03-16T02:18:12.578+0000] {subprocess.py:93} INFO - 26/03/16 02:18:12 INFO SparkContext: Submitted application: gps_processor
[2026-03-16T02:18:12.639+0000] {subprocess.py:93} INFO - 26/03/16 02:18:12 INFO ResourceProfile: Default ResourceProfile created, executor resources: Map(cores -> name: cores, amount: 1, script: , vendor: , memory -> name: memory, amount: 1024, script: , vendor: , offHeap -> name: offHeap, amount: 0, script: , vendor: ), task resources: Map(cpus -> name: cpus, amount: 1.0)
[2026-03-16T02:18:12.657+0000] {subprocess.py:93} INFO - 26/03/16 02:18:12 INFO ResourceProfile: Limiting resource is cpu
[2026-03-16T02:18:12.659+0000] {subprocess.py:93} INFO - 26/03/16 02:18:12 INFO ResourceProfileManager: Added ResourceProfile id: 0
[2026-03-16T02:18:12.850+0000] {subprocess.py:93} INFO - 26/03/16 02:18:12 INFO SecurityManager: Changing view acls to: airflow
[2026-03-16T02:18:12.851+0000] {subprocess.py:93} INFO - 26/03/16 02:18:12 INFO SecurityManager: Changing modify acls to: airflow
[2026-03-16T02:18:12.853+0000] {subprocess.py:93} INFO - 26/03/16 02:18:12 INFO SecurityManager: Changing view acls groups to:
[2026-03-16T02:18:12.855+0000] {subprocess.py:93} INFO - 26/03/16 02:18:12 INFO SecurityManager: Changing modify acls groups to:
[2026-03-16T02:18:12.857+0000] {subprocess.py:93} INFO - 26/03/16 02:18:12 INFO SecurityManager: SecurityManager: authentication disabled; ui acls disabled; users with view permissions: airflow; groups with view permissions: EMPTY; users with modify permissions: airflow; groups with modify permissions: EMPTY
[2026-03-16T02:18:13.478+0000] {subprocess.py:93} INFO - 26/03/16 02:18:13 INFO Utils: Successfully started service 'sparkDriver' on port 42661.
[2026-03-16T02:18:13.568+0000] {subprocess.py:93} INFO - 26/03/16 02:18:13 INFO SparkEnv: Registering MapOutputTracker
[2026-03-16T02:18:13.670+0000] {subprocess.py:93} INFO - 26/03/16 02:18:13 INFO SparkEnv: Registering BlockManagerMaster
[2026-03-16T02:18:13.824+0000] {subprocess.py:93} INFO - 26/03/16 02:18:13 INFO BlockManagerMasterEndpoint: Using org.apache.spark.storage.DefaultTopologyMapper for getting topology information
[2026-03-16T02:18:13.828+0000] {subprocess.py:93} INFO - 26/03/16 02:18:13 INFO BlockManagerMasterEndpoint: BlockManagerMasterEndpoint up
[2026-03-16T02:18:13.841+0000] {subprocess.py:93} INFO - 26/03/16 02:18:13 INFO SparkEnv: Registering BlockManagerMasterHeartbeat
[2026-03-16T02:18:13.924+0000] {subprocess.py:93} INFO - 26/03/16 02:18:13 INFO DiskBlockManager: Created local directory at /tmp/blockmgr-f8057d15-7699-435e-90f5-f1d310b74892
[2026-03-16T02:18:13.966+0000] {subprocess.py:93} INFO - 26/03/16 02:18:13 INFO MemoryStore: MemoryStore started with capacity 434.4 MiB
[2026-03-16T02:18:14.019+0000] {subprocess.py:93} INFO - 26/03/16 02:18:14 INFO SparkEnv: Registering OutputCommitCoordinator
[2026-03-16T02:18:16.039+0000] {subprocess.py:93} INFO - 26/03/16 02:18:16 INFO JettyUtils: Start Jetty 0.0.0.0:4040 for SparkUI
[2026-03-16T02:18:16.275+0000] {subprocess.py:93} INFO - 26/03/16 02:18:16 INFO Utils: Successfully started service 'SparkUI' on port 4040.
[2026-03-16T02:18:16.353+0000] {subprocess.py:93} INFO - 26/03/16 02:18:16 ERROR SparkContext: Failed to add spark/jars/postgresql-42.7.3.jar to Spark environment
[2026-03-16T02:18:16.354+0000] {subprocess.py:93} INFO - java.io.FileNotFoundException: Jar /tmp/airflowtmp0rrkhyww/spark/jars/postgresql-42.7.3.jar not found
[2026-03-16T02:18:16.354+0000] {subprocess.py:93} INFO - 	at org.apache.spark.SparkContext.addLocalJarFile$1(SparkContext.scala:2095)
[2026-03-16T02:18:16.355+0000] {subprocess.py:93} INFO - 	at org.apache.spark.SparkContext.addJar(SparkContext.scala:2151)
[2026-03-16T02:18:16.355+0000] {subprocess.py:93} INFO - 	at org.apache.spark.SparkContext.$anonfun$new$15(SparkContext.scala:521)
[2026-03-16T02:18:16.355+0000] {subprocess.py:93} INFO - 	at org.apache.spark.SparkContext.$anonfun$new$15$adapted(SparkContext.scala:521)
[2026-03-16T02:18:16.356+0000] {subprocess.py:93} INFO - 	at scala.collection.mutable.ResizableArray.foreach(ResizableArray.scala:62)
[2026-03-16T02:18:16.356+0000] {subprocess.py:93} INFO - 	at scala.collection.mutable.ResizableArray.foreach$(ResizableArray.scala:55)
[2026-03-16T02:18:16.357+0000] {subprocess.py:93} INFO - 	at scala.collection.mutable.ArrayBuffer.foreach(ArrayBuffer.scala:49)
[2026-03-16T02:18:16.357+0000] {subprocess.py:93} INFO - 	at org.apache.spark.SparkContext.<init>(SparkContext.scala:521)
[2026-03-16T02:18:16.357+0000] {subprocess.py:93} INFO - 	at org.apache.spark.api.java.JavaSparkContext.<init>(JavaSparkContext.scala:58)
[2026-03-16T02:18:16.358+0000] {subprocess.py:93} INFO - 	at java.base/jdk.internal.reflect.NativeConstructorAccessorImpl.newInstance0(Native Method)
[2026-03-16T02:18:16.358+0000] {subprocess.py:93} INFO - 	at java.base/jdk.internal.reflect.NativeConstructorAccessorImpl.newInstance(NativeConstructorAccessorImpl.java:77)
[2026-03-16T02:18:16.358+0000] {subprocess.py:93} INFO - 	at java.base/jdk.internal.reflect.DelegatingConstructorAccessorImpl.newInstance(DelegatingConstructorAccessorImpl.java:45)
[2026-03-16T02:18:16.359+0000] {subprocess.py:93} INFO - 	at java.base/java.lang.reflect.Constructor.newInstanceWithCaller(Constructor.java:500)
[2026-03-16T02:18:16.359+0000] {subprocess.py:93} INFO - 	at java.base/java.lang.reflect.Constructor.newInstance(Constructor.java:481)
[2026-03-16T02:18:16.359+0000] {subprocess.py:93} INFO - 	at py4j.reflection.MethodInvoker.invoke(MethodInvoker.java:247)
[2026-03-16T02:18:16.360+0000] {subprocess.py:93} INFO - 	at py4j.reflection.ReflectionEngine.invoke(ReflectionEngine.java:374)
[2026-03-16T02:18:16.360+0000] {subprocess.py:93} INFO - 	at py4j.Gateway.invoke(Gateway.java:238)
[2026-03-16T02:18:16.361+0000] {subprocess.py:93} INFO - 	at py4j.commands.ConstructorCommand.invokeConstructor(ConstructorCommand.java:80)
[2026-03-16T02:18:16.361+0000] {subprocess.py:93} INFO - 	at py4j.commands.ConstructorCommand.execute(ConstructorCommand.java:69)
[2026-03-16T02:18:16.361+0000] {subprocess.py:93} INFO - 	at py4j.ClientServerConnection.waitForCommands(ClientServerConnection.java:182)
[2026-03-16T02:18:16.362+0000] {subprocess.py:93} INFO - 	at py4j.ClientServerConnection.run(ClientServerConnection.java:106)
[2026-03-16T02:18:16.362+0000] {subprocess.py:93} INFO - 	at java.base/java.lang.Thread.run(Thread.java:840)
[2026-03-16T02:18:16.526+0000] {subprocess.py:93} INFO - 26/03/16 02:18:16 INFO Executor: Starting executor ID driver on host 7a4ac054b34c
[2026-03-16T02:18:16.528+0000] {subprocess.py:93} INFO - 26/03/16 02:18:16 INFO Executor: OS info Linux, 5.15.167.4-microsoft-standard-WSL2, amd64
[2026-03-16T02:18:16.529+0000] {subprocess.py:93} INFO - 26/03/16 02:18:16 INFO Executor: Java version 17.0.18
[2026-03-16T02:18:16.545+0000] {subprocess.py:93} INFO - 26/03/16 02:18:16 INFO Executor: Starting executor with user classpath (userClassPathFirst = false): ''
[2026-03-16T02:18:16.547+0000] {subprocess.py:93} INFO - 26/03/16 02:18:16 INFO Executor: Created or updated repl class loader org.apache.spark.util.MutableURLClassLoader@aae43b for default.
[2026-03-16T02:18:16.605+0000] {subprocess.py:93} INFO - 26/03/16 02:18:16 INFO Utils: Successfully started service 'org.apache.spark.network.netty.NettyBlockTransferService' on port 46333.
[2026-03-16T02:18:16.606+0000] {subprocess.py:93} INFO - 26/03/16 02:18:16 INFO NettyBlockTransferService: Server created on 7a4ac054b34c:46333
[2026-03-16T02:18:16.609+0000] {subprocess.py:93} INFO - 26/03/16 02:18:16 INFO BlockManager: Using org.apache.spark.storage.RandomBlockReplicationPolicy for block replication policy
[2026-03-16T02:18:16.630+0000] {subprocess.py:93} INFO - 26/03/16 02:18:16 INFO BlockManagerMaster: Registering BlockManager BlockManagerId(driver, 7a4ac054b34c, 46333, None)
[2026-03-16T02:18:16.640+0000] {subprocess.py:93} INFO - 26/03/16 02:18:16 INFO BlockManagerMasterEndpoint: Registering block manager 7a4ac054b34c:46333 with 434.4 MiB RAM, BlockManagerId(driver, 7a4ac054b34c, 46333, None)
[2026-03-16T02:18:16.643+0000] {subprocess.py:93} INFO - 26/03/16 02:18:16 INFO BlockManagerMaster: Registered BlockManager BlockManagerId(driver, 7a4ac054b34c, 46333, None)
[2026-03-16T02:18:16.646+0000] {subprocess.py:93} INFO - 26/03/16 02:18:16 INFO BlockManager: Initialized BlockManager: BlockManagerId(driver, 7a4ac054b34c, 46333, None)
[2026-03-16T02:18:18.200+0000] {subprocess.py:93} INFO - 26/03/16 02:18:18 INFO SharedState: Setting hive.metastore.warehouse.dir ('null') to the value of spark.sql.warehouse.dir.
[2026-03-16T02:18:18.210+0000] {subprocess.py:93} INFO - 26/03/16 02:18:18 INFO SharedState: Warehouse path is 'file:/tmp/airflowtmp0rrkhyww/spark-warehouse'.
[2026-03-16T02:18:20.854+0000] {subprocess.py:93} INFO - Traceback (most recent call last):
[2026-03-16T02:18:20.855+0000] {subprocess.py:93} INFO -   File "/opt/airflow/spark/spark_processor.py", line 21, in <module>
[2026-03-16T02:18:20.855+0000] {subprocess.py:93} INFO -     df = spark.read \
[2026-03-16T02:18:20.855+0000] {subprocess.py:93} INFO -   File "/home/airflow/.local/lib/python3.8/site-packages/pyspark/sql/readwriter.py", line 314, in load
[2026-03-16T02:18:20.856+0000] {subprocess.py:93} INFO -     return self._df(self._jreader.load())
[2026-03-16T02:18:20.858+0000] {subprocess.py:93} INFO -   File "/home/airflow/.local/lib/python3.8/site-packages/py4j/java_gateway.py", line 1362, in __call__
[2026-03-16T02:18:20.858+0000] {subprocess.py:93} INFO -     return_value = get_return_value(
[2026-03-16T02:18:20.859+0000] {subprocess.py:93} INFO -   File "/home/airflow/.local/lib/python3.8/site-packages/pyspark/errors/exceptions/captured.py", line 179, in deco
[2026-03-16T02:18:20.860+0000] {subprocess.py:93} INFO -     return f(*a, **kw)
[2026-03-16T02:18:20.860+0000] {subprocess.py:93} INFO -   File "/home/airflow/.local/lib/python3.8/site-packages/py4j/protocol.py", line 327, in get_return_value
[2026-03-16T02:18:20.861+0000] {subprocess.py:93} INFO -     raise Py4JJavaError(
[2026-03-16T02:18:20.861+0000] {subprocess.py:93} INFO - py4j.protocol.Py4JJavaError: An error occurred while calling o34.load.
[2026-03-16T02:18:20.862+0000] {subprocess.py:93} INFO - : java.lang.ClassNotFoundException: org.postgresql.Driver
[2026-03-16T02:18:20.862+0000] {subprocess.py:93} INFO - 	at java.base/java.net.URLClassLoader.findClass(URLClassLoader.java:445)
[2026-03-16T02:18:20.877+0000] {subprocess.py:93} INFO - 	at java.base/java.lang.ClassLoader.loadClass(ClassLoader.java:592)
[2026-03-16T02:18:20.878+0000] {subprocess.py:93} INFO - 	at java.base/java.lang.ClassLoader.loadClass(ClassLoader.java:525)
[2026-03-16T02:18:20.878+0000] {subprocess.py:93} INFO - 	at org.apache.spark.sql.execution.datasources.jdbc.DriverRegistry$.register(DriverRegistry.scala:46)
[2026-03-16T02:18:20.878+0000] {subprocess.py:93} INFO - 	at org.apache.spark.sql.execution.datasources.jdbc.JDBCOptions.$anonfun$driverClass$1(JDBCOptions.scala:103)
[2026-03-16T02:18:20.879+0000] {subprocess.py:93} INFO - 	at org.apache.spark.sql.execution.datasources.jdbc.JDBCOptions.$anonfun$driverClass$1$adapted(JDBCOptions.scala:103)
[2026-03-16T02:18:20.879+0000] {subprocess.py:93} INFO - 	at scala.Option.foreach(Option.scala:407)
[2026-03-16T02:18:20.879+0000] {subprocess.py:93} INFO - 	at org.apache.spark.sql.execution.datasources.jdbc.JDBCOptions.<init>(JDBCOptions.scala:103)
[2026-03-16T02:18:20.880+0000] {subprocess.py:93} INFO - 	at org.apache.spark.sql.execution.datasources.jdbc.JDBCOptions.<init>(JDBCOptions.scala:41)
[2026-03-16T02:18:20.880+0000] {subprocess.py:93} INFO - 	at org.apache.spark.sql.execution.datasources.jdbc.JdbcRelationProvider.createRelation(JdbcRelationProvider.scala:34)
[2026-03-16T02:18:20.880+0000] {subprocess.py:93} INFO - 	at org.apache.spark.sql.execution.datasources.DataSource.resolveRelation(DataSource.scala:346)
[2026-03-16T02:18:20.881+0000] {subprocess.py:93} INFO - 	at org.apache.spark.sql.DataFrameReader.loadV1Source(DataFrameReader.scala:229)
[2026-03-16T02:18:20.881+0000] {subprocess.py:93} INFO - 	at org.apache.spark.sql.DataFrameReader.$anonfun$load$2(DataFrameReader.scala:211)
[2026-03-16T02:18:20.881+0000] {subprocess.py:93} INFO - 	at scala.Option.getOrElse(Option.scala:189)
[2026-03-16T02:18:20.881+0000] {subprocess.py:93} INFO - 	at org.apache.spark.sql.DataFrameReader.load(DataFrameReader.scala:211)
[2026-03-16T02:18:20.882+0000] {subprocess.py:93} INFO - 	at org.apache.spark.sql.DataFrameReader.load(DataFrameReader.scala:172)
[2026-03-16T02:18:20.882+0000] {subprocess.py:93} INFO - 	at java.base/jdk.internal.reflect.NativeMethodAccessorImpl.invoke0(Native Method)
[2026-03-16T02:18:20.882+0000] {subprocess.py:93} INFO - 	at java.base/jdk.internal.reflect.NativeMethodAccessorImpl.invoke(NativeMethodAccessorImpl.java:77)
[2026-03-16T02:18:20.883+0000] {subprocess.py:93} INFO - 	at java.base/jdk.internal.reflect.DelegatingMethodAccessorImpl.invoke(DelegatingMethodAccessorImpl.java:43)
[2026-03-16T02:18:20.883+0000] {subprocess.py:93} INFO - 	at java.base/java.lang.reflect.Method.invoke(Method.java:569)
[2026-03-16T02:18:20.883+0000] {subprocess.py:93} INFO - 	at py4j.reflection.MethodInvoker.invoke(MethodInvoker.java:244)
[2026-03-16T02:18:20.884+0000] {subprocess.py:93} INFO - 	at py4j.reflection.ReflectionEngine.invoke(ReflectionEngine.java:374)
[2026-03-16T02:18:20.884+0000] {subprocess.py:93} INFO - 	at py4j.Gateway.invoke(Gateway.java:282)
[2026-03-16T02:18:20.884+0000] {subprocess.py:93} INFO - 	at py4j.commands.AbstractCommand.invokeMethod(AbstractCommand.java:132)
[2026-03-16T02:18:20.885+0000] {subprocess.py:93} INFO - 	at py4j.commands.CallCommand.execute(CallCommand.java:79)
[2026-03-16T02:18:20.885+0000] {subprocess.py:93} INFO - 	at py4j.ClientServerConnection.waitForCommands(ClientServerConnection.java:182)
[2026-03-16T02:18:20.885+0000] {subprocess.py:93} INFO - 	at py4j.ClientServerConnection.run(ClientServerConnection.java:106)
[2026-03-16T02:18:20.886+0000] {subprocess.py:93} INFO - 	at java.base/java.lang.Thread.run(Thread.java:840)
[2026-03-16T02:18:20.886+0000] {subprocess.py:93} INFO - 
[2026-03-16T02:18:21.052+0000] {subprocess.py:93} INFO - 26/03/16 02:18:21 INFO SparkContext: Invoking stop() from shutdown hook
[2026-03-16T02:18:21.053+0000] {subprocess.py:93} INFO - 26/03/16 02:18:21 INFO SparkContext: SparkContext is stopping with exitCode 0.
[2026-03-16T02:18:21.085+0000] {subprocess.py:93} INFO - 26/03/16 02:18:21 INFO SparkUI: Stopped Spark web UI at http://7a4ac054b34c:4040
[2026-03-16T02:18:21.117+0000] {subprocess.py:93} INFO - 26/03/16 02:18:21 INFO MapOutputTrackerMasterEndpoint: MapOutputTrackerMasterEndpoint stopped!
[2026-03-16T02:18:21.180+0000] {subprocess.py:93} INFO - 26/03/16 02:18:21 INFO MemoryStore: MemoryStore cleared
[2026-03-16T02:18:21.181+0000] {subprocess.py:93} INFO - 26/03/16 02:18:21 INFO BlockManager: BlockManager stopped
[2026-03-16T02:18:21.205+0000] {subprocess.py:93} INFO - 26/03/16 02:18:21 INFO BlockManagerMaster: BlockManagerMaster stopped
[2026-03-16T02:18:21.216+0000] {subprocess.py:93} INFO - 26/03/16 02:18:21 INFO OutputCommitCoordinator$OutputCommitCoordinatorEndpoint: OutputCommitCoordinator stopped!
[2026-03-16T02:18:21.275+0000] {subprocess.py:93} INFO - 26/03/16 02:18:21 INFO SparkContext: Successfully stopped SparkContext
[2026-03-16T02:18:21.276+0000] {subprocess.py:93} INFO - 26/03/16 02:18:21 INFO ShutdownHookManager: Shutdown hook called
[2026-03-16T02:18:21.282+0000] {subprocess.py:93} INFO - 26/03/16 02:18:21 INFO ShutdownHookManager: Deleting directory /tmp/spark-96b30fc3-ebc6-46b4-8c21-26103793169a
[2026-03-16T02:18:21.291+0000] {subprocess.py:93} INFO - 26/03/16 02:18:21 INFO ShutdownHookManager: Deleting directory /tmp/spark-4881e5d2-5158-48cc-9933-742f47e12e9d
[2026-03-16T02:18:21.298+0000] {subprocess.py:93} INFO - 26/03/16 02:18:21 INFO ShutdownHookManager: Deleting directory /tmp/spark-4881e5d2-5158-48cc-9933-742f47e12e9d/pyspark-b48c0cfe-46e9-43ca-b5ad-c7ea7787abdd
[2026-03-16T02:18:21.713+0000] {subprocess.py:97} INFO - Command exited with return code 1
[2026-03-16T02:18:21.775+0000] {taskinstance.py:2698} ERROR - Task failed with exception
Traceback (most recent call last):
  File "/home/airflow/.local/lib/python3.8/site-packages/airflow/models/taskinstance.py", line 433, in _execute_task
    result = execute_callable(context=context, **execute_callable_kwargs)
  File "/home/airflow/.local/lib/python3.8/site-packages/airflow/operators/bash.py", line 212, in execute
    raise AirflowException(
airflow.exceptions.AirflowException: Bash command failed. The command returned a non-zero exit code 1.
[2026-03-16T02:18:21.789+0000] {taskinstance.py:1138} INFO - Marking task as FAILED. dag_id=pipeline_gps, task_id=task_process, execution_date=20260316T021000, start_date=20260316T021801, end_date=20260316T021821
[2026-03-16T02:18:21.863+0000] {standard_task_runner.py:107} ERROR - Failed to execute job 562 for task task_process (Bash command failed. The command returned a non-zero exit code 1.; 173)
[2026-03-16T02:18:21.901+0000] {local_task_job_runner.py:234} INFO - Task exited with return code 1
[2026-03-16T02:18:21.959+0000] {taskinstance.py:3280} INFO - 0 downstream tasks scheduled from follow-on schedule check
