[2026-03-15T17:53:18.365+0000] {taskinstance.py:1956} INFO - Dependencies all met for dep_context=non-requeueable deps ti=<TaskInstance: pipeline_gps.task1_ingest scheduled__2026-03-15T17:52:00+00:00 [queued]>
[2026-03-15T17:53:18.400+0000] {taskinstance.py:1956} INFO - Dependencies all met for dep_context=requeueable deps ti=<TaskInstance: pipeline_gps.task1_ingest scheduled__2026-03-15T17:52:00+00:00 [queued]>
[2026-03-15T17:53:18.401+0000] {taskinstance.py:2170} INFO - Starting attempt 1 of 1
[2026-03-15T17:53:18.481+0000] {taskinstance.py:2191} INFO - Executing <Task(BashOperator): task1_ingest> on 2026-03-15 17:52:00+00:00
[2026-03-15T17:53:18.518+0000] {standard_task_runner.py:60} INFO - Started process 31 to run task
[2026-03-15T17:53:18.790+0000] {standard_task_runner.py:87} INFO - Running: ['airflow', 'tasks', 'run', 'pipeline_gps', 'task1_ingest', 'scheduled__2026-03-15T17:52:00+00:00', '--job-id', '488', '--raw', '--subdir', 'DAGS_FOLDER/pipeline_gps.py', '--cfg-path', '/tmp/tmp3mg2ljw2']
[2026-03-15T17:53:18.815+0000] {standard_task_runner.py:88} INFO - Job 488: Subtask task1_ingest
[2026-03-15T17:53:19.200+0000] {task_command.py:423} INFO - Running <TaskInstance: pipeline_gps.task1_ingest scheduled__2026-03-15T17:52:00+00:00 [running]> on host 693df5566a25
[2026-03-15T17:53:19.582+0000] {taskinstance.py:2480} INFO - Exporting env vars: AIRFLOW_CTX_DAG_OWNER='airflow' AIRFLOW_CTX_DAG_ID='pipeline_gps' AIRFLOW_CTX_TASK_ID='task1_ingest' AIRFLOW_CTX_EXECUTION_DATE='2026-03-15T17:52:00+00:00' AIRFLOW_CTX_TRY_NUMBER='1' AIRFLOW_CTX_DAG_RUN_ID='scheduled__2026-03-15T17:52:00+00:00'
[2026-03-15T17:53:19.600+0000] {subprocess.py:63} INFO - Tmp dir root location: /tmp
[2026-03-15T17:53:19.608+0000] {subprocess.py:75} INFO - Running command: ['/usr/bin/bash', '-c', 'python /opt/airflow/ingestion/mqtt_ingestor.py']
[2026-03-15T17:53:19.659+0000] {subprocess.py:86} INFO - Output:
[2026-03-15T17:56:06.208+0000] {local_task_job_runner.py:302} WARNING - State of this instance has been externally set to restarting. Terminating instance.
[2026-03-15T17:56:06.219+0000] {process_utils.py:131} INFO - Sending Signals.SIGTERM to group 31. PIDs of all processes in the group: [32, 31]
[2026-03-15T17:56:06.219+0000] {process_utils.py:86} INFO - Sending the signal Signals.SIGTERM to group 31
[2026-03-15T17:56:06.224+0000] {taskinstance.py:2450} ERROR - Received SIGTERM. Terminating subprocesses.
[2026-03-15T17:56:06.230+0000] {subprocess.py:104} INFO - Sending SIGTERM signal to process group
[2026-03-15T17:56:06.299+0000] {taskinstance.py:2698} ERROR - Task failed with exception
Traceback (most recent call last):
  File "/home/airflow/.local/lib/python3.8/site-packages/airflow/models/taskinstance.py", line 433, in _execute_task
    result = execute_callable(context=context, **execute_callable_kwargs)
  File "/home/airflow/.local/lib/python3.8/site-packages/airflow/operators/bash.py", line 203, in execute
    result = self.subprocess_hook.run_command(
  File "/home/airflow/.local/lib/python3.8/site-packages/airflow/hooks/subprocess.py", line 91, in run_command
    for raw_line in iter(self.sub_process.stdout.readline, b""):
  File "/home/airflow/.local/lib/python3.8/site-packages/airflow/models/taskinstance.py", line 2452, in signal_handler
    raise AirflowException("Task received SIGTERM signal")
airflow.exceptions.AirflowException: Task received SIGTERM signal
[2026-03-15T17:56:06.316+0000] {taskinstance.py:1138} INFO - Marking task as UP_FOR_RETRY. dag_id=pipeline_gps, task_id=task1_ingest, execution_date=20260315T175200, start_date=20260315T175318, end_date=20260315T175606
[2026-03-15T17:56:06.393+0000] {standard_task_runner.py:107} ERROR - Failed to execute job 488 for task task1_ingest (Task received SIGTERM signal; 31)
[2026-03-15T17:56:06.435+0000] {process_utils.py:79} INFO - Process psutil.Process(pid=32, status='terminated', started='17:53:18') (32) terminated with exit code None
[2026-03-15T17:56:06.436+0000] {process_utils.py:79} INFO - Process psutil.Process(pid=31, status='terminated', exitcode=1, started='17:53:17') (31) terminated with exit code 1
