[2026-03-15T19:45:51.712+0000] {taskinstance.py:1956} INFO - Dependencies all met for dep_context=non-requeueable deps ti=<TaskInstance: pipeline_gps.task1_ingest scheduled__2026-03-15T19:13:00+00:00 [queued]>
[2026-03-15T19:45:51.729+0000] {taskinstance.py:1956} INFO - Dependencies all met for dep_context=requeueable deps ti=<TaskInstance: pipeline_gps.task1_ingest scheduled__2026-03-15T19:13:00+00:00 [queued]>
[2026-03-15T19:45:51.729+0000] {taskinstance.py:2170} INFO - Starting attempt 1 of 1
[2026-03-15T19:45:51.757+0000] {taskinstance.py:2191} INFO - Executing <Task(BashOperator): task1_ingest> on 2026-03-15 19:13:00+00:00
[2026-03-15T19:45:51.763+0000] {standard_task_runner.py:60} INFO - Started process 29 to run task
[2026-03-15T19:45:51.774+0000] {standard_task_runner.py:87} INFO - Running: ['airflow', 'tasks', 'run', 'pipeline_gps', 'task1_ingest', 'scheduled__2026-03-15T19:13:00+00:00', '--job-id', '497', '--raw', '--subdir', 'DAGS_FOLDER/pipeline_gps.py', '--cfg-path', '/tmp/tmpgn_g_pbe']
[2026-03-15T19:45:51.779+0000] {standard_task_runner.py:88} INFO - Job 497: Subtask task1_ingest
[2026-03-15T19:45:51.878+0000] {task_command.py:423} INFO - Running <TaskInstance: pipeline_gps.task1_ingest scheduled__2026-03-15T19:13:00+00:00 [running]> on host 693df5566a25
[2026-03-15T19:45:52.018+0000] {taskinstance.py:2480} INFO - Exporting env vars: AIRFLOW_CTX_DAG_OWNER='airflow' AIRFLOW_CTX_DAG_ID='pipeline_gps' AIRFLOW_CTX_TASK_ID='task1_ingest' AIRFLOW_CTX_EXECUTION_DATE='2026-03-15T19:13:00+00:00' AIRFLOW_CTX_TRY_NUMBER='1' AIRFLOW_CTX_DAG_RUN_ID='scheduled__2026-03-15T19:13:00+00:00'
[2026-03-15T19:45:52.019+0000] {subprocess.py:63} INFO - Tmp dir root location: /tmp
[2026-03-15T19:45:52.021+0000] {subprocess.py:75} INFO - Running command: ['/usr/bin/bash', '-c', '\n        export DB_HOST=postgres-postgis\n        export MQTT_HOST=mqtt-broker\n        python /opt/airflow/ingestion/mqtt_ingestor.py\n        ']
[2026-03-15T19:45:52.034+0000] {subprocess.py:86} INFO - Output:
[2026-03-15T19:50:34.635+0000] {local_task_job_runner.py:121} ERROR - Received SIGTERM. Terminating subprocesses
[2026-03-15T19:50:34.936+0000] {process_utils.py:131} INFO - Sending Signals.SIGTERM to group 29. PIDs of all processes in the group: [30, 31, 29]
[2026-03-15T19:50:34.936+0000] {process_utils.py:86} INFO - Sending the signal Signals.SIGTERM to group 29
[2026-03-15T19:50:34.962+0000] {taskinstance.py:2450} ERROR - Received SIGTERM. Terminating subprocesses.
[2026-03-15T19:50:34.965+0000] {subprocess.py:104} INFO - Sending SIGTERM signal to process group
[2026-03-15T19:50:35.230+0000] {taskinstance.py:2698} ERROR - Task failed with exception
Traceback (most recent call last):
  File "/home/airflow/.local/lib/python3.8/site-packages/airflow/models/taskinstance.py", line 433, in _execute_task
    result = execute_callable(context=context, **execute_callable_kwargs)
  File "/home/airflow/.local/lib/python3.8/site-packages/airflow/operators/bash.py", line 203, in execute
    result = self.subprocess_hook.run_command(
  File "/home/airflow/.local/lib/python3.8/site-packages/airflow/hooks/subprocess.py", line 91, in run_command
    for raw_line in iter(self.sub_process.stdout.readline, b""):
  File "/home/airflow/.local/lib/python3.8/site-packages/airflow/models/taskinstance.py", line 2452, in signal_handler
    raise AirflowException("Task received SIGTERM signal")
airflow.exceptions.AirflowException: Task received SIGTERM signal
[2026-03-15T19:50:35.334+0000] {taskinstance.py:1138} INFO - Marking task as FAILED. dag_id=pipeline_gps, task_id=task1_ingest, execution_date=20260315T191300, start_date=20260315T194551, end_date=20260315T195035
[2026-03-15T19:50:35.401+0000] {process_utils.py:79} INFO - Process psutil.Process(pid=31, status='terminated', started='19:45:51') (31) terminated with exit code None
[2026-03-15T19:50:35.463+0000] {standard_task_runner.py:107} ERROR - Failed to execute job 497 for task task1_ingest (Task received SIGTERM signal; 29)
[2026-03-15T19:50:35.564+0000] {process_utils.py:79} INFO - Process psutil.Process(pid=29, status='terminated', exitcode=1, started='19:45:51') (29) terminated with exit code 1
[2026-03-15T19:50:35.565+0000] {process_utils.py:79} INFO - Process psutil.Process(pid=30, status='terminated', started='19:45:51') (30) terminated with exit code None
[2026-03-15T19:50:35.566+0000] {local_task_job_runner.py:234} INFO - Task exited with return code 143
[2026-03-15T19:50:35.637+0000] {taskinstance.py:3280} INFO - 0 downstream tasks scheduled from follow-on schedule check
