[2026-03-14T23:23:06.756+0000] {taskinstance.py:1956} INFO - Dependencies all met for dep_context=non-requeueable deps ti=<TaskInstance: pipeline_gps.task1_ingest scheduled__2026-03-14T23:22:00+00:00 [queued]>
[2026-03-14T23:23:06.770+0000] {taskinstance.py:1956} INFO - Dependencies all met for dep_context=requeueable deps ti=<TaskInstance: pipeline_gps.task1_ingest scheduled__2026-03-14T23:22:00+00:00 [queued]>
[2026-03-14T23:23:06.771+0000] {taskinstance.py:2170} INFO - Starting attempt 1 of 1
[2026-03-14T23:23:06.822+0000] {taskinstance.py:2191} INFO - Executing <Task(BashOperator): task1_ingest> on 2026-03-14 23:22:00+00:00
[2026-03-14T23:23:06.833+0000] {standard_task_runner.py:60} INFO - Started process 296 to run task
[2026-03-14T23:23:06.854+0000] {standard_task_runner.py:87} INFO - Running: ['airflow', 'tasks', 'run', 'pipeline_gps', 'task1_ingest', 'scheduled__2026-03-14T23:22:00+00:00', '--job-id', '34', '--raw', '--subdir', 'DAGS_FOLDER/pipeline_gps.py', '--cfg-path', '/tmp/tmpjizkeagy']
[2026-03-14T23:23:06.869+0000] {standard_task_runner.py:88} INFO - Job 34: Subtask task1_ingest
[2026-03-14T23:23:06.992+0000] {task_command.py:423} INFO - Running <TaskInstance: pipeline_gps.task1_ingest scheduled__2026-03-14T23:22:00+00:00 [running]> on host 693df5566a25
[2026-03-14T23:23:07.173+0000] {taskinstance.py:2480} INFO - Exporting env vars: AIRFLOW_CTX_DAG_OWNER='airflow' AIRFLOW_CTX_DAG_ID='pipeline_gps' AIRFLOW_CTX_TASK_ID='task1_ingest' AIRFLOW_CTX_EXECUTION_DATE='2026-03-14T23:22:00+00:00' AIRFLOW_CTX_TRY_NUMBER='1' AIRFLOW_CTX_DAG_RUN_ID='scheduled__2026-03-14T23:22:00+00:00'
[2026-03-14T23:23:07.176+0000] {subprocess.py:63} INFO - Tmp dir root location: /tmp
[2026-03-14T23:23:07.180+0000] {subprocess.py:75} INFO - Running command: ['/usr/bin/bash', '-c', 'python /opt/airflow/dags/../../ingestion/mqtt_ingestor.py']
[2026-03-14T23:23:07.212+0000] {subprocess.py:86} INFO - Output:
[2026-03-14T23:23:07.295+0000] {subprocess.py:93} INFO - python: can't open file '/opt/airflow/dags/../../ingestion/mqtt_ingestor.py': [Errno 2] No such file or directory
[2026-03-14T23:23:07.299+0000] {subprocess.py:97} INFO - Command exited with return code 2
[2026-03-14T23:23:07.316+0000] {taskinstance.py:2698} ERROR - Task failed with exception
Traceback (most recent call last):
  File "/home/airflow/.local/lib/python3.8/site-packages/airflow/models/taskinstance.py", line 433, in _execute_task
    result = execute_callable(context=context, **execute_callable_kwargs)
  File "/home/airflow/.local/lib/python3.8/site-packages/airflow/operators/bash.py", line 212, in execute
    raise AirflowException(
airflow.exceptions.AirflowException: Bash command failed. The command returned a non-zero exit code 2.
[2026-03-14T23:23:07.321+0000] {taskinstance.py:1138} INFO - Marking task as FAILED. dag_id=pipeline_gps, task_id=task1_ingest, execution_date=20260314T232200, start_date=20260314T232306, end_date=20260314T232307
[2026-03-14T23:23:07.349+0000] {standard_task_runner.py:107} ERROR - Failed to execute job 34 for task task1_ingest (Bash command failed. The command returned a non-zero exit code 2.; 296)
[2026-03-14T23:23:07.374+0000] {local_task_job_runner.py:234} INFO - Task exited with return code 1
[2026-03-14T23:23:07.420+0000] {taskinstance.py:3280} INFO - 0 downstream tasks scheduled from follow-on schedule check
