[2026-03-14T23:31:18.167+0000] {taskinstance.py:1956} INFO - Dependencies all met for dep_context=non-requeueable deps ti=<TaskInstance: pipeline_gps.task1_ingest scheduled__2026-03-14T23:30:00+00:00 [queued]>
[2026-03-14T23:31:18.181+0000] {taskinstance.py:1956} INFO - Dependencies all met for dep_context=requeueable deps ti=<TaskInstance: pipeline_gps.task1_ingest scheduled__2026-03-14T23:30:00+00:00 [queued]>
[2026-03-14T23:31:18.181+0000] {taskinstance.py:2170} INFO - Starting attempt 1 of 1
[2026-03-14T23:31:18.230+0000] {taskinstance.py:2191} INFO - Executing <Task(BashOperator): task1_ingest> on 2026-03-14 23:30:00+00:00
[2026-03-14T23:31:18.254+0000] {standard_task_runner.py:60} INFO - Started process 47 to run task
[2026-03-14T23:31:18.367+0000] {standard_task_runner.py:87} INFO - Running: ['airflow', 'tasks', 'run', 'pipeline_gps', 'task1_ingest', 'scheduled__2026-03-14T23:30:00+00:00', '--job-id', '43', '--raw', '--subdir', 'DAGS_FOLDER/pipeline_gps.py', '--cfg-path', '/tmp/tmplzkm7ion']
[2026-03-14T23:31:18.435+0000] {standard_task_runner.py:88} INFO - Job 43: Subtask task1_ingest
[2026-03-14T23:31:19.042+0000] {task_command.py:423} INFO - Running <TaskInstance: pipeline_gps.task1_ingest scheduled__2026-03-14T23:30:00+00:00 [running]> on host 693df5566a25
[2026-03-14T23:31:19.411+0000] {taskinstance.py:2480} INFO - Exporting env vars: AIRFLOW_CTX_DAG_OWNER='airflow' AIRFLOW_CTX_DAG_ID='pipeline_gps' AIRFLOW_CTX_TASK_ID='task1_ingest' AIRFLOW_CTX_EXECUTION_DATE='2026-03-14T23:30:00+00:00' AIRFLOW_CTX_TRY_NUMBER='1' AIRFLOW_CTX_DAG_RUN_ID='scheduled__2026-03-14T23:30:00+00:00'
[2026-03-14T23:31:19.630+0000] {subprocess.py:63} INFO - Tmp dir root location: /tmp
[2026-03-14T23:31:19.632+0000] {subprocess.py:75} INFO - Running command: ['/usr/bin/bash', '-c', 'python /opt/airflow/ingestion/mqtt_ingestor.py']
[2026-03-14T23:31:19.684+0000] {subprocess.py:86} INFO - Output:
[2026-03-14T23:31:19.864+0000] {subprocess.py:93} INFO - Traceback (most recent call last):
[2026-03-14T23:31:19.865+0000] {subprocess.py:93} INFO -   File "/opt/airflow/ingestion/mqtt_ingestor.py", line 1, in <module>
[2026-03-14T23:31:19.865+0000] {subprocess.py:93} INFO -     import paho.mqtt.client as mqtt
[2026-03-14T23:31:19.866+0000] {subprocess.py:93} INFO - ModuleNotFoundError: No module named 'paho'
[2026-03-14T23:31:19.873+0000] {subprocess.py:97} INFO - Command exited with return code 1
[2026-03-14T23:31:19.919+0000] {taskinstance.py:2698} ERROR - Task failed with exception
Traceback (most recent call last):
  File "/home/airflow/.local/lib/python3.8/site-packages/airflow/models/taskinstance.py", line 433, in _execute_task
    result = execute_callable(context=context, **execute_callable_kwargs)
  File "/home/airflow/.local/lib/python3.8/site-packages/airflow/operators/bash.py", line 212, in execute
    raise AirflowException(
airflow.exceptions.AirflowException: Bash command failed. The command returned a non-zero exit code 1.
[2026-03-14T23:31:19.929+0000] {taskinstance.py:1138} INFO - Marking task as FAILED. dag_id=pipeline_gps, task_id=task1_ingest, execution_date=20260314T233000, start_date=20260314T233118, end_date=20260314T233119
[2026-03-14T23:31:19.983+0000] {standard_task_runner.py:107} ERROR - Failed to execute job 43 for task task1_ingest (Bash command failed. The command returned a non-zero exit code 1.; 47)
[2026-03-14T23:31:20.011+0000] {local_task_job_runner.py:234} INFO - Task exited with return code 1
[2026-03-14T23:31:20.100+0000] {taskinstance.py:3280} INFO - 0 downstream tasks scheduled from follow-on schedule check
