[2026-03-16T02:50:09.508+0000] {taskinstance.py:1956} INFO - Dependencies all met for dep_context=non-requeueable deps ti=<TaskInstance: pipeline_gps.task_process scheduled__2026-03-16T02:45:00+00:00 [queued]>
[2026-03-16T02:50:09.523+0000] {taskinstance.py:1956} INFO - Dependencies all met for dep_context=requeueable deps ti=<TaskInstance: pipeline_gps.task_process scheduled__2026-03-16T02:45:00+00:00 [queued]>
[2026-03-16T02:50:09.523+0000] {taskinstance.py:2170} INFO - Starting attempt 1 of 1
[2026-03-16T02:50:09.551+0000] {taskinstance.py:2191} INFO - Executing <Task(BashOperator): task_process> on 2026-03-16 02:45:00+00:00
[2026-03-16T02:50:09.559+0000] {standard_task_runner.py:60} INFO - Started process 340 to run task
[2026-03-16T02:50:09.567+0000] {standard_task_runner.py:87} INFO - Running: ['airflow', 'tasks', 'run', 'pipeline_gps', 'task_process', 'scheduled__2026-03-16T02:45:00+00:00', '--job-id', '573', '--raw', '--subdir', 'DAGS_FOLDER/pipeline_gps.py', '--cfg-path', '/tmp/tmplk8ycc1h']
[2026-03-16T02:50:09.571+0000] {standard_task_runner.py:88} INFO - Job 573: Subtask task_process
[2026-03-16T02:50:09.647+0000] {task_command.py:423} INFO - Running <TaskInstance: pipeline_gps.task_process scheduled__2026-03-16T02:45:00+00:00 [running]> on host e3430f617ad9
[2026-03-16T02:50:09.774+0000] {taskinstance.py:2480} INFO - Exporting env vars: AIRFLOW_CTX_DAG_OWNER='airflow' AIRFLOW_CTX_DAG_ID='pipeline_gps' AIRFLOW_CTX_TASK_ID='task_process' AIRFLOW_CTX_EXECUTION_DATE='2026-03-16T02:45:00+00:00' AIRFLOW_CTX_TRY_NUMBER='1' AIRFLOW_CTX_DAG_RUN_ID='scheduled__2026-03-16T02:45:00+00:00'
[2026-03-16T02:50:09.777+0000] {subprocess.py:63} INFO - Tmp dir root location: /tmp
[2026-03-16T02:50:09.778+0000] {subprocess.py:75} INFO - Running command: ['/usr/bin/bash', '-c', 'python /opt/airflow/spark/spark_processor.py']
[2026-03-16T02:50:09.800+0000] {subprocess.py:86} INFO - Output:
[2026-03-16T02:50:15.281+0000] {subprocess.py:93} INFO - 26/03/16 02:50:15 WARN NativeCodeLoader: Unable to load native-hadoop library for your platform... using builtin-java classes where applicable
[2026-03-16T02:50:16.114+0000] {subprocess.py:93} INFO - 26/03/16 02:50:16 WARN DependencyUtils: Local jar /tmp/airflowtmpaz053jt0/spark/jars/postgresql-42.7.3.jar does not exist, skipping.
[2026-03-16T02:50:16.388+0000] {subprocess.py:93} INFO - 26/03/16 02:50:16 INFO SparkContext: Running Spark version 3.5.8
[2026-03-16T02:50:16.390+0000] {subprocess.py:93} INFO - 26/03/16 02:50:16 INFO SparkContext: OS info Linux, 5.15.167.4-microsoft-standard-WSL2, amd64
[2026-03-16T02:50:16.392+0000] {subprocess.py:93} INFO - 26/03/16 02:50:16 INFO SparkContext: Java version 17.0.18
[2026-03-16T02:50:16.473+0000] {subprocess.py:93} INFO - 26/03/16 02:50:16 INFO ResourceUtils: ==============================================================
[2026-03-16T02:50:16.483+0000] {subprocess.py:93} INFO - 26/03/16 02:50:16 INFO ResourceUtils: No custom resources configured for spark.driver.
[2026-03-16T02:50:16.484+0000] {subprocess.py:93} INFO - 26/03/16 02:50:16 INFO ResourceUtils: ==============================================================
[2026-03-16T02:50:16.484+0000] {subprocess.py:93} INFO - 26/03/16 02:50:16 INFO SparkContext: Submitted application: gps_processor
[2026-03-16T02:50:16.541+0000] {subprocess.py:93} INFO - 26/03/16 02:50:16 INFO ResourceProfile: Default ResourceProfile created, executor resources: Map(cores -> name: cores, amount: 1, script: , vendor: , memory -> name: memory, amount: 1024, script: , vendor: , offHeap -> name: offHeap, amount: 0, script: , vendor: ), task resources: Map(cpus -> name: cpus, amount: 1.0)
[2026-03-16T02:50:16.556+0000] {subprocess.py:93} INFO - 26/03/16 02:50:16 INFO ResourceProfile: Limiting resource is cpu
[2026-03-16T02:50:16.557+0000] {subprocess.py:93} INFO - 26/03/16 02:50:16 INFO ResourceProfileManager: Added ResourceProfile id: 0
[2026-03-16T02:50:16.712+0000] {subprocess.py:93} INFO - 26/03/16 02:50:16 INFO SecurityManager: Changing view acls to: airflow
[2026-03-16T02:50:16.713+0000] {subprocess.py:93} INFO - 26/03/16 02:50:16 INFO SecurityManager: Changing modify acls to: airflow
[2026-03-16T02:50:16.714+0000] {subprocess.py:93} INFO - 26/03/16 02:50:16 INFO SecurityManager: Changing view acls groups to:
[2026-03-16T02:50:16.716+0000] {subprocess.py:93} INFO - 26/03/16 02:50:16 INFO SecurityManager: Changing modify acls groups to:
[2026-03-16T02:50:16.717+0000] {subprocess.py:93} INFO - 26/03/16 02:50:16 INFO SecurityManager: SecurityManager: authentication disabled; ui acls disabled; users with view permissions: airflow; groups with view permissions: EMPTY; users with modify permissions: airflow; groups with modify permissions: EMPTY
[2026-03-16T02:50:17.458+0000] {subprocess.py:93} INFO - 26/03/16 02:50:17 INFO Utils: Successfully started service 'sparkDriver' on port 39909.
[2026-03-16T02:50:17.552+0000] {subprocess.py:93} INFO - 26/03/16 02:50:17 INFO SparkEnv: Registering MapOutputTracker
[2026-03-16T02:50:17.631+0000] {subprocess.py:93} INFO - 26/03/16 02:50:17 INFO SparkEnv: Registering BlockManagerMaster
[2026-03-16T02:50:17.680+0000] {subprocess.py:93} INFO - 26/03/16 02:50:17 INFO BlockManagerMasterEndpoint: Using org.apache.spark.storage.DefaultTopologyMapper for getting topology information
[2026-03-16T02:50:17.683+0000] {subprocess.py:93} INFO - 26/03/16 02:50:17 INFO BlockManagerMasterEndpoint: BlockManagerMasterEndpoint up
[2026-03-16T02:50:17.694+0000] {subprocess.py:93} INFO - 26/03/16 02:50:17 INFO SparkEnv: Registering BlockManagerMasterHeartbeat
[2026-03-16T02:50:17.755+0000] {subprocess.py:93} INFO - 26/03/16 02:50:17 INFO DiskBlockManager: Created local directory at /tmp/blockmgr-fefe1e3a-368e-4fe3-b403-553bb03902c8
[2026-03-16T02:50:17.896+0000] {subprocess.py:93} INFO - 26/03/16 02:50:17 INFO MemoryStore: MemoryStore started with capacity 434.4 MiB
[2026-03-16T02:50:17.942+0000] {subprocess.py:93} INFO - 26/03/16 02:50:17 INFO SparkEnv: Registering OutputCommitCoordinator
[2026-03-16T02:50:18.311+0000] {subprocess.py:93} INFO - 26/03/16 02:50:18 INFO JettyUtils: Start Jetty 0.0.0.0:4040 for SparkUI
[2026-03-16T02:50:18.544+0000] {subprocess.py:93} INFO - 26/03/16 02:50:18 INFO Utils: Successfully started service 'SparkUI' on port 4040.
[2026-03-16T02:50:18.650+0000] {subprocess.py:93} INFO - 26/03/16 02:50:18 ERROR SparkContext: Failed to add spark/jars/postgresql-42.7.3.jar to Spark environment
[2026-03-16T02:50:18.650+0000] {subprocess.py:93} INFO - java.io.FileNotFoundException: Jar /tmp/airflowtmpaz053jt0/spark/jars/postgresql-42.7.3.jar not found
[2026-03-16T02:50:18.651+0000] {subprocess.py:93} INFO - 	at org.apache.spark.SparkContext.addLocalJarFile$1(SparkContext.scala:2095)
[2026-03-16T02:50:18.651+0000] {subprocess.py:93} INFO - 	at org.apache.spark.SparkContext.addJar(SparkContext.scala:2151)
[2026-03-16T02:50:18.652+0000] {subprocess.py:93} INFO - 	at org.apache.spark.SparkContext.$anonfun$new$15(SparkContext.scala:521)
[2026-03-16T02:50:18.652+0000] {subprocess.py:93} INFO - 	at org.apache.spark.SparkContext.$anonfun$new$15$adapted(SparkContext.scala:521)
[2026-03-16T02:50:18.653+0000] {subprocess.py:93} INFO - 	at scala.collection.mutable.ResizableArray.foreach(ResizableArray.scala:62)
[2026-03-16T02:50:18.653+0000] {subprocess.py:93} INFO - 	at scala.collection.mutable.ResizableArray.foreach$(ResizableArray.scala:55)
[2026-03-16T02:50:18.654+0000] {subprocess.py:93} INFO - 	at scala.collection.mutable.ArrayBuffer.foreach(ArrayBuffer.scala:49)
[2026-03-16T02:50:18.654+0000] {subprocess.py:93} INFO - 	at org.apache.spark.SparkContext.<init>(SparkContext.scala:521)
[2026-03-16T02:50:18.655+0000] {subprocess.py:93} INFO - 	at org.apache.spark.api.java.JavaSparkContext.<init>(JavaSparkContext.scala:58)
[2026-03-16T02:50:18.656+0000] {subprocess.py:93} INFO - 	at java.base/jdk.internal.reflect.NativeConstructorAccessorImpl.newInstance0(Native Method)
[2026-03-16T02:50:18.656+0000] {subprocess.py:93} INFO - 	at java.base/jdk.internal.reflect.NativeConstructorAccessorImpl.newInstance(NativeConstructorAccessorImpl.java:77)
[2026-03-16T02:50:18.657+0000] {subprocess.py:93} INFO - 	at java.base/jdk.internal.reflect.DelegatingConstructorAccessorImpl.newInstance(DelegatingConstructorAccessorImpl.java:45)
[2026-03-16T02:50:18.657+0000] {subprocess.py:93} INFO - 	at java.base/java.lang.reflect.Constructor.newInstanceWithCaller(Constructor.java:500)
[2026-03-16T02:50:18.658+0000] {subprocess.py:93} INFO - 	at java.base/java.lang.reflect.Constructor.newInstance(Constructor.java:481)
[2026-03-16T02:50:18.659+0000] {subprocess.py:93} INFO - 	at py4j.reflection.MethodInvoker.invoke(MethodInvoker.java:247)
[2026-03-16T02:50:18.659+0000] {subprocess.py:93} INFO - 	at py4j.reflection.ReflectionEngine.invoke(ReflectionEngine.java:374)
[2026-03-16T02:50:18.660+0000] {subprocess.py:93} INFO - 	at py4j.Gateway.invoke(Gateway.java:238)
[2026-03-16T02:50:18.660+0000] {subprocess.py:93} INFO - 	at py4j.commands.ConstructorCommand.invokeConstructor(ConstructorCommand.java:80)
[2026-03-16T02:50:18.661+0000] {subprocess.py:93} INFO - 	at py4j.commands.ConstructorCommand.execute(ConstructorCommand.java:69)
[2026-03-16T02:50:18.661+0000] {subprocess.py:93} INFO - 	at py4j.ClientServerConnection.waitForCommands(ClientServerConnection.java:182)
[2026-03-16T02:50:18.662+0000] {subprocess.py:93} INFO - 	at py4j.ClientServerConnection.run(ClientServerConnection.java:106)
[2026-03-16T02:50:18.662+0000] {subprocess.py:93} INFO - 	at java.base/java.lang.Thread.run(Thread.java:840)
[2026-03-16T02:50:18.815+0000] {subprocess.py:93} INFO - 26/03/16 02:50:18 INFO Executor: Starting executor ID driver on host e3430f617ad9
[2026-03-16T02:50:18.817+0000] {subprocess.py:93} INFO - 26/03/16 02:50:18 INFO Executor: OS info Linux, 5.15.167.4-microsoft-standard-WSL2, amd64
[2026-03-16T02:50:18.818+0000] {subprocess.py:93} INFO - 26/03/16 02:50:18 INFO Executor: Java version 17.0.18
[2026-03-16T02:50:18.832+0000] {subprocess.py:93} INFO - 26/03/16 02:50:18 INFO Executor: Starting executor with user classpath (userClassPathFirst = false): ''
[2026-03-16T02:50:18.834+0000] {subprocess.py:93} INFO - 26/03/16 02:50:18 INFO Executor: Created or updated repl class loader org.apache.spark.util.MutableURLClassLoader@3e5eff2d for default.
[2026-03-16T02:50:18.882+0000] {subprocess.py:93} INFO - 26/03/16 02:50:18 INFO Utils: Successfully started service 'org.apache.spark.network.netty.NettyBlockTransferService' on port 39853.
[2026-03-16T02:50:18.882+0000] {subprocess.py:93} INFO - 26/03/16 02:50:18 INFO NettyBlockTransferService: Server created on e3430f617ad9:39853
[2026-03-16T02:50:18.886+0000] {subprocess.py:93} INFO - 26/03/16 02:50:18 INFO BlockManager: Using org.apache.spark.storage.RandomBlockReplicationPolicy for block replication policy
[2026-03-16T02:50:18.902+0000] {subprocess.py:93} INFO - 26/03/16 02:50:18 INFO BlockManagerMaster: Registering BlockManager BlockManagerId(driver, e3430f617ad9, 39853, None)
[2026-03-16T02:50:18.908+0000] {subprocess.py:93} INFO - 26/03/16 02:50:18 INFO BlockManagerMasterEndpoint: Registering block manager e3430f617ad9:39853 with 434.4 MiB RAM, BlockManagerId(driver, e3430f617ad9, 39853, None)
[2026-03-16T02:50:18.913+0000] {subprocess.py:93} INFO - 26/03/16 02:50:18 INFO BlockManagerMaster: Registered BlockManager BlockManagerId(driver, e3430f617ad9, 39853, None)
[2026-03-16T02:50:18.915+0000] {subprocess.py:93} INFO - 26/03/16 02:50:18 INFO BlockManager: Initialized BlockManager: BlockManagerId(driver, e3430f617ad9, 39853, None)
[2026-03-16T02:50:22.376+0000] {subprocess.py:93} INFO - Traceback (most recent call last):
[2026-03-16T02:50:22.377+0000] {subprocess.py:93} INFO -   File "/opt/airflow/spark/spark_processor.py", line 10, in <module>
[2026-03-16T02:50:22.377+0000] {subprocess.py:93} INFO -     conn = psycopg2.connect(
[2026-03-16T02:50:22.377+0000] {subprocess.py:93} INFO -   File "/home/airflow/.local/lib/python3.8/site-packages/psycopg2/__init__.py", line 122, in connect
[2026-03-16T02:50:22.378+0000] {subprocess.py:93} INFO -     conn = _connect(dsn, connection_factory=connection_factory, **kwasync)
[2026-03-16T02:50:22.378+0000] {subprocess.py:93} INFO - psycopg2.OperationalError: could not translate host name "postgres-postgis" to address: Name or service not known
[2026-03-16T02:50:22.378+0000] {subprocess.py:93} INFO - 
[2026-03-16T02:50:22.476+0000] {subprocess.py:93} INFO - 26/03/16 02:50:22 INFO SparkContext: Invoking stop() from shutdown hook
[2026-03-16T02:50:22.478+0000] {subprocess.py:93} INFO - 26/03/16 02:50:22 INFO SparkContext: SparkContext is stopping with exitCode 0.
[2026-03-16T02:50:22.509+0000] {subprocess.py:93} INFO - 26/03/16 02:50:22 INFO SparkUI: Stopped Spark web UI at http://e3430f617ad9:4040
[2026-03-16T02:50:22.546+0000] {subprocess.py:93} INFO - 26/03/16 02:50:22 INFO MapOutputTrackerMasterEndpoint: MapOutputTrackerMasterEndpoint stopped!
[2026-03-16T02:50:22.580+0000] {subprocess.py:93} INFO - 26/03/16 02:50:22 INFO MemoryStore: MemoryStore cleared
[2026-03-16T02:50:22.581+0000] {subprocess.py:93} INFO - 26/03/16 02:50:22 INFO BlockManager: BlockManager stopped
[2026-03-16T02:50:22.592+0000] {subprocess.py:93} INFO - 26/03/16 02:50:22 INFO BlockManagerMaster: BlockManagerMaster stopped
[2026-03-16T02:50:22.598+0000] {subprocess.py:93} INFO - 26/03/16 02:50:22 INFO OutputCommitCoordinator$OutputCommitCoordinatorEndpoint: OutputCommitCoordinator stopped!
[2026-03-16T02:50:22.615+0000] {subprocess.py:93} INFO - 26/03/16 02:50:22 INFO SparkContext: Successfully stopped SparkContext
[2026-03-16T02:50:22.616+0000] {subprocess.py:93} INFO - 26/03/16 02:50:22 INFO ShutdownHookManager: Shutdown hook called
[2026-03-16T02:50:22.617+0000] {subprocess.py:93} INFO - 26/03/16 02:50:22 INFO ShutdownHookManager: Deleting directory /tmp/spark-e9a20e1a-5694-4632-874c-5a0d989fa43d/pyspark-03b2c747-e19c-44c1-beab-be502530bc7a
[2026-03-16T02:50:22.624+0000] {subprocess.py:93} INFO - 26/03/16 02:50:22 INFO ShutdownHookManager: Deleting directory /tmp/spark-e9a20e1a-5694-4632-874c-5a0d989fa43d
[2026-03-16T02:50:22.630+0000] {subprocess.py:93} INFO - 26/03/16 02:50:22 INFO ShutdownHookManager: Deleting directory /tmp/spark-25d1674e-4953-4a79-9090-49d0b05b2d47
[2026-03-16T02:50:23.001+0000] {subprocess.py:97} INFO - Command exited with return code 1
[2026-03-16T02:50:23.016+0000] {taskinstance.py:2698} ERROR - Task failed with exception
Traceback (most recent call last):
  File "/home/airflow/.local/lib/python3.8/site-packages/airflow/models/taskinstance.py", line 433, in _execute_task
    result = execute_callable(context=context, **execute_callable_kwargs)
  File "/home/airflow/.local/lib/python3.8/site-packages/airflow/operators/bash.py", line 212, in execute
    raise AirflowException(
airflow.exceptions.AirflowException: Bash command failed. The command returned a non-zero exit code 1.
[2026-03-16T02:50:23.023+0000] {taskinstance.py:1138} INFO - Marking task as FAILED. dag_id=pipeline_gps, task_id=task_process, execution_date=20260316T024500, start_date=20260316T025009, end_date=20260316T025023
[2026-03-16T02:50:23.058+0000] {standard_task_runner.py:107} ERROR - Failed to execute job 573 for task task_process (Bash command failed. The command returned a non-zero exit code 1.; 340)
[2026-03-16T02:50:23.084+0000] {local_task_job_runner.py:234} INFO - Task exited with return code 1
[2026-03-16T02:50:23.114+0000] {taskinstance.py:3280} INFO - 0 downstream tasks scheduled from follow-on schedule check
