[2026-03-14T16:08:06.660+0000] {taskinstance.py:1956} INFO - Dependencies all met for dep_context=non-requeueable deps ti=<TaskInstance: pipeline_gps.task1_ingest scheduled__2026-03-14T16:07:00+00:00 [queued]>
[2026-03-14T16:08:06.676+0000] {taskinstance.py:1956} INFO - Dependencies all met for dep_context=requeueable deps ti=<TaskInstance: pipeline_gps.task1_ingest scheduled__2026-03-14T16:07:00+00:00 [queued]>
[2026-03-14T16:08:06.677+0000] {taskinstance.py:2170} INFO - Starting attempt 1 of 1
[2026-03-14T16:08:06.724+0000] {taskinstance.py:2191} INFO - Executing <Task(BashOperator): task1_ingest> on 2026-03-14 16:07:00+00:00
[2026-03-14T16:08:06.736+0000] {standard_task_runner.py:60} INFO - Started process 653 to run task
[2026-03-14T16:08:06.745+0000] {standard_task_runner.py:87} INFO - Running: ['airflow', 'tasks', 'run', 'pipeline_gps', 'task1_ingest', 'scheduled__2026-03-14T16:07:00+00:00', '--job-id', '137', '--raw', '--subdir', 'DAGS_FOLDER/pipeline_gps.py', '--cfg-path', '/tmp/tmp7igbasyr']
[2026-03-14T16:08:06.753+0000] {standard_task_runner.py:88} INFO - Job 137: Subtask task1_ingest
[2026-03-14T16:08:06.891+0000] {task_command.py:423} INFO - Running <TaskInstance: pipeline_gps.task1_ingest scheduled__2026-03-14T16:07:00+00:00 [running]> on host d8c8b9145f7b
[2026-03-14T16:08:07.093+0000] {taskinstance.py:2480} INFO - Exporting env vars: AIRFLOW_CTX_DAG_OWNER='airflow' AIRFLOW_CTX_DAG_ID='pipeline_gps' AIRFLOW_CTX_TASK_ID='task1_ingest' AIRFLOW_CTX_EXECUTION_DATE='2026-03-14T16:07:00+00:00' AIRFLOW_CTX_TRY_NUMBER='1' AIRFLOW_CTX_DAG_RUN_ID='scheduled__2026-03-14T16:07:00+00:00'
[2026-03-14T16:08:07.094+0000] {subprocess.py:63} INFO - Tmp dir root location: /tmp
[2026-03-14T16:08:07.096+0000] {subprocess.py:75} INFO - Running command: ['/usr/bin/bash', '-c', 'python /app/ingestion/mqtt_ingest.py']
[2026-03-14T16:08:07.117+0000] {subprocess.py:86} INFO - Output:
[2026-03-14T16:08:07.161+0000] {subprocess.py:93} INFO - python: can't open file '/app/ingestion/mqtt_ingest.py': [Errno 2] No such file or directory
[2026-03-14T16:08:07.167+0000] {subprocess.py:97} INFO - Command exited with return code 2
[2026-03-14T16:08:07.191+0000] {taskinstance.py:2698} ERROR - Task failed with exception
Traceback (most recent call last):
  File "/home/airflow/.local/lib/python3.8/site-packages/airflow/models/taskinstance.py", line 433, in _execute_task
    result = execute_callable(context=context, **execute_callable_kwargs)
  File "/home/airflow/.local/lib/python3.8/site-packages/airflow/operators/bash.py", line 212, in execute
    raise AirflowException(
airflow.exceptions.AirflowException: Bash command failed. The command returned a non-zero exit code 2.
[2026-03-14T16:08:07.198+0000] {taskinstance.py:1138} INFO - Marking task as FAILED. dag_id=pipeline_gps, task_id=task1_ingest, execution_date=20260314T160700, start_date=20260314T160806, end_date=20260314T160807
[2026-03-14T16:08:07.225+0000] {standard_task_runner.py:107} ERROR - Failed to execute job 137 for task task1_ingest (Bash command failed. The command returned a non-zero exit code 2.; 653)
[2026-03-14T16:08:07.241+0000] {local_task_job_runner.py:234} INFO - Task exited with return code 1
[2026-03-14T16:08:07.288+0000] {taskinstance.py:3280} INFO - 0 downstream tasks scheduled from follow-on schedule check
