[2026-03-16T18:25:29.369+0000] {taskinstance.py:1956} INFO - Dependencies all met for dep_context=non-requeueable deps ti=<TaskInstance: pipeline_gps.task_process scheduled__2026-03-16T18:20:00+00:00 [queued]>
[2026-03-16T18:25:29.408+0000] {taskinstance.py:1956} INFO - Dependencies all met for dep_context=requeueable deps ti=<TaskInstance: pipeline_gps.task_process scheduled__2026-03-16T18:20:00+00:00 [queued]>
[2026-03-16T18:25:29.408+0000] {taskinstance.py:2170} INFO - Starting attempt 1 of 1
[2026-03-16T18:25:29.557+0000] {taskinstance.py:2191} INFO - Executing <Task(BashOperator): task_process> on 2026-03-16 18:20:00+00:00
[2026-03-16T18:25:29.575+0000] {standard_task_runner.py:60} INFO - Started process 173 to run task
[2026-03-16T18:25:29.594+0000] {standard_task_runner.py:87} INFO - Running: ['airflow', 'tasks', 'run', 'pipeline_gps', 'task_process', 'scheduled__2026-03-16T18:20:00+00:00', '--job-id', '5', '--raw', '--subdir', 'DAGS_FOLDER/pipeline_gps.py', '--cfg-path', '/tmp/tmpk2_ez24o']
[2026-03-16T18:25:29.613+0000] {standard_task_runner.py:88} INFO - Job 5: Subtask task_process
[2026-03-16T18:25:31.152+0000] {task_command.py:423} INFO - Running <TaskInstance: pipeline_gps.task_process scheduled__2026-03-16T18:20:00+00:00 [running]> on host 95dbc7519d7f
[2026-03-16T18:25:32.090+0000] {taskinstance.py:2480} INFO - Exporting env vars: AIRFLOW_CTX_DAG_OWNER='airflow' AIRFLOW_CTX_DAG_ID='pipeline_gps' AIRFLOW_CTX_TASK_ID='task_process' AIRFLOW_CTX_EXECUTION_DATE='2026-03-16T18:20:00+00:00' AIRFLOW_CTX_TRY_NUMBER='1' AIRFLOW_CTX_DAG_RUN_ID='scheduled__2026-03-16T18:20:00+00:00'
[2026-03-16T18:25:32.129+0000] {subprocess.py:63} INFO - Tmp dir root location: /tmp
[2026-03-16T18:25:32.154+0000] {subprocess.py:75} INFO - Running command: ['/usr/bin/bash', '-c', 'python /opt/airflow/spark/spark_processor.py']
[2026-03-16T18:25:32.354+0000] {subprocess.py:86} INFO - Output:
[2026-03-16T18:25:57.852+0000] {subprocess.py:93} INFO - 26/03/16 18:25:57 WARN NativeCodeLoader: Unable to load native-hadoop library for your platform... using builtin-java classes where applicable
[2026-03-16T18:26:00.186+0000] {subprocess.py:93} INFO - Setting default log level to "WARN".
[2026-03-16T18:26:00.188+0000] {subprocess.py:93} INFO - To adjust logging level use sc.setLogLevel(newLevel). For SparkR, use setLogLevel(newLevel).
[2026-03-16T18:26:09.070+0000] {subprocess.py:93} INFO - 26/03/16 18:26:09 WARN Utils: Service 'SparkUI' could not bind on port 4040. Attempting port 4041.
[2026-03-16T18:26:09.086+0000] {subprocess.py:93} INFO - 26/03/16 18:26:09 WARN Utils: Service 'SparkUI' could not bind on port 4041. Attempting port 4042.
[2026-03-16T18:28:44.116+0000] {local_task_job_runner.py:302} WARNING - State of this instance has been externally set to restarting. Terminating instance.
[2026-03-16T18:28:44.628+0000] {process_utils.py:131} INFO - Sending 15 to group 173. PIDs of all processes in the group: [175, 203, 173]
[2026-03-16T18:28:44.679+0000] {process_utils.py:86} INFO - Sending the signal 15 to group 173
[2026-03-16T18:28:44.706+0000] {taskinstance.py:2450} ERROR - Received SIGTERM. Terminating subprocesses.
[2026-03-16T18:28:44.711+0000] {subprocess.py:104} INFO - Sending SIGTERM signal to process group
[2026-03-16T18:28:47.977+0000] {taskinstance.py:2698} ERROR - Task failed with exception
Traceback (most recent call last):
  File "/home/airflow/.local/lib/python3.8/site-packages/airflow/models/taskinstance.py", line 433, in _execute_task
    result = execute_callable(context=context, **execute_callable_kwargs)
  File "/home/airflow/.local/lib/python3.8/site-packages/airflow/operators/bash.py", line 203, in execute
    result = self.subprocess_hook.run_command(
  File "/home/airflow/.local/lib/python3.8/site-packages/airflow/hooks/subprocess.py", line 91, in run_command
    for raw_line in iter(self.sub_process.stdout.readline, b""):
  File "/home/airflow/.local/lib/python3.8/site-packages/airflow/models/taskinstance.py", line 2452, in signal_handler
    raise AirflowException("Task received SIGTERM signal")
airflow.exceptions.AirflowException: Task received SIGTERM signal
[2026-03-16T18:28:48.087+0000] {taskinstance.py:1138} INFO - Marking task as UP_FOR_RETRY. dag_id=pipeline_gps, task_id=task_process, execution_date=20260316T182000, start_date=20260316T182529, end_date=20260316T182848
[2026-03-16T18:28:48.402+0000] {standard_task_runner.py:107} ERROR - Failed to execute job 5 for task task_process (Task received SIGTERM signal; 173)
[2026-03-16T18:28:48.526+0000] {process_utils.py:79} INFO - Process psutil.Process(pid=173, status='terminated', exitcode=1, started='18:25:28') (173) terminated with exit code 1
[2026-03-16T18:28:48.550+0000] {process_utils.py:79} INFO - Process psutil.Process(pid=175, status='terminated', started='18:25:31') (175) terminated with exit code None
[2026-03-16T18:28:50.502+0000] {process_utils.py:79} INFO - Process psutil.Process(pid=203, status='terminated', started='18:25:35') (203) terminated with exit code None
