[2026-03-16T17:45:03.263+0000] {taskinstance.py:1956} INFO - Dependencies all met for dep_context=non-requeueable deps ti=<TaskInstance: pipeline_gps.task_process scheduled__2026-03-16T17:20:00+00:00 [queued]>
[2026-03-16T17:45:03.278+0000] {taskinstance.py:1956} INFO - Dependencies all met for dep_context=requeueable deps ti=<TaskInstance: pipeline_gps.task_process scheduled__2026-03-16T17:20:00+00:00 [queued]>
[2026-03-16T17:45:03.279+0000] {taskinstance.py:2170} INFO - Starting attempt 1 of 1
[2026-03-16T17:45:03.316+0000] {taskinstance.py:2191} INFO - Executing <Task(BashOperator): task_process> on 2026-03-16 17:20:00+00:00
[2026-03-16T17:45:03.330+0000] {standard_task_runner.py:60} INFO - Started process 47 to run task
[2026-03-16T17:45:03.363+0000] {standard_task_runner.py:87} INFO - Running: ['airflow', 'tasks', 'run', 'pipeline_gps', 'task_process', 'scheduled__2026-03-16T17:20:00+00:00', '--job-id', '621', '--raw', '--subdir', 'DAGS_FOLDER/pipeline_gps.py', '--cfg-path', '/tmp/tmpvvr5t3tr']
[2026-03-16T17:45:03.375+0000] {standard_task_runner.py:88} INFO - Job 621: Subtask task_process
[2026-03-16T17:45:03.601+0000] {task_command.py:423} INFO - Running <TaskInstance: pipeline_gps.task_process scheduled__2026-03-16T17:20:00+00:00 [running]> on host ac61fc75e8d8
[2026-03-16T17:45:03.834+0000] {taskinstance.py:2480} INFO - Exporting env vars: AIRFLOW_CTX_DAG_OWNER='airflow' AIRFLOW_CTX_DAG_ID='pipeline_gps' AIRFLOW_CTX_TASK_ID='task_process' AIRFLOW_CTX_EXECUTION_DATE='2026-03-16T17:20:00+00:00' AIRFLOW_CTX_TRY_NUMBER='1' AIRFLOW_CTX_DAG_RUN_ID='scheduled__2026-03-16T17:20:00+00:00'
[2026-03-16T17:45:03.838+0000] {subprocess.py:63} INFO - Tmp dir root location: /tmp
[2026-03-16T17:45:03.841+0000] {subprocess.py:75} INFO - Running command: ['/usr/bin/bash', '-c', 'python /opt/airflow/spark/spark_processor.py']
[2026-03-16T17:45:03.861+0000] {subprocess.py:86} INFO - Output:
[2026-03-16T17:45:14.520+0000] {subprocess.py:93} INFO - 26/03/16 17:45:14 WARN NativeCodeLoader: Unable to load native-hadoop library for your platform... using builtin-java classes where applicable
[2026-03-16T17:45:16.606+0000] {subprocess.py:93} INFO - Setting default log level to "WARN".
[2026-03-16T17:45:16.608+0000] {subprocess.py:93} INFO - To adjust logging level use sc.setLogLevel(newLevel). For SparkR, use setLogLevel(newLevel).
[2026-03-16T17:53:21.450+0000] {local_task_job_runner.py:121} ERROR - Received SIGTERM. Terminating subprocesses
[2026-03-16T17:53:21.459+0000] {process_utils.py:131} INFO - Sending Signals.SIGTERM to group 47. PIDs of all processes in the group: [48, 53, 47]
[2026-03-16T17:53:21.460+0000] {process_utils.py:86} INFO - Sending the signal Signals.SIGTERM to group 47
[2026-03-16T17:53:21.463+0000] {taskinstance.py:2450} ERROR - Received SIGTERM. Terminating subprocesses.
[2026-03-16T17:53:21.466+0000] {subprocess.py:104} INFO - Sending SIGTERM signal to process group
[2026-03-16T17:53:21.529+0000] {taskinstance.py:2698} ERROR - Task failed with exception
Traceback (most recent call last):
  File "/home/airflow/.local/lib/python3.8/site-packages/airflow/models/taskinstance.py", line 433, in _execute_task
    result = execute_callable(context=context, **execute_callable_kwargs)
  File "/home/airflow/.local/lib/python3.8/site-packages/airflow/operators/bash.py", line 203, in execute
    result = self.subprocess_hook.run_command(
  File "/home/airflow/.local/lib/python3.8/site-packages/airflow/hooks/subprocess.py", line 91, in run_command
    for raw_line in iter(self.sub_process.stdout.readline, b""):
  File "/home/airflow/.local/lib/python3.8/site-packages/airflow/models/taskinstance.py", line 2452, in signal_handler
    raise AirflowException("Task received SIGTERM signal")
airflow.exceptions.AirflowException: Task received SIGTERM signal
[2026-03-16T17:53:21.542+0000] {taskinstance.py:1138} INFO - Marking task as FAILED. dag_id=pipeline_gps, task_id=task_process, execution_date=20260316T172000, start_date=20260316T174503, end_date=20260316T175321
[2026-03-16T17:53:21.633+0000] {standard_task_runner.py:107} ERROR - Failed to execute job 621 for task task_process (Task received SIGTERM signal; 47)
[2026-03-16T17:53:21.668+0000] {process_utils.py:79} INFO - Process psutil.Process(pid=48, status='terminated', started='17:45:03') (48) terminated with exit code None
[2026-03-16T17:53:22.036+0000] {process_utils.py:79} INFO - Process psutil.Process(pid=47, status='terminated', exitcode=1, started='17:45:03') (47) terminated with exit code 1
[2026-03-16T17:53:22.456+0000] {process_utils.py:79} INFO - Process psutil.Process(pid=53, status='terminated', started='17:45:05') (53) terminated with exit code None
[2026-03-16T17:53:22.458+0000] {local_task_job_runner.py:234} INFO - Task exited with return code 143
