[2026-03-15T17:12:10.676+0000] {taskinstance.py:1956} INFO - Dependencies all met for dep_context=non-requeueable deps ti=<TaskInstance: pipeline_gps.task1_ingest scheduled__2026-03-15T17:11:00+00:00 [queued]>
[2026-03-15T17:12:10.692+0000] {taskinstance.py:1956} INFO - Dependencies all met for dep_context=requeueable deps ti=<TaskInstance: pipeline_gps.task1_ingest scheduled__2026-03-15T17:11:00+00:00 [queued]>
[2026-03-15T17:12:10.693+0000] {taskinstance.py:2170} INFO - Starting attempt 1 of 1
[2026-03-15T17:12:10.726+0000] {taskinstance.py:2191} INFO - Executing <Task(BashOperator): task1_ingest> on 2026-03-15 17:11:00+00:00
[2026-03-15T17:12:10.734+0000] {standard_task_runner.py:60} INFO - Started process 303 to run task
[2026-03-15T17:12:12.372+0000] {standard_task_runner.py:87} INFO - Running: ['airflow', 'tasks', 'run', 'pipeline_gps', 'task1_ingest', 'scheduled__2026-03-15T17:11:00+00:00', '--job-id', '441', '--raw', '--subdir', 'DAGS_FOLDER/pipeline_gps.py', '--cfg-path', '/tmp/tmprrsblqd8']
[2026-03-15T17:12:12.407+0000] {standard_task_runner.py:88} INFO - Job 441: Subtask task1_ingest
[2026-03-15T17:12:13.078+0000] {task_command.py:423} INFO - Running <TaskInstance: pipeline_gps.task1_ingest scheduled__2026-03-15T17:11:00+00:00 [running]> on host 693df5566a25
[2026-03-15T17:12:13.377+0000] {taskinstance.py:2480} INFO - Exporting env vars: AIRFLOW_CTX_DAG_OWNER='airflow' AIRFLOW_CTX_DAG_ID='pipeline_gps' AIRFLOW_CTX_TASK_ID='task1_ingest' AIRFLOW_CTX_EXECUTION_DATE='2026-03-15T17:11:00+00:00' AIRFLOW_CTX_TRY_NUMBER='1' AIRFLOW_CTX_DAG_RUN_ID='scheduled__2026-03-15T17:11:00+00:00'
[2026-03-15T17:12:13.380+0000] {subprocess.py:63} INFO - Tmp dir root location: /tmp
[2026-03-15T17:12:13.383+0000] {subprocess.py:75} INFO - Running command: ['/usr/bin/bash', '-c', 'python /opt/airflow/ingestion/mqtt_ingestor.py']
[2026-03-15T17:12:14.036+0000] {subprocess.py:86} INFO - Output:
[2026-03-15T17:12:16.310+0000] {subprocess.py:93} INFO - Traceback (most recent call last):
[2026-03-15T17:12:16.310+0000] {subprocess.py:93} INFO -   File "/opt/airflow/ingestion/mqtt_ingestor.py", line 6, in <module>
[2026-03-15T17:12:16.311+0000] {subprocess.py:93} INFO -     conn = psycopg2.connect(
[2026-03-15T17:12:16.311+0000] {subprocess.py:93} INFO -   File "/home/airflow/.local/lib/python3.8/site-packages/psycopg2/__init__.py", line 122, in connect
[2026-03-15T17:12:16.311+0000] {subprocess.py:93} INFO -     conn = _connect(dsn, connection_factory=connection_factory, **kwasync)
[2026-03-15T17:12:16.312+0000] {subprocess.py:93} INFO - psycopg2.OperationalError: connection to server at "localhost" (::1), port 5432 failed: Connection refused
[2026-03-15T17:12:16.312+0000] {subprocess.py:93} INFO - 	Is the server running on that host and accepting TCP/IP connections?
[2026-03-15T17:12:16.312+0000] {subprocess.py:93} INFO - connection to server at "localhost" (127.0.0.1), port 5432 failed: Connection refused
[2026-03-15T17:12:16.313+0000] {subprocess.py:93} INFO - 	Is the server running on that host and accepting TCP/IP connections?
[2026-03-15T17:12:16.313+0000] {subprocess.py:93} INFO - 
[2026-03-15T17:12:16.349+0000] {subprocess.py:97} INFO - Command exited with return code 1
[2026-03-15T17:12:16.366+0000] {taskinstance.py:2698} ERROR - Task failed with exception
Traceback (most recent call last):
  File "/home/airflow/.local/lib/python3.8/site-packages/airflow/models/taskinstance.py", line 433, in _execute_task
    result = execute_callable(context=context, **execute_callable_kwargs)
  File "/home/airflow/.local/lib/python3.8/site-packages/airflow/operators/bash.py", line 212, in execute
    raise AirflowException(
airflow.exceptions.AirflowException: Bash command failed. The command returned a non-zero exit code 1.
[2026-03-15T17:12:16.373+0000] {taskinstance.py:1138} INFO - Marking task as FAILED. dag_id=pipeline_gps, task_id=task1_ingest, execution_date=20260315T171100, start_date=20260315T171210, end_date=20260315T171216
[2026-03-15T17:12:16.424+0000] {standard_task_runner.py:107} ERROR - Failed to execute job 441 for task task1_ingest (Bash command failed. The command returned a non-zero exit code 1.; 303)
[2026-03-15T17:12:16.448+0000] {local_task_job_runner.py:234} INFO - Task exited with return code 1
[2026-03-15T17:12:16.538+0000] {taskinstance.py:3280} INFO - 0 downstream tasks scheduled from follow-on schedule check
