[2026-03-14T23:20:06.965+0000] {taskinstance.py:1956} INFO - Dependencies all met for dep_context=non-requeueable deps ti=<TaskInstance: pipeline_gps.task1_ingest scheduled__2026-03-14T23:19:00+00:00 [queued]>
[2026-03-14T23:20:06.979+0000] {taskinstance.py:1956} INFO - Dependencies all met for dep_context=requeueable deps ti=<TaskInstance: pipeline_gps.task1_ingest scheduled__2026-03-14T23:19:00+00:00 [queued]>
[2026-03-14T23:20:06.981+0000] {taskinstance.py:2170} INFO - Starting attempt 1 of 1
[2026-03-14T23:20:07.017+0000] {taskinstance.py:2191} INFO - Executing <Task(BashOperator): task1_ingest> on 2026-03-14 23:19:00+00:00
[2026-03-14T23:20:07.026+0000] {standard_task_runner.py:60} INFO - Started process 269 to run task
[2026-03-14T23:20:07.040+0000] {standard_task_runner.py:87} INFO - Running: ['airflow', 'tasks', 'run', 'pipeline_gps', 'task1_ingest', 'scheduled__2026-03-14T23:19:00+00:00', '--job-id', '31', '--raw', '--subdir', 'DAGS_FOLDER/pipeline_gps.py', '--cfg-path', '/tmp/tmp_95cou8g']
[2026-03-14T23:20:07.046+0000] {standard_task_runner.py:88} INFO - Job 31: Subtask task1_ingest
[2026-03-14T23:20:07.173+0000] {task_command.py:423} INFO - Running <TaskInstance: pipeline_gps.task1_ingest scheduled__2026-03-14T23:19:00+00:00 [running]> on host 693df5566a25
[2026-03-14T23:20:07.394+0000] {taskinstance.py:2480} INFO - Exporting env vars: AIRFLOW_CTX_DAG_OWNER='airflow' AIRFLOW_CTX_DAG_ID='pipeline_gps' AIRFLOW_CTX_TASK_ID='task1_ingest' AIRFLOW_CTX_EXECUTION_DATE='2026-03-14T23:19:00+00:00' AIRFLOW_CTX_TRY_NUMBER='1' AIRFLOW_CTX_DAG_RUN_ID='scheduled__2026-03-14T23:19:00+00:00'
[2026-03-14T23:20:07.398+0000] {subprocess.py:63} INFO - Tmp dir root location: /tmp
[2026-03-14T23:20:07.400+0000] {subprocess.py:75} INFO - Running command: ['/usr/bin/bash', '-c', 'python /opt/airflow/dags/../../ingestion/mqtt_ingestor.py']
[2026-03-14T23:20:07.423+0000] {subprocess.py:86} INFO - Output:
[2026-03-14T23:20:07.505+0000] {subprocess.py:93} INFO - python: can't open file '/opt/airflow/dags/../../ingestion/mqtt_ingestor.py': [Errno 2] No such file or directory
[2026-03-14T23:20:07.510+0000] {subprocess.py:97} INFO - Command exited with return code 2
[2026-03-14T23:20:07.531+0000] {taskinstance.py:2698} ERROR - Task failed with exception
Traceback (most recent call last):
  File "/home/airflow/.local/lib/python3.8/site-packages/airflow/models/taskinstance.py", line 433, in _execute_task
    result = execute_callable(context=context, **execute_callable_kwargs)
  File "/home/airflow/.local/lib/python3.8/site-packages/airflow/operators/bash.py", line 212, in execute
    raise AirflowException(
airflow.exceptions.AirflowException: Bash command failed. The command returned a non-zero exit code 2.
[2026-03-14T23:20:07.542+0000] {taskinstance.py:1138} INFO - Marking task as FAILED. dag_id=pipeline_gps, task_id=task1_ingest, execution_date=20260314T231900, start_date=20260314T232006, end_date=20260314T232007
[2026-03-14T23:20:07.577+0000] {standard_task_runner.py:107} ERROR - Failed to execute job 31 for task task1_ingest (Bash command failed. The command returned a non-zero exit code 2.; 269)
[2026-03-14T23:20:07.609+0000] {local_task_job_runner.py:234} INFO - Task exited with return code 1
[2026-03-14T23:20:07.662+0000] {taskinstance.py:3280} INFO - 0 downstream tasks scheduled from follow-on schedule check
