[2026-03-16T04:00:17.710+0000] {taskinstance.py:1956} INFO - Dependencies all met for dep_context=non-requeueable deps ti=<TaskInstance: pipeline_gps.task_process scheduled__2026-03-16T03:55:00+00:00 [queued]>
[2026-03-16T04:00:17.740+0000] {taskinstance.py:1956} INFO - Dependencies all met for dep_context=requeueable deps ti=<TaskInstance: pipeline_gps.task_process scheduled__2026-03-16T03:55:00+00:00 [queued]>
[2026-03-16T04:00:17.741+0000] {taskinstance.py:2170} INFO - Starting attempt 1 of 1
[2026-03-16T04:00:17.812+0000] {taskinstance.py:2191} INFO - Executing <Task(BashOperator): task_process> on 2026-03-16 03:55:00+00:00
[2026-03-16T04:00:17.832+0000] {standard_task_runner.py:60} INFO - Started process 1182 to run task
[2026-03-16T04:00:17.850+0000] {standard_task_runner.py:87} INFO - Running: ['airflow', 'tasks', 'run', 'pipeline_gps', 'task_process', 'scheduled__2026-03-16T03:55:00+00:00', '--job-id', '593', '--raw', '--subdir', 'DAGS_FOLDER/pipeline_gps.py', '--cfg-path', '/tmp/tmpq34c2fy6']
[2026-03-16T04:00:17.867+0000] {standard_task_runner.py:88} INFO - Job 593: Subtask task_process
[2026-03-16T04:00:17.991+0000] {task_command.py:423} INFO - Running <TaskInstance: pipeline_gps.task_process scheduled__2026-03-16T03:55:00+00:00 [running]> on host e3430f617ad9
[2026-03-16T04:00:18.440+0000] {taskinstance.py:2480} INFO - Exporting env vars: AIRFLOW_CTX_DAG_OWNER='airflow' AIRFLOW_CTX_DAG_ID='pipeline_gps' AIRFLOW_CTX_TASK_ID='task_process' AIRFLOW_CTX_EXECUTION_DATE='2026-03-16T03:55:00+00:00' AIRFLOW_CTX_TRY_NUMBER='1' AIRFLOW_CTX_DAG_RUN_ID='scheduled__2026-03-16T03:55:00+00:00'
[2026-03-16T04:00:18.492+0000] {subprocess.py:63} INFO - Tmp dir root location: /tmp
[2026-03-16T04:00:18.499+0000] {subprocess.py:75} INFO - Running command: ['/usr/bin/bash', '-c', 'python /opt/airflow/spark/spark_processor.py']
[2026-03-16T04:00:18.693+0000] {subprocess.py:86} INFO - Output:
[2026-03-16T04:00:19.221+0000] {subprocess.py:93} INFO -   File "/opt/airflow/spark/spark_processor.py", line 7
[2026-03-16T04:00:19.222+0000] {subprocess.py:93} INFO -     .config("spark.jars", "/opt/airflow/spark/jars/postgresql-42.7.3.jar") \  # RUTA ABSOLUTA
[2026-03-16T04:00:19.222+0000] {subprocess.py:93} INFO -                                                                                             ^
[2026-03-16T04:00:19.222+0000] {subprocess.py:93} INFO - SyntaxError: unexpected character after line continuation character
[2026-03-16T04:00:19.238+0000] {subprocess.py:97} INFO - Command exited with return code 1
[2026-03-16T04:00:19.274+0000] {taskinstance.py:2698} ERROR - Task failed with exception
Traceback (most recent call last):
  File "/home/airflow/.local/lib/python3.8/site-packages/airflow/models/taskinstance.py", line 433, in _execute_task
    result = execute_callable(context=context, **execute_callable_kwargs)
  File "/home/airflow/.local/lib/python3.8/site-packages/airflow/operators/bash.py", line 212, in execute
    raise AirflowException(
airflow.exceptions.AirflowException: Bash command failed. The command returned a non-zero exit code 1.
[2026-03-16T04:00:19.528+0000] {taskinstance.py:1138} INFO - Marking task as FAILED. dag_id=pipeline_gps, task_id=task_process, execution_date=20260316T035500, start_date=20260316T040017, end_date=20260316T040019
[2026-03-16T04:00:19.583+0000] {standard_task_runner.py:107} ERROR - Failed to execute job 593 for task task_process (Bash command failed. The command returned a non-zero exit code 1.; 1182)
[2026-03-16T04:00:19.628+0000] {local_task_job_runner.py:234} INFO - Task exited with return code 1
[2026-03-16T04:00:19.749+0000] {taskinstance.py:3280} INFO - 0 downstream tasks scheduled from follow-on schedule check
