[2026-03-15T21:30:09.981+0000] {taskinstance.py:1956} INFO - Dependencies all met for dep_context=non-requeueable deps ti=<TaskInstance: pipeline_gps.task_process scheduled__2026-03-15T21:25:00+00:00 [queued]>
[2026-03-15T21:30:09.994+0000] {taskinstance.py:1956} INFO - Dependencies all met for dep_context=requeueable deps ti=<TaskInstance: pipeline_gps.task_process scheduled__2026-03-15T21:25:00+00:00 [queued]>
[2026-03-15T21:30:09.995+0000] {taskinstance.py:2170} INFO - Starting attempt 1 of 1
[2026-03-15T21:30:10.032+0000] {taskinstance.py:2191} INFO - Executing <Task(BashOperator): task_process> on 2026-03-15 21:25:00+00:00
[2026-03-15T21:30:10.043+0000] {standard_task_runner.py:60} INFO - Started process 3525 to run task
[2026-03-15T21:30:10.051+0000] {standard_task_runner.py:87} INFO - Running: ['airflow', 'tasks', 'run', 'pipeline_gps', 'task_process', 'scheduled__2026-03-15T21:25:00+00:00', '--job-id', '523', '--raw', '--subdir', 'DAGS_FOLDER/pipeline_gps.py', '--cfg-path', '/tmp/tmpq5fwph6u']
[2026-03-15T21:30:10.055+0000] {standard_task_runner.py:88} INFO - Job 523: Subtask task_process
[2026-03-15T21:30:10.165+0000] {task_command.py:423} INFO - Running <TaskInstance: pipeline_gps.task_process scheduled__2026-03-15T21:25:00+00:00 [running]> on host 693df5566a25
[2026-03-15T21:30:10.307+0000] {taskinstance.py:2480} INFO - Exporting env vars: AIRFLOW_CTX_DAG_OWNER='airflow' AIRFLOW_CTX_DAG_ID='pipeline_gps' AIRFLOW_CTX_TASK_ID='task_process' AIRFLOW_CTX_EXECUTION_DATE='2026-03-15T21:25:00+00:00' AIRFLOW_CTX_TRY_NUMBER='1' AIRFLOW_CTX_DAG_RUN_ID='scheduled__2026-03-15T21:25:00+00:00'
[2026-03-15T21:30:10.310+0000] {subprocess.py:63} INFO - Tmp dir root location: /tmp
[2026-03-15T21:30:10.312+0000] {subprocess.py:75} INFO - Running command: ['/usr/bin/bash', '-c', 'python /opt/airflow/spark/spark_processor.py']
[2026-03-15T21:30:10.335+0000] {subprocess.py:86} INFO - Output:
[2026-03-15T21:30:20.248+0000] {subprocess.py:93} INFO - 26/03/15 21:30:20 WARN NativeCodeLoader: Unable to load native-hadoop library for your platform... using builtin-java classes where applicable
[2026-03-15T21:30:20.835+0000] {subprocess.py:93} INFO - 26/03/15 21:30:20 WARN DependencyUtils: Local jar /tmp/airflowtmpyyaot3_h/spark/jars/postgresql-42.7.3.jar does not exist, skipping.
[2026-03-15T21:30:21.233+0000] {subprocess.py:93} INFO - 26/03/15 21:30:21 INFO SparkContext: Running Spark version 3.5.8
[2026-03-15T21:30:21.237+0000] {subprocess.py:93} INFO - 26/03/15 21:30:21 INFO SparkContext: OS info Linux, 5.15.167.4-microsoft-standard-WSL2, amd64
[2026-03-15T21:30:21.238+0000] {subprocess.py:93} INFO - 26/03/15 21:30:21 INFO SparkContext: Java version 17.0.18
[2026-03-15T21:30:21.371+0000] {subprocess.py:93} INFO - 26/03/15 21:30:21 INFO ResourceUtils: ==============================================================
[2026-03-15T21:30:21.379+0000] {subprocess.py:93} INFO - 26/03/15 21:30:21 INFO ResourceUtils: No custom resources configured for spark.driver.
[2026-03-15T21:30:21.380+0000] {subprocess.py:93} INFO - 26/03/15 21:30:21 INFO ResourceUtils: ==============================================================
[2026-03-15T21:30:21.382+0000] {subprocess.py:93} INFO - 26/03/15 21:30:21 INFO SparkContext: Submitted application: gps_processor
[2026-03-15T21:30:21.452+0000] {subprocess.py:93} INFO - 26/03/15 21:30:21 INFO ResourceProfile: Default ResourceProfile created, executor resources: Map(cores -> name: cores, amount: 1, script: , vendor: , memory -> name: memory, amount: 1024, script: , vendor: , offHeap -> name: offHeap, amount: 0, script: , vendor: ), task resources: Map(cpus -> name: cpus, amount: 1.0)
[2026-03-15T21:30:21.476+0000] {subprocess.py:93} INFO - 26/03/15 21:30:21 INFO ResourceProfile: Limiting resource is cpu
[2026-03-15T21:30:21.479+0000] {subprocess.py:93} INFO - 26/03/15 21:30:21 INFO ResourceProfileManager: Added ResourceProfile id: 0
[2026-03-15T21:30:21.620+0000] {subprocess.py:93} INFO - 26/03/15 21:30:21 INFO SecurityManager: Changing view acls to: airflow
[2026-03-15T21:30:21.622+0000] {subprocess.py:93} INFO - 26/03/15 21:30:21 INFO SecurityManager: Changing modify acls to: airflow
[2026-03-15T21:30:21.624+0000] {subprocess.py:93} INFO - 26/03/15 21:30:21 INFO SecurityManager: Changing view acls groups to:
[2026-03-15T21:30:21.625+0000] {subprocess.py:93} INFO - 26/03/15 21:30:21 INFO SecurityManager: Changing modify acls groups to:
[2026-03-15T21:30:21.627+0000] {subprocess.py:93} INFO - 26/03/15 21:30:21 INFO SecurityManager: SecurityManager: authentication disabled; ui acls disabled; users with view permissions: airflow; groups with view permissions: EMPTY; users with modify permissions: airflow; groups with modify permissions: EMPTY
[2026-03-15T21:30:22.988+0000] {subprocess.py:93} INFO - 26/03/15 21:30:22 INFO Utils: Successfully started service 'sparkDriver' on port 35075.
[2026-03-15T21:30:23.242+0000] {subprocess.py:93} INFO - 26/03/15 21:30:23 INFO SparkEnv: Registering MapOutputTracker
[2026-03-15T21:30:23.384+0000] {subprocess.py:93} INFO - 26/03/15 21:30:23 INFO SparkEnv: Registering BlockManagerMaster
[2026-03-15T21:30:23.499+0000] {subprocess.py:93} INFO - 26/03/15 21:30:23 INFO BlockManagerMasterEndpoint: Using org.apache.spark.storage.DefaultTopologyMapper for getting topology information
[2026-03-15T21:30:23.501+0000] {subprocess.py:93} INFO - 26/03/15 21:30:23 INFO BlockManagerMasterEndpoint: BlockManagerMasterEndpoint up
[2026-03-15T21:30:23.535+0000] {subprocess.py:93} INFO - 26/03/15 21:30:23 INFO SparkEnv: Registering BlockManagerMasterHeartbeat
[2026-03-15T21:30:23.745+0000] {subprocess.py:93} INFO - 26/03/15 21:30:23 INFO DiskBlockManager: Created local directory at /tmp/blockmgr-bf745070-87bd-418a-9bd3-95effcc487dc
[2026-03-15T21:30:23.974+0000] {subprocess.py:93} INFO - 26/03/15 21:30:23 INFO MemoryStore: MemoryStore started with capacity 434.4 MiB
[2026-03-15T21:30:24.137+0000] {subprocess.py:93} INFO - 26/03/15 21:30:24 INFO SparkEnv: Registering OutputCommitCoordinator
[2026-03-15T21:30:26.175+0000] {subprocess.py:93} INFO - 26/03/15 21:30:26 INFO JettyUtils: Start Jetty 0.0.0.0:4040 for SparkUI
[2026-03-15T21:30:26.538+0000] {subprocess.py:93} INFO - 26/03/15 21:30:26 INFO Utils: Successfully started service 'SparkUI' on port 4040.
[2026-03-15T21:30:26.644+0000] {subprocess.py:93} INFO - 26/03/15 21:30:26 ERROR SparkContext: Failed to add spark/jars/postgresql-42.7.3.jar to Spark environment
[2026-03-15T21:30:26.645+0000] {subprocess.py:93} INFO - java.io.FileNotFoundException: Jar /tmp/airflowtmpyyaot3_h/spark/jars/postgresql-42.7.3.jar not found
[2026-03-15T21:30:26.646+0000] {subprocess.py:93} INFO - 	at org.apache.spark.SparkContext.addLocalJarFile$1(SparkContext.scala:2095)
[2026-03-15T21:30:26.646+0000] {subprocess.py:93} INFO - 	at org.apache.spark.SparkContext.addJar(SparkContext.scala:2151)
[2026-03-15T21:30:26.647+0000] {subprocess.py:93} INFO - 	at org.apache.spark.SparkContext.$anonfun$new$15(SparkContext.scala:521)
[2026-03-15T21:30:26.647+0000] {subprocess.py:93} INFO - 	at org.apache.spark.SparkContext.$anonfun$new$15$adapted(SparkContext.scala:521)
[2026-03-15T21:30:26.648+0000] {subprocess.py:93} INFO - 	at scala.collection.mutable.ResizableArray.foreach(ResizableArray.scala:62)
[2026-03-15T21:30:26.648+0000] {subprocess.py:93} INFO - 	at scala.collection.mutable.ResizableArray.foreach$(ResizableArray.scala:55)
[2026-03-15T21:30:26.649+0000] {subprocess.py:93} INFO - 	at scala.collection.mutable.ArrayBuffer.foreach(ArrayBuffer.scala:49)
[2026-03-15T21:30:26.649+0000] {subprocess.py:93} INFO - 	at org.apache.spark.SparkContext.<init>(SparkContext.scala:521)
[2026-03-15T21:30:26.649+0000] {subprocess.py:93} INFO - 	at org.apache.spark.api.java.JavaSparkContext.<init>(JavaSparkContext.scala:58)
[2026-03-15T21:30:26.651+0000] {subprocess.py:93} INFO - 	at java.base/jdk.internal.reflect.NativeConstructorAccessorImpl.newInstance0(Native Method)
[2026-03-15T21:30:26.651+0000] {subprocess.py:93} INFO - 	at java.base/jdk.internal.reflect.NativeConstructorAccessorImpl.newInstance(NativeConstructorAccessorImpl.java:77)
[2026-03-15T21:30:26.652+0000] {subprocess.py:93} INFO - 	at java.base/jdk.internal.reflect.DelegatingConstructorAccessorImpl.newInstance(DelegatingConstructorAccessorImpl.java:45)
[2026-03-15T21:30:26.653+0000] {subprocess.py:93} INFO - 	at java.base/java.lang.reflect.Constructor.newInstanceWithCaller(Constructor.java:500)
[2026-03-15T21:30:26.653+0000] {subprocess.py:93} INFO - 	at java.base/java.lang.reflect.Constructor.newInstance(Constructor.java:481)
[2026-03-15T21:30:26.654+0000] {subprocess.py:93} INFO - 	at py4j.reflection.MethodInvoker.invoke(MethodInvoker.java:247)
[2026-03-15T21:30:26.654+0000] {subprocess.py:93} INFO - 	at py4j.reflection.ReflectionEngine.invoke(ReflectionEngine.java:374)
[2026-03-15T21:30:26.655+0000] {subprocess.py:93} INFO - 	at py4j.Gateway.invoke(Gateway.java:238)
[2026-03-15T21:30:26.655+0000] {subprocess.py:93} INFO - 	at py4j.commands.ConstructorCommand.invokeConstructor(ConstructorCommand.java:80)
[2026-03-15T21:30:26.656+0000] {subprocess.py:93} INFO - 	at py4j.commands.ConstructorCommand.execute(ConstructorCommand.java:69)
[2026-03-15T21:30:26.656+0000] {subprocess.py:93} INFO - 	at py4j.ClientServerConnection.waitForCommands(ClientServerConnection.java:182)
[2026-03-15T21:30:26.657+0000] {subprocess.py:93} INFO - 	at py4j.ClientServerConnection.run(ClientServerConnection.java:106)
[2026-03-15T21:30:26.657+0000] {subprocess.py:93} INFO - 	at java.base/java.lang.Thread.run(Thread.java:840)
[2026-03-15T21:30:27.049+0000] {subprocess.py:93} INFO - 26/03/15 21:30:27 INFO Executor: Starting executor ID driver on host 693df5566a25
[2026-03-15T21:30:27.052+0000] {subprocess.py:93} INFO - 26/03/15 21:30:27 INFO Executor: OS info Linux, 5.15.167.4-microsoft-standard-WSL2, amd64
[2026-03-15T21:30:27.053+0000] {subprocess.py:93} INFO - 26/03/15 21:30:27 INFO Executor: Java version 17.0.18
[2026-03-15T21:30:27.079+0000] {subprocess.py:93} INFO - 26/03/15 21:30:27 INFO Executor: Starting executor with user classpath (userClassPathFirst = false): ''
[2026-03-15T21:30:27.080+0000] {subprocess.py:93} INFO - 26/03/15 21:30:27 INFO Executor: Created or updated repl class loader org.apache.spark.util.MutableURLClassLoader@aae43b for default.
[2026-03-15T21:30:27.202+0000] {subprocess.py:93} INFO - 26/03/15 21:30:27 INFO Utils: Successfully started service 'org.apache.spark.network.netty.NettyBlockTransferService' on port 45367.
[2026-03-15T21:30:27.203+0000] {subprocess.py:93} INFO - 26/03/15 21:30:27 INFO NettyBlockTransferService: Server created on 693df5566a25:45367
[2026-03-15T21:30:27.217+0000] {subprocess.py:93} INFO - 26/03/15 21:30:27 INFO BlockManager: Using org.apache.spark.storage.RandomBlockReplicationPolicy for block replication policy
[2026-03-15T21:30:27.245+0000] {subprocess.py:93} INFO - 26/03/15 21:30:27 INFO BlockManagerMaster: Registering BlockManager BlockManagerId(driver, 693df5566a25, 45367, None)
[2026-03-15T21:30:27.262+0000] {subprocess.py:93} INFO - 26/03/15 21:30:27 INFO BlockManagerMasterEndpoint: Registering block manager 693df5566a25:45367 with 434.4 MiB RAM, BlockManagerId(driver, 693df5566a25, 45367, None)
[2026-03-15T21:30:27.273+0000] {subprocess.py:93} INFO - 26/03/15 21:30:27 INFO BlockManagerMaster: Registered BlockManager BlockManagerId(driver, 693df5566a25, 45367, None)
[2026-03-15T21:30:27.281+0000] {subprocess.py:93} INFO - 26/03/15 21:30:27 INFO BlockManager: Initialized BlockManager: BlockManagerId(driver, 693df5566a25, 45367, None)
[2026-03-15T21:30:29.172+0000] {subprocess.py:93} INFO - Traceback (most recent call last):
[2026-03-15T21:30:29.173+0000] {subprocess.py:93} INFO -   File "/opt/airflow/spark/spark_processor.py", line 10, in <module>
[2026-03-15T21:30:29.175+0000] {subprocess.py:93} INFO -     conn = psycopg2.connect(
[2026-03-15T21:30:29.177+0000] {subprocess.py:93} INFO -   File "/home/airflow/.local/lib/python3.8/site-packages/psycopg2/__init__.py", line 122, in connect
[2026-03-15T21:30:29.177+0000] {subprocess.py:93} INFO -     conn = _connect(dsn, connection_factory=connection_factory, **kwasync)
[2026-03-15T21:30:29.178+0000] {subprocess.py:93} INFO - psycopg2.OperationalError: connection to server at "localhost" (::1), port 5432 failed: Connection refused
[2026-03-15T21:30:29.186+0000] {subprocess.py:93} INFO - 	Is the server running on that host and accepting TCP/IP connections?
[2026-03-15T21:30:29.187+0000] {subprocess.py:93} INFO - connection to server at "localhost" (127.0.0.1), port 5432 failed: Connection refused
[2026-03-15T21:30:29.188+0000] {subprocess.py:93} INFO - 	Is the server running on that host and accepting TCP/IP connections?
[2026-03-15T21:30:29.200+0000] {subprocess.py:93} INFO - 
[2026-03-15T21:30:29.309+0000] {subprocess.py:93} INFO - 26/03/15 21:30:29 INFO SparkContext: Invoking stop() from shutdown hook
[2026-03-15T21:30:29.310+0000] {subprocess.py:93} INFO - 26/03/15 21:30:29 INFO SparkContext: SparkContext is stopping with exitCode 0.
[2026-03-15T21:30:29.355+0000] {subprocess.py:93} INFO - 26/03/15 21:30:29 INFO SparkUI: Stopped Spark web UI at http://693df5566a25:4040
[2026-03-15T21:30:29.401+0000] {subprocess.py:93} INFO - 26/03/15 21:30:29 INFO MapOutputTrackerMasterEndpoint: MapOutputTrackerMasterEndpoint stopped!
[2026-03-15T21:30:29.496+0000] {subprocess.py:93} INFO - 26/03/15 21:30:29 INFO MemoryStore: MemoryStore cleared
[2026-03-15T21:30:29.498+0000] {subprocess.py:93} INFO - 26/03/15 21:30:29 INFO BlockManager: BlockManager stopped
[2026-03-15T21:30:29.514+0000] {subprocess.py:93} INFO - 26/03/15 21:30:29 INFO BlockManagerMaster: BlockManagerMaster stopped
[2026-03-15T21:30:29.523+0000] {subprocess.py:93} INFO - 26/03/15 21:30:29 INFO OutputCommitCoordinator$OutputCommitCoordinatorEndpoint: OutputCommitCoordinator stopped!
[2026-03-15T21:30:29.554+0000] {subprocess.py:93} INFO - 26/03/15 21:30:29 INFO SparkContext: Successfully stopped SparkContext
[2026-03-15T21:30:29.556+0000] {subprocess.py:93} INFO - 26/03/15 21:30:29 INFO ShutdownHookManager: Shutdown hook called
[2026-03-15T21:30:29.559+0000] {subprocess.py:93} INFO - 26/03/15 21:30:29 INFO ShutdownHookManager: Deleting directory /tmp/spark-beaa9292-f93e-4398-8ca6-f4f2349088dd/pyspark-b6150758-4c37-4e62-9089-c125eb7527f5
[2026-03-15T21:30:29.598+0000] {subprocess.py:93} INFO - 26/03/15 21:30:29 INFO ShutdownHookManager: Deleting directory /tmp/spark-a7df5004-1b1c-450a-bc19-b1659cf88be8
[2026-03-15T21:30:29.610+0000] {subprocess.py:93} INFO - 26/03/15 21:30:29 INFO ShutdownHookManager: Deleting directory /tmp/spark-beaa9292-f93e-4398-8ca6-f4f2349088dd
[2026-03-15T21:30:30.007+0000] {subprocess.py:97} INFO - Command exited with return code 1
[2026-03-15T21:30:30.027+0000] {taskinstance.py:2698} ERROR - Task failed with exception
Traceback (most recent call last):
  File "/home/airflow/.local/lib/python3.8/site-packages/airflow/models/taskinstance.py", line 433, in _execute_task
    result = execute_callable(context=context, **execute_callable_kwargs)
  File "/home/airflow/.local/lib/python3.8/site-packages/airflow/operators/bash.py", line 212, in execute
    raise AirflowException(
airflow.exceptions.AirflowException: Bash command failed. The command returned a non-zero exit code 1.
[2026-03-15T21:30:30.034+0000] {taskinstance.py:1138} INFO - Marking task as FAILED. dag_id=pipeline_gps, task_id=task_process, execution_date=20260315T212500, start_date=20260315T213009, end_date=20260315T213030
[2026-03-15T21:30:30.081+0000] {standard_task_runner.py:107} ERROR - Failed to execute job 523 for task task_process (Bash command failed. The command returned a non-zero exit code 1.; 3525)
[2026-03-15T21:30:30.108+0000] {local_task_job_runner.py:234} INFO - Task exited with return code 1
[2026-03-15T21:30:30.148+0000] {taskinstance.py:3280} INFO - 0 downstream tasks scheduled from follow-on schedule check
