[2026-03-16T03:15:03.821+0000] {taskinstance.py:1956} INFO - Dependencies all met for dep_context=non-requeueable deps ti=<TaskInstance: pipeline_gps.task_process scheduled__2026-03-16T03:05:00+00:00 [queued]>
[2026-03-16T03:15:03.837+0000] {taskinstance.py:1956} INFO - Dependencies all met for dep_context=requeueable deps ti=<TaskInstance: pipeline_gps.task_process scheduled__2026-03-16T03:05:00+00:00 [queued]>
[2026-03-16T03:15:03.838+0000] {taskinstance.py:2170} INFO - Starting attempt 2 of 2
[2026-03-16T03:15:03.871+0000] {taskinstance.py:2191} INFO - Executing <Task(BashOperator): task_process> on 2026-03-16 03:05:00+00:00
[2026-03-16T03:15:03.889+0000] {standard_task_runner.py:60} INFO - Started process 171 to run task
[2026-03-16T03:15:03.956+0000] {standard_task_runner.py:87} INFO - Running: ['airflow', 'tasks', 'run', 'pipeline_gps', 'task_process', 'scheduled__2026-03-16T03:05:00+00:00', '--job-id', '579', '--raw', '--subdir', 'DAGS_FOLDER/pipeline_gps.py', '--cfg-path', '/tmp/tmp6vqfsnj2']
[2026-03-16T03:15:03.962+0000] {standard_task_runner.py:88} INFO - Job 579: Subtask task_process
[2026-03-16T03:15:04.617+0000] {task_command.py:423} INFO - Running <TaskInstance: pipeline_gps.task_process scheduled__2026-03-16T03:05:00+00:00 [running]> on host e3430f617ad9
[2026-03-16T03:15:04.878+0000] {taskinstance.py:2480} INFO - Exporting env vars: AIRFLOW_CTX_DAG_OWNER='airflow' AIRFLOW_CTX_DAG_ID='pipeline_gps' AIRFLOW_CTX_TASK_ID='task_process' AIRFLOW_CTX_EXECUTION_DATE='2026-03-16T03:05:00+00:00' AIRFLOW_CTX_TRY_NUMBER='2' AIRFLOW_CTX_DAG_RUN_ID='scheduled__2026-03-16T03:05:00+00:00'
[2026-03-16T03:15:04.902+0000] {subprocess.py:63} INFO - Tmp dir root location: /tmp
[2026-03-16T03:15:04.910+0000] {subprocess.py:75} INFO - Running command: ['/usr/bin/bash', '-c', 'python /opt/airflow/spark/spark_processor.py']
[2026-03-16T03:15:04.989+0000] {subprocess.py:86} INFO - Output:
[2026-03-16T03:15:20.864+0000] {subprocess.py:93} INFO - 26/03/16 03:15:20 WARN NativeCodeLoader: Unable to load native-hadoop library for your platform... using builtin-java classes where applicable
[2026-03-16T03:15:21.809+0000] {subprocess.py:93} INFO - 26/03/16 03:15:21 WARN DependencyUtils: Local jar /tmp/airflowtmp0__yoj9b/spark/jars/postgresql-42.7.3.jar does not exist, skipping.
[2026-03-16T03:15:23.127+0000] {subprocess.py:93} INFO - 26/03/16 03:15:23 INFO SparkContext: Running Spark version 3.5.8
[2026-03-16T03:15:23.132+0000] {subprocess.py:93} INFO - 26/03/16 03:15:23 INFO SparkContext: OS info Linux, 5.15.167.4-microsoft-standard-WSL2, amd64
[2026-03-16T03:15:23.147+0000] {subprocess.py:93} INFO - 26/03/16 03:15:23 INFO SparkContext: Java version 17.0.18
[2026-03-16T03:15:23.593+0000] {subprocess.py:93} INFO - 26/03/16 03:15:23 INFO ResourceUtils: ==============================================================
[2026-03-16T03:15:23.593+0000] {subprocess.py:93} INFO - 26/03/16 03:15:23 INFO ResourceUtils: No custom resources configured for spark.driver.
[2026-03-16T03:15:23.594+0000] {subprocess.py:93} INFO - 26/03/16 03:15:23 INFO ResourceUtils: ==============================================================
[2026-03-16T03:15:23.609+0000] {subprocess.py:93} INFO - 26/03/16 03:15:23 INFO SparkContext: Submitted application: gps_processor
[2026-03-16T03:15:23.946+0000] {subprocess.py:93} INFO - 26/03/16 03:15:23 INFO ResourceProfile: Default ResourceProfile created, executor resources: Map(cores -> name: cores, amount: 1, script: , vendor: , memory -> name: memory, amount: 1024, script: , vendor: , offHeap -> name: offHeap, amount: 0, script: , vendor: ), task resources: Map(cpus -> name: cpus, amount: 1.0)
[2026-03-16T03:15:24.098+0000] {subprocess.py:93} INFO - 26/03/16 03:15:24 INFO ResourceProfile: Limiting resource is cpu
[2026-03-16T03:15:24.112+0000] {subprocess.py:93} INFO - 26/03/16 03:15:24 INFO ResourceProfileManager: Added ResourceProfile id: 0
[2026-03-16T03:15:24.894+0000] {subprocess.py:93} INFO - 26/03/16 03:15:24 INFO SecurityManager: Changing view acls to: airflow
[2026-03-16T03:15:24.896+0000] {subprocess.py:93} INFO - 26/03/16 03:15:24 INFO SecurityManager: Changing modify acls to: airflow
[2026-03-16T03:15:24.897+0000] {subprocess.py:93} INFO - 26/03/16 03:15:24 INFO SecurityManager: Changing view acls groups to:
[2026-03-16T03:15:24.897+0000] {subprocess.py:93} INFO - 26/03/16 03:15:24 INFO SecurityManager: Changing modify acls groups to:
[2026-03-16T03:15:24.901+0000] {subprocess.py:93} INFO - 26/03/16 03:15:24 INFO SecurityManager: SecurityManager: authentication disabled; ui acls disabled; users with view permissions: airflow; groups with view permissions: EMPTY; users with modify permissions: airflow; groups with modify permissions: EMPTY
[2026-03-16T03:15:26.890+0000] {subprocess.py:93} INFO - 26/03/16 03:15:26 INFO Utils: Successfully started service 'sparkDriver' on port 40221.
[2026-03-16T03:15:27.100+0000] {subprocess.py:93} INFO - 26/03/16 03:15:27 INFO SparkEnv: Registering MapOutputTracker
[2026-03-16T03:15:27.258+0000] {subprocess.py:93} INFO - 26/03/16 03:15:27 INFO SparkEnv: Registering BlockManagerMaster
[2026-03-16T03:15:27.357+0000] {subprocess.py:93} INFO - 26/03/16 03:15:27 INFO BlockManagerMasterEndpoint: Using org.apache.spark.storage.DefaultTopologyMapper for getting topology information
[2026-03-16T03:15:27.371+0000] {subprocess.py:93} INFO - 26/03/16 03:15:27 INFO BlockManagerMasterEndpoint: BlockManagerMasterEndpoint up
[2026-03-16T03:15:27.401+0000] {subprocess.py:93} INFO - 26/03/16 03:15:27 INFO SparkEnv: Registering BlockManagerMasterHeartbeat
[2026-03-16T03:15:27.582+0000] {subprocess.py:93} INFO - 26/03/16 03:15:27 INFO DiskBlockManager: Created local directory at /tmp/blockmgr-779c390d-833c-4a77-adae-87c4bd442f72
[2026-03-16T03:15:27.660+0000] {subprocess.py:93} INFO - 26/03/16 03:15:27 INFO MemoryStore: MemoryStore started with capacity 434.4 MiB
[2026-03-16T03:15:27.721+0000] {subprocess.py:93} INFO - 26/03/16 03:15:27 INFO SparkEnv: Registering OutputCommitCoordinator
[2026-03-16T03:15:28.622+0000] {subprocess.py:93} INFO - 26/03/16 03:15:28 INFO JettyUtils: Start Jetty 0.0.0.0:4040 for SparkUI
[2026-03-16T03:15:29.146+0000] {subprocess.py:93} INFO - 26/03/16 03:15:29 INFO Utils: Successfully started service 'SparkUI' on port 4040.
[2026-03-16T03:15:29.415+0000] {subprocess.py:93} INFO - 26/03/16 03:15:29 ERROR SparkContext: Failed to add spark/jars/postgresql-42.7.3.jar to Spark environment
[2026-03-16T03:15:29.416+0000] {subprocess.py:93} INFO - java.io.FileNotFoundException: Jar /tmp/airflowtmp0__yoj9b/spark/jars/postgresql-42.7.3.jar not found
[2026-03-16T03:15:29.416+0000] {subprocess.py:93} INFO - 	at org.apache.spark.SparkContext.addLocalJarFile$1(SparkContext.scala:2095)
[2026-03-16T03:15:29.417+0000] {subprocess.py:93} INFO - 	at org.apache.spark.SparkContext.addJar(SparkContext.scala:2151)
[2026-03-16T03:15:29.417+0000] {subprocess.py:93} INFO - 	at org.apache.spark.SparkContext.$anonfun$new$15(SparkContext.scala:521)
[2026-03-16T03:15:29.417+0000] {subprocess.py:93} INFO - 	at org.apache.spark.SparkContext.$anonfun$new$15$adapted(SparkContext.scala:521)
[2026-03-16T03:15:29.418+0000] {subprocess.py:93} INFO - 	at scala.collection.mutable.ResizableArray.foreach(ResizableArray.scala:62)
[2026-03-16T03:15:29.418+0000] {subprocess.py:93} INFO - 	at scala.collection.mutable.ResizableArray.foreach$(ResizableArray.scala:55)
[2026-03-16T03:15:29.418+0000] {subprocess.py:93} INFO - 	at scala.collection.mutable.ArrayBuffer.foreach(ArrayBuffer.scala:49)
[2026-03-16T03:15:29.418+0000] {subprocess.py:93} INFO - 	at org.apache.spark.SparkContext.<init>(SparkContext.scala:521)
[2026-03-16T03:15:29.419+0000] {subprocess.py:93} INFO - 	at org.apache.spark.api.java.JavaSparkContext.<init>(JavaSparkContext.scala:58)
[2026-03-16T03:15:29.420+0000] {subprocess.py:93} INFO - 	at java.base/jdk.internal.reflect.NativeConstructorAccessorImpl.newInstance0(Native Method)
[2026-03-16T03:15:29.420+0000] {subprocess.py:93} INFO - 	at java.base/jdk.internal.reflect.NativeConstructorAccessorImpl.newInstance(NativeConstructorAccessorImpl.java:77)
[2026-03-16T03:15:29.421+0000] {subprocess.py:93} INFO - 	at java.base/jdk.internal.reflect.DelegatingConstructorAccessorImpl.newInstance(DelegatingConstructorAccessorImpl.java:45)
[2026-03-16T03:15:29.421+0000] {subprocess.py:93} INFO - 	at java.base/java.lang.reflect.Constructor.newInstanceWithCaller(Constructor.java:500)
[2026-03-16T03:15:29.421+0000] {subprocess.py:93} INFO - 	at java.base/java.lang.reflect.Constructor.newInstance(Constructor.java:481)
[2026-03-16T03:15:29.422+0000] {subprocess.py:93} INFO - 	at py4j.reflection.MethodInvoker.invoke(MethodInvoker.java:247)
[2026-03-16T03:15:29.422+0000] {subprocess.py:93} INFO - 	at py4j.reflection.ReflectionEngine.invoke(ReflectionEngine.java:374)
[2026-03-16T03:15:29.422+0000] {subprocess.py:93} INFO - 	at py4j.Gateway.invoke(Gateway.java:238)
[2026-03-16T03:15:29.423+0000] {subprocess.py:93} INFO - 	at py4j.commands.ConstructorCommand.invokeConstructor(ConstructorCommand.java:80)
[2026-03-16T03:15:29.423+0000] {subprocess.py:93} INFO - 	at py4j.commands.ConstructorCommand.execute(ConstructorCommand.java:69)
[2026-03-16T03:15:29.423+0000] {subprocess.py:93} INFO - 	at py4j.ClientServerConnection.waitForCommands(ClientServerConnection.java:182)
[2026-03-16T03:15:29.423+0000] {subprocess.py:93} INFO - 	at py4j.ClientServerConnection.run(ClientServerConnection.java:106)
[2026-03-16T03:15:29.424+0000] {subprocess.py:93} INFO - 	at java.base/java.lang.Thread.run(Thread.java:840)
[2026-03-16T03:15:29.661+0000] {subprocess.py:93} INFO - 26/03/16 03:15:29 INFO Executor: Starting executor ID driver on host e3430f617ad9
[2026-03-16T03:15:29.663+0000] {subprocess.py:93} INFO - 26/03/16 03:15:29 INFO Executor: OS info Linux, 5.15.167.4-microsoft-standard-WSL2, amd64
[2026-03-16T03:15:29.665+0000] {subprocess.py:93} INFO - 26/03/16 03:15:29 INFO Executor: Java version 17.0.18
[2026-03-16T03:15:29.689+0000] {subprocess.py:93} INFO - 26/03/16 03:15:29 INFO Executor: Starting executor with user classpath (userClassPathFirst = false): ''
[2026-03-16T03:15:29.692+0000] {subprocess.py:93} INFO - 26/03/16 03:15:29 INFO Executor: Created or updated repl class loader org.apache.spark.util.MutableURLClassLoader@3e5eff2d for default.
[2026-03-16T03:15:29.815+0000] {subprocess.py:93} INFO - 26/03/16 03:15:29 INFO Utils: Successfully started service 'org.apache.spark.network.netty.NettyBlockTransferService' on port 36381.
[2026-03-16T03:15:29.815+0000] {subprocess.py:93} INFO - 26/03/16 03:15:29 INFO NettyBlockTransferService: Server created on e3430f617ad9:36381
[2026-03-16T03:15:29.821+0000] {subprocess.py:93} INFO - 26/03/16 03:15:29 INFO BlockManager: Using org.apache.spark.storage.RandomBlockReplicationPolicy for block replication policy
[2026-03-16T03:15:29.863+0000] {subprocess.py:93} INFO - 26/03/16 03:15:29 INFO BlockManagerMaster: Registering BlockManager BlockManagerId(driver, e3430f617ad9, 36381, None)
[2026-03-16T03:15:29.873+0000] {subprocess.py:93} INFO - 26/03/16 03:15:29 INFO BlockManagerMasterEndpoint: Registering block manager e3430f617ad9:36381 with 434.4 MiB RAM, BlockManagerId(driver, e3430f617ad9, 36381, None)
[2026-03-16T03:15:29.883+0000] {subprocess.py:93} INFO - 26/03/16 03:15:29 INFO BlockManagerMaster: Registered BlockManager BlockManagerId(driver, e3430f617ad9, 36381, None)
[2026-03-16T03:15:29.893+0000] {subprocess.py:93} INFO - 26/03/16 03:15:29 INFO BlockManager: Initialized BlockManager: BlockManagerId(driver, e3430f617ad9, 36381, None)
[2026-03-16T03:15:32.433+0000] {subprocess.py:93} INFO - 26/03/16 03:15:32 INFO SharedState: Setting hive.metastore.warehouse.dir ('null') to the value of spark.sql.warehouse.dir.
[2026-03-16T03:15:32.447+0000] {subprocess.py:93} INFO - 26/03/16 03:15:32 INFO SharedState: Warehouse path is 'file:/tmp/airflowtmp0__yoj9b/spark-warehouse'.
[2026-03-16T03:15:36.999+0000] {subprocess.py:93} INFO - Traceback (most recent call last):
[2026-03-16T03:15:37.003+0000] {subprocess.py:93} INFO -   File "/opt/airflow/spark/spark_processor.py", line 21, in <module>
[2026-03-16T03:15:37.004+0000] {subprocess.py:93} INFO -     df = spark.read \
[2026-03-16T03:15:37.005+0000] {subprocess.py:93} INFO -   File "/home/airflow/.local/lib/python3.8/site-packages/pyspark/sql/readwriter.py", line 314, in load
[2026-03-16T03:15:37.016+0000] {subprocess.py:93} INFO -     return self._df(self._jreader.load())
[2026-03-16T03:15:37.016+0000] {subprocess.py:93} INFO -   File "/home/airflow/.local/lib/python3.8/site-packages/py4j/java_gateway.py", line 1362, in __call__
[2026-03-16T03:15:37.018+0000] {subprocess.py:93} INFO -     return_value = get_return_value(
[2026-03-16T03:15:37.022+0000] {subprocess.py:93} INFO -   File "/home/airflow/.local/lib/python3.8/site-packages/pyspark/errors/exceptions/captured.py", line 179, in deco
[2026-03-16T03:15:37.022+0000] {subprocess.py:93} INFO -     return f(*a, **kw)
[2026-03-16T03:15:37.023+0000] {subprocess.py:93} INFO -   File "/home/airflow/.local/lib/python3.8/site-packages/py4j/protocol.py", line 327, in get_return_value
[2026-03-16T03:15:37.023+0000] {subprocess.py:93} INFO -     raise Py4JJavaError(
[2026-03-16T03:15:37.023+0000] {subprocess.py:93} INFO - py4j.protocol.Py4JJavaError: An error occurred while calling o34.load.
[2026-03-16T03:15:37.024+0000] {subprocess.py:93} INFO - : java.lang.ClassNotFoundException: org.postgresql.Driver
[2026-03-16T03:15:37.024+0000] {subprocess.py:93} INFO - 	at java.base/java.net.URLClassLoader.findClass(URLClassLoader.java:445)
[2026-03-16T03:15:37.024+0000] {subprocess.py:93} INFO - 	at java.base/java.lang.ClassLoader.loadClass(ClassLoader.java:592)
[2026-03-16T03:15:37.025+0000] {subprocess.py:93} INFO - 	at java.base/java.lang.ClassLoader.loadClass(ClassLoader.java:525)
[2026-03-16T03:15:37.025+0000] {subprocess.py:93} INFO - 	at org.apache.spark.sql.execution.datasources.jdbc.DriverRegistry$.register(DriverRegistry.scala:46)
[2026-03-16T03:15:37.025+0000] {subprocess.py:93} INFO - 	at org.apache.spark.sql.execution.datasources.jdbc.JDBCOptions.$anonfun$driverClass$1(JDBCOptions.scala:103)
[2026-03-16T03:15:37.037+0000] {subprocess.py:93} INFO - 	at org.apache.spark.sql.execution.datasources.jdbc.JDBCOptions.$anonfun$driverClass$1$adapted(JDBCOptions.scala:103)
[2026-03-16T03:15:37.038+0000] {subprocess.py:93} INFO - 	at scala.Option.foreach(Option.scala:407)
[2026-03-16T03:15:37.038+0000] {subprocess.py:93} INFO - 	at org.apache.spark.sql.execution.datasources.jdbc.JDBCOptions.<init>(JDBCOptions.scala:103)
[2026-03-16T03:15:37.038+0000] {subprocess.py:93} INFO - 	at org.apache.spark.sql.execution.datasources.jdbc.JDBCOptions.<init>(JDBCOptions.scala:41)
[2026-03-16T03:15:37.039+0000] {subprocess.py:93} INFO - 	at org.apache.spark.sql.execution.datasources.jdbc.JdbcRelationProvider.createRelation(JdbcRelationProvider.scala:34)
[2026-03-16T03:15:37.040+0000] {subprocess.py:93} INFO - 	at org.apache.spark.sql.execution.datasources.DataSource.resolveRelation(DataSource.scala:346)
[2026-03-16T03:15:37.040+0000] {subprocess.py:93} INFO - 	at org.apache.spark.sql.DataFrameReader.loadV1Source(DataFrameReader.scala:229)
[2026-03-16T03:15:37.041+0000] {subprocess.py:93} INFO - 	at org.apache.spark.sql.DataFrameReader.$anonfun$load$2(DataFrameReader.scala:211)
[2026-03-16T03:15:37.041+0000] {subprocess.py:93} INFO - 	at scala.Option.getOrElse(Option.scala:189)
[2026-03-16T03:15:37.041+0000] {subprocess.py:93} INFO - 	at org.apache.spark.sql.DataFrameReader.load(DataFrameReader.scala:211)
[2026-03-16T03:15:37.041+0000] {subprocess.py:93} INFO - 	at org.apache.spark.sql.DataFrameReader.load(DataFrameReader.scala:172)
[2026-03-16T03:15:37.042+0000] {subprocess.py:93} INFO - 	at java.base/jdk.internal.reflect.NativeMethodAccessorImpl.invoke0(Native Method)
[2026-03-16T03:15:37.043+0000] {subprocess.py:93} INFO - 	at java.base/jdk.internal.reflect.NativeMethodAccessorImpl.invoke(NativeMethodAccessorImpl.java:77)
[2026-03-16T03:15:37.043+0000] {subprocess.py:93} INFO - 	at java.base/jdk.internal.reflect.DelegatingMethodAccessorImpl.invoke(DelegatingMethodAccessorImpl.java:43)
[2026-03-16T03:15:37.044+0000] {subprocess.py:93} INFO - 	at java.base/java.lang.reflect.Method.invoke(Method.java:569)
[2026-03-16T03:15:37.044+0000] {subprocess.py:93} INFO - 	at py4j.reflection.MethodInvoker.invoke(MethodInvoker.java:244)
[2026-03-16T03:15:37.044+0000] {subprocess.py:93} INFO - 	at py4j.reflection.ReflectionEngine.invoke(ReflectionEngine.java:374)
[2026-03-16T03:15:37.045+0000] {subprocess.py:93} INFO - 	at py4j.Gateway.invoke(Gateway.java:282)
[2026-03-16T03:15:37.045+0000] {subprocess.py:93} INFO - 	at py4j.commands.AbstractCommand.invokeMethod(AbstractCommand.java:132)
[2026-03-16T03:15:37.045+0000] {subprocess.py:93} INFO - 	at py4j.commands.CallCommand.execute(CallCommand.java:79)
[2026-03-16T03:15:37.046+0000] {subprocess.py:93} INFO - 	at py4j.ClientServerConnection.waitForCommands(ClientServerConnection.java:182)
[2026-03-16T03:15:37.046+0000] {subprocess.py:93} INFO - 	at py4j.ClientServerConnection.run(ClientServerConnection.java:106)
[2026-03-16T03:15:37.046+0000] {subprocess.py:93} INFO - 	at java.base/java.lang.Thread.run(Thread.java:840)
[2026-03-16T03:15:37.046+0000] {subprocess.py:93} INFO - 
[2026-03-16T03:15:37.343+0000] {subprocess.py:93} INFO - 26/03/16 03:15:37 INFO SparkContext: Invoking stop() from shutdown hook
[2026-03-16T03:15:37.343+0000] {subprocess.py:93} INFO - 26/03/16 03:15:37 INFO SparkContext: SparkContext is stopping with exitCode 0.
[2026-03-16T03:15:37.462+0000] {subprocess.py:93} INFO - 26/03/16 03:15:37 INFO SparkUI: Stopped Spark web UI at http://e3430f617ad9:4040
[2026-03-16T03:15:37.566+0000] {subprocess.py:93} INFO - 26/03/16 03:15:37 INFO MapOutputTrackerMasterEndpoint: MapOutputTrackerMasterEndpoint stopped!
[2026-03-16T03:15:37.675+0000] {subprocess.py:93} INFO - 26/03/16 03:15:37 INFO MemoryStore: MemoryStore cleared
[2026-03-16T03:15:37.677+0000] {subprocess.py:93} INFO - 26/03/16 03:15:37 INFO BlockManager: BlockManager stopped
[2026-03-16T03:15:37.722+0000] {subprocess.py:93} INFO - 26/03/16 03:15:37 INFO BlockManagerMaster: BlockManagerMaster stopped
[2026-03-16T03:15:37.735+0000] {subprocess.py:93} INFO - 26/03/16 03:15:37 INFO OutputCommitCoordinator$OutputCommitCoordinatorEndpoint: OutputCommitCoordinator stopped!
[2026-03-16T03:15:37.780+0000] {subprocess.py:93} INFO - 26/03/16 03:15:37 INFO SparkContext: Successfully stopped SparkContext
[2026-03-16T03:15:37.784+0000] {subprocess.py:93} INFO - 26/03/16 03:15:37 INFO ShutdownHookManager: Shutdown hook called
[2026-03-16T03:15:37.793+0000] {subprocess.py:93} INFO - 26/03/16 03:15:37 INFO ShutdownHookManager: Deleting directory /tmp/spark-29632502-098e-4993-8b06-b51b44831c74
[2026-03-16T03:15:37.826+0000] {subprocess.py:93} INFO - 26/03/16 03:15:37 INFO ShutdownHookManager: Deleting directory /tmp/spark-29632502-098e-4993-8b06-b51b44831c74/pyspark-23f3c6a3-038f-4c3d-bbb4-0c7d7e2d2591
[2026-03-16T03:15:37.836+0000] {subprocess.py:93} INFO - 26/03/16 03:15:37 INFO ShutdownHookManager: Deleting directory /tmp/spark-d7f354f6-b2b7-4b1e-8ff8-c5de0968bbc9
[2026-03-16T03:15:38.260+0000] {subprocess.py:97} INFO - Command exited with return code 1
[2026-03-16T03:15:38.298+0000] {taskinstance.py:2698} ERROR - Task failed with exception
Traceback (most recent call last):
  File "/home/airflow/.local/lib/python3.8/site-packages/airflow/models/taskinstance.py", line 433, in _execute_task
    result = execute_callable(context=context, **execute_callable_kwargs)
  File "/home/airflow/.local/lib/python3.8/site-packages/airflow/operators/bash.py", line 212, in execute
    raise AirflowException(
airflow.exceptions.AirflowException: Bash command failed. The command returned a non-zero exit code 1.
[2026-03-16T03:15:38.307+0000] {taskinstance.py:1138} INFO - Marking task as FAILED. dag_id=pipeline_gps, task_id=task_process, execution_date=20260316T030500, start_date=20260316T031503, end_date=20260316T031538
[2026-03-16T03:15:38.412+0000] {standard_task_runner.py:107} ERROR - Failed to execute job 579 for task task_process (Bash command failed. The command returned a non-zero exit code 1.; 171)
[2026-03-16T03:15:38.464+0000] {local_task_job_runner.py:234} INFO - Task exited with return code 1
[2026-03-16T03:15:38.557+0000] {taskinstance.py:3280} INFO - 0 downstream tasks scheduled from follow-on schedule check
