[2026-03-16T02:05:08.338+0000] {taskinstance.py:1956} INFO - Dependencies all met for dep_context=non-requeueable deps ti=<TaskInstance: pipeline_gps.task_process scheduled__2026-03-16T02:00:00+00:00 [queued]>
[2026-03-16T02:05:08.348+0000] {taskinstance.py:1956} INFO - Dependencies all met for dep_context=requeueable deps ti=<TaskInstance: pipeline_gps.task_process scheduled__2026-03-16T02:00:00+00:00 [queued]>
[2026-03-16T02:05:08.348+0000] {taskinstance.py:2170} INFO - Starting attempt 1 of 1
[2026-03-16T02:05:08.373+0000] {taskinstance.py:2191} INFO - Executing <Task(BashOperator): task_process> on 2026-03-16 02:00:00+00:00
[2026-03-16T02:05:08.380+0000] {standard_task_runner.py:60} INFO - Started process 306 to run task
[2026-03-16T02:05:08.393+0000] {standard_task_runner.py:87} INFO - Running: ['airflow', 'tasks', 'run', 'pipeline_gps', 'task_process', 'scheduled__2026-03-16T02:00:00+00:00', '--job-id', '558', '--raw', '--subdir', 'DAGS_FOLDER/pipeline_gps.py', '--cfg-path', '/tmp/tmp8as4rch9']
[2026-03-16T02:05:08.401+0000] {standard_task_runner.py:88} INFO - Job 558: Subtask task_process
[2026-03-16T02:05:08.520+0000] {task_command.py:423} INFO - Running <TaskInstance: pipeline_gps.task_process scheduled__2026-03-16T02:00:00+00:00 [running]> on host 45f99552e120
[2026-03-16T02:05:08.670+0000] {taskinstance.py:2480} INFO - Exporting env vars: AIRFLOW_CTX_DAG_OWNER='airflow' AIRFLOW_CTX_DAG_ID='pipeline_gps' AIRFLOW_CTX_TASK_ID='task_process' AIRFLOW_CTX_EXECUTION_DATE='2026-03-16T02:00:00+00:00' AIRFLOW_CTX_TRY_NUMBER='1' AIRFLOW_CTX_DAG_RUN_ID='scheduled__2026-03-16T02:00:00+00:00'
[2026-03-16T02:05:08.672+0000] {subprocess.py:63} INFO - Tmp dir root location: /tmp
[2026-03-16T02:05:08.673+0000] {subprocess.py:75} INFO - Running command: ['/usr/bin/bash', '-c', 'python /opt/airflow/spark/spark_processor.py']
[2026-03-16T02:05:08.692+0000] {subprocess.py:86} INFO - Output:
[2026-03-16T02:05:13.199+0000] {subprocess.py:93} INFO - 26/03/16 02:05:13 WARN NativeCodeLoader: Unable to load native-hadoop library for your platform... using builtin-java classes where applicable
[2026-03-16T02:05:13.523+0000] {subprocess.py:93} INFO - 26/03/16 02:05:13 WARN DependencyUtils: Local jar /tmp/airflowtmp3dnfe1ve/spark/jars/postgresql-42.7.3.jar does not exist, skipping.
[2026-03-16T02:05:13.704+0000] {subprocess.py:93} INFO - 26/03/16 02:05:13 INFO SparkContext: Running Spark version 3.5.8
[2026-03-16T02:05:13.705+0000] {subprocess.py:93} INFO - 26/03/16 02:05:13 INFO SparkContext: OS info Linux, 5.15.167.4-microsoft-standard-WSL2, amd64
[2026-03-16T02:05:13.706+0000] {subprocess.py:93} INFO - 26/03/16 02:05:13 INFO SparkContext: Java version 17.0.18
[2026-03-16T02:05:13.775+0000] {subprocess.py:93} INFO - 26/03/16 02:05:13 INFO ResourceUtils: ==============================================================
[2026-03-16T02:05:13.776+0000] {subprocess.py:93} INFO - 26/03/16 02:05:13 INFO ResourceUtils: No custom resources configured for spark.driver.
[2026-03-16T02:05:13.777+0000] {subprocess.py:93} INFO - 26/03/16 02:05:13 INFO ResourceUtils: ==============================================================
[2026-03-16T02:05:13.778+0000] {subprocess.py:93} INFO - 26/03/16 02:05:13 INFO SparkContext: Submitted application: gps_processor
[2026-03-16T02:05:13.827+0000] {subprocess.py:93} INFO - 26/03/16 02:05:13 INFO ResourceProfile: Default ResourceProfile created, executor resources: Map(cores -> name: cores, amount: 1, script: , vendor: , memory -> name: memory, amount: 1024, script: , vendor: , offHeap -> name: offHeap, amount: 0, script: , vendor: ), task resources: Map(cpus -> name: cpus, amount: 1.0)
[2026-03-16T02:05:13.845+0000] {subprocess.py:93} INFO - 26/03/16 02:05:13 INFO ResourceProfile: Limiting resource is cpu
[2026-03-16T02:05:13.847+0000] {subprocess.py:93} INFO - 26/03/16 02:05:13 INFO ResourceProfileManager: Added ResourceProfile id: 0
[2026-03-16T02:05:13.979+0000] {subprocess.py:93} INFO - 26/03/16 02:05:13 INFO SecurityManager: Changing view acls to: airflow
[2026-03-16T02:05:13.980+0000] {subprocess.py:93} INFO - 26/03/16 02:05:13 INFO SecurityManager: Changing modify acls to: airflow
[2026-03-16T02:05:13.982+0000] {subprocess.py:93} INFO - 26/03/16 02:05:13 INFO SecurityManager: Changing view acls groups to:
[2026-03-16T02:05:13.983+0000] {subprocess.py:93} INFO - 26/03/16 02:05:13 INFO SecurityManager: Changing modify acls groups to:
[2026-03-16T02:05:13.984+0000] {subprocess.py:93} INFO - 26/03/16 02:05:13 INFO SecurityManager: SecurityManager: authentication disabled; ui acls disabled; users with view permissions: airflow; groups with view permissions: EMPTY; users with modify permissions: airflow; groups with modify permissions: EMPTY
[2026-03-16T02:05:14.486+0000] {subprocess.py:93} INFO - 26/03/16 02:05:14 INFO Utils: Successfully started service 'sparkDriver' on port 33435.
[2026-03-16T02:05:14.574+0000] {subprocess.py:93} INFO - 26/03/16 02:05:14 INFO SparkEnv: Registering MapOutputTracker
[2026-03-16T02:05:14.705+0000] {subprocess.py:93} INFO - 26/03/16 02:05:14 INFO SparkEnv: Registering BlockManagerMaster
[2026-03-16T02:05:14.757+0000] {subprocess.py:93} INFO - 26/03/16 02:05:14 INFO BlockManagerMasterEndpoint: Using org.apache.spark.storage.DefaultTopologyMapper for getting topology information
[2026-03-16T02:05:14.759+0000] {subprocess.py:93} INFO - 26/03/16 02:05:14 INFO BlockManagerMasterEndpoint: BlockManagerMasterEndpoint up
[2026-03-16T02:05:14.772+0000] {subprocess.py:93} INFO - 26/03/16 02:05:14 INFO SparkEnv: Registering BlockManagerMasterHeartbeat
[2026-03-16T02:05:14.820+0000] {subprocess.py:93} INFO - 26/03/16 02:05:14 INFO DiskBlockManager: Created local directory at /tmp/blockmgr-fbce7f88-15bd-4afa-acab-e99e9408e7af
[2026-03-16T02:05:14.852+0000] {subprocess.py:93} INFO - 26/03/16 02:05:14 INFO MemoryStore: MemoryStore started with capacity 434.4 MiB
[2026-03-16T02:05:14.887+0000] {subprocess.py:93} INFO - 26/03/16 02:05:14 INFO SparkEnv: Registering OutputCommitCoordinator
[2026-03-16T02:05:15.147+0000] {subprocess.py:93} INFO - 26/03/16 02:05:15 INFO JettyUtils: Start Jetty 0.0.0.0:4040 for SparkUI
[2026-03-16T02:05:15.279+0000] {subprocess.py:93} INFO - 26/03/16 02:05:15 INFO Utils: Successfully started service 'SparkUI' on port 4040.
[2026-03-16T02:05:15.368+0000] {subprocess.py:93} INFO - 26/03/16 02:05:15 ERROR SparkContext: Failed to add spark/jars/postgresql-42.7.3.jar to Spark environment
[2026-03-16T02:05:15.368+0000] {subprocess.py:93} INFO - java.io.FileNotFoundException: Jar /tmp/airflowtmp3dnfe1ve/spark/jars/postgresql-42.7.3.jar not found
[2026-03-16T02:05:15.369+0000] {subprocess.py:93} INFO - 	at org.apache.spark.SparkContext.addLocalJarFile$1(SparkContext.scala:2095)
[2026-03-16T02:05:15.369+0000] {subprocess.py:93} INFO - 	at org.apache.spark.SparkContext.addJar(SparkContext.scala:2151)
[2026-03-16T02:05:15.369+0000] {subprocess.py:93} INFO - 	at org.apache.spark.SparkContext.$anonfun$new$15(SparkContext.scala:521)
[2026-03-16T02:05:15.369+0000] {subprocess.py:93} INFO - 	at org.apache.spark.SparkContext.$anonfun$new$15$adapted(SparkContext.scala:521)
[2026-03-16T02:05:15.370+0000] {subprocess.py:93} INFO - 	at scala.collection.mutable.ResizableArray.foreach(ResizableArray.scala:62)
[2026-03-16T02:05:15.370+0000] {subprocess.py:93} INFO - 	at scala.collection.mutable.ResizableArray.foreach$(ResizableArray.scala:55)
[2026-03-16T02:05:15.370+0000] {subprocess.py:93} INFO - 	at scala.collection.mutable.ArrayBuffer.foreach(ArrayBuffer.scala:49)
[2026-03-16T02:05:15.370+0000] {subprocess.py:93} INFO - 	at org.apache.spark.SparkContext.<init>(SparkContext.scala:521)
[2026-03-16T02:05:15.371+0000] {subprocess.py:93} INFO - 	at org.apache.spark.api.java.JavaSparkContext.<init>(JavaSparkContext.scala:58)
[2026-03-16T02:05:15.371+0000] {subprocess.py:93} INFO - 	at java.base/jdk.internal.reflect.NativeConstructorAccessorImpl.newInstance0(Native Method)
[2026-03-16T02:05:15.371+0000] {subprocess.py:93} INFO - 	at java.base/jdk.internal.reflect.NativeConstructorAccessorImpl.newInstance(NativeConstructorAccessorImpl.java:77)
[2026-03-16T02:05:15.371+0000] {subprocess.py:93} INFO - 	at java.base/jdk.internal.reflect.DelegatingConstructorAccessorImpl.newInstance(DelegatingConstructorAccessorImpl.java:45)
[2026-03-16T02:05:15.372+0000] {subprocess.py:93} INFO - 	at java.base/java.lang.reflect.Constructor.newInstanceWithCaller(Constructor.java:500)
[2026-03-16T02:05:15.372+0000] {subprocess.py:93} INFO - 	at java.base/java.lang.reflect.Constructor.newInstance(Constructor.java:481)
[2026-03-16T02:05:15.372+0000] {subprocess.py:93} INFO - 	at py4j.reflection.MethodInvoker.invoke(MethodInvoker.java:247)
[2026-03-16T02:05:15.372+0000] {subprocess.py:93} INFO - 	at py4j.reflection.ReflectionEngine.invoke(ReflectionEngine.java:374)
[2026-03-16T02:05:15.373+0000] {subprocess.py:93} INFO - 	at py4j.Gateway.invoke(Gateway.java:238)
[2026-03-16T02:05:15.373+0000] {subprocess.py:93} INFO - 	at py4j.commands.ConstructorCommand.invokeConstructor(ConstructorCommand.java:80)
[2026-03-16T02:05:15.373+0000] {subprocess.py:93} INFO - 	at py4j.commands.ConstructorCommand.execute(ConstructorCommand.java:69)
[2026-03-16T02:05:15.373+0000] {subprocess.py:93} INFO - 	at py4j.ClientServerConnection.waitForCommands(ClientServerConnection.java:182)
[2026-03-16T02:05:15.374+0000] {subprocess.py:93} INFO - 	at py4j.ClientServerConnection.run(ClientServerConnection.java:106)
[2026-03-16T02:05:15.374+0000] {subprocess.py:93} INFO - 	at java.base/java.lang.Thread.run(Thread.java:840)
[2026-03-16T02:05:15.526+0000] {subprocess.py:93} INFO - 26/03/16 02:05:15 INFO Executor: Starting executor ID driver on host 45f99552e120
[2026-03-16T02:05:15.527+0000] {subprocess.py:93} INFO - 26/03/16 02:05:15 INFO Executor: OS info Linux, 5.15.167.4-microsoft-standard-WSL2, amd64
[2026-03-16T02:05:15.528+0000] {subprocess.py:93} INFO - 26/03/16 02:05:15 INFO Executor: Java version 17.0.18
[2026-03-16T02:05:15.545+0000] {subprocess.py:93} INFO - 26/03/16 02:05:15 INFO Executor: Starting executor with user classpath (userClassPathFirst = false): ''
[2026-03-16T02:05:15.547+0000] {subprocess.py:93} INFO - 26/03/16 02:05:15 INFO Executor: Created or updated repl class loader org.apache.spark.util.MutableURLClassLoader@1d7409c3 for default.
[2026-03-16T02:05:15.592+0000] {subprocess.py:93} INFO - 26/03/16 02:05:15 INFO Utils: Successfully started service 'org.apache.spark.network.netty.NettyBlockTransferService' on port 37491.
[2026-03-16T02:05:15.593+0000] {subprocess.py:93} INFO - 26/03/16 02:05:15 INFO NettyBlockTransferService: Server created on 45f99552e120:37491
[2026-03-16T02:05:15.597+0000] {subprocess.py:93} INFO - 26/03/16 02:05:15 INFO BlockManager: Using org.apache.spark.storage.RandomBlockReplicationPolicy for block replication policy
[2026-03-16T02:05:15.612+0000] {subprocess.py:93} INFO - 26/03/16 02:05:15 INFO BlockManagerMaster: Registering BlockManager BlockManagerId(driver, 45f99552e120, 37491, None)
[2026-03-16T02:05:15.620+0000] {subprocess.py:93} INFO - 26/03/16 02:05:15 INFO BlockManagerMasterEndpoint: Registering block manager 45f99552e120:37491 with 434.4 MiB RAM, BlockManagerId(driver, 45f99552e120, 37491, None)
[2026-03-16T02:05:15.626+0000] {subprocess.py:93} INFO - 26/03/16 02:05:15 INFO BlockManagerMaster: Registered BlockManager BlockManagerId(driver, 45f99552e120, 37491, None)
[2026-03-16T02:05:15.629+0000] {subprocess.py:93} INFO - 26/03/16 02:05:15 INFO BlockManager: Initialized BlockManager: BlockManagerId(driver, 45f99552e120, 37491, None)
[2026-03-16T02:05:17.625+0000] {subprocess.py:93} INFO - 26/03/16 02:05:17 INFO SharedState: Setting hive.metastore.warehouse.dir ('null') to the value of spark.sql.warehouse.dir.
[2026-03-16T02:05:17.633+0000] {subprocess.py:93} INFO - 26/03/16 02:05:17 INFO SharedState: Warehouse path is 'file:/tmp/airflowtmp3dnfe1ve/spark-warehouse'.
[2026-03-16T02:05:20.568+0000] {subprocess.py:93} INFO - Traceback (most recent call last):
[2026-03-16T02:05:20.568+0000] {subprocess.py:93} INFO -   File "/opt/airflow/spark/spark_processor.py", line 21, in <module>
[2026-03-16T02:05:20.568+0000] {subprocess.py:93} INFO -     df = spark.read \
[2026-03-16T02:05:20.569+0000] {subprocess.py:93} INFO -   File "/home/airflow/.local/lib/python3.8/site-packages/pyspark/sql/readwriter.py", line 314, in load
[2026-03-16T02:05:20.569+0000] {subprocess.py:93} INFO -     return self._df(self._jreader.load())
[2026-03-16T02:05:20.569+0000] {subprocess.py:93} INFO -   File "/home/airflow/.local/lib/python3.8/site-packages/py4j/java_gateway.py", line 1362, in __call__
[2026-03-16T02:05:20.569+0000] {subprocess.py:93} INFO -     return_value = get_return_value(
[2026-03-16T02:05:20.570+0000] {subprocess.py:93} INFO -   File "/home/airflow/.local/lib/python3.8/site-packages/pyspark/errors/exceptions/captured.py", line 179, in deco
[2026-03-16T02:05:20.570+0000] {subprocess.py:93} INFO -     return f(*a, **kw)
[2026-03-16T02:05:20.570+0000] {subprocess.py:93} INFO -   File "/home/airflow/.local/lib/python3.8/site-packages/py4j/protocol.py", line 327, in get_return_value
[2026-03-16T02:05:20.570+0000] {subprocess.py:93} INFO -     raise Py4JJavaError(
[2026-03-16T02:05:20.571+0000] {subprocess.py:93} INFO - py4j.protocol.Py4JJavaError: An error occurred while calling o34.load.
[2026-03-16T02:05:20.571+0000] {subprocess.py:93} INFO - : java.lang.ClassNotFoundException: org.postgresql.Driver
[2026-03-16T02:05:20.571+0000] {subprocess.py:93} INFO - 	at java.base/java.net.URLClassLoader.findClass(URLClassLoader.java:445)
[2026-03-16T02:05:20.571+0000] {subprocess.py:93} INFO - 	at java.base/java.lang.ClassLoader.loadClass(ClassLoader.java:592)
[2026-03-16T02:05:20.572+0000] {subprocess.py:93} INFO - 	at java.base/java.lang.ClassLoader.loadClass(ClassLoader.java:525)
[2026-03-16T02:05:20.572+0000] {subprocess.py:93} INFO - 	at org.apache.spark.sql.execution.datasources.jdbc.DriverRegistry$.register(DriverRegistry.scala:46)
[2026-03-16T02:05:20.572+0000] {subprocess.py:93} INFO - 	at org.apache.spark.sql.execution.datasources.jdbc.JDBCOptions.$anonfun$driverClass$1(JDBCOptions.scala:103)
[2026-03-16T02:05:20.572+0000] {subprocess.py:93} INFO - 	at org.apache.spark.sql.execution.datasources.jdbc.JDBCOptions.$anonfun$driverClass$1$adapted(JDBCOptions.scala:103)
[2026-03-16T02:05:20.572+0000] {subprocess.py:93} INFO - 	at scala.Option.foreach(Option.scala:407)
[2026-03-16T02:05:20.573+0000] {subprocess.py:93} INFO - 	at org.apache.spark.sql.execution.datasources.jdbc.JDBCOptions.<init>(JDBCOptions.scala:103)
[2026-03-16T02:05:20.575+0000] {subprocess.py:93} INFO - 	at org.apache.spark.sql.execution.datasources.jdbc.JDBCOptions.<init>(JDBCOptions.scala:41)
[2026-03-16T02:05:20.576+0000] {subprocess.py:93} INFO - 	at org.apache.spark.sql.execution.datasources.jdbc.JdbcRelationProvider.createRelation(JdbcRelationProvider.scala:34)
[2026-03-16T02:05:20.576+0000] {subprocess.py:93} INFO - 	at org.apache.spark.sql.execution.datasources.DataSource.resolveRelation(DataSource.scala:346)
[2026-03-16T02:05:20.576+0000] {subprocess.py:93} INFO - 	at org.apache.spark.sql.DataFrameReader.loadV1Source(DataFrameReader.scala:229)
[2026-03-16T02:05:20.576+0000] {subprocess.py:93} INFO - 	at org.apache.spark.sql.DataFrameReader.$anonfun$load$2(DataFrameReader.scala:211)
[2026-03-16T02:05:20.577+0000] {subprocess.py:93} INFO - 	at scala.Option.getOrElse(Option.scala:189)
[2026-03-16T02:05:20.577+0000] {subprocess.py:93} INFO - 	at org.apache.spark.sql.DataFrameReader.load(DataFrameReader.scala:211)
[2026-03-16T02:05:20.577+0000] {subprocess.py:93} INFO - 	at org.apache.spark.sql.DataFrameReader.load(DataFrameReader.scala:172)
[2026-03-16T02:05:20.577+0000] {subprocess.py:93} INFO - 	at java.base/jdk.internal.reflect.NativeMethodAccessorImpl.invoke0(Native Method)
[2026-03-16T02:05:20.577+0000] {subprocess.py:93} INFO - 	at java.base/jdk.internal.reflect.NativeMethodAccessorImpl.invoke(NativeMethodAccessorImpl.java:77)
[2026-03-16T02:05:20.578+0000] {subprocess.py:93} INFO - 	at java.base/jdk.internal.reflect.DelegatingMethodAccessorImpl.invoke(DelegatingMethodAccessorImpl.java:43)
[2026-03-16T02:05:20.578+0000] {subprocess.py:93} INFO - 	at java.base/java.lang.reflect.Method.invoke(Method.java:569)
[2026-03-16T02:05:20.578+0000] {subprocess.py:93} INFO - 	at py4j.reflection.MethodInvoker.invoke(MethodInvoker.java:244)
[2026-03-16T02:05:20.578+0000] {subprocess.py:93} INFO - 	at py4j.reflection.ReflectionEngine.invoke(ReflectionEngine.java:374)
[2026-03-16T02:05:20.579+0000] {subprocess.py:93} INFO - 	at py4j.Gateway.invoke(Gateway.java:282)
[2026-03-16T02:05:20.579+0000] {subprocess.py:93} INFO - 	at py4j.commands.AbstractCommand.invokeMethod(AbstractCommand.java:132)
[2026-03-16T02:05:20.579+0000] {subprocess.py:93} INFO - 	at py4j.commands.CallCommand.execute(CallCommand.java:79)
[2026-03-16T02:05:20.580+0000] {subprocess.py:93} INFO - 	at py4j.ClientServerConnection.waitForCommands(ClientServerConnection.java:182)
[2026-03-16T02:05:20.580+0000] {subprocess.py:93} INFO - 	at py4j.ClientServerConnection.run(ClientServerConnection.java:106)
[2026-03-16T02:05:20.580+0000] {subprocess.py:93} INFO - 	at java.base/java.lang.Thread.run(Thread.java:840)
[2026-03-16T02:05:20.580+0000] {subprocess.py:93} INFO - 
[2026-03-16T02:05:20.660+0000] {subprocess.py:93} INFO - 26/03/16 02:05:20 INFO SparkContext: Invoking stop() from shutdown hook
[2026-03-16T02:05:20.661+0000] {subprocess.py:93} INFO - 26/03/16 02:05:20 INFO SparkContext: SparkContext is stopping with exitCode 0.
[2026-03-16T02:05:20.698+0000] {subprocess.py:93} INFO - 26/03/16 02:05:20 INFO SparkUI: Stopped Spark web UI at http://45f99552e120:4040
[2026-03-16T02:05:20.723+0000] {subprocess.py:93} INFO - 26/03/16 02:05:20 INFO MapOutputTrackerMasterEndpoint: MapOutputTrackerMasterEndpoint stopped!
[2026-03-16T02:05:20.750+0000] {subprocess.py:93} INFO - 26/03/16 02:05:20 INFO MemoryStore: MemoryStore cleared
[2026-03-16T02:05:20.750+0000] {subprocess.py:93} INFO - 26/03/16 02:05:20 INFO BlockManager: BlockManager stopped
[2026-03-16T02:05:20.761+0000] {subprocess.py:93} INFO - 26/03/16 02:05:20 INFO BlockManagerMaster: BlockManagerMaster stopped
[2026-03-16T02:05:20.767+0000] {subprocess.py:93} INFO - 26/03/16 02:05:20 INFO OutputCommitCoordinator$OutputCommitCoordinatorEndpoint: OutputCommitCoordinator stopped!
[2026-03-16T02:05:20.798+0000] {subprocess.py:93} INFO - 26/03/16 02:05:20 INFO SparkContext: Successfully stopped SparkContext
[2026-03-16T02:05:20.799+0000] {subprocess.py:93} INFO - 26/03/16 02:05:20 INFO ShutdownHookManager: Shutdown hook called
[2026-03-16T02:05:20.800+0000] {subprocess.py:93} INFO - 26/03/16 02:05:20 INFO ShutdownHookManager: Deleting directory /tmp/spark-31629ee6-eab7-4b77-bc7e-ea906bddcd2b
[2026-03-16T02:05:20.807+0000] {subprocess.py:93} INFO - 26/03/16 02:05:20 INFO ShutdownHookManager: Deleting directory /tmp/spark-e6c02191-885d-48b8-b63b-a5b137617a64
[2026-03-16T02:05:20.814+0000] {subprocess.py:93} INFO - 26/03/16 02:05:20 INFO ShutdownHookManager: Deleting directory /tmp/spark-e6c02191-885d-48b8-b63b-a5b137617a64/pyspark-35ffba28-81f6-4925-af14-81a47fa2f856
[2026-03-16T02:05:21.178+0000] {subprocess.py:97} INFO - Command exited with return code 1
[2026-03-16T02:05:21.192+0000] {taskinstance.py:2698} ERROR - Task failed with exception
Traceback (most recent call last):
  File "/home/airflow/.local/lib/python3.8/site-packages/airflow/models/taskinstance.py", line 433, in _execute_task
    result = execute_callable(context=context, **execute_callable_kwargs)
  File "/home/airflow/.local/lib/python3.8/site-packages/airflow/operators/bash.py", line 212, in execute
    raise AirflowException(
airflow.exceptions.AirflowException: Bash command failed. The command returned a non-zero exit code 1.
[2026-03-16T02:05:21.199+0000] {taskinstance.py:1138} INFO - Marking task as FAILED. dag_id=pipeline_gps, task_id=task_process, execution_date=20260316T020000, start_date=20260316T020508, end_date=20260316T020521
[2026-03-16T02:05:21.242+0000] {standard_task_runner.py:107} ERROR - Failed to execute job 558 for task task_process (Bash command failed. The command returned a non-zero exit code 1.; 306)
[2026-03-16T02:05:21.275+0000] {local_task_job_runner.py:234} INFO - Task exited with return code 1
[2026-03-16T02:05:21.304+0000] {taskinstance.py:3280} INFO - 0 downstream tasks scheduled from follow-on schedule check
